Log file open, 07/30/18 13:39:57
LogWindows: Failed to load 'aqProf.dll' (GetLastError=126)
LogWindows: File 'aqProf.dll' does not exist
LogWindows: Failed to load 'VtuneApi.dll' (GetLastError=126)
LogWindows: File 'VtuneApi.dll' does not exist
LogWindows: Failed to load 'VtuneApi32e.dll' (GetLastError=126)
LogWindows: File 'VtuneApi32e.dll' does not exist
LogInit: Display: Running engine for game: Pinball
LogPlatformFile: Not using cached read wrapper
LogInit: Display: RandInit(9650769) SRandInit(9650769).
LogInit: Read version file with build ID '3944462'
LogInit: Overriding engine version to CL 4033788, compatible CL 3944462
LogInit: Registered custom module enumerator with build ID '3944462'
LogTaskGraph: Started task graph with 5 named threads and 11 total threads with 3 sets of task threads.
LogStats: Stats thread started at 0.153923
LogD3D11RHI: Aftermath initialized
LogICUInternationalization: Display: ICU TimeZone Detection - Raw Offset: +5:30, Platform Override: ''
LogModuleManager: Display: Found up-to-date module file ../../../Engine/Plugins/2D/Paper2D/Binaries/Win64/UE4Editor-Paper2D.dll (API version 3944462).
LogModuleManager: Display: Found up-to-date module file ../../../Engine/Plugins/2D/Paper2D/Binaries/Win64/UE4Editor-Paper2DEditor.dll (API version 3944462).
LogModuleManager: Display: Found up-to-date module file ../../../Engine/Plugins/2D/Paper2D/Binaries/Win64/UE4Editor-PaperSpriteSheetImporter.dll (API version 3944462).
LogModuleManager: Display: Found up-to-date module file ../../../Engine/Plugins/2D/Paper2D/Binaries/Win64/UE4Editor-PaperTiledImporter.dll (API version 3944462).
LogModuleManager: Display: Found up-to-date module file ../../../Engine/Plugins/2D/Paper2D/Binaries/Win64/UE4Editor-SmartSnapping.dll (API version 3944462).
LogModuleManager: Display: Found up-to-date module file ../../../Engine/Plugins/Blendables/LightPropagationVolume/Binaries/Win64/UE4Editor-LightPropagationVolumeRuntime.dll (API version 3944462).
LogModuleManager: Display: Found up-to-date module file ../../../Engine/Plugins/Blendables/LightPropagationVolume/Binaries/Win64/UE4Editor-LightPropagationVolumeEditor.dll (API version 3944462).
LogModuleManager: Display: Found up-to-date module file ../../../Engine/Plugins/Developer/CLionSourceCodeAccess/Binaries/Win64/UE4Editor-CLionSourceCodeAccess.dll (API version 3944462).
LogModuleManager: Display: Found up-to-date module file ../../../Engine/Plugins/Developer/GitSourceControl/Binaries/Win64/UE4Editor-GitSourceControl.dll (API version 3944462).
LogModuleManager: Display: Found up-to-date module file ../../../Engine/Plugins/Developer/PerforceSourceControl/Binaries/Win64/UE4Editor-PerforceSourceControl.dll (API version 3944462).
LogModuleManager: Display: Found up-to-date module file ../../../Engine/Plugins/Developer/SubversionSourceControl/Binaries/Win64/UE4Editor-SubversionSourceControl.dll (API version 3944462).
LogModuleManager: Display: Found up-to-date module file ../../../Engine/Plugins/Developer/UObjectPlugin/Binaries/Win64/UE4Editor-UObjectPlugin.dll (API version 3944462).
LogModuleManager: Display: Found up-to-date module file ../../../Engine/Plugins/Developer/VisualStudioCodeSourceCodeAccess/Binaries/Win64/UE4Editor-VisualStudioCodeSourceCodeAccess.dll (API version 3944462).
LogModuleManager: Display: Found up-to-date module file ../../../Engine/Plugins/Developer/VisualStudioSourceCodeAccess/Binaries/Win64/UE4Editor-VisualStudioSourceCodeAccess.dll (API version 3944462).
LogModuleManager: Display: Found up-to-date module file ../../../Engine/Plugins/Editor/AssetManagerEditor/Binaries/Win64/UE4Editor-AssetManagerEditor.dll (API version 3944462).
LogModuleManager: Display: Found up-to-date module file ../../../Engine/Plugins/Editor/CryptoKeys/Binaries/Win64/UE4Editor-CryptoKeys.dll (API version 3944462).
LogModuleManager: Display: Found up-to-date module file ../../../Engine/Plugins/Editor/CryptoKeys/Binaries/Win64/UE4Editor-CryptoKeysOpenSSL.dll (API version 3944462).
LogModuleManager: Display: Found up-to-date module file ../../../Engine/Plugins/Editor/DataValidation/Binaries/Win64/UE4Editor-DataValidation.dll (API version 3944462).
LogModuleManager: Display: Found up-to-date module file ../../../Engine/Plugins/Editor/FacialAnimation/Binaries/Win64/UE4Editor-FacialAnimation.dll (API version 3944462).
LogModuleManager: Display: Found up-to-date module file ../../../Engine/Plugins/Editor/FacialAnimation/Binaries/Win64/UE4Editor-FacialAnimationEditor.dll (API version 3944462).
LogModuleManager: Display: Found up-to-date module file ../../../Engine/Plugins/Editor/GameplayTagsEditor/Binaries/Win64/UE4Editor-GameplayTagsEditor.dll (API version 3944462).
LogModuleManager: Display: Found up-to-date module file ../../../Engine/Plugins/Editor/MobileLauncherProfileWizard/Binaries/Win64/UE4Editor-MobileLauncherProfileWizard.dll (API version 3944462).
LogModuleManager: Display: Found up-to-date module file ../../../Engine/Plugins/Editor/PluginBrowser/Binaries/Win64/UE4Editor-PluginBrowser.dll (API version 3944462).
LogModuleManager: Display: Found up-to-date module file ../../../Engine/Plugins/Editor/SpeedTreeImporter/Binaries/Win64/UE4Editor-SpeedTreeImporter.dll (API version 3944462).
LogModuleManager: Display: Found up-to-date module file ../../../Engine/Plugins/Enterprise/DatasmithContent/Binaries/Win64/UE4Editor-DatasmithContent.dll (API version 3944462).
LogModuleManager: Display: Found up-to-date module file ../../../Engine/Plugins/Experimental/AlembicImporter/Binaries/Win64/UE4Editor-AlembicImporter.dll (API version 3944462).
LogModuleManager: Display: Found up-to-date module file ../../../Engine/Plugins/Experimental/AlembicImporter/Binaries/Win64/UE4Editor-AlembicLibrary.dll (API version 3944462).
LogModuleManager: Display: Found up-to-date module file ../../../Engine/Plugins/Experimental/CharacterAI/Binaries/Win64/UE4Editor-CharacterAI.dll (API version 3944462).
LogModuleManager: Display: Found up-to-date module file ../../../Engine/Plugins/Experimental/HTML5Networking/Binaries/Win64/UE4Editor-HTML5Networking.dll (API version 3944462).
LogModuleManager: Display: Found up-to-date module file ../../../Engine/Plugins/Media/AndroidMedia/Binaries/Win64/UE4Editor-AndroidMediaEditor.dll (API version 3944462).
LogModuleManager: Display: Found up-to-date module file ../../../Engine/Plugins/Media/AndroidMedia/Binaries/Win64/UE4Editor-AndroidMediaFactory.dll (API version 3944462).
LogModuleManager: Display: Found up-to-date module file ../../../Engine/Plugins/Media/AvfMedia/Binaries/Win64/UE4Editor-AvfMediaEditor.dll (API version 3944462).
LogModuleManager: Display: Found up-to-date module file ../../../Engine/Plugins/Media/AvfMedia/Binaries/Win64/UE4Editor-AvfMediaFactory.dll (API version 3944462).
LogModuleManager: Display: Found up-to-date module file ../../../Engine/Plugins/Media/AvfMedia/Binaries/Win64/UE4Editor-AvfMediaFactory.dll (API version 3944462).
LogModuleManager: Display: Found up-to-date module file ../../../Engine/Plugins/Media/ImgMedia/Binaries/Win64/UE4Editor-ImgMedia.dll (API version 3944462).
LogModuleManager: Display: Found up-to-date module file ../../../Engine/Plugins/Media/ImgMedia/Binaries/Win64/UE4Editor-ImgMediaEditor.dll (API version 3944462).
LogModuleManager: Display: Found up-to-date module file ../../../Engine/Plugins/Media/ImgMedia/Binaries/Win64/UE4Editor-ImgMediaFactory.dll (API version 3944462).
LogModuleManager: Display: Found up-to-date module file ../../../Engine/Plugins/Media/ImgMedia/Binaries/Win64/UE4Editor-ImgMediaFactory.dll (API version 3944462).
LogModuleManager: Display: Found up-to-date module file ../../../Engine/Plugins/Media/ImgMedia/Binaries/Win64/UE4Editor-OpenExrWrapper.dll (API version 3944462).
LogModuleManager: Display: Found up-to-date module file ../../../Engine/Plugins/Media/LinearTimecode/Binaries/Win64/UE4Editor-LinearTimecode.dll (API version 3944462).
LogModuleManager: Display: Found up-to-date module file ../../../Engine/Plugins/Media/MediaCompositing/Binaries/Win64/UE4Editor-MediaCompositing.dll (API version 3944462).
LogModuleManager: Display: Found up-to-date module file ../../../Engine/Plugins/Media/MediaCompositing/Binaries/Win64/UE4Editor-MediaCompositingEditor.dll (API version 3944462).
LogModuleManager: Display: Found up-to-date module file ../../../Engine/Plugins/Media/MediaPlayerEditor/Binaries/Win64/UE4Editor-MediaPlayerEditor.dll (API version 3944462).
LogModuleManager: Display: Found up-to-date module file ../../../Engine/Plugins/Media/WmfMedia/Binaries/Win64/UE4Editor-WmfMedia.dll (API version 3944462).
LogModuleManager: Display: Found up-to-date module file ../../../Engine/Plugins/Media/WmfMedia/Binaries/Win64/UE4Editor-WmfMediaEditor.dll (API version 3944462).
LogModuleManager: Display: Found up-to-date module file ../../../Engine/Plugins/Media/WmfMedia/Binaries/Win64/UE4Editor-WmfMediaFactory.dll (API version 3944462).
LogModuleManager: Display: Found up-to-date module file ../../../Engine/Plugins/Media/WmfMedia/Binaries/Win64/UE4Editor-WmfMediaFactory.dll (API version 3944462).
LogModuleManager: Display: Found up-to-date module file ../../../Engine/Plugins/Messaging/TcpMessaging/Binaries/Win64/UE4Editor-TcpMessaging.dll (API version 3944462).
LogModuleManager: Display: Found up-to-date module file ../../../Engine/Plugins/Messaging/UdpMessaging/Binaries/Win64/UE4Editor-UdpMessaging.dll (API version 3944462).
LogModuleManager: Display: Found up-to-date module file ../../../Engine/Plugins/MovieScene/ActorSequence/Binaries/Win64/UE4Editor-ActorSequence.dll (API version 3944462).
LogModuleManager: Display: Found up-to-date module file ../../../Engine/Plugins/MovieScene/LevelSequenceEditor/Binaries/Win64/UE4Editor-LevelSequenceEditor.dll (API version 3944462).
LogModuleManager: Display: Found up-to-date module file ../../../Engine/Plugins/MovieScene/MatineeToLevelSequence/Binaries/Win64/UE4Editor-MatineeToLevelSequence.dll (API version 3944462).
LogModuleManager: Display: Found up-to-date module file ../../../Engine/Plugins/NetcodeUnitTest/NetcodeUnitTest/Binaries/Win64/UE4Editor-NetcodeUnitTest.dll (API version 3944462).
LogModuleManager: Display: Found up-to-date module file ../../../Engine/Plugins/NetcodeUnitTest/NUTUnrealEngine4/Binaries/Win64/UE4Editor-NUTUnrealEngine4.dll (API version 3944462).
LogModuleManager: Display: Found up-to-date module file ../../../Engine/Plugins/Online/OnlineSubsystem/Binaries/Win64/UE4Editor-OnlineSubsystem.dll (API version 3944462).
LogModuleManager: Display: Found up-to-date module file ../../../Engine/Plugins/Runtime/AndroidPermission/Binaries/Win64/UE4Editor-AndroidPermission.dll (API version 3944462).
LogModuleManager: Display: Found up-to-date module file ../../../Engine/Plugins/Online/OnlineSubsystemNull/Binaries/Win64/UE4Editor-OnlineSubsystemNull.dll (API version 3944462).
LogModuleManager: Display: Found up-to-date module file ../../../Engine/Plugins/Online/OnlineSubsystemUtils/Binaries/Win64/UE4Editor-OnlineSubsystemUtils.dll (API version 3944462).
LogModuleManager: Display: Found up-to-date module file ../../../Engine/Plugins/Online/OnlineSubsystemUtils/Binaries/Win64/UE4Editor-OnlineBlueprintSupport.dll (API version 3944462).
LogModuleManager: Display: Found up-to-date module file ../../../Engine/Plugins/Runtime/AndroidDeviceProfileSelector/Binaries/Win64/UE4Editor-AndroidDeviceProfileSelector.dll (API version 3944462).
LogModuleManager: Display: Found up-to-date module file ../../../Engine/Plugins/Runtime/AppleARKit/Binaries/Win64/UE4Editor-AppleARKit.dll (API version 3944462).
LogModuleManager: Display: Found up-to-date module file ../../../Engine/Plugins/Runtime/ProceduralMeshComponent/Binaries/Win64/UE4Editor-ProceduralMeshComponent.dll (API version 3944462).
LogModuleManager: Display: Found up-to-date module file ../../../Engine/Plugins/Runtime/ProceduralMeshComponent/Binaries/Win64/UE4Editor-ProceduralMeshComponentEditor.dll (API version 3944462).
LogModuleManager: Display: Found up-to-date module file ../../../Engine/Plugins/Animation/LiveLink/Binaries/Win64/UE4Editor-LiveLink.dll (API version 3944462).
LogModuleManager: Display: Found up-to-date module file ../../../Engine/Plugins/Animation/LiveLink/Binaries/Win64/UE4Editor-LiveLinkEditor.dll (API version 3944462).
LogModuleManager: Display: Found up-to-date module file ../../../Engine/Plugins/Runtime/ArchVisCharacter/Binaries/Win64/UE4Editor-ArchVisCharacter.dll (API version 3944462).
LogModuleManager: Display: Found up-to-date module file ../../../Engine/Plugins/Runtime/AudioCapture/Binaries/Win64/UE4Editor-AudioCapture.dll (API version 3944462).
LogModuleManager: Display: Found up-to-date module file ../../../Engine/Plugins/Runtime/AudioCapture/Binaries/Win64/UE4Editor-AudioCaptureEditor.dll (API version 3944462).
LogModuleManager: Display: Found up-to-date module file ../../../Engine/Plugins/Runtime/CableComponent/Binaries/Win64/UE4Editor-CableComponent.dll (API version 3944462).
LogModuleManager: Display: Found up-to-date module file ../../../Engine/Plugins/Runtime/CustomMeshComponent/Binaries/Win64/UE4Editor-CustomMeshComponent.dll (API version 3944462).
LogModuleManager: Display: Found up-to-date module file ../../../Engine/Plugins/Runtime/ExampleDeviceProfileSelector/Binaries/Win64/UE4Editor-ExampleDeviceProfileSelector.dll (API version 3944462).
LogModuleManager: Display: Found up-to-date module file ../../../Engine/Plugins/Runtime/ImmediatePhysics/Binaries/Win64/UE4Editor-ImmediatePhysics.dll (API version 3944462).
LogModuleManager: Display: Found up-to-date module file ../../../Engine/Plugins/Runtime/ImmediatePhysics/Binaries/Win64/UE4Editor-ImmediatePhysicsEditor.dll (API version 3944462).
LogModuleManager: Display: Found up-to-date module file ../../../Engine/Plugins/Runtime/LocationServicesBPLibrary/Binaries/Win64/UE4Editor-LocationServicesBPLibrary.dll (API version 3944462).
LogModuleManager: Display: Found up-to-date module file ../../../Engine/Plugins/Runtime/MobilePatchingUtils/Binaries/Win64/UE4Editor-MobilePatchingUtils.dll (API version 3944462).
LogModuleManager: Display: Found up-to-date module file ../../../Engine/Plugins/Runtime/Oculus/OculusVR/Binaries/Win64/UE4Editor-OculusHMD.dll (API version 3944462).
LogModuleManager: Display: Found up-to-date module file ../../../Engine/Plugins/Runtime/Oculus/OculusVR/Binaries/Win64/UE4Editor-OculusInput.dll (API version 3944462).
LogModuleManager: Display: Found up-to-date module file ../../../Engine/Plugins/Runtime/Oculus/OculusVR/Binaries/Win64/UE4Editor-OculusEditor.dll (API version 3944462).
LogModuleManager: Display: Found up-to-date module file ../../../Engine/Plugins/Runtime/PhysXVehicles/Binaries/Win64/UE4Editor-PhysXVehicles.dll (API version 3944462).
LogModuleManager: Display: Found up-to-date module file ../../../Engine/Plugins/Runtime/PhysXVehicles/Binaries/Win64/UE4Editor-PhysXVehiclesEditor.dll (API version 3944462).
LogModuleManager: Display: Found up-to-date module file ../../../Engine/Plugins/Runtime/RuntimePhysXCooking/Binaries/Win64/UE4Editor-RuntimePhysXCooking.dll (API version 3944462).
LogModuleManager: Display: Found up-to-date module file ../../../Engine/Plugins/Runtime/Steam/SteamVR/Binaries/Win64/UE4Editor-SteamVR.dll (API version 3944462).
LogModuleManager: Display: Found up-to-date module file ../../../Engine/Plugins/Runtime/Steam/SteamVR/Binaries/Win64/UE4Editor-SteamVRController.dll (API version 3944462).
LogModuleManager: Display: Found up-to-date module file ../../../Engine/Plugins/Runtime/WindowsMoviePlayer/Binaries/Win64/UE4Editor-WindowsMoviePlayer.dll (API version 3944462).
LogPluginManager: Mounting plugin Paper2D
LogPluginManager: Mounting plugin LiveLink
LogPluginManager: Mounting plugin LightPropagationVolume
LogPluginManager: Mounting plugin CLionSourceCodeAccess
LogPluginManager: Mounting plugin CodeLiteSourceCodeAccess
LogPluginManager: Mounting plugin GitSourceControl
LogPluginManager: Mounting plugin KDevelopSourceCodeAccess
LogPluginManager: Mounting plugin NullSourceCodeAccess
LogPluginManager: Mounting plugin PerforceSourceControl
LogPluginManager: Mounting plugin SubversionSourceControl
LogPluginManager: Mounting plugin UObjectPlugin
LogPluginManager: Mounting plugin VisualStudioCodeSourceCodeAccess
LogPluginManager: Mounting plugin VisualStudioSourceCodeAccess
LogPluginManager: Mounting plugin XCodeSourceCodeAccess
LogPluginManager: Mounting plugin AssetManagerEditor
LogPluginManager: Mounting plugin CryptoKeys
LogPluginManager: Mounting plugin DataValidation
LogPluginManager: Mounting plugin FacialAnimation
LogPluginManager: Mounting plugin GameplayTagsEditor
LogPluginManager: Mounting plugin MobileLauncherProfileWizard
LogPluginManager: Mounting plugin PluginBrowser
LogPluginManager: Mounting plugin SpeedTreeImporter
LogPluginManager: Mounting plugin DatasmithContent
LogPluginManager: Mounting plugin AlembicImporter
LogPluginManager: Mounting plugin CharacterAI
LogPluginManager: Mounting plugin HTML5Networking
LogPluginManager: Mounting plugin AndroidMedia
LogPluginManager: Mounting plugin AvfMedia
LogPluginManager: Mounting plugin ImgMedia
LogPluginManager: Mounting plugin LinearTimecode
LogPluginManager: Mounting plugin MediaCompositing
LogPluginManager: Mounting plugin MediaPlayerEditor
LogPluginManager: Mounting plugin WmfMedia
LogPluginManager: Mounting plugin TcpMessaging
LogPluginManager: Mounting plugin UdpMessaging
LogPluginManager: Mounting plugin ActorSequence
LogPluginManager: Mounting plugin LevelSequenceEditor
LogPluginManager: Mounting plugin MatineeToLevelSequence
LogPluginManager: Mounting plugin NetcodeUnitTest
LogPluginManager: Mounting plugin NUTUnrealEngine4
LogPluginManager: Mounting plugin OnlineSubsystemGooglePlay
LogPluginManager: Mounting plugin OnlineSubsystemIOS
LogPluginManager: Mounting plugin OnlineSubsystem
LogPluginManager: Mounting plugin OnlineSubsystemNull
LogPluginManager: Mounting plugin OnlineSubsystemUtils
LogPluginManager: Mounting plugin AndroidDeviceProfileSelector
LogPluginManager: Mounting plugin AndroidMoviePlayer
LogPluginManager: Mounting plugin AndroidPermission
LogPluginManager: Mounting plugin AppleARKit
LogPluginManager: Mounting plugin AppleMoviePlayer
LogPluginManager: Mounting plugin ArchVisCharacter
LogPluginManager: Mounting plugin AudioCapture
LogPluginManager: Mounting plugin CableComponent
LogPluginManager: Mounting plugin CustomMeshComponent
LogPluginManager: Mounting plugin ExampleDeviceProfileSelector
LogPluginManager: Mounting plugin GoogleCloudMessaging
LogPluginManager: Mounting plugin ImmediatePhysics
LogPluginManager: Mounting plugin IOSDeviceProfileSelector
LogPluginManager: Mounting plugin LinuxDeviceProfileSelector
LogPluginManager: Mounting plugin LocationServicesBPLibrary
LogPluginManager: Mounting plugin MobilePatchingUtils
LogPluginManager: Mounting plugin OculusVR
LogPluginManager: Plugin shader directory ../../../Engine/Plugins/Runtime/Oculus/OculusVR/Shaders found
LogPluginManager: Mapping shader source directory ../../../Engine/Plugins/Runtime/Oculus/OculusVR/Shaders to virtual directory /Plugin/OculusVR
LogPluginManager: Mounting plugin PhysXVehicles
LogPluginManager: Mounting plugin ProceduralMeshComponent
LogPluginManager: Mounting plugin RuntimePhysXCooking
LogPluginManager: Mounting plugin SteamVR
LogPluginManager: Mounting plugin WindowsMoviePlayer
LogStreaming: Display: Took  1.243s to configure plugins.
LogInit: Using libcurl 7.47.1
LogInit:  - built for x86_64-pc-win32
LogInit:  - supports SSL with OpenSSL/1.0.2g
LogInit:  - supports HTTP deflate (compression) using libz 1.2.8
LogInit:  - other features:
LogInit:      CURL_VERSION_SSL
LogInit:      CURL_VERSION_LIBZ
LogInit:      CURL_VERSION_IPV6
LogInit:      CURL_VERSION_ASYNCHDNS
LogInit:      CURL_VERSION_LARGEFILE
LogInit:      CURL_VERSION_IDN
LogInit:  CurlRequestOptions (configurable via config and command line):
LogInit:  - bVerifyPeer = false  - Libcurl will NOT verify peer certificate
LogInit:  - bUseHttpProxy = false  - Libcurl will NOT use HTTP proxy
LogInit:  - bDontReuseConnections = false  - Libcurl will reuse connections
LogInit:  - CertBundlePath = nullptr  - Libcurl will use whatever was configured at build time.
LogInit:  - MaxHostConnections = 16  - Libcurl will limit the number of connections to a host
LogInit:  - LocalHostAddr = Default
LogInit: WinSock: version 1.1 (2.2), MaxSocks=32767, MaxUdp=65467
LogInit: WinSock: I am LAPTOP-SNI5BBA7 (192.168.0.21:0)
LogInit: Build: ++UE4+Release-4.19-CL-4033788
LogInit: Engine Version: 4.19.2-4033788+++UE4+Release-4.19
LogInit: Compatible Engine Version: 4.19.0-3944462+++UE4+Release-4.19
LogInit: Net CL: 3944462
LogDevObjectVersion: Number of dev versions registered: 18
LogDevObjectVersion:   Dev-Blueprints (B0D832E4-1F89-4F0D-ACCF-7EB736FD4AA2): 10
LogDevObjectVersion:   Dev-Build (E1C64328-A22C-4D53-A36C-8E866417BD8C): 0
LogDevObjectVersion:   Dev-Core (375EC13C-06E4-48FB-B500-84F0262A717E): 2
LogDevObjectVersion:   Dev-Editor (E4B068ED-F494-42E9-A231-DA0B2E46BB41): 23
LogDevObjectVersion:   Dev-Framework (CFFC743F-43B0-4480-9391-14DF171D2073): 33
LogDevObjectVersion:   Dev-Mobile (B02B49B5-BB20-44E9-A304-32B752E40360): 2
LogDevObjectVersion:   Dev-Networking (A4E4105C-59A1-49B5-A7C5-40C4547EDFEE): 0
LogDevObjectVersion:   Dev-Online (39C831C9-5AE6-47DC-9A44-9C173E1C8E7C): 0
LogDevObjectVersion:   Dev-Physics (78F01B33-EBEA-4F98-B9B4-84EACCB95AA2): 0
LogDevObjectVersion:   Dev-Platform (6631380F-2D4D-43E0-8009-CF276956A95A): 0
LogDevObjectVersion:   Dev-Rendering (12F88B9F-8875-4AFC-A67C-D90C383ABD29): 25
LogDevObjectVersion:   Dev-Sequencer (7B5AE74C-D270-4C10-A958-57980B212A5A): 6
LogDevObjectVersion:   Dev-VR (D7296918-1DD6-4BDD-9DE2-64A83CC13884): 1
LogDevObjectVersion:   Dev-LoadTimes (C2A15278-BFE7-4AFE-6C17-90FF531DF755): 1
LogDevObjectVersion:   Private-Geometry (6EACA3D4-40EC-4CC1-B786-8BED09428FC5): 2
LogDevObjectVersion:   Dev-AnimPhys (29E575DD-E0A3-4627-9D10-D276232CDCEA): 16
LogDevObjectVersion:   Dev-ReflectionCapture (6B266CEC-1EC7-4B8F-A30B-E4D90942FC07): 1
LogDevObjectVersion:   Dev-Automation (0DF73D61-A23F-47EA-B727-89E90C41499A): 1
LogInit: Compiled (64-bit): Apr 27 2018 02:06:57
LogInit: Compiled with Visual C++: 19.00.24215.01
LogInit: Build Configuration: Development
LogInit: Branch Name: ++UE4+Release-4.19
LogInit: Command Line: 
LogInit: Base Directory: C:/Program Files/Epic Games/UE_4.19/Engine/Binaries/Win64/
LogInit: Installed Engine Build: 1
LogStreaming: Display: Took  0.004s to delete old logs.
LogInit: Presizing for max 8388607 objects, including 0 objects not considered by GC, pre-allocating 0 bytes for permanent pool.
LogInit: Object subsystem initialized
[2018.07.30-08.09.59:378][  0]LogInit: Selected Device Profile: [Windows]
[2018.07.30-08.09.59:378][  0]LogInit: Applying CVar settings loaded from the selected device profile: [Windows]
[2018.07.30-08.09.59:497][  0]LogInit: Computer: LAPTOP-SNI5BBA7
[2018.07.30-08.09.59:497][  0]LogInit: User: Shweta
[2018.07.30-08.09.59:497][  0]LogInit: CPU Page size=4096, Cores=2
[2018.07.30-08.09.59:497][  0]LogInit: High frequency timer resolution =2.835940 MHz
[2018.07.30-08.09.59:498][  0]LogMemory: Memory total: Physical=7.9GB (8GB approx)
[2018.07.30-08.09.59:498][  0]LogMemory: Platform Memory Stats for Windows
[2018.07.30-08.09.59:498][  0]LogMemory: Process Physical Memory: 273.52 MB used, 273.52 MB peak
[2018.07.30-08.09.59:498][  0]LogMemory: Process Virtual Memory: 270.13 MB used, 270.13 MB peak
[2018.07.30-08.09.59:498][  0]LogMemory: Physical Memory: 5914.94 MB used,  2159.47 MB free, 8074.41 MB total
[2018.07.30-08.09.59:498][  0]LogMemory: Virtual Memory: 4785.95 MB used,  2159.47 MB free, 134217728.00 MB total
[2018.07.30-08.09.59:698][  0]LogInit: Using OS detected language (en-US).
[2018.07.30-08.09.59:698][  0]LogInit: Using OS detected locale (en-US).
[2018.07.30-08.10.00:020][  0]LogTextLocalizationManager: No specific localization for 'en-US' exists, so the 'en' localization will be used.
[2018.07.30-08.10.00:503][  0]LogStreaming: Display: Took  0.806s to EndInitTextLocalization.
[2018.07.30-08.10.00:503][  0]LogInit: Setting process to per monitor DPI aware
[2018.07.30-08.10.00:574][  0]LogSlate: New Slate User Created.  User Index 0, Is Virtual User: 0
[2018.07.30-08.10.00:574][  0]LogSlate: Slate User Registered.  User Index 0, Is Virtual User: 0
[2018.07.30-08.10.06:185][  0]LogD3D11RHI: D3D11 adapters:
[2018.07.30-08.10.06:199][  0]LogD3D11RHI:    0. 'Intel(R) HD Graphics 620' (Feature Level 11_0)
[2018.07.30-08.10.06:199][  0]LogD3D11RHI:       128/0/4037 MB DedicatedVideo/DedicatedSystem/SharedSystem, Outputs:1, VendorId:0x8086
[2018.07.30-08.10.06:203][  0]LogD3D11RHI:    1. 'Microsoft Basic Render Driver' (Feature Level 11_0)
[2018.07.30-08.10.06:203][  0]LogD3D11RHI:       0/0/4037 MB DedicatedVideo/DedicatedSystem/SharedSystem, Outputs:0, VendorId:0x1414
[2018.07.30-08.10.06:203][  0]LogD3D11RHI: Chosen D3D11 Adapter: 0
[2018.07.30-08.10.06:213][  0]LogD3D11RHI: Creating new Direct3DDevice
[2018.07.30-08.10.06:213][  0]LogD3D11RHI:     GPU DeviceId: 0x5916 (for the marketing name, search the web for "GPU Device Id")
[2018.07.30-08.10.06:213][  0]LogWindows: EnumDisplayDevices:
[2018.07.30-08.10.06:213][  0]LogWindows:    0. 'Intel(R) HD Graphics 620' (P:1 D:1)
[2018.07.30-08.10.06:213][  0]LogWindows:    1. 'Intel(R) HD Graphics 620' (P:0 D:0)
[2018.07.30-08.10.06:214][  0]LogWindows:    2. 'Intel(R) HD Graphics 620' (P:0 D:0)
[2018.07.30-08.10.06:214][  0]LogWindows: DebugString: GetVideoDriverDetailsInvalid PrimaryIsNotTheChoosenAdapter GetVideoDriverDetailsInvalid PrimaryIsNotTheChoosenAdapter GetVideoDriverDetailsInvalid PrimaryIsNotTheChoosenAdapter FoundDriverCount:0 
[2018.07.30-08.10.06:214][  0]LogD3D11RHI:     Adapter Name: Intel(R) HD Graphics 620
[2018.07.30-08.10.06:214][  0]LogD3D11RHI:   Driver Version: Unknown (internal:Unknown, unified:Unknown)
[2018.07.30-08.10.06:214][  0]LogD3D11RHI:      Driver Date: Unknown
[2018.07.30-08.10.06:214][  0]LogRHI: Texture pool is 1502 MB (70% of 2146 MB)
[2018.07.30-08.10.06:219][  0]LogD3D11RHI: Async texture creation enabled
[2018.07.30-08.10.06:224][  0]LogD3D11RHI: GPU Timing Frequency: 12.000000 (Debug: 2 0)
[2018.07.30-08.10.06:225][  0]LogShaderCompilers: Guid format shader working directory is -35 characters bigger than the processId version (../../../../../../Users/Shweta/Documents/GitHub/theshwetapatil/Pinball-UE4/Pinball/Intermediate/Shaders/WorkingDirectory/9132/).
[2018.07.30-08.10.06:225][  0]LogShaderCompilers: Cleaned the shader compiler working directory 'C:/Users/Shweta/AppData/Local/Temp/UnrealShaderWorkingDir/8EBCE18540E8D80A9CE56991D177B78A/'.
[2018.07.30-08.10.06:515][  0]LogTemp: Display: Loaded TP AllDesktopTargetPlatform
[2018.07.30-08.10.06:531][  0]LogTemp: Display: Loaded TP MacClientTargetPlatform
[2018.07.30-08.10.06:546][  0]LogTemp: Display: Loaded TP MacNoEditorTargetPlatform
[2018.07.30-08.10.06:562][  0]LogTemp: Display: Loaded TP MacServerTargetPlatform
[2018.07.30-08.10.06:603][  0]LogTemp: Display: Loaded TP MacTargetPlatform
[2018.07.30-08.10.06:617][  0]LogTemp: Display: Loaded TP WindowsClientTargetPlatform
[2018.07.30-08.10.06:631][  0]LogTemp: Display: Loaded TP WindowsNoEditorTargetPlatform
[2018.07.30-08.10.06:645][  0]LogTemp: Display: Loaded TP WindowsServerTargetPlatform
[2018.07.30-08.10.06:651][  0]LogTemp: Display: Loaded TP WindowsTargetPlatform
[2018.07.30-08.10.06:682][  0]LogTemp: Display: Loaded TP Android_ASTCTargetPlatform
[2018.07.30-08.10.06:751][  0]LogTemp: Display: Loaded TP Android_ATCTargetPlatform
[2018.07.30-08.10.06:781][  0]LogTemp: Display: Loaded TP Android_DXTTargetPlatform
[2018.07.30-08.10.06:805][  0]LogTemp: Display: Loaded TP Android_ETC1aTargetPlatform
[2018.07.30-08.10.06:821][  0]LogTemp: Display: Loaded TP Android_ETC1TargetPlatform
[2018.07.30-08.10.06:838][  0]LogTemp: Display: Loaded TP Android_ETC2TargetPlatform
[2018.07.30-08.10.06:905][  0]LogTemp: Display: Loaded TP Android_MultiTargetPlatform
[2018.07.30-08.10.06:905][  0]LogTemp: Display: Loaded TP Android_PVRTCTargetPlatform
[2018.07.30-08.10.06:946][  0]LogTemp: Display: Loaded TP AndroidTargetPlatform
[2018.07.30-08.10.06:960][  0]LogTemp: Display: Loaded TP HTML5TargetPlatform
[2018.07.30-08.10.07:083][  0]LogTemp: Display: Loaded TP IOSTargetPlatform
[2018.07.30-08.10.07:129][  0]LogTemp: Display: Loaded TP TVOSTargetPlatform
[2018.07.30-08.10.07:167][  0]LogTemp: Display: Loaded TP LinuxClientTargetPlatform
[2018.07.30-08.10.07:236][  0]LogTemp: Display: Loaded TP LinuxNoEditorTargetPlatform
[2018.07.30-08.10.07:265][  0]LogTemp: Display: Loaded TP LinuxServerTargetPlatform
[2018.07.30-08.10.07:339][  0]LogTemp: Display: Loaded TP LinuxTargetPlatform
[2018.07.30-08.10.07:339][  0]LogTargetPlatformManager: Display: Building Assets For Windows
[2018.07.30-08.10.07:497][  0]LogXGEController: Cleaning working directory: C:/Users/Shweta/AppData/Local/Temp/UnrealXGEWorkingDir/
[2018.07.30-08.10.07:498][  0]LogXGEController: Cannot use XGE Controller as Incredibuild is not installed on this machine.
[2018.07.30-08.10.07:498][  0]LogShaderCompilers: Cannot use XGE Shader Compiler as Incredibuild is not installed on this machine.
[2018.07.30-08.10.07:498][  0]LogShaderCompilers: Display: Using Local Shader Compiler.
[2018.07.30-08.10.10:024][  0]LogDerivedDataCache: Display: Max Cache Size: 512 MB
[2018.07.30-08.10.10:098][  0]LogDerivedDataCache: Loaded boot cache 0.07s 74MB C:/Users/Shweta/AppData/Local/UnrealEngine/4.19/DerivedDataCache/Boot.ddc.
[2018.07.30-08.10.10:098][  0]LogDerivedDataCache: Display: Loaded Boot cache: C:/Users/Shweta/AppData/Local/UnrealEngine/4.19/DerivedDataCache/Boot.ddc
[2018.07.30-08.10.10:098][  0]LogDerivedDataCache: FDerivedDataBackendGraph:  Pak pak cache file ../../../../../../Users/Shweta/Documents/GitHub/theshwetapatil/Pinball-UE4/Pinball/DerivedDataCache/DDC.ddp not found, will not use a pak cache.
[2018.07.30-08.10.10:098][  0]LogDerivedDataCache: Unable to find inner node Pak for hierarchical cache Hierarchy.
[2018.07.30-08.10.10:098][  0]LogDerivedDataCache: FDerivedDataBackendGraph:  CompressedPak pak cache file ../../../../../../Users/Shweta/Documents/GitHub/theshwetapatil/Pinball-UE4/Pinball/DerivedDataCache/Compressed.ddp not found, will not use a pak cache.
[2018.07.30-08.10.10:098][  0]LogDerivedDataCache: Unable to find inner node CompressedPak for hierarchical cache Hierarchy.
[2018.07.30-08.10.10:112][  0]LogDerivedDataCache: Display: Pak cache opened for reading ../../../Engine/DerivedDataCache/Compressed.ddp.
[2018.07.30-08.10.10:124][  0]LogDerivedDataCache: Using Local data cache path C:/Users/Shweta/AppData/Local/UnrealEngine/Common/DerivedDataCache: Writable
[2018.07.30-08.10.10:124][  0]LogDerivedDataCache: Shared data cache path not found in *engine.ini, will not use an Shared cache.
[2018.07.30-08.10.10:124][  0]LogDerivedDataCache: Unable to find inner node Shared for hierarchical cache Hierarchy.
[2018.07.30-08.10.10:136][  0]LogMaterial: Verifying Global Shaders for PCD3D_SM5
[2018.07.30-08.10.10:137][  0]LogSlate: Using Freetype 2.6.0
[2018.07.30-08.10.10:137][  0]LogSlate: SlateFontCache - WITH_FREETYPE: 1, WITH_HARFBUZZ: 1
[2018.07.30-08.10.10:137][  0]LogSlate: SlateFontCache - WITH_FREETYPE: 1, WITH_HARFBUZZ: 1
[2018.07.30-08.10.10:257][  0]LogAssetRegistry: FAssetRegistry took 0.0260 seconds to start up
[2018.07.30-08.10.10:653][  0]LogInit: Selected Device Profile: [Windows]
[2018.07.30-08.10.11:224][  0]LogSimplygon: Simplygon DLL not present - disabling.
[2018.07.30-08.10.11:227][  0]LogMeshReduction: Using SimplygonSwarm for distributed automatic mesh merging
[2018.07.30-08.10.11:227][  0]LogMeshReduction: Using QuadricMeshReduction for automatic static mesh reduction
[2018.07.30-08.10.11:227][  0]LogMeshReduction: No automatic skeletal mesh reduction module available
[2018.07.30-08.10.11:227][  0]LogMeshReduction: No automatic mesh merging module available
[2018.07.30-08.10.11:227][  0]LogMeshMerging: No automatic mesh merging module available
[2018.07.30-08.10.11:348][  0]LogNetVersion: Pinball , NetCL: 3944462, EngineNetVer: 2, GameNetVer: 0 (Checksum: 3476590221)
[2018.07.30-08.10.13:277][  0]LogPackageLocalizationCache: Processed 9 localized package path(s) for 2 prioritized culture(s) in 0.343441 seconds
[2018.07.30-08.10.13:288][  0]LogUObjectArray: 36728 objects as part of root set at end of initial load.
[2018.07.30-08.10.13:289][  0]LogUObjectAllocator: 7314312 out of 0 bytes used by permanent object pool.
[2018.07.30-08.10.13:289][  0]LogUObjectArray: CloseDisregardForGC: 0/0 objects in disregard for GC pool
[2018.07.30-08.10.51:637][  0]LogTcpMessaging: Initializing TcpMessaging bridge
[2018.07.30-08.10.51:687][  0]LogUdpMessaging: Initializing bridge on interface 0.0.0.0:0 to multicast group 230.0.0.1:6666.
[2018.07.30-08.10.52:632][  0]SourceControl: Source control is disabled
[2018.07.30-08.10.52:633][  0]SourceControl: Source control is disabled
[2018.07.30-08.10.52:695][  0]SourceControl: Source control is disabled
[2018.07.30-08.10.52:722][  0]SourceControl: Source control is disabled
[2018.07.30-08.10.53:854][  0]LogAndroidPermission: UAndroidPermissionCallbackProxy::GetInstance
[2018.07.30-08.10.53:983][  0]LogOcInput: OculusInput pre-init called
[2018.07.30-08.10.54:278][  0]LogEngine: Initializing Engine...
[2018.07.30-08.10.54:281][  0]LogHMD: Failed to initialize OpenVR with code 110
[2018.07.30-08.10.54:284][  0]LogStats: UGameplayTagsManager::ConstructGameplayTagTree: Construct from data asset -  0.000 s
[2018.07.30-08.10.54:284][  0]LogStats: UGameplayTagsManager::ConstructGameplayTagTree: GameplayTagTreeChangedEvent.Broadcast -  0.000 s
[2018.07.30-08.10.54:832][  0]LogAIModule: Creating AISystem for world Untitled
[2018.07.30-08.10.54:840][  0]LogInit: XAudio2 using 'Speaker/HP (Realtek High Definition Audio)' : 2 channels at 48 kHz using 32 bits per sample (channel mask 0x3)
[2018.07.30-08.10.54:848][  0]LogInit: FAudioDevice initialized.
[2018.07.30-08.10.55:139][  0]LogDerivedDataCache: Saved boot cache 0.29s 74MB C:/Users/Shweta/AppData/Local/UnrealEngine/4.19/DerivedDataCache/Boot.ddc.
[2018.07.30-08.10.55:165][  0]LogInit: Texture streaming: Enabled
[2018.07.30-08.10.55:239][  0]LogEngineSessionManager: EngineSessionManager initialized
[2018.07.30-08.10.55:249][  0]LogEngineSessionManager: EngineSessionManager sent abnormal shutdown report. Type=Crashed, SessionId={3C836685-4640-4817-A41B-709BDF73822C}
[2018.07.30-08.10.55:302][  0]LogInit: Transaction tracking system initialized
[2018.07.30-08.10.56:044][  0]BlueprintLog: New page: Editor Load
[2018.07.30-08.10.58:240][  0]LocalizationService: Localization service is disabled
[2018.07.30-08.10.59:639][  0]LogConsoleResponse: Display: 
[2018.07.30-08.11.04:952][  0]LogFileCache: Scanning file cache for directory 'C:/Users/Shweta/Documents/GitHub/theshwetapatil/Pinball-UE4/Pinball/Content/' took 0.02s
[2018.07.30-08.11.04:952][  0]LogCook: Display: Max memory allowance for cook 16384mb min free memory 0mb
[2018.07.30-08.11.04:976][  0]LogCook: Display: Mobile HDR setting 1
[2018.07.30-08.11.04:976][  0]LogGameplayTags: Display: UGameplayTagsManager::DoneAddingNativeTags. DelegateIsBound: 0
[2018.07.30-08.11.04:976][  0]LogStats: UGameplayTagsManager::ConstructGameplayTagTree: Construct from data asset -  0.000 s
[2018.07.30-08.11.04:976][  0]LogStats: UGameplayTagsManager::ConstructGameplayTagTree: GameplayTagTreeChangedEvent.Broadcast -  0.000 s
[2018.07.30-08.11.12:466][  0]SourceControl: Source control is disabled
[2018.07.30-08.11.12:536][  0]Cmd: MAP LOAD FILE="../../../Engine/Content/Maps/Templates/Template_Default.umap" TEMPLATE=1 SHOWPROGRESS=1 FEATURELEVEL=3
[2018.07.30-08.11.12:784][  0]LightingResults: New page: Lighting Build
[2018.07.30-08.11.13:129][  0]MapCheck: New page: Map Check
[2018.07.30-08.11.13:129][  0]LightingResults: New page: Lighting Build
[2018.07.30-08.11.14:584][  0]LogAIModule: Creating AISystem for world Untitled_1
[2018.07.30-08.11.14:632][  0]LogEditorServer: Finished looking for orphan Actors (0.000 secs)
[2018.07.30-08.11.14:732][  0]Cmd: MAP CHECKDEP NOCLEARLOG
[2018.07.30-08.11.14:924][  0]MapCheck: Map check complete: 0 Error(s), 0 Warning(s), took 191.901ms to complete.
[2018.07.30-08.11.14:924][  0]LogFileHelpers: Loading map 'Template_Default' took 2.388
[2018.07.30-08.11.16:143][  0]LogCollectionManager: Loaded 0 collections in 0.002780 seconds
[2018.07.30-08.11.16:284][  0]LogFileCache: Scanning file cache for directory 'C:/Users/Shweta/Documents/GitHub/theshwetapatil/Pinball-UE4/Pinball/Saved/Collections/' took 0.01s
[2018.07.30-08.11.16:284][  0]LogFileCache: Scanning file cache for directory 'C:/Users/Shweta/Documents/GitHub/theshwetapatil/Pinball-UE4/Pinball/Content/Developers/Shweta/Collections/' took 0.01s
[2018.07.30-08.11.16:284][  0]LogFileCache: Scanning file cache for directory 'C:/Users/Shweta/Documents/GitHub/theshwetapatil/Pinball-UE4/Pinball/Content/Collections/' took 0.01s
[2018.07.30-08.11.16:285][  0]LogCollectionManager: Rebuilt the GUID cache for 0 collections in 0.000001 seconds
[2018.07.30-08.11.16:355][  0]LogContentBrowser: Native class hierarchy populated in 0.0680 seconds. Added 2452 classes and 558 folders.
[2018.07.30-08.11.16:450][  0]LogContentBrowser: Native class hierarchy updated for 'WidgetCarousel' in 0.0004 seconds. Added 0 classes and 0 folders.
[2018.07.30-08.11.18:541][  0]LogContentBrowser: Native class hierarchy updated for 'AddContentDialog' in 0.0005 seconds. Added 0 classes and 0 folders.
[2018.07.30-08.11.18:575][  0]LogContentBrowser: Native class hierarchy updated for 'SceneOutliner' in 0.0005 seconds. Added 1 classes and 2 folders.
[2018.07.30-08.11.25:638][  0]LogSlate: Only BGRA pngs, bmps or icos are supported in by External Image Picker
[2018.07.30-08.11.27:399][  0]LogSlate: Took 0.000220 seconds to synchronously load lazily loaded font '../../../Engine/Content/Slate/Fonts/Roboto-Regular.ttf' (155K)
[2018.07.30-08.11.27:403][  0]LogSlate: Took 0.000853 seconds to synchronously load lazily loaded font '../../../Engine/Content/Slate/Fonts/Roboto-Bold.ttf' (160K)
[2018.07.30-08.11.27:980][  0]LogSlate: Took 0.571271 seconds to synchronously load lazily loaded font '../../../Engine/Content/Editor/Slate/Fonts/FontAwesome.ttf' (139K)
[2018.07.30-08.11.30:166][  0]LogTemp: Executing iPhonePackager certificates Engine -bundlename com.YourCompany.Pinball
[2018.07.30-08.11.30:166][  0]LogTemp: CWD: C:\Program Files\Epic Games\UE_4.19\Engine\Binaries\DotNET\IOS
[2018.07.30-08.11.30:166][  0]LogTemp: Initial Dir: C:\Program Files\Epic Games\UE_4.19
[2018.07.30-08.11.30:166][  0]LogTemp: Env CWD: C:\Program Files\Epic Games\UE_4.19\Engine\Binaries\DotNET\IOS
[2018.07.30-08.11.30:166][  0]LogTemp: BranchPath = LAPTOP-SNI5BBA7/C/Program Files/Epic Games/UE_4.19/Engine/Binaries --- GameBranchPath = LAPTOP-SNI5BBA7/C/Program Files/Epic Games/UE_4.19/Engine/Binaries
[2018.07.30-08.11.30:166][  0]LogTemp: IPP ERROR: Could not find provision directory 'C:\Users\Shweta\AppData\Local/Apple Computer/MobileDevice/Provisioning Profiles/'.
[2018.07.30-08.11.30:166][  0]LogRenderer: Reallocating scene render targets to support 884x372 Format 10 NumSamples 1 (Frame:1).
[2018.07.30-08.11.33:815][  0]LogContentBrowser: Native class hierarchy updated for 'HierarchicalLODOutliner' in 0.0007 seconds. Added 0 classes and 0 folders.
[2018.07.30-08.11.33:816][  0]LogLoad: (Engine Initialization) Total time: 100.84 seconds
[2018.07.30-08.11.33:816][  0]LogLoad: (Engine Initialization) Total Blueprint compile time: 0.00 seconds
[2018.07.30-08.11.34:222][  0]LogContentStreaming: Texture pool size now 1000 MB
[2018.07.30-08.11.38:888][  2]LogSlate: Took 1.208460 seconds to synchronously load lazily loaded font '../../../Engine/Content/Slate/Fonts/Roboto-Light.ttf' (167K)
[2018.07.30-08.11.38:937][  3]LogAssetRegistry: Asset discovery search completed in 88.7026 seconds
[2018.07.30-08.11.39:498][  3]LogCollectionManager: Rebuilt the object cache for 0 collections in 0.000002 seconds (found 0 objects)
[2018.07.30-08.11.39:530][  3]LogCollectionManager: Fixed up redirectors for 0 collections in 0.051978 seconds (updated 0 objects)
[2018.07.30-08.11.42:946][ 14]LogSlate: Took 0.000321 seconds to synchronously load lazily loaded font '../../../Engine/Content/Slate/Fonts/Roboto-Light.ttf' (167K)
[2018.07.30-08.12.33:350][227]LogSlate: FSceneViewport::OnFocusLost() reason 0
[2018.07.30-08.12.33:682][239]LogUObjectGlobals: Created PersistentFrame Addr=0x000002345e5ebc80, Size=408, Default__Ball_Blueprint_C Function /Game/Blueprints/Ball_Blueprint.Ball_Blueprint_C:ExecuteUbergraph_Ball_Blueprint
[2018.07.30-08.12.33:693][239]LogUObjectGlobals: Destroyed PersistentFrame Addr=0x000002345e5ebc80, Size=408
[2018.07.30-08.12.33:693][239]LogUObjectGlobals: Created PersistentFrame Addr=0x000002345e5ebc80, Size=408, Default__Ball_Blueprint_C Function /Engine/Transient.REINST_Ball_Blueprint_C_5:ExecuteUbergraph_Ball_Blueprint
[2018.07.30-08.12.33:701][239]LogUObjectGlobals: Created PersistentFrame Addr=0x000002345e5e9b40, Size=408, Default__Ball_Blueprint_C Function /Game/Blueprints/Ball_Blueprint.Ball_Blueprint_C:ExecuteUbergraph_Ball_Blueprint
[2018.07.30-08.12.34:691][239]LogContentBrowser: Native class hierarchy updated for 'BlueprintGraph' in 0.0021 seconds. Added 116 classes and 0 folders.
[2018.07.30-08.12.35:347][239]LogUObjectGlobals: Created PersistentFrame Addr=0x00000234460fbb78, Size=4, Default__SKEL_PROTO_BP_AnimBlueprint_0_C Function /Engine/Transient.SKEL_PROTO_BP_AnimBlueprint_0_C:ExecuteUbergraph_PROTO_BP_AnimBlueprint_0
[2018.07.30-08.12.35:350][239]LogUObjectGlobals: Created PersistentFrame Addr=0x00000234460fbb70, Size=4, Default__PROTO_BP_AnimBlueprint_0_C Function /Engine/Transient.PROTO_BP_AnimBlueprint_0_C:ExecuteUbergraph_PROTO_BP_AnimBlueprint_0
[2018.07.30-08.12.36:548][239]LogUObjectGlobals: Created PersistentFrame Addr=0x000002347d50cc10, Size=8, Default__Flipper_Blueprint_C Function /Game/Blueprints/Flipper_Blueprint.Flipper_Blueprint_C:ExecuteUbergraph_Flipper_Blueprint
[2018.07.30-08.12.36:552][239]LogUObjectGlobals: Destroyed PersistentFrame Addr=0x000002347d50cc10, Size=8
[2018.07.30-08.12.36:552][239]LogUObjectGlobals: Created PersistentFrame Addr=0x000002347d50cc10, Size=8, Default__Flipper_Blueprint_C Function /Engine/Transient.REINST_Flipper_Blueprint_C_21:ExecuteUbergraph_Flipper_Blueprint
[2018.07.30-08.12.36:555][239]LogUObjectGlobals: Created PersistentFrame Addr=0x000002347d50c2a0, Size=8, Default__Flipper_Blueprint_C Function /Game/Blueprints/Flipper_Blueprint.Flipper_Blueprint_C:ExecuteUbergraph_Flipper_Blueprint
[2018.07.30-08.12.36:562][239]LogUObjectGlobals: Created PersistentFrame Addr=0x000002346d2ec640, Size=164, Default__Plunger_Blueprint_C Function /Game/Blueprints/Plunger_Blueprint.Plunger_Blueprint_C:ExecuteUbergraph_Plunger_Blueprint
[2018.07.30-08.12.36:564][239]LogUObjectGlobals: Destroyed PersistentFrame Addr=0x000002346d2ec640, Size=164
[2018.07.30-08.12.36:564][239]LogUObjectGlobals: Created PersistentFrame Addr=0x000002346d2ec640, Size=164, Default__Plunger_Blueprint_C Function /Engine/Transient.REINST_Plunger_Blueprint_C_23:ExecuteUbergraph_Plunger_Blueprint
[2018.07.30-08.12.36:566][239]LogUObjectGlobals: Created PersistentFrame Addr=0x000002347e673100, Size=164, Default__Plunger_Blueprint_C Function /Game/Blueprints/Plunger_Blueprint.Plunger_Blueprint_C:ExecuteUbergraph_Plunger_Blueprint
[2018.07.30-08.12.36:572][239]LogUObjectGlobals: Created PersistentFrame Addr=0x000002347eab4b80, Size=320, Default__Pinball_Game_Mode_Blueprint_C Function /Game/Blueprints/Pinball_Game_Mode_Blueprint.Pinball_Game_Mode_Blueprint_C:ExecuteUbergraph_Pinball_Game_Mode_Blueprint
[2018.07.30-08.12.36:573][239]LogUObjectGlobals: Created PersistentFrame Addr=0x000002347e677e00, Size=504, Default__Pinball_Player_Controller_Blueprint_C Function /Game/Blueprints/Pinball_Player_Controller_Blueprint.Pinball_Player_Controller_Blueprint_C:ExecuteUbergraph_Pinball_Player_Controller_Blueprint
[2018.07.30-08.12.36:584][239]LogUObjectGlobals: Created PersistentFrame Addr=0x000002347e696ea0, Size=32, Default__High_Score_WidgetBlueprint_C Function /Game/Blueprints/High_Score_WidgetBlueprint.High_Score_WidgetBlueprint_C:ExecuteUbergraph_High_Score_WidgetBlueprint
[2018.07.30-08.12.36:585][239]LogUObjectGlobals: Created PersistentFrame Addr=0x0000023444315750, Size=104, Default__High_Score_Entry_WidgetBlueprint_C Function /Game/Blueprints/High_Score_Entry_WidgetBlueprint.High_Score_Entry_WidgetBlueprint_C:ExecuteUbergraph_High_Score_Entry_WidgetBlueprint
[2018.07.30-08.12.36:589][239]LogUObjectGlobals: Created PersistentFrame Addr=0x000002347e696e80, Size=32, Default__Main_Menu_WidgetBlueprint_C Function /Game/Blueprints/Main_Menu_WidgetBlueprint.Main_Menu_WidgetBlueprint_C:ExecuteUbergraph_Main_Menu_WidgetBlueprint
[2018.07.30-08.12.36:754][239]LogUObjectGlobals: Destroyed PersistentFrame Addr=0x0000023444315750, Size=104
[2018.07.30-08.12.36:755][239]LogUObjectGlobals: Created PersistentFrame Addr=0x000002347e6df190, Size=104, Default__High_Score_Entry_WidgetBlueprint_C Function /Engine/Transient.REINST_High_Score_Entry_WidgetBlueprint_C_0:ExecuteUbergraph_High_Score_Entry_WidgetBlueprint
[2018.07.30-08.12.36:756][239]LogUObjectGlobals: Destroyed PersistentFrame Addr=0x000002347e696ea0, Size=32
[2018.07.30-08.12.36:756][239]LogUObjectGlobals: Created PersistentFrame Addr=0x000002347e3de100, Size=32, Default__High_Score_WidgetBlueprint_C Function /Engine/Transient.REINST_High_Score_WidgetBlueprint_C_1:ExecuteUbergraph_High_Score_WidgetBlueprint
[2018.07.30-08.12.36:756][239]LogUObjectGlobals: Destroyed PersistentFrame Addr=0x000002347e696e80, Size=32
[2018.07.30-08.12.36:756][239]LogUObjectGlobals: Created PersistentFrame Addr=0x000002347e3de000, Size=32, Default__Main_Menu_WidgetBlueprint_C Function /Engine/Transient.REINST_Main_Menu_WidgetBlueprint_C_2:ExecuteUbergraph_Main_Menu_WidgetBlueprint
[2018.07.30-08.12.36:757][239]LogUObjectGlobals: Destroyed PersistentFrame Addr=0x000002347eab4b80, Size=320
[2018.07.30-08.12.36:757][239]LogUObjectGlobals: Created PersistentFrame Addr=0x000002347e64d6c0, Size=320, Default__Pinball_Game_Mode_Blueprint_C Function /Engine/Transient.REINST_Pinball_Game_Mode_Blueprint_C_25:ExecuteUbergraph_Pinball_Game_Mode_Blueprint
[2018.07.30-08.12.36:759][239]LogUObjectGlobals: Destroyed PersistentFrame Addr=0x000002347e677e00, Size=504
[2018.07.30-08.12.36:759][239]LogUObjectGlobals: Created PersistentFrame Addr=0x000002347e677e00, Size=504, Default__Pinball_Player_Controller_Blueprint_C Function /Engine/Transient.REINST_Pinball_Player_Controller_Blueprint_C_26:ExecuteUbergraph_Pinball_Player_Controller_Blueprint
[2018.07.30-08.12.36:804][239]LogUObjectGlobals: Created PersistentFrame Addr=0x000002347e308aa0, Size=104, Default__High_Score_Entry_WidgetBlueprint_C Function /Game/Blueprints/High_Score_Entry_WidgetBlueprint.High_Score_Entry_WidgetBlueprint_C:ExecuteUbergraph_High_Score_Entry_WidgetBlueprint
[2018.07.30-08.12.36:808][239]LogUObjectGlobals: Created PersistentFrame Addr=0x000002347e2964e0, Size=32, Default__High_Score_WidgetBlueprint_C Function /Game/Blueprints/High_Score_WidgetBlueprint.High_Score_WidgetBlueprint_C:ExecuteUbergraph_High_Score_WidgetBlueprint
[2018.07.30-08.12.36:809][239]LogUObjectGlobals: Created PersistentFrame Addr=0x000002347e295960, Size=32, Default__Main_Menu_WidgetBlueprint_C Function /Game/Blueprints/Main_Menu_WidgetBlueprint.Main_Menu_WidgetBlueprint_C:ExecuteUbergraph_Main_Menu_WidgetBlueprint
[2018.07.30-08.12.36:813][239]LogUObjectGlobals: Created PersistentFrame Addr=0x000002347e2b39c0, Size=320, Default__Pinball_Game_Mode_Blueprint_C Function /Game/Blueprints/Pinball_Game_Mode_Blueprint.Pinball_Game_Mode_Blueprint_C:ExecuteUbergraph_Pinball_Game_Mode_Blueprint
[2018.07.30-08.12.36:817][239]LogUObjectGlobals: Created PersistentFrame Addr=0x000002347e2ed800, Size=504, Default__Pinball_Player_Controller_Blueprint_C Function /Game/Blueprints/Pinball_Player_Controller_Blueprint.Pinball_Player_Controller_Blueprint_C:ExecuteUbergraph_Pinball_Player_Controller_Blueprint
[2018.07.30-08.12.38:130][239]PIE: Warning: Constraint in '/Engine/Transient.World_4:PersistentLevel.Spinner_Blueprint_C_0.PhysicsConstraint' attempting to create a joint between objects that are both static.  No joint created.
[2018.07.30-08.12.38:217][239]LogSlate: Took 0.017644 seconds to synchronously load lazily loaded font '../../../Engine/Content/Slate/Fonts/Roboto-BoldCondensed.ttf' (158K)
[2018.07.30-08.12.43:535][314]LogSlate: Took 0.029588 seconds to synchronously load lazily loaded font '../../../Engine/Content/Slate/Fonts/Roboto-Italic.ttf' (157K)
[2018.07.30-08.12.44:506][346]LogActorComponent: UnregisterComponent: (/Engine/Transient.EditorFloorComp) Not registered. Aborting.
[2018.07.30-08.12.45:829][385]LogSlate: Window 'Pinball_Game_Mode_Blueprint' being destroyed
[2018.07.30-08.12.45:856][385]LogActorComponent: UnregisterComponent: (/Engine/Transient.EditorFloorComp) Not registered. Aborting.
[2018.07.30-08.12.48:316][455]LogSlate: FSceneViewport::OnFocusLost() reason 2
[2018.07.30-08.12.50:063][612]LogSlate: FSceneViewport::OnFocusLost() reason 2
[2018.07.30-08.12.51:756][658]LogUObjectGlobals: Destroyed PersistentFrame Addr=0x000002345e5ebc80, Size=408
[2018.07.30-08.12.51:765][658]LogUObjectGlobals: Destroyed PersistentFrame Addr=0x000002347d50cc10, Size=8
[2018.07.30-08.12.51:765][658]LogUObjectGlobals: Destroyed PersistentFrame Addr=0x000002346d2ec640, Size=164
[2018.07.30-08.12.51:765][658]LogUObjectGlobals: Destroyed PersistentFrame Addr=0x000002347e64d6c0, Size=320
[2018.07.30-08.12.51:765][658]LogUObjectGlobals: Destroyed PersistentFrame Addr=0x000002347e677e00, Size=504
[2018.07.30-08.12.51:765][658]LogUObjectGlobals: Destroyed PersistentFrame Addr=0x000002347e3de100, Size=32
[2018.07.30-08.12.51:765][658]LogUObjectGlobals: Destroyed PersistentFrame Addr=0x000002347e6df190, Size=104
[2018.07.30-08.12.51:765][658]LogUObjectGlobals: Destroyed PersistentFrame Addr=0x000002347e3de000, Size=32
[2018.07.30-08.12.51:939][658]Cmd: MAP LOAD FILE="../../../../../../Users/Shweta/Documents/GitHub/theshwetapatil/Pinball-UE4/Pinball/Content/Ball_Setup_Map.umap" TEMPLATE=0 SHOWPROGRESS=1 FEATURELEVEL=3
[2018.07.30-08.12.51:978][658]LightingResults: New page: Lighting Build
[2018.07.30-08.12.51:981][658]LoadErrors: New page: Loading map: Ball_Setup_Map.umap
[2018.07.30-08.12.51:997][658]MapCheck: New page: Map Check
[2018.07.30-08.12.51:997][658]LightingResults: New page: Lighting Build
[2018.07.30-08.12.52:293][658]LogUObjectGlobals: Created PersistentFrame Addr=0x000002340482ab00, Size=256, Default__Force_Movement_Zone_Blueprint_C Function /Game/Blueprints/Force_Movement_Zone_Blueprint.Force_Movement_Zone_Blueprint_C:ExecuteUbergraph_Force_Movement_Zone_Blueprint
[2018.07.30-08.12.52:299][658]LogUObjectGlobals: Destroyed PersistentFrame Addr=0x000002340482ab00, Size=256
[2018.07.30-08.12.52:299][658]LogUObjectGlobals: Created PersistentFrame Addr=0x000002340482ab00, Size=256, Default__Force_Movement_Zone_Blueprint_C Function /Engine/Transient.REINST_Force_Movement_Zone_Blueprint_C_35:ExecuteUbergraph_Force_Movement_Zone_Blueprint
[2018.07.30-08.12.52:305][658]LogUObjectGlobals: Created PersistentFrame Addr=0x0000023433be8500, Size=256, Default__Force_Movement_Zone_Blueprint_C Function /Game/Blueprints/Force_Movement_Zone_Blueprint.Force_Movement_Zone_Blueprint_C:ExecuteUbergraph_Force_Movement_Zone_Blueprint
[2018.07.30-08.12.52:342][658]LogUObjectGlobals: Created PersistentFrame Addr=0x000002347e36c660, Size=32, Default__Ball_Reset_Zone_Blueprint_C Function /Game/Blueprints/Ball_Reset_Zone_Blueprint.Ball_Reset_Zone_Blueprint_C:ExecuteUbergraph_Ball_Reset_Zone_Blueprint
[2018.07.30-08.12.52:343][658]LogUObjectGlobals: Destroyed PersistentFrame Addr=0x000002347e36c660, Size=32
[2018.07.30-08.12.52:343][658]LogUObjectGlobals: Created PersistentFrame Addr=0x000002347e36c660, Size=32, Default__Ball_Reset_Zone_Blueprint_C Function /Engine/Transient.REINST_Ball_Reset_Zone_Blueprint_C_37:ExecuteUbergraph_Ball_Reset_Zone_Blueprint
[2018.07.30-08.12.52:345][658]LogUObjectGlobals: Created PersistentFrame Addr=0x000002347e36c5e0, Size=32, Default__Ball_Reset_Zone_Blueprint_C Function /Game/Blueprints/Ball_Reset_Zone_Blueprint.Ball_Reset_Zone_Blueprint_C:ExecuteUbergraph_Ball_Reset_Zone_Blueprint
[2018.07.30-08.12.52:760][658]LogUObjectGlobals: Created PersistentFrame Addr=0x000002345d5cd080, Size=288, Default__Bumper_Blueprint_C Function /Game/Blueprints/Bumper_Blueprint.Bumper_Blueprint_C:ExecuteUbergraph_Bumper_Blueprint
[2018.07.30-08.12.52:778][658]LogUObjectGlobals: Destroyed PersistentFrame Addr=0x000002345d5cd080, Size=288
[2018.07.30-08.12.52:778][658]LogUObjectGlobals: Created PersistentFrame Addr=0x000002345d5cd080, Size=288, Default__Bumper_Blueprint_C Function /Engine/Transient.REINST_Bumper_Blueprint_C_39:ExecuteUbergraph_Bumper_Blueprint
[2018.07.30-08.12.52:791][658]LogUObjectGlobals: Created PersistentFrame Addr=0x000002345d5ce980, Size=288, Default__Bumper_Blueprint_C Function /Game/Blueprints/Bumper_Blueprint.Bumper_Blueprint_C:ExecuteUbergraph_Bumper_Blueprint
[2018.07.30-08.12.52:898][658]LogUObjectGlobals: Created PersistentFrame Addr=0x000002345d5cf100, Size=272, Default__Drop_Target_Blueprint_C Function /Game/Blueprints/Drop_Target_Blueprint.Drop_Target_Blueprint_C:ExecuteUbergraph_Drop_Target_Blueprint
[2018.07.30-08.12.52:913][658]LogUObjectGlobals: Destroyed PersistentFrame Addr=0x000002345d5cf100, Size=272
[2018.07.30-08.12.52:914][658]LogUObjectGlobals: Created PersistentFrame Addr=0x0000023433bda980, Size=272, Default__Drop_Target_Blueprint_C Function /Engine/Transient.REINST_Drop_Target_Blueprint_C_41:ExecuteUbergraph_Drop_Target_Blueprint
[2018.07.30-08.12.52:923][658]LogUObjectGlobals: Created PersistentFrame Addr=0x0000023433bdafc0, Size=272, Default__Drop_Target_Blueprint_C Function /Game/Blueprints/Drop_Target_Blueprint.Drop_Target_Blueprint_C:ExecuteUbergraph_Drop_Target_Blueprint
[2018.07.30-08.12.53:125][658]LogUObjectGlobals: Created PersistentFrame Addr=0x0000023423c1a1a0, Size=88, Default__Drop_Target_Set_Blueprint_Child_C Function /Game/Blueprints/Drop_Target_Set_Blueprint_Child.Drop_Target_Set_Blueprint_Child_C:ExecuteUbergraph_Drop_Target_Set_Blueprint_Child
[2018.07.30-08.12.53:153][658]LogUObjectGlobals: Destroyed PersistentFrame Addr=0x0000023423c1a1a0, Size=88
[2018.07.30-08.12.53:154][658]LogUObjectGlobals: Created PersistentFrame Addr=0x0000023423c1a1a0, Size=88, Default__Drop_Target_Set_Blueprint_Child_C Function /Engine/Transient.REINST_Drop_Target_Set_Blueprint_Child_C_45:ExecuteUbergraph_Drop_Target_Set_Blueprint_Child
[2018.07.30-08.12.53:226][658]LogUObjectGlobals: Created PersistentFrame Addr=0x0000023424131960, Size=88, Default__Drop_Target_Set_Blueprint_Child_C Function /Game/Blueprints/Drop_Target_Set_Blueprint_Child.Drop_Target_Set_Blueprint_Child_C:ExecuteUbergraph_Drop_Target_Set_Blueprint_Child
[2018.07.30-08.12.53:477][658]LogUObjectGlobals: Created PersistentFrame Addr=0x000002340495ef60, Size=104, Default__Slingshot_Blueprint_C Function /Game/Blueprints/Slingshot_Blueprint.Slingshot_Blueprint_C:ExecuteUbergraph_Slingshot_Blueprint
[2018.07.30-08.12.53:489][658]LogUObjectGlobals: Destroyed PersistentFrame Addr=0x000002340495ef60, Size=104
[2018.07.30-08.12.53:489][658]LogUObjectGlobals: Created PersistentFrame Addr=0x000002340495ef60, Size=104, Default__Slingshot_Blueprint_C Function /Engine/Transient.REINST_Slingshot_Blueprint_C_47:ExecuteUbergraph_Slingshot_Blueprint
[2018.07.30-08.12.53:494][658]LogUObjectGlobals: Created PersistentFrame Addr=0x000002347e6de550, Size=104, Default__Slingshot_Blueprint_C Function /Game/Blueprints/Slingshot_Blueprint.Slingshot_Blueprint_C:ExecuteUbergraph_Slingshot_Blueprint
[2018.07.30-08.12.55:772][658]LogAIModule: Creating AISystem for world Ball_Setup_Map
[2018.07.30-08.12.56:244][658]LogEditorServer: Finished looking for orphan Actors (0.000 secs)
[2018.07.30-08.12.56:266][658]LogUObjectGlobals: Destroyed PersistentFrame Addr=0x000002340482ab00, Size=256
[2018.07.30-08.12.56:266][658]LogUObjectGlobals: Destroyed PersistentFrame Addr=0x000002340495ef60, Size=104
[2018.07.30-08.12.56:266][658]LogUObjectGlobals: Destroyed PersistentFrame Addr=0x0000023423c1a1a0, Size=88
[2018.07.30-08.12.56:266][658]LogUObjectGlobals: Destroyed PersistentFrame Addr=0x0000023433bda980, Size=272
[2018.07.30-08.12.56:266][658]LogUObjectGlobals: Destroyed PersistentFrame Addr=0x000002345d5cd080, Size=288
[2018.07.30-08.12.56:266][658]LogUObjectGlobals: Destroyed PersistentFrame Addr=0x000002347e36c660, Size=32
[2018.07.30-08.12.56:335][658]Cmd: MAP CHECKDEP NOCLEARLOG
[2018.07.30-08.12.56:398][658]MapCheck: Map check complete: 0 Error(s), 0 Warning(s), took 62.332ms to complete.
[2018.07.30-08.12.56:398][658]LogFileHelpers: Loading map 'Ball_Setup_Map' took 4.541
[2018.07.30-08.12.56:401][658]LogSlate: Window 'Open Level' being destroyed
[2018.07.30-08.13.04:772][877]LogSlate: FSceneViewport::OnFocusLost() reason 2
[2018.07.30-08.13.25:709][429]LogEditorViewport: Clicking Background
[2018.07.30-08.13.29:035][683]LogEditorViewport: Clicking on Actor (LMB): Ball_Reset_Zone_Blueprint_C (Ball_Reset_Zone_Blueprint)
[2018.07.30-08.13.34:236][852]LogSlate: FSceneViewport::OnFocusLost() reason 0
[2018.07.30-08.13.42:298][267]LogSlate: FSceneViewport::OnFocusLost() reason 0
[2018.07.30-08.13.55:081][980]LogSlate: FSceneViewport::OnFocusLost() reason 0
[2018.07.30-08.14.00:674][993]LogD3D11RHI: Error: Result failed 
 at D:\Build\++UE4+Release-4.19+Compile\Sync\Engine\Source\Runtime\Windows\D3D11RHI\Private\D3D11Viewport.cpp:303 
 with error DXGI_ERROR_DEVICE_REMOVED DXGI_ERROR_DEVICE_HUNG
[2018.07.30-08.14.01:090][993]LogWindows: Windows GetLastError: The operation completed successfully. (0)
[2018.07.30-08.14.37:655][993]LogWindows: Windows GetLastError: The operation completed successfully. (0)
[2018.07.30-08.14.38:048][993]LogWindows: Error: === Critical error: ===
[2018.07.30-08.14.38:049][993]LogWindows: Error: 
[2018.07.30-08.14.38:049][993]LogWindows: Error: Fatal error: [File:D:\Build\++UE4+Release-4.19+Compile\Sync\Engine\Source\Runtime\RenderCore\Private\RenderingThread.cpp] [Line: 819] 
[2018.07.30-08.14.38:049][993]LogWindows: Error: Rendering thread exception:
[2018.07.30-08.14.38:049][993]LogWindows: Error: Fatal error: [File:D:\Build\++UE4+Release-4.19+Compile\Sync\Engine\Source\Runtime\Windows\D3D11RHI\Private\D3D11Util.cpp] [Line: 182] 
[2018.07.30-08.14.38:049][993]LogWindows: Error: Unreal Engine is exiting due to D3D device being lost. (Error: 0x887A0006 - 'HUNG')
[2018.07.30-08.14.38:049][993]LogWindows: Error: 
[2018.07.30-08.14.38:049][993]LogWindows: Error: 
[2018.07.30-08.14.38:049][993]LogWindows: Error: [Callstack] 0x00000000CE55A388 KERNELBASE.dll!UnknownFunction []
[2018.07.30-08.14.38:049][993]LogWindows: Error: [Callstack] 0x00000000A2D27884 UE4Editor-ApplicationCore.dll!UnknownFunction []
[2018.07.30-08.14.38:049][993]LogWindows: Error: [Callstack] 0x0000000091676D9B UE4Editor-Core.dll!UnknownFunction []
[2018.07.30-08.14.38:049][993]LogWindows: Error: [Callstack] 0x00000000915B1949 UE4Editor-Core.dll!UnknownFunction []
[2018.07.30-08.14.38:049][993]LogWindows: Error: [Callstack] 0x0000000064CDA0CF UE4Editor-D3D11RHI.dll!UnknownFunction []
[2018.07.30-08.14.38:049][993]LogWindows: Error: [Callstack] 0x0000000064CDE5E0 UE4Editor-D3D11RHI.dll!UnknownFunction []
[2018.07.30-08.14.38:049][993]LogWindows: Error: [Callstack] 0x0000000064CBD62A UE4Editor-D3D11RHI.dll!UnknownFunction []
[2018.07.30-08.14.38:049][993]LogWindows: Error: [Callstack] 0x0000000064CBD58C UE4Editor-D3D11RHI.dll!UnknownFunction []
[2018.07.30-08.14.38:049][993]LogWindows: Error: [Callstack] 0x0000000064CCAADF UE4Editor-D3D11RHI.dll!UnknownFunction []
[2018.07.30-08.14.38:049][993]LogWindows: Error: [Callstack] 0x00000000A099F0B6 UE4Editor-RHI.dll!UnknownFunction []
[2018.07.30-08.14.38:049][993]LogWindows: Error: [Callstack] 0x0000000064BD1FF8 UE4Editor-SlateRHIRenderer.dll!UnknownFunction []
[2018.07.30-08.14.38:049][993]LogWindows: Error: [Callstack] 0x0000000064BD7C4C UE4Editor-SlateRHIRenderer.dll!UnknownFunction []
[2018.07.30-08.14.38:049][993]LogWindows: Error: [Callstack] 0x000000009148B713 UE4Editor-Core.dll!UnknownFunction []
[2018.07.30-08.14.38:049][993]LogWindows: Error: [Callstack] 0x000000009148BD3A UE4Editor-Core.dll!UnknownFunction []
[2018.07.30-08.14.38:049][993]LogWindows: Error: [Callstack] 0x00000000A2E73CC9 UE4Editor-RenderCore.dll!UnknownFunction []
[2018.07.30-08.14.38:049][993]LogWindows: Error: [Callstack] 0x00000000A2E74CF6 UE4Editor-RenderCore.dll!UnknownFunction []
[2018.07.30-08.14.38:049][993]LogWindows: Error: [Callstack] 0x0000000091859FFC UE4Editor-Core.dll!UnknownFunction []
[2018.07.30-08.14.38:049][993]LogWindows: Error: [Callstack] 0x000000009184ED63 UE4Editor-Core.dll!UnknownFunction []
[2018.07.30-08.14.38:049][993]LogWindows: Error: [Callstack] 0x00000000D1163034 KERNEL32.DLL!UnknownFunction []
[2018.07.30-08.14.38:049][993]LogWindows: Error: [Callstack] 0x00000000D2111431 ntdll.dll!UnknownFunction []
[2018.07.30-08.14.38:049][993]LogWindows: Error: [Callstack] 0x00000000D2111431 ntdll.dll!UnknownFunction []
[2018.07.30-08.14.38:049][993]LogWindows: Error: 
[2018.07.30-08.14.38:049][993]LogWindows: Error: 
[2018.07.30-08.14.38:049][993]LogWindows: Error: 
[2018.07.30-08.14.38:049][993]LogWindows: Error: 
[2018.07.30-08.14.38:067][993]LogExit: Executing StaticShutdownAfterError
[2018.07.30-08.14.39:051][993]LogWindows: FPlatformMisc::RequestExit(1)
[2018.07.30-08.14.39:139][993]Log file closed, 07/30/18 13:44:39
