Log file open, 07/31/18 10:20:46
LogWindows: Failed to load 'aqProf.dll' (GetLastError=126)
LogWindows: File 'aqProf.dll' does not exist
LogWindows: Failed to load 'VtuneApi.dll' (GetLastError=126)
LogWindows: File 'VtuneApi.dll' does not exist
LogWindows: Failed to load 'VtuneApi32e.dll' (GetLastError=126)
LogWindows: File 'VtuneApi32e.dll' does not exist
LogInit: Display: Running engine for game: Pinball
LogPlatformFile: Not using cached read wrapper
LogInit: Display: RandInit(681614701) SRandInit(681614701).
LogInit: Read version file with build ID '3944462'
LogInit: Overriding engine version to CL 4033788, compatible CL 3944462
LogInit: Registered custom module enumerator with build ID '3944462'
LogTaskGraph: Started task graph with 5 named threads and 11 total threads with 3 sets of task threads.
LogStats: Stats thread started at 0.344885
LogD3D11RHI: Aftermath initialized
LogICUInternationalization: Display: ICU TimeZone Detection - Raw Offset: +5:30, Platform Override: ''
LogModuleManager: Display: Found up-to-date module file ../../../Engine/Plugins/2D/Paper2D/Binaries/Win64/UE4Editor-Paper2D.dll (API version 3944462).
LogModuleManager: Display: Found up-to-date module file ../../../Engine/Plugins/2D/Paper2D/Binaries/Win64/UE4Editor-Paper2DEditor.dll (API version 3944462).
LogModuleManager: Display: Found up-to-date module file ../../../Engine/Plugins/2D/Paper2D/Binaries/Win64/UE4Editor-PaperSpriteSheetImporter.dll (API version 3944462).
LogModuleManager: Display: Found up-to-date module file ../../../Engine/Plugins/2D/Paper2D/Binaries/Win64/UE4Editor-PaperTiledImporter.dll (API version 3944462).
LogModuleManager: Display: Found up-to-date module file ../../../Engine/Plugins/2D/Paper2D/Binaries/Win64/UE4Editor-SmartSnapping.dll (API version 3944462).
LogModuleManager: Display: Found up-to-date module file ../../../Engine/Plugins/Blendables/LightPropagationVolume/Binaries/Win64/UE4Editor-LightPropagationVolumeRuntime.dll (API version 3944462).
LogModuleManager: Display: Found up-to-date module file ../../../Engine/Plugins/Blendables/LightPropagationVolume/Binaries/Win64/UE4Editor-LightPropagationVolumeEditor.dll (API version 3944462).
LogModuleManager: Display: Found up-to-date module file ../../../Engine/Plugins/Developer/CLionSourceCodeAccess/Binaries/Win64/UE4Editor-CLionSourceCodeAccess.dll (API version 3944462).
LogModuleManager: Display: Found up-to-date module file ../../../Engine/Plugins/Developer/GitSourceControl/Binaries/Win64/UE4Editor-GitSourceControl.dll (API version 3944462).
LogModuleManager: Display: Found up-to-date module file ../../../Engine/Plugins/Developer/PerforceSourceControl/Binaries/Win64/UE4Editor-PerforceSourceControl.dll (API version 3944462).
LogModuleManager: Display: Found up-to-date module file ../../../Engine/Plugins/Developer/SubversionSourceControl/Binaries/Win64/UE4Editor-SubversionSourceControl.dll (API version 3944462).
LogModuleManager: Display: Found up-to-date module file ../../../Engine/Plugins/Developer/UObjectPlugin/Binaries/Win64/UE4Editor-UObjectPlugin.dll (API version 3944462).
LogModuleManager: Display: Found up-to-date module file ../../../Engine/Plugins/Developer/VisualStudioCodeSourceCodeAccess/Binaries/Win64/UE4Editor-VisualStudioCodeSourceCodeAccess.dll (API version 3944462).
LogModuleManager: Display: Found up-to-date module file ../../../Engine/Plugins/Developer/VisualStudioSourceCodeAccess/Binaries/Win64/UE4Editor-VisualStudioSourceCodeAccess.dll (API version 3944462).
LogModuleManager: Display: Found up-to-date module file ../../../Engine/Plugins/Editor/AssetManagerEditor/Binaries/Win64/UE4Editor-AssetManagerEditor.dll (API version 3944462).
LogModuleManager: Display: Found up-to-date module file ../../../Engine/Plugins/Editor/CryptoKeys/Binaries/Win64/UE4Editor-CryptoKeys.dll (API version 3944462).
LogModuleManager: Display: Found up-to-date module file ../../../Engine/Plugins/Editor/CryptoKeys/Binaries/Win64/UE4Editor-CryptoKeysOpenSSL.dll (API version 3944462).
LogModuleManager: Display: Found up-to-date module file ../../../Engine/Plugins/Editor/DataValidation/Binaries/Win64/UE4Editor-DataValidation.dll (API version 3944462).
LogModuleManager: Display: Found up-to-date module file ../../../Engine/Plugins/Editor/FacialAnimation/Binaries/Win64/UE4Editor-FacialAnimation.dll (API version 3944462).
LogModuleManager: Display: Found up-to-date module file ../../../Engine/Plugins/Editor/FacialAnimation/Binaries/Win64/UE4Editor-FacialAnimationEditor.dll (API version 3944462).
LogModuleManager: Display: Found up-to-date module file ../../../Engine/Plugins/Editor/GameplayTagsEditor/Binaries/Win64/UE4Editor-GameplayTagsEditor.dll (API version 3944462).
LogModuleManager: Display: Found up-to-date module file ../../../Engine/Plugins/Editor/MobileLauncherProfileWizard/Binaries/Win64/UE4Editor-MobileLauncherProfileWizard.dll (API version 3944462).
LogModuleManager: Display: Found up-to-date module file ../../../Engine/Plugins/Editor/PluginBrowser/Binaries/Win64/UE4Editor-PluginBrowser.dll (API version 3944462).
LogModuleManager: Display: Found up-to-date module file ../../../Engine/Plugins/Editor/SpeedTreeImporter/Binaries/Win64/UE4Editor-SpeedTreeImporter.dll (API version 3944462).
LogModuleManager: Display: Found up-to-date module file ../../../Engine/Plugins/Enterprise/DatasmithContent/Binaries/Win64/UE4Editor-DatasmithContent.dll (API version 3944462).
LogModuleManager: Display: Found up-to-date module file ../../../Engine/Plugins/Experimental/AlembicImporter/Binaries/Win64/UE4Editor-AlembicImporter.dll (API version 3944462).
LogModuleManager: Display: Found up-to-date module file ../../../Engine/Plugins/Experimental/AlembicImporter/Binaries/Win64/UE4Editor-AlembicLibrary.dll (API version 3944462).
LogModuleManager: Display: Found up-to-date module file ../../../Engine/Plugins/Experimental/CharacterAI/Binaries/Win64/UE4Editor-CharacterAI.dll (API version 3944462).
LogModuleManager: Display: Found up-to-date module file ../../../Engine/Plugins/Experimental/HTML5Networking/Binaries/Win64/UE4Editor-HTML5Networking.dll (API version 3944462).
LogModuleManager: Display: Found up-to-date module file ../../../Engine/Plugins/Media/AndroidMedia/Binaries/Win64/UE4Editor-AndroidMediaEditor.dll (API version 3944462).
LogModuleManager: Display: Found up-to-date module file ../../../Engine/Plugins/Media/AndroidMedia/Binaries/Win64/UE4Editor-AndroidMediaFactory.dll (API version 3944462).
LogModuleManager: Display: Found up-to-date module file ../../../Engine/Plugins/Media/AvfMedia/Binaries/Win64/UE4Editor-AvfMediaEditor.dll (API version 3944462).
LogModuleManager: Display: Found up-to-date module file ../../../Engine/Plugins/Media/AvfMedia/Binaries/Win64/UE4Editor-AvfMediaFactory.dll (API version 3944462).
LogModuleManager: Display: Found up-to-date module file ../../../Engine/Plugins/Media/AvfMedia/Binaries/Win64/UE4Editor-AvfMediaFactory.dll (API version 3944462).
LogModuleManager: Display: Found up-to-date module file ../../../Engine/Plugins/Media/ImgMedia/Binaries/Win64/UE4Editor-ImgMedia.dll (API version 3944462).
LogModuleManager: Display: Found up-to-date module file ../../../Engine/Plugins/Media/ImgMedia/Binaries/Win64/UE4Editor-ImgMediaEditor.dll (API version 3944462).
LogModuleManager: Display: Found up-to-date module file ../../../Engine/Plugins/Media/ImgMedia/Binaries/Win64/UE4Editor-ImgMediaFactory.dll (API version 3944462).
LogModuleManager: Display: Found up-to-date module file ../../../Engine/Plugins/Media/ImgMedia/Binaries/Win64/UE4Editor-ImgMediaFactory.dll (API version 3944462).
LogModuleManager: Display: Found up-to-date module file ../../../Engine/Plugins/Media/ImgMedia/Binaries/Win64/UE4Editor-OpenExrWrapper.dll (API version 3944462).
LogModuleManager: Display: Found up-to-date module file ../../../Engine/Plugins/Media/LinearTimecode/Binaries/Win64/UE4Editor-LinearTimecode.dll (API version 3944462).
LogModuleManager: Display: Found up-to-date module file ../../../Engine/Plugins/Media/MediaCompositing/Binaries/Win64/UE4Editor-MediaCompositing.dll (API version 3944462).
LogModuleManager: Display: Found up-to-date module file ../../../Engine/Plugins/Media/MediaCompositing/Binaries/Win64/UE4Editor-MediaCompositingEditor.dll (API version 3944462).
LogModuleManager: Display: Found up-to-date module file ../../../Engine/Plugins/Media/MediaPlayerEditor/Binaries/Win64/UE4Editor-MediaPlayerEditor.dll (API version 3944462).
LogModuleManager: Display: Found up-to-date module file ../../../Engine/Plugins/Media/WmfMedia/Binaries/Win64/UE4Editor-WmfMedia.dll (API version 3944462).
LogModuleManager: Display: Found up-to-date module file ../../../Engine/Plugins/Media/WmfMedia/Binaries/Win64/UE4Editor-WmfMediaEditor.dll (API version 3944462).
LogModuleManager: Display: Found up-to-date module file ../../../Engine/Plugins/Media/WmfMedia/Binaries/Win64/UE4Editor-WmfMediaFactory.dll (API version 3944462).
LogModuleManager: Display: Found up-to-date module file ../../../Engine/Plugins/Media/WmfMedia/Binaries/Win64/UE4Editor-WmfMediaFactory.dll (API version 3944462).
LogModuleManager: Display: Found up-to-date module file ../../../Engine/Plugins/Messaging/TcpMessaging/Binaries/Win64/UE4Editor-TcpMessaging.dll (API version 3944462).
LogModuleManager: Display: Found up-to-date module file ../../../Engine/Plugins/Messaging/UdpMessaging/Binaries/Win64/UE4Editor-UdpMessaging.dll (API version 3944462).
LogModuleManager: Display: Found up-to-date module file ../../../Engine/Plugins/MovieScene/ActorSequence/Binaries/Win64/UE4Editor-ActorSequence.dll (API version 3944462).
LogModuleManager: Display: Found up-to-date module file ../../../Engine/Plugins/MovieScene/LevelSequenceEditor/Binaries/Win64/UE4Editor-LevelSequenceEditor.dll (API version 3944462).
LogModuleManager: Display: Found up-to-date module file ../../../Engine/Plugins/MovieScene/MatineeToLevelSequence/Binaries/Win64/UE4Editor-MatineeToLevelSequence.dll (API version 3944462).
LogModuleManager: Display: Found up-to-date module file ../../../Engine/Plugins/NetcodeUnitTest/NetcodeUnitTest/Binaries/Win64/UE4Editor-NetcodeUnitTest.dll (API version 3944462).
LogModuleManager: Display: Found up-to-date module file ../../../Engine/Plugins/NetcodeUnitTest/NUTUnrealEngine4/Binaries/Win64/UE4Editor-NUTUnrealEngine4.dll (API version 3944462).
LogModuleManager: Display: Found up-to-date module file ../../../Engine/Plugins/Online/OnlineSubsystem/Binaries/Win64/UE4Editor-OnlineSubsystem.dll (API version 3944462).
LogModuleManager: Display: Found up-to-date module file ../../../Engine/Plugins/Runtime/AndroidPermission/Binaries/Win64/UE4Editor-AndroidPermission.dll (API version 3944462).
LogModuleManager: Display: Found up-to-date module file ../../../Engine/Plugins/Online/OnlineSubsystemNull/Binaries/Win64/UE4Editor-OnlineSubsystemNull.dll (API version 3944462).
LogModuleManager: Display: Found up-to-date module file ../../../Engine/Plugins/Online/OnlineSubsystemUtils/Binaries/Win64/UE4Editor-OnlineSubsystemUtils.dll (API version 3944462).
LogModuleManager: Display: Found up-to-date module file ../../../Engine/Plugins/Online/OnlineSubsystemUtils/Binaries/Win64/UE4Editor-OnlineBlueprintSupport.dll (API version 3944462).
LogModuleManager: Display: Found up-to-date module file ../../../Engine/Plugins/Runtime/AndroidDeviceProfileSelector/Binaries/Win64/UE4Editor-AndroidDeviceProfileSelector.dll (API version 3944462).
LogModuleManager: Display: Found up-to-date module file ../../../Engine/Plugins/Runtime/AppleARKit/Binaries/Win64/UE4Editor-AppleARKit.dll (API version 3944462).
LogModuleManager: Display: Found up-to-date module file ../../../Engine/Plugins/Runtime/ProceduralMeshComponent/Binaries/Win64/UE4Editor-ProceduralMeshComponent.dll (API version 3944462).
LogModuleManager: Display: Found up-to-date module file ../../../Engine/Plugins/Runtime/ProceduralMeshComponent/Binaries/Win64/UE4Editor-ProceduralMeshComponentEditor.dll (API version 3944462).
LogModuleManager: Display: Found up-to-date module file ../../../Engine/Plugins/Animation/LiveLink/Binaries/Win64/UE4Editor-LiveLink.dll (API version 3944462).
LogModuleManager: Display: Found up-to-date module file ../../../Engine/Plugins/Animation/LiveLink/Binaries/Win64/UE4Editor-LiveLinkEditor.dll (API version 3944462).
LogModuleManager: Display: Found up-to-date module file ../../../Engine/Plugins/Runtime/ArchVisCharacter/Binaries/Win64/UE4Editor-ArchVisCharacter.dll (API version 3944462).
LogModuleManager: Display: Found up-to-date module file ../../../Engine/Plugins/Runtime/AudioCapture/Binaries/Win64/UE4Editor-AudioCapture.dll (API version 3944462).
LogModuleManager: Display: Found up-to-date module file ../../../Engine/Plugins/Runtime/AudioCapture/Binaries/Win64/UE4Editor-AudioCaptureEditor.dll (API version 3944462).
LogModuleManager: Display: Found up-to-date module file ../../../Engine/Plugins/Runtime/CableComponent/Binaries/Win64/UE4Editor-CableComponent.dll (API version 3944462).
LogModuleManager: Display: Found up-to-date module file ../../../Engine/Plugins/Runtime/CustomMeshComponent/Binaries/Win64/UE4Editor-CustomMeshComponent.dll (API version 3944462).
LogModuleManager: Display: Found up-to-date module file ../../../Engine/Plugins/Runtime/ExampleDeviceProfileSelector/Binaries/Win64/UE4Editor-ExampleDeviceProfileSelector.dll (API version 3944462).
LogModuleManager: Display: Found up-to-date module file ../../../Engine/Plugins/Runtime/ImmediatePhysics/Binaries/Win64/UE4Editor-ImmediatePhysics.dll (API version 3944462).
LogModuleManager: Display: Found up-to-date module file ../../../Engine/Plugins/Runtime/ImmediatePhysics/Binaries/Win64/UE4Editor-ImmediatePhysicsEditor.dll (API version 3944462).
LogModuleManager: Display: Found up-to-date module file ../../../Engine/Plugins/Runtime/LocationServicesBPLibrary/Binaries/Win64/UE4Editor-LocationServicesBPLibrary.dll (API version 3944462).
LogModuleManager: Display: Found up-to-date module file ../../../Engine/Plugins/Runtime/MobilePatchingUtils/Binaries/Win64/UE4Editor-MobilePatchingUtils.dll (API version 3944462).
LogModuleManager: Display: Found up-to-date module file ../../../Engine/Plugins/Runtime/Oculus/OculusVR/Binaries/Win64/UE4Editor-OculusHMD.dll (API version 3944462).
LogModuleManager: Display: Found up-to-date module file ../../../Engine/Plugins/Runtime/Oculus/OculusVR/Binaries/Win64/UE4Editor-OculusInput.dll (API version 3944462).
LogModuleManager: Display: Found up-to-date module file ../../../Engine/Plugins/Runtime/Oculus/OculusVR/Binaries/Win64/UE4Editor-OculusEditor.dll (API version 3944462).
LogModuleManager: Display: Found up-to-date module file ../../../Engine/Plugins/Runtime/PhysXVehicles/Binaries/Win64/UE4Editor-PhysXVehicles.dll (API version 3944462).
LogModuleManager: Display: Found up-to-date module file ../../../Engine/Plugins/Runtime/PhysXVehicles/Binaries/Win64/UE4Editor-PhysXVehiclesEditor.dll (API version 3944462).
LogModuleManager: Display: Found up-to-date module file ../../../Engine/Plugins/Runtime/RuntimePhysXCooking/Binaries/Win64/UE4Editor-RuntimePhysXCooking.dll (API version 3944462).
LogModuleManager: Display: Found up-to-date module file ../../../Engine/Plugins/Runtime/Steam/SteamVR/Binaries/Win64/UE4Editor-SteamVR.dll (API version 3944462).
LogModuleManager: Display: Found up-to-date module file ../../../Engine/Plugins/Runtime/Steam/SteamVR/Binaries/Win64/UE4Editor-SteamVRController.dll (API version 3944462).
LogModuleManager: Display: Found up-to-date module file ../../../Engine/Plugins/Runtime/WindowsMoviePlayer/Binaries/Win64/UE4Editor-WindowsMoviePlayer.dll (API version 3944462).
LogPluginManager: Mounting plugin Paper2D
LogPluginManager: Mounting plugin LiveLink
LogPluginManager: Mounting plugin LightPropagationVolume
LogPluginManager: Mounting plugin CLionSourceCodeAccess
LogPluginManager: Mounting plugin CodeLiteSourceCodeAccess
LogPluginManager: Mounting plugin GitSourceControl
LogPluginManager: Mounting plugin KDevelopSourceCodeAccess
LogPluginManager: Mounting plugin NullSourceCodeAccess
LogPluginManager: Mounting plugin PerforceSourceControl
LogPluginManager: Mounting plugin SubversionSourceControl
LogPluginManager: Mounting plugin UObjectPlugin
LogPluginManager: Mounting plugin VisualStudioCodeSourceCodeAccess
LogPluginManager: Mounting plugin VisualStudioSourceCodeAccess
LogPluginManager: Mounting plugin XCodeSourceCodeAccess
LogPluginManager: Mounting plugin AssetManagerEditor
LogPluginManager: Mounting plugin CryptoKeys
LogPluginManager: Mounting plugin DataValidation
LogPluginManager: Mounting plugin FacialAnimation
LogPluginManager: Mounting plugin GameplayTagsEditor
LogPluginManager: Mounting plugin MobileLauncherProfileWizard
LogPluginManager: Mounting plugin PluginBrowser
LogPluginManager: Mounting plugin SpeedTreeImporter
LogPluginManager: Mounting plugin DatasmithContent
LogPluginManager: Mounting plugin AlembicImporter
LogPluginManager: Mounting plugin CharacterAI
LogPluginManager: Mounting plugin HTML5Networking
LogPluginManager: Mounting plugin AndroidMedia
LogPluginManager: Mounting plugin AvfMedia
LogPluginManager: Mounting plugin ImgMedia
LogPluginManager: Mounting plugin LinearTimecode
LogPluginManager: Mounting plugin MediaCompositing
LogPluginManager: Mounting plugin MediaPlayerEditor
LogPluginManager: Mounting plugin WmfMedia
LogPluginManager: Mounting plugin TcpMessaging
LogPluginManager: Mounting plugin UdpMessaging
LogPluginManager: Mounting plugin ActorSequence
LogPluginManager: Mounting plugin LevelSequenceEditor
LogPluginManager: Mounting plugin MatineeToLevelSequence
LogPluginManager: Mounting plugin NetcodeUnitTest
LogPluginManager: Mounting plugin NUTUnrealEngine4
LogPluginManager: Mounting plugin OnlineSubsystemGooglePlay
LogPluginManager: Mounting plugin OnlineSubsystemIOS
LogPluginManager: Mounting plugin OnlineSubsystem
LogPluginManager: Mounting plugin OnlineSubsystemNull
LogPluginManager: Mounting plugin OnlineSubsystemUtils
LogPluginManager: Mounting plugin AndroidDeviceProfileSelector
LogPluginManager: Mounting plugin AndroidMoviePlayer
LogPluginManager: Mounting plugin AndroidPermission
LogPluginManager: Mounting plugin AppleARKit
LogPluginManager: Mounting plugin AppleMoviePlayer
LogPluginManager: Mounting plugin ArchVisCharacter
LogPluginManager: Mounting plugin AudioCapture
LogPluginManager: Mounting plugin CableComponent
LogPluginManager: Mounting plugin CustomMeshComponent
LogPluginManager: Mounting plugin ExampleDeviceProfileSelector
LogPluginManager: Mounting plugin GoogleCloudMessaging
LogPluginManager: Mounting plugin ImmediatePhysics
LogPluginManager: Mounting plugin IOSDeviceProfileSelector
LogPluginManager: Mounting plugin LinuxDeviceProfileSelector
LogPluginManager: Mounting plugin LocationServicesBPLibrary
LogPluginManager: Mounting plugin MobilePatchingUtils
LogPluginManager: Mounting plugin OculusVR
LogPluginManager: Plugin shader directory ../../../Engine/Plugins/Runtime/Oculus/OculusVR/Shaders found
LogPluginManager: Mapping shader source directory ../../../Engine/Plugins/Runtime/Oculus/OculusVR/Shaders to virtual directory /Plugin/OculusVR
LogPluginManager: Mounting plugin PhysXVehicles
LogPluginManager: Mounting plugin ProceduralMeshComponent
LogPluginManager: Mounting plugin RuntimePhysXCooking
LogPluginManager: Mounting plugin SteamVR
LogPluginManager: Mounting plugin WindowsMoviePlayer
LogStreaming: Display: Took  5.046s to configure plugins.
LogInit: Using libcurl 7.47.1
LogInit:  - built for x86_64-pc-win32
LogInit:  - supports SSL with OpenSSL/1.0.2g
LogInit:  - supports HTTP deflate (compression) using libz 1.2.8
LogInit:  - other features:
LogInit:      CURL_VERSION_SSL
LogInit:      CURL_VERSION_LIBZ
LogInit:      CURL_VERSION_IPV6
LogInit:      CURL_VERSION_ASYNCHDNS
LogInit:      CURL_VERSION_LARGEFILE
LogInit:      CURL_VERSION_IDN
LogInit:  CurlRequestOptions (configurable via config and command line):
LogInit:  - bVerifyPeer = false  - Libcurl will NOT verify peer certificate
LogInit:  - bUseHttpProxy = false  - Libcurl will NOT use HTTP proxy
LogInit:  - bDontReuseConnections = false  - Libcurl will reuse connections
LogInit:  - CertBundlePath = nullptr  - Libcurl will use whatever was configured at build time.
LogInit:  - MaxHostConnections = 16  - Libcurl will limit the number of connections to a host
LogInit:  - LocalHostAddr = Default
LogInit: WinSock: version 1.1 (2.2), MaxSocks=32767, MaxUdp=65467
LogInit: WinSock: I am LAPTOP-SNI5BBA7 (192.168.0.21:0)
LogInit: Build: ++UE4+Release-4.19-CL-4033788
LogInit: Engine Version: 4.19.2-4033788+++UE4+Release-4.19
LogInit: Compatible Engine Version: 4.19.0-3944462+++UE4+Release-4.19
LogInit: Net CL: 3944462
LogDevObjectVersion: Number of dev versions registered: 18
LogDevObjectVersion:   Dev-Blueprints (B0D832E4-1F89-4F0D-ACCF-7EB736FD4AA2): 10
LogDevObjectVersion:   Dev-Build (E1C64328-A22C-4D53-A36C-8E866417BD8C): 0
LogDevObjectVersion:   Dev-Core (375EC13C-06E4-48FB-B500-84F0262A717E): 2
LogDevObjectVersion:   Dev-Editor (E4B068ED-F494-42E9-A231-DA0B2E46BB41): 23
LogDevObjectVersion:   Dev-Framework (CFFC743F-43B0-4480-9391-14DF171D2073): 33
LogDevObjectVersion:   Dev-Mobile (B02B49B5-BB20-44E9-A304-32B752E40360): 2
LogDevObjectVersion:   Dev-Networking (A4E4105C-59A1-49B5-A7C5-40C4547EDFEE): 0
LogDevObjectVersion:   Dev-Online (39C831C9-5AE6-47DC-9A44-9C173E1C8E7C): 0
LogDevObjectVersion:   Dev-Physics (78F01B33-EBEA-4F98-B9B4-84EACCB95AA2): 0
LogDevObjectVersion:   Dev-Platform (6631380F-2D4D-43E0-8009-CF276956A95A): 0
LogDevObjectVersion:   Dev-Rendering (12F88B9F-8875-4AFC-A67C-D90C383ABD29): 25
LogDevObjectVersion:   Dev-Sequencer (7B5AE74C-D270-4C10-A958-57980B212A5A): 6
LogDevObjectVersion:   Dev-VR (D7296918-1DD6-4BDD-9DE2-64A83CC13884): 1
LogDevObjectVersion:   Dev-LoadTimes (C2A15278-BFE7-4AFE-6C17-90FF531DF755): 1
LogDevObjectVersion:   Private-Geometry (6EACA3D4-40EC-4CC1-B786-8BED09428FC5): 2
LogDevObjectVersion:   Dev-AnimPhys (29E575DD-E0A3-4627-9D10-D276232CDCEA): 16
LogDevObjectVersion:   Dev-ReflectionCapture (6B266CEC-1EC7-4B8F-A30B-E4D90942FC07): 1
LogDevObjectVersion:   Dev-Automation (0DF73D61-A23F-47EA-B727-89E90C41499A): 1
LogInit: Compiled (64-bit): Apr 27 2018 02:06:57
LogInit: Compiled with Visual C++: 19.00.24215.01
LogInit: Build Configuration: Development
LogInit: Branch Name: ++UE4+Release-4.19
LogInit: Command Line:  /Game/Ball_Setup_Map -game -PIEVIACONSOLE -ResX=1280 -ResY=720  -Multiprocess -messaging -SessionName="Play in Standalone Game" -windowed 
LogInit: Base Directory: C:/Program Files/Epic Games/UE_4.19/Engine/Binaries/Win64/
LogInit: Installed Engine Build: 1
LogStreaming: Display: Took  0.023s to delete old logs.
LogInit: Presizing for max 8388607 objects, including 0 objects not considered by GC, pre-allocating 0 bytes for permanent pool.
LogInit: Object subsystem initialized
[2018.07.31-04.50.52:821][  0]LogInit: Selected Device Profile: [Windows]
[2018.07.31-04.50.52:822][  0]LogInit: Applying CVar settings loaded from the selected device profile: [Windows]
[2018.07.31-04.50.52:841][  0]LogInit: Computer: LAPTOP-SNI5BBA7
[2018.07.31-04.50.52:841][  0]LogInit: User: Shweta
[2018.07.31-04.50.52:841][  0]LogInit: CPU Page size=4096, Cores=2
[2018.07.31-04.50.52:841][  0]LogInit: High frequency timer resolution =2.835940 MHz
[2018.07.31-04.50.52:842][  0]LogMemory: Memory total: Physical=7.9GB (8GB approx)
[2018.07.31-04.50.52:842][  0]LogMemory: Platform Memory Stats for Windows
[2018.07.31-04.50.52:842][  0]LogMemory: Process Physical Memory: 273.82 MB used, 273.82 MB peak
[2018.07.31-04.50.52:842][  0]LogMemory: Process Virtual Memory: 263.94 MB used, 263.94 MB peak
[2018.07.31-04.50.52:842][  0]LogMemory: Physical Memory: 6063.39 MB used,  2011.02 MB free, 8074.41 MB total
[2018.07.31-04.50.52:842][  0]LogMemory: Virtual Memory: 4779.77 MB used,  2011.02 MB free, 134217728.00 MB total
[2018.07.31-04.50.52:917][  0]LogInit: Using OS detected language (en-US).
[2018.07.31-04.50.52:917][  0]LogInit: Using OS detected locale (en-US).
[2018.07.31-04.50.52:918][  0]LogTextLocalizationManager: No localization for 'en-US' exists, so 'en' will be used for the language.
[2018.07.31-04.50.52:918][  0]LogTextLocalizationManager: No localization for 'en-US' exists, so 'en' will be used for the locale.
[2018.07.31-04.50.54:315][  0]LogStreaming: Display: Took  1.398s to EndInitTextLocalization.
[2018.07.31-04.50.54:393][  0]LogSlate: New Slate User Created.  User Index 0, Is Virtual User: 0
[2018.07.31-04.50.54:393][  0]LogSlate: Slate User Registered.  User Index 0, Is Virtual User: 0
[2018.07.31-04.50.54:400][  0]LogD3D11RHI: D3D11 adapters:
[2018.07.31-04.50.54:428][  0]LogD3D11RHI:    0. 'Intel(R) HD Graphics 620' (Feature Level 11_0)
[2018.07.31-04.50.54:429][  0]LogD3D11RHI:       128/0/4037 MB DedicatedVideo/DedicatedSystem/SharedSystem, Outputs:1, VendorId:0x8086
[2018.07.31-04.50.54:435][  0]LogD3D11RHI:    1. 'Microsoft Basic Render Driver' (Feature Level 11_0)
[2018.07.31-04.50.54:435][  0]LogD3D11RHI:       0/0/4037 MB DedicatedVideo/DedicatedSystem/SharedSystem, Outputs:0, VendorId:0x1414
[2018.07.31-04.50.54:435][  0]LogD3D11RHI: Chosen D3D11 Adapter: 0
[2018.07.31-04.50.54:447][  0]LogD3D11RHI: Creating new Direct3DDevice
[2018.07.31-04.50.54:447][  0]LogD3D11RHI:     GPU DeviceId: 0x5916 (for the marketing name, search the web for "GPU Device Id")
[2018.07.31-04.50.54:447][  0]LogWindows: EnumDisplayDevices:
[2018.07.31-04.50.54:447][  0]LogWindows:    0. 'Intel(R) HD Graphics 620' (P:1 D:1)
[2018.07.31-04.50.54:447][  0]LogWindows:    1. 'Intel(R) HD Graphics 620' (P:0 D:0)
[2018.07.31-04.50.54:447][  0]LogWindows:    2. 'Intel(R) HD Graphics 620' (P:0 D:0)
[2018.07.31-04.50.54:448][  0]LogWindows: DebugString: GetVideoDriverDetailsInvalid PrimaryIsNotTheChoosenAdapter GetVideoDriverDetailsInvalid PrimaryIsNotTheChoosenAdapter GetVideoDriverDetailsInvalid PrimaryIsNotTheChoosenAdapter FoundDriverCount:0 
[2018.07.31-04.50.54:448][  0]LogD3D11RHI:     Adapter Name: Intel(R) HD Graphics 620
[2018.07.31-04.50.54:448][  0]LogD3D11RHI:   Driver Version: Unknown (internal:Unknown, unified:Unknown)
[2018.07.31-04.50.54:448][  0]LogD3D11RHI:      Driver Date: Unknown
[2018.07.31-04.50.54:448][  0]LogRHI: Texture pool is 1502 MB (70% of 2146 MB)
[2018.07.31-04.50.54:455][  0]LogD3D11RHI: Async texture creation enabled
[2018.07.31-04.50.54:462][  0]LogD3D11RHI: GPU Timing Frequency: 12.000000 (Debug: 2 0)
[2018.07.31-04.50.54:463][  0]LogShaderCompilers: Guid format shader working directory is -35 characters bigger than the processId version (../../../../../../Users/Shweta/Documents/GitHub/theshwetapatil/Pinball-UE4/Pinball/Intermediate/Shaders/WorkingDirectory/4248/).
[2018.07.31-04.50.54:464][  0]LogShaderCompilers: Cleaned the shader compiler working directory 'C:/Users/Shweta/AppData/Local/Temp/UnrealShaderWorkingDir/5B74A1C54D3DFAB7D693319FBD87AB5B/'.
[2018.07.31-04.50.54:725][  0]LogTemp: Display: Loaded TP WindowsClientTargetPlatform
[2018.07.31-04.50.54:740][  0]LogTemp: Display: Loaded TP WindowsNoEditorTargetPlatform
[2018.07.31-04.50.54:755][  0]LogTemp: Display: Loaded TP WindowsServerTargetPlatform
[2018.07.31-04.50.54:770][  0]LogTemp: Display: Loaded TP WindowsTargetPlatform
[2018.07.31-04.50.54:770][  0]LogTargetPlatformManager: Display: Building Assets For Windows
[2018.07.31-04.50.54:886][  0]LogXGEController: Cannot use XGE Controller as Incredibuild is not installed on this machine.
[2018.07.31-04.50.54:887][  0]LogShaderCompilers: Cannot use XGE Shader Compiler as Incredibuild is not installed on this machine.
[2018.07.31-04.50.54:887][  0]LogShaderCompilers: Display: Using Local Shader Compiler.
[2018.07.31-04.50.55:521][  0]LogDerivedDataCache: Display: Max Cache Size: 512 MB
[2018.07.31-04.50.55:596][  0]LogDerivedDataCache: Loaded boot cache 0.07s 74MB C:/Users/Shweta/AppData/Local/UnrealEngine/4.19/DerivedDataCache/Boot.ddc.
[2018.07.31-04.50.55:596][  0]LogDerivedDataCache: Display: Loaded Boot cache: C:/Users/Shweta/AppData/Local/UnrealEngine/4.19/DerivedDataCache/Boot.ddc
[2018.07.31-04.50.55:597][  0]LogDerivedDataCache: FDerivedDataBackendGraph:  Pak pak cache file ../../../../../../Users/Shweta/Documents/GitHub/theshwetapatil/Pinball-UE4/Pinball/DerivedDataCache/DDC.ddp not found, will not use a pak cache.
[2018.07.31-04.50.55:597][  0]LogDerivedDataCache: Unable to find inner node Pak for hierarchical cache Hierarchy.
[2018.07.31-04.50.55:597][  0]LogDerivedDataCache: FDerivedDataBackendGraph:  CompressedPak pak cache file ../../../../../../Users/Shweta/Documents/GitHub/theshwetapatil/Pinball-UE4/Pinball/DerivedDataCache/Compressed.ddp not found, will not use a pak cache.
[2018.07.31-04.50.55:597][  0]LogDerivedDataCache: Unable to find inner node CompressedPak for hierarchical cache Hierarchy.
[2018.07.31-04.50.55:611][  0]LogDerivedDataCache: Display: Pak cache opened for reading ../../../Engine/DerivedDataCache/Compressed.ddp.
[2018.07.31-04.50.55:624][  0]LogDerivedDataCache: Using Local data cache path C:/Users/Shweta/AppData/Local/UnrealEngine/Common/DerivedDataCache: Writable
[2018.07.31-04.50.55:624][  0]LogDerivedDataCache: Shared data cache path not found in *engine.ini, will not use an Shared cache.
[2018.07.31-04.50.55:624][  0]LogDerivedDataCache: Unable to find inner node Shared for hierarchical cache Hierarchy.
[2018.07.31-04.50.55:635][  0]LogMaterial: Verifying Global Shaders for PCD3D_SM5
[2018.07.31-04.50.55:635][  0]LogSlate: Using Freetype 2.6.0
[2018.07.31-04.50.55:636][  0]LogSlate: SlateFontCache - WITH_FREETYPE: 1, WITH_HARFBUZZ: 1
[2018.07.31-04.50.55:636][  0]LogSlate: SlateFontCache - WITH_FREETYPE: 1, WITH_HARFBUZZ: 1
[2018.07.31-04.50.55:729][  0]LogAssetRegistry: FAssetRegistry took 0.0039 seconds to start up
[2018.07.31-04.50.55:908][  0]LogPackageLocalizationCache: Processed 9 localized package path(s) for 1 prioritized culture(s) in 0.010651 seconds
[2018.07.31-04.50.56:003][  0]LogInit: Selected Device Profile: [Windows]
[2018.07.31-04.50.56:131][  0]LogSimplygon: Simplygon DLL not present - disabling.
[2018.07.31-04.50.56:134][  0]LogMeshReduction: Using SimplygonSwarm for distributed automatic mesh merging
[2018.07.31-04.50.56:134][  0]LogMeshReduction: Using QuadricMeshReduction for automatic static mesh reduction
[2018.07.31-04.50.56:134][  0]LogMeshReduction: No automatic skeletal mesh reduction module available
[2018.07.31-04.50.56:134][  0]LogMeshReduction: No automatic mesh merging module available
[2018.07.31-04.50.56:134][  0]LogMeshMerging: No automatic mesh merging module available
[2018.07.31-04.50.56:159][  0]LogNetVersion: Pinball , NetCL: 3944462, EngineNetVer: 2, GameNetVer: 0 (Checksum: 3476590221)
[2018.07.31-04.50.56:760][  0]LogMoviePlayer: Initializing movie player
[2018.07.31-04.50.57:082][  0]LogTcpMessaging: Initializing TcpMessaging bridge
[2018.07.31-04.50.57:110][  0]LogUdpMessaging: Initializing bridge on interface 0.0.0.0:0 to multicast group 230.0.0.1:6666.
[2018.07.31-04.50.57:371][  0]SourceControl: Source control is disabled
[2018.07.31-04.50.57:371][  0]SourceControl: Source control is disabled
[2018.07.31-04.50.57:387][  0]SourceControl: Source control is disabled
[2018.07.31-04.50.57:761][  0]LogAndroidPermission: UAndroidPermissionCallbackProxy::GetInstance
[2018.07.31-04.50.57:885][  0]LogOcInput: OculusInput pre-init called
[2018.07.31-04.50.57:920][  0]LogUObjectArray: 40124 objects as part of root set at end of initial load.
[2018.07.31-04.50.57:921][  0]LogUObjectAllocator: 8364208 out of 0 bytes used by permanent object pool.
[2018.07.31-04.50.57:921][  0]LogUObjectArray: CloseDisregardForGC: 0/0 objects in disregard for GC pool
[2018.07.31-04.50.57:968][  0]LogEngine: Initializing Engine...
[2018.07.31-04.50.57:970][  0]LogHMD: Failed to initialize OpenVR with code 110
[2018.07.31-04.50.57:982][  0]LogStats: UGameplayTagsManager::ConstructGameplayTagTree: Construct from data asset -  0.000 s
[2018.07.31-04.50.57:982][  0]LogStats: UGameplayTagsManager::ConstructGameplayTagTree: GameplayTagTreeChangedEvent.Broadcast -  0.000 s
[2018.07.31-04.50.58:173][  0]LogInit: XAudio2 using 'Speaker/HP (Realtek High Definition Audio)' : 2 channels at 48 kHz using 32 bits per sample (channel mask 0x3)
[2018.07.31-04.50.58:186][  0]LogInit: FAudioDevice initialized.
[2018.07.31-04.50.58:206][  0]LogInit: Texture streaming: Enabled
[2018.07.31-04.50.58:335][  0]LogInit: Display: Game Engine Initialized.
[2018.07.31-04.50.58:335][  0]LogGameplayTags: Display: UGameplayTagsManager::DoneAddingNativeTags. DelegateIsBound: 0
[2018.07.31-04.50.58:335][  0]LogStats: UGameplayTagsManager::ConstructGameplayTagTree: Construct from data asset -  0.000 s
[2018.07.31-04.50.58:335][  0]LogStats: UGameplayTagsManager::ConstructGameplayTagTree: GameplayTagTreeChangedEvent.Broadcast -  0.000 s
[2018.07.31-04.50.58:425][  0]LogInit: Display: Starting Game.
[2018.07.31-04.50.58:426][  0]LogNet: Browse: /Game/Ball_Setup_Map?Name=Player
[2018.07.31-04.50.58:426][  0]LogLoad: LoadMap: /Game/Ball_Setup_Map?Name=Player
[2018.07.31-04.50.58:441][  0]LogUObjectGlobals: Created PersistentFrame Addr=0x000002b5e7ae3500, Size=256, Default__Force_Movement_Zone_Blueprint_C Function /Game/Blueprints/Force_Movement_Zone_Blueprint.Force_Movement_Zone_Blueprint_C:ExecuteUbergraph_Force_Movement_Zone_Blueprint
[2018.07.31-04.50.58:443][  0]LogUObjectGlobals: Created PersistentFrame Addr=0x000002b5e7ae7c80, Size=408, Default__Ball_Blueprint_C Function /Game/Blueprints/Ball_Blueprint.Ball_Blueprint_C:ExecuteUbergraph_Ball_Blueprint
[2018.07.31-04.50.58:466][  0]LogUObjectGlobals: Destroyed PersistentFrame Addr=0x000002b5e7ae7c80, Size=408
[2018.07.31-04.50.58:466][  0]LogUObjectGlobals: Created PersistentFrame Addr=0x000002b5fea2a080, Size=408, Default__Ball_Blueprint_C Function /Engine/Transient.REINST_Ball_Blueprint_C_2:ExecuteUbergraph_Ball_Blueprint
[2018.07.31-04.50.58:466][  0]LogUObjectGlobals: Destroyed PersistentFrame Addr=0x000002b5e7ae3500, Size=256
[2018.07.31-04.50.58:466][  0]LogUObjectGlobals: Created PersistentFrame Addr=0x000002b5e7ae3500, Size=256, Default__Force_Movement_Zone_Blueprint_C Function /Engine/Transient.REINST_Force_Movement_Zone_Blueprint_C_3:ExecuteUbergraph_Force_Movement_Zone_Blueprint
[2018.07.31-04.50.58:471][  0]LogUObjectGlobals: Created PersistentFrame Addr=0x000002b5fea290c0, Size=408, Default__Ball_Blueprint_C Function /Game/Blueprints/Ball_Blueprint.Ball_Blueprint_C:ExecuteUbergraph_Ball_Blueprint
[2018.07.31-04.50.58:472][  0]LogUObjectGlobals: Created PersistentFrame Addr=0x000002b5fe957300, Size=256, Default__Force_Movement_Zone_Blueprint_C Function /Game/Blueprints/Force_Movement_Zone_Blueprint.Force_Movement_Zone_Blueprint_C:ExecuteUbergraph_Force_Movement_Zone_Blueprint
[2018.07.31-04.50.58:482][  0]LogUObjectGlobals: Created PersistentFrame Addr=0x000002b5fe9a8fe0, Size=32, Default__Ball_Reset_Zone_Blueprint_C Function /Game/Blueprints/Ball_Reset_Zone_Blueprint.Ball_Reset_Zone_Blueprint_C:ExecuteUbergraph_Ball_Reset_Zone_Blueprint
[2018.07.31-04.50.58:484][  0]LogUObjectGlobals: Destroyed PersistentFrame Addr=0x000002b5fe9a8fe0, Size=32
[2018.07.31-04.50.58:484][  0]LogUObjectGlobals: Created PersistentFrame Addr=0x000002b5fe9a8fe0, Size=32, Default__Ball_Reset_Zone_Blueprint_C Function /Engine/Transient.REINST_Ball_Reset_Zone_Blueprint_C_9:ExecuteUbergraph_Ball_Reset_Zone_Blueprint
[2018.07.31-04.50.58:485][  0]LogUObjectGlobals: Created PersistentFrame Addr=0x000002b5fe9a9600, Size=32, Default__Ball_Reset_Zone_Blueprint_C Function /Game/Blueprints/Ball_Reset_Zone_Blueprint.Ball_Reset_Zone_Blueprint_C:ExecuteUbergraph_Ball_Reset_Zone_Blueprint
[2018.07.31-04.50.58:486][  0]LogUObjectGlobals: Created PersistentFrame Addr=0x000002b5e7adc540, Size=288, Default__Bumper_Blueprint_C Function /Game/Blueprints/Bumper_Blueprint.Bumper_Blueprint_C:ExecuteUbergraph_Bumper_Blueprint
[2018.07.31-04.50.58:489][  0]LogUObjectGlobals: Created PersistentFrame Addr=0x000002b5e7adc2c0, Size=320, Default__Pinball_Game_Mode_Blueprint_C Function /Game/Blueprints/Pinball_Game_Mode_Blueprint.Pinball_Game_Mode_Blueprint_C:ExecuteUbergraph_Pinball_Game_Mode_Blueprint
[2018.07.31-04.50.58:499][  0]LogUObjectGlobals: Created PersistentFrame Addr=0x000002b5e7b84900, Size=568, Default__Pinball_Player_Controller_Blueprint_C Function /Game/Blueprints/Pinball_Player_Controller_Blueprint.Pinball_Player_Controller_Blueprint_C:ExecuteUbergraph_Pinball_Player_Controller_Blueprint
[2018.07.31-04.50.58:500][  0]LogUObjectGlobals: Created PersistentFrame Addr=0x000002b5e25c9288, Size=8, Default__Flipper_Blueprint_C Function /Game/Blueprints/Flipper_Blueprint.Flipper_Blueprint_C:ExecuteUbergraph_Flipper_Blueprint
[2018.07.31-04.50.58:507][  0]LogUObjectGlobals: Created PersistentFrame Addr=0x000002b5f79787c0, Size=164, Default__Plunger_Blueprint_C Function /Game/Blueprints/Plunger_Blueprint.Plunger_Blueprint_C:ExecuteUbergraph_Plunger_Blueprint
[2018.07.31-04.50.58:515][  0]LogUObjectGlobals: Created PersistentFrame Addr=0x000002b5fe9183a0, Size=200, Default__High_Score_Entry_WidgetBlueprint_C Function /Game/Blueprints/High_Score_Entry_WidgetBlueprint.High_Score_Entry_WidgetBlueprint_C:ExecuteUbergraph_High_Score_Entry_WidgetBlueprint
[2018.07.31-04.50.58:516][  0]LogUObjectGlobals: Created PersistentFrame Addr=0x000002b5e7ad53a0, Size=32, Default__High_Score_WidgetBlueprint_C Function /Game/Blueprints/High_Score_WidgetBlueprint.High_Score_WidgetBlueprint_C:ExecuteUbergraph_High_Score_WidgetBlueprint
[2018.07.31-04.50.58:519][  0]LogUObjectGlobals: Created PersistentFrame Addr=0x000002b5e7ad51c0, Size=32, Default__Main_Menu_WidgetBlueprint_C Function /Game/Blueprints/Main_Menu_WidgetBlueprint.Main_Menu_WidgetBlueprint_C:ExecuteUbergraph_Main_Menu_WidgetBlueprint
[2018.07.31-04.50.58:554][  0]LogUObjectGlobals: Destroyed PersistentFrame Addr=0x000002b5e7adc540, Size=288
[2018.07.31-04.50.58:554][  0]LogUObjectGlobals: Created PersistentFrame Addr=0x000002b5ff616480, Size=288, Default__Bumper_Blueprint_C Function /Engine/Transient.REINST_Bumper_Blueprint_C_11:ExecuteUbergraph_Bumper_Blueprint
[2018.07.31-04.50.58:555][  0]LogUObjectGlobals: Destroyed PersistentFrame Addr=0x000002b5e25c9288, Size=8
[2018.07.31-04.50.58:555][  0]LogUObjectGlobals: Created PersistentFrame Addr=0x000002b5ff637350, Size=8, Default__Flipper_Blueprint_C Function /Engine/Transient.REINST_Flipper_Blueprint_C_12:ExecuteUbergraph_Flipper_Blueprint
[2018.07.31-04.50.58:555][  0]LogUObjectGlobals: Destroyed PersistentFrame Addr=0x000002b5f79787c0, Size=164
[2018.07.31-04.50.58:555][  0]LogUObjectGlobals: Created PersistentFrame Addr=0x000002b5ff5a3880, Size=164, Default__Plunger_Blueprint_C Function /Engine/Transient.REINST_Plunger_Blueprint_C_14:ExecuteUbergraph_Plunger_Blueprint
[2018.07.31-04.50.58:556][  0]LogUObjectGlobals: Destroyed PersistentFrame Addr=0x000002b5fe9183a0, Size=200
[2018.07.31-04.50.58:556][  0]LogUObjectGlobals: Created PersistentFrame Addr=0x000002b5ff2d16e0, Size=200, Default__High_Score_Entry_WidgetBlueprint_C Function /Engine/Transient.REINST_High_Score_Entry_WidgetBlueprint_C_0:ExecuteUbergraph_High_Score_Entry_WidgetBlueprint
[2018.07.31-04.50.58:556][  0]LogUObjectGlobals: Destroyed PersistentFrame Addr=0x000002b5e7ad53a0, Size=32
[2018.07.31-04.50.58:556][  0]LogUObjectGlobals: Created PersistentFrame Addr=0x000002b5ff2e0140, Size=32, Default__High_Score_WidgetBlueprint_C Function /Engine/Transient.REINST_High_Score_WidgetBlueprint_C_1:ExecuteUbergraph_High_Score_WidgetBlueprint
[2018.07.31-04.50.58:556][  0]LogUObjectGlobals: Destroyed PersistentFrame Addr=0x000002b5e7ad51c0, Size=32
[2018.07.31-04.50.58:556][  0]LogUObjectGlobals: Created PersistentFrame Addr=0x000002b5ff273e60, Size=32, Default__Main_Menu_WidgetBlueprint_C Function /Engine/Transient.REINST_Main_Menu_WidgetBlueprint_C_2:ExecuteUbergraph_Main_Menu_WidgetBlueprint
[2018.07.31-04.50.58:557][  0]LogUObjectGlobals: Destroyed PersistentFrame Addr=0x000002b5e7adc2c0, Size=320
[2018.07.31-04.50.58:557][  0]LogUObjectGlobals: Created PersistentFrame Addr=0x000002b5ff616340, Size=320, Default__Pinball_Game_Mode_Blueprint_C Function /Engine/Transient.REINST_Pinball_Game_Mode_Blueprint_C_15:ExecuteUbergraph_Pinball_Game_Mode_Blueprint
[2018.07.31-04.50.58:557][  0]LogUObjectGlobals: Destroyed PersistentFrame Addr=0x000002b5e7b84900, Size=568
[2018.07.31-04.50.58:557][  0]LogUObjectGlobals: Created PersistentFrame Addr=0x000002b5ff267880, Size=568, Default__Pinball_Player_Controller_Blueprint_C Function /Engine/Transient.REINST_Pinball_Player_Controller_Blueprint_C_16:ExecuteUbergraph_Pinball_Player_Controller_Blueprint
[2018.07.31-04.50.58:587][  0]LogUObjectGlobals: Created PersistentFrame Addr=0x000002b5ff0d9440, Size=288, Default__Bumper_Blueprint_C Function /Game/Blueprints/Bumper_Blueprint.Bumper_Blueprint_C:ExecuteUbergraph_Bumper_Blueprint
[2018.07.31-04.50.58:588][  0]LogUObjectGlobals: Created PersistentFrame Addr=0x000002b5ff636060, Size=8, Default__Flipper_Blueprint_C Function /Game/Blueprints/Flipper_Blueprint.Flipper_Blueprint_C:ExecuteUbergraph_Flipper_Blueprint
[2018.07.31-04.50.58:589][  0]LogUObjectGlobals: Created PersistentFrame Addr=0x000002b5ff059600, Size=164, Default__Plunger_Blueprint_C Function /Game/Blueprints/Plunger_Blueprint.Plunger_Blueprint_C:ExecuteUbergraph_Plunger_Blueprint
[2018.07.31-04.50.58:590][  0]LogUObjectGlobals: Created PersistentFrame Addr=0x000002b5ff08a240, Size=200, Default__High_Score_Entry_WidgetBlueprint_C Function /Game/Blueprints/High_Score_Entry_WidgetBlueprint.High_Score_Entry_WidgetBlueprint_C:ExecuteUbergraph_High_Score_Entry_WidgetBlueprint
[2018.07.31-04.50.58:591][  0]LogUObjectGlobals: Created PersistentFrame Addr=0x000002b5ff055d60, Size=32, Default__High_Score_WidgetBlueprint_C Function /Game/Blueprints/High_Score_WidgetBlueprint.High_Score_WidgetBlueprint_C:ExecuteUbergraph_High_Score_WidgetBlueprint
[2018.07.31-04.50.58:592][  0]LogUObjectGlobals: Created PersistentFrame Addr=0x000002b5ff054ca0, Size=32, Default__Main_Menu_WidgetBlueprint_C Function /Game/Blueprints/Main_Menu_WidgetBlueprint.Main_Menu_WidgetBlueprint_C:ExecuteUbergraph_Main_Menu_WidgetBlueprint
[2018.07.31-04.50.58:594][  0]LogUObjectGlobals: Created PersistentFrame Addr=0x000002b5ff0d8a40, Size=320, Default__Pinball_Game_Mode_Blueprint_C Function /Game/Blueprints/Pinball_Game_Mode_Blueprint.Pinball_Game_Mode_Blueprint_C:ExecuteUbergraph_Pinball_Game_Mode_Blueprint
[2018.07.31-04.50.58:597][  0]LogUObjectGlobals: Created PersistentFrame Addr=0x000002b5fefdf100, Size=576, Default__Pinball_Player_Controller_Blueprint_C Function /Game/Blueprints/Pinball_Player_Controller_Blueprint.Pinball_Player_Controller_Blueprint_C:ExecuteUbergraph_Pinball_Player_Controller_Blueprint
[2018.07.31-04.50.58:610][  0]LogUObjectGlobals: Created PersistentFrame Addr=0x000002b5fef6fac0, Size=104, Default__Slingshot_Blueprint_C Function /Game/Blueprints/Slingshot_Blueprint.Slingshot_Blueprint_C:ExecuteUbergraph_Slingshot_Blueprint
[2018.07.31-04.50.58:614][  0]LogUObjectGlobals: Destroyed PersistentFrame Addr=0x000002b5fef6fac0, Size=104
[2018.07.31-04.50.58:614][  0]LogUObjectGlobals: Created PersistentFrame Addr=0x000002b5fef6fac0, Size=104, Default__Slingshot_Blueprint_C Function /Engine/Transient.REINST_Slingshot_Blueprint_C_27:ExecuteUbergraph_Slingshot_Blueprint
[2018.07.31-04.50.58:616][  0]LogUObjectGlobals: Created PersistentFrame Addr=0x000002b5fef6ca30, Size=104, Default__Slingshot_Blueprint_C Function /Game/Blueprints/Slingshot_Blueprint.Slingshot_Blueprint_C:ExecuteUbergraph_Slingshot_Blueprint
[2018.07.31-04.50.58:628][  0]LogUObjectGlobals: Created PersistentFrame Addr=0x000002b5ff0f39a0, Size=88, Default__Drop_Target_Set_Blueprint_Child_C Function /Game/Blueprints/Drop_Target_Set_Blueprint_Child.Drop_Target_Set_Blueprint_Child_C:ExecuteUbergraph_Drop_Target_Set_Blueprint_Child
[2018.07.31-04.50.58:630][  0]LogUObjectGlobals: Created PersistentFrame Addr=0x000002b5fef66fc0, Size=272, Default__Drop_Target_Blueprint_C Function /Game/Blueprints/Drop_Target_Blueprint.Drop_Target_Blueprint_C:ExecuteUbergraph_Drop_Target_Blueprint
[2018.07.31-04.50.58:640][  0]LogUObjectGlobals: Destroyed PersistentFrame Addr=0x000002b5fef66fc0, Size=272
[2018.07.31-04.50.58:640][  0]LogUObjectGlobals: Created PersistentFrame Addr=0x000002b5fef66fc0, Size=272, Default__Drop_Target_Blueprint_C Function /Engine/Transient.REINST_Drop_Target_Blueprint_C_31:ExecuteUbergraph_Drop_Target_Blueprint
[2018.07.31-04.50.58:640][  0]LogUObjectGlobals: Destroyed PersistentFrame Addr=0x000002b5ff0f39a0, Size=88
[2018.07.31-04.50.58:640][  0]LogUObjectGlobals: Created PersistentFrame Addr=0x000002b5ff0f39a0, Size=88, Default__Drop_Target_Set_Blueprint_Child_C Function /Engine/Transient.REINST_Drop_Target_Set_Blueprint_Child_C_32:ExecuteUbergraph_Drop_Target_Set_Blueprint_Child
[2018.07.31-04.50.58:647][  0]LogUObjectGlobals: Created PersistentFrame Addr=0x000002b5fef64f40, Size=272, Default__Drop_Target_Blueprint_C Function /Game/Blueprints/Drop_Target_Blueprint.Drop_Target_Blueprint_C:ExecuteUbergraph_Drop_Target_Blueprint
[2018.07.31-04.50.58:649][  0]LogUObjectGlobals: Created PersistentFrame Addr=0x000002b5ff0f1000, Size=96, Default__Drop_Target_Set_Blueprint_Child_C Function /Game/Blueprints/Drop_Target_Set_Blueprint_Child.Drop_Target_Set_Blueprint_Child_C:ExecuteUbergraph_Drop_Target_Set_Blueprint_Child
[2018.07.31-04.50.58:869][  0]LogAIModule: Creating AISystem for world Ball_Setup_Map
[2018.07.31-04.50.58:870][  0]LogLoad: Game class is 'Pinball_Game_Mode_Blueprint_C'
[2018.07.31-04.50.58:883][  0]LogWorld: Bringing World /Game/Ball_Setup_Map.Ball_Setup_Map up for play (max tick rate 0) at 2018.07.31-10.20.58
[2018.07.31-04.50.58:883][  0]LogWorld: Bringing up level for play took: 0.013147
[2018.07.31-04.50.58:884][  0]LogGameMode: FindPlayerStart: PATHS NOT DEFINED or NO PLAYERSTART with positive rating
[2018.07.31-04.50.58:887][  0]LogLoad: Took 0.461751 seconds to LoadMap(/Game/Ball_Setup_Map)
[2018.07.31-04.50.58:985][  0]LogLoad: (Engine Initialization) Total time: 15.55 seconds
[2018.07.31-04.50.58:985][  0]LogLoad: (Engine Initialization) Total Blueprint compile time: 0.00 seconds
[2018.07.31-04.50.59:030][  0]LogRenderer: Reallocating scene render targets to support 1280x720 Format 10 NumSamples 1 (Frame:1).
[2018.07.31-04.50.59:465][  0]LogWindowsTextInputMethodSystem: Display: IME system now deactivated.
[2018.07.31-04.50.59:467][  0]LogContentStreaming: Texture pool size now 1000 MB
[2018.07.31-04.50.59:473][  1]LogAudio: Warning: Detected orphaned looping sound 'victoryMusic_loop_01_01'.
[2018.07.31-04.51.03:541][ 95]LogSlate: FSceneViewport::OnFocusLost() reason 0
[2018.07.31-04.51.18:287][458]LogSlate: Window 'Pinball (64-bit, PCD3D_SM5) ' being destroyed
[2018.07.31-04.51.18:288][458]LogWindowsTextInputMethodSystem: Display: IME system now deactivated.
[2018.07.31-04.51.18:296][459]LogEngine: All Windows Closed
[2018.07.31-04.51.18:296][459]LogWindows: FPlatformMisc::RequestExit(0)
[2018.07.31-04.51.18:990][460]LogSlate: Slate User Destroyed.  User Index 0, Is Virtual User: 0
[2018.07.31-04.51.18:991][460]LogExit: Preparing to exit.
[2018.07.31-04.51.18:991][460]LogMoviePlayer: Shutting down movie player
[2018.07.31-04.51.19:195][460]LogExit: Game engine shut down
[2018.07.31-04.51.19:199][460]LogUObjectGlobals: Destroyed PersistentFrame Addr=0x000002b5e7ae3500, Size=256
[2018.07.31-04.51.19:199][460]LogUObjectGlobals: Destroyed PersistentFrame Addr=0x000002b5fea2a080, Size=408
[2018.07.31-04.51.19:199][460]LogUObjectGlobals: Destroyed PersistentFrame Addr=0x000002b5fea290c0, Size=408
[2018.07.31-04.51.19:199][460]LogUObjectGlobals: Destroyed PersistentFrame Addr=0x000002b5fe957300, Size=256
[2018.07.31-04.51.19:200][460]LogUObjectGlobals: Destroyed PersistentFrame Addr=0x000002b5fe9a8fe0, Size=32
[2018.07.31-04.51.19:200][460]LogUObjectGlobals: Destroyed PersistentFrame Addr=0x000002b5fe9a9600, Size=32
[2018.07.31-04.51.19:200][460]LogUObjectGlobals: Destroyed PersistentFrame Addr=0x000002b5ff616480, Size=288
[2018.07.31-04.51.19:200][460]LogUObjectGlobals: Destroyed PersistentFrame Addr=0x000002b5ff616340, Size=320
[2018.07.31-04.51.19:200][460]LogUObjectGlobals: Destroyed PersistentFrame Addr=0x000002b5ff267880, Size=568
[2018.07.31-04.51.19:200][460]LogUObjectGlobals: Destroyed PersistentFrame Addr=0x000002b5ff637350, Size=8
[2018.07.31-04.51.19:201][460]LogUObjectGlobals: Destroyed PersistentFrame Addr=0x000002b5ff5a3880, Size=164
[2018.07.31-04.51.19:201][460]LogUObjectGlobals: Destroyed PersistentFrame Addr=0x000002b5ff2d16e0, Size=200
[2018.07.31-04.51.19:201][460]LogUObjectGlobals: Destroyed PersistentFrame Addr=0x000002b5ff2e0140, Size=32
[2018.07.31-04.51.19:201][460]LogUObjectGlobals: Destroyed PersistentFrame Addr=0x000002b5ff273e60, Size=32
[2018.07.31-04.51.19:201][460]LogUObjectGlobals: Destroyed PersistentFrame Addr=0x000002b5ff0d9440, Size=288
[2018.07.31-04.51.19:201][460]LogUObjectGlobals: Destroyed PersistentFrame Addr=0x000002b5ff636060, Size=8
[2018.07.31-04.51.19:201][460]LogUObjectGlobals: Destroyed PersistentFrame Addr=0x000002b5ff059600, Size=164
[2018.07.31-04.51.19:201][460]LogUObjectGlobals: Destroyed PersistentFrame Addr=0x000002b5ff08a240, Size=200
[2018.07.31-04.51.19:201][460]LogUObjectGlobals: Destroyed PersistentFrame Addr=0x000002b5ff055d60, Size=32
[2018.07.31-04.51.19:201][460]LogUObjectGlobals: Destroyed PersistentFrame Addr=0x000002b5ff054ca0, Size=32
[2018.07.31-04.51.19:201][460]LogUObjectGlobals: Destroyed PersistentFrame Addr=0x000002b5ff0d8a40, Size=320
[2018.07.31-04.51.19:201][460]LogUObjectGlobals: Destroyed PersistentFrame Addr=0x000002b5fefdf100, Size=576
[2018.07.31-04.51.19:202][460]LogUObjectGlobals: Destroyed PersistentFrame Addr=0x000002b5fef6fac0, Size=104
[2018.07.31-04.51.19:202][460]LogUObjectGlobals: Destroyed PersistentFrame Addr=0x000002b5fef6ca30, Size=104
[2018.07.31-04.51.19:202][460]LogUObjectGlobals: Destroyed PersistentFrame Addr=0x000002b5ff0f39a0, Size=88
[2018.07.31-04.51.19:202][460]LogUObjectGlobals: Destroyed PersistentFrame Addr=0x000002b5fef66fc0, Size=272
[2018.07.31-04.51.19:202][460]LogUObjectGlobals: Destroyed PersistentFrame Addr=0x000002b5fef64f40, Size=272
[2018.07.31-04.51.19:202][460]LogUObjectGlobals: Destroyed PersistentFrame Addr=0x000002b5ff0f1000, Size=96
[2018.07.31-04.51.19:276][460]LogExit: Object subsystem successfully closed.
[2018.07.31-04.51.19:290][460]LogShaderCompilers: Display: Shaders left to compile 0
[2018.07.31-04.51.19:293][460]LogD3D11RHI: Shutdown
[2018.07.31-04.51.19:293][460]LogD3D11RHI: CleanupD3DDevice
[2018.07.31-04.51.19:303][460]LogD3D11RHI: ~FD3D11DynamicRHI
[2018.07.31-04.51.19:315][460]LogModuleManager: Shutting down and abandoning module SequenceRecorderSections (332)
[2018.07.31-04.51.19:315][460]LogModuleManager: Shutting down and abandoning module SequenceRecorder (330)
[2018.07.31-04.51.19:315][460]LogModuleManager: Shutting down and abandoning module AutomationController (328)
[2018.07.31-04.51.19:315][460]LogModuleManager: Shutting down and abandoning module AutomationWorker (326)
[2018.07.31-04.51.19:315][460]LogModuleManager: Shutting down and abandoning module AIModule (324)
[2018.07.31-04.51.19:315][460]LogModuleManager: Shutting down and abandoning module GameplayDebugger (323)
[2018.07.31-04.51.19:315][460]LogModuleManager: Shutting down and abandoning module AITestSuite (321)
[2018.07.31-04.51.19:315][460]LogModuleManager: Shutting down and abandoning module WmfMediaFactory (318)
[2018.07.31-04.51.19:315][460]LogModuleManager: Shutting down and abandoning module OpenExrWrapper (316)
[2018.07.31-04.51.19:315][460]LogModuleManager: Shutting down and abandoning module ImgMediaFactory (314)
[2018.07.31-04.51.19:315][460]LogModuleManager: Shutting down and abandoning module AvfMediaFactory (312)
[2018.07.31-04.51.19:315][460]LogModuleManager: Shutting down and abandoning module CharacterAI (310)
[2018.07.31-04.51.19:315][460]LogModuleManager: Shutting down and abandoning module SessionServices (308)
[2018.07.31-04.51.19:315][460]LogModuleManager: Shutting down and abandoning module MovieSceneCapture (306)
[2018.07.31-04.51.19:315][460]LogModuleManager: Shutting down and abandoning module MovieSceneTracks (304)
[2018.07.31-04.51.19:315][460]LogModuleManager: Shutting down and abandoning module MovieScene (302)
[2018.07.31-04.51.19:315][460]LogModuleManager: Shutting down and abandoning module GeometryCache (300)
[2018.07.31-04.51.19:315][460]LogModuleManager: Shutting down and abandoning module GeometryCacheEd (299)
[2018.07.31-04.51.19:315][460]LogModuleManager: Shutting down and abandoning module StreamingPauseRendering (296)
[2018.07.31-04.51.19:315][460]LogModuleManager: Shutting down and abandoning module PortalServices (294)
[2018.07.31-04.51.19:315][460]LogModuleManager: Shutting down and abandoning module PortalRpc (292)
[2018.07.31-04.51.19:315][460]LogModuleManager: Shutting down and abandoning module MessagingRpc (290)
[2018.07.31-04.51.19:315][460]LogModuleManager: Shutting down and abandoning module ProfilerService (288)
[2018.07.31-04.51.19:495][460]LogModuleManager: Shutting down and abandoning module TaskGraph (286)
[2018.07.31-04.51.19:495][460]LogModuleManager: Shutting down and abandoning module SteamVRController (284)
[2018.07.31-04.51.19:495][460]LogModuleManager: Shutting down and abandoning module ProceduralMeshComponent (282)
[2018.07.31-04.51.19:495][460]LogModuleManager: Shutting down and abandoning module OculusInput (280)
[2018.07.31-04.51.19:495][460]LogModuleManager: Shutting down and abandoning module MobilePatchingUtils (278)
[2018.07.31-04.51.19:495][460]LogModuleManager: Shutting down and abandoning module CustomMeshComponent (276)
[2018.07.31-04.51.19:495][460]LogModuleManager: Shutting down and abandoning module CableComponent (274)
[2018.07.31-04.51.19:495][460]LogModuleManager: Shutting down and abandoning module AudioCapture (272)
[2018.07.31-04.51.19:495][460]LogModuleManager: Shutting down and abandoning module ArchVisCharacter (270)
[2018.07.31-04.51.19:495][460]LogModuleManager: Shutting down and abandoning module AndroidPermission (268)
[2018.07.31-04.51.19:495][460]LogModuleManager: Shutting down and abandoning module NUTUnrealEngine4 (264)
[2018.07.31-04.51.19:495][460]LogModuleManager: Shutting down and abandoning module NetcodeUnitTest (262)
[2018.07.31-04.51.19:495][460]LogModuleManager: Shutting down and abandoning module MediaCompositing (260)
[2018.07.31-04.51.19:495][460]LogModuleManager: Shutting down and abandoning module LinearTimecode (258)
[2018.07.31-04.51.19:495][460]LogModuleManager: Shutting down and abandoning module ImgMedia (256)
[2018.07.31-04.51.19:498][460]LogModuleManager: Shutting down and abandoning module HTML5Networking (254)
[2018.07.31-04.51.19:498][460]LogModuleManager: Shutting down and abandoning module DatasmithContent (252)
[2018.07.31-04.51.19:498][460]LogModuleManager: Shutting down and abandoning module CryptoKeysOpenSSL (250)
[2018.07.31-04.51.19:498][460]LogModuleManager: Shutting down and abandoning module CryptoKeys (248)
[2018.07.31-04.51.19:498][460]LogModuleManager: Shutting down and abandoning module VisualStudioSourceCodeAccess (246)
[2018.07.31-04.51.19:498][460]LogModuleManager: Shutting down and abandoning module HotReload (245)
[2018.07.31-04.51.19:499][460]LogModuleManager: Shutting down and abandoning module DirectoryWatcher (244)
[2018.07.31-04.51.19:499][460]LogModuleManager: Shutting down and abandoning module VisualStudioCodeSourceCodeAccess (240)
[2018.07.31-04.51.19:499][460]LogModuleManager: Shutting down and abandoning module UObjectPlugin (238)
[2018.07.31-04.51.19:499][460]LogModuleManager: Shutting down and abandoning module SubversionSourceControl (236)
[2018.07.31-04.51.19:499][460]LogModuleManager: Shutting down and abandoning module PerforceSourceControl (234)
[2018.07.31-04.51.19:499][460]LogModuleManager: Shutting down and abandoning module SourceControl (233)
[2018.07.31-04.51.19:499][460]LogModuleManager: Shutting down and abandoning module CLionSourceCodeAccess (230)
[2018.07.31-04.51.19:499][460]LogModuleManager: Shutting down and abandoning module RuntimePhysXCooking (228)
[2018.07.31-04.51.19:499][460]LogModuleManager: Shutting down and abandoning module PhysXVehiclesEditor (226)
[2018.07.31-04.51.19:499][460]LogModuleManager: Shutting down and abandoning module PhysXVehicles (224)
[2018.07.31-04.51.19:499][460]LogModuleManager: Shutting down and abandoning module LocationServicesBPLibrary (222)
[2018.07.31-04.51.19:499][460]LogModuleManager: Shutting down and abandoning module ImmediatePhysicsEditor (220)
[2018.07.31-04.51.19:499][460]LogModuleManager: Shutting down and abandoning module ImmediatePhysics (218)
[2018.07.31-04.51.19:499][460]LogModuleManager: Shutting down and abandoning module ActorSequence (216)
[2018.07.31-04.51.19:499][460]LogModuleManager: Shutting down and abandoning module UdpMessaging (214)
[2018.07.31-04.51.19:600][460]LogModuleManager: Shutting down and abandoning module TcpMessaging (212)
[2018.07.31-04.51.20:110][460]LogModuleManager: Shutting down and abandoning module GameplayTagsEditor (210)
[2018.07.31-04.51.20:111][460]LogModuleManager: Shutting down and abandoning module FacialAnimation (208)
[2018.07.31-04.51.20:111][460]LogModuleManager: Shutting down and abandoning module DataValidation (206)
[2018.07.31-04.51.20:111][460]LogModuleManager: Shutting down and abandoning module AssetManagerEditor (204)
[2018.07.31-04.51.20:111][460]LogModuleManager: Shutting down and abandoning module TreeMap (203)
[2018.07.31-04.51.20:111][460]LogModuleManager: Shutting down and abandoning module LightPropagationVolumeRuntime (200)
[2018.07.31-04.51.20:111][460]LogModuleManager: Shutting down and abandoning module LiveLink (198)
[2018.07.31-04.51.20:969][460]LogModuleManager: Shutting down and abandoning module Paper2D (196)
[2018.07.31-04.51.20:970][460]LogModuleManager: Shutting down and abandoning module PIEPreviewDeviceProfileSelector (194)
[2018.07.31-04.51.20:970][460]LogModuleManager: Shutting down and abandoning module WindowsMoviePlayer (192)
[2018.07.31-04.51.20:970][460]LogModuleManager: Shutting down and abandoning module WmfMedia (190)
[2018.07.31-04.51.20:987][460]LogModuleManager: Shutting down and abandoning module Media (189)
[2018.07.31-04.51.20:994][460]LogModuleManager: Shutting down and abandoning module PacketHandler (186)
[2018.07.31-04.51.20:994][460]LogModuleManager: Shutting down and abandoning module ClothingSystemEditor (184)
[2018.07.31-04.51.20:994][460]LogModuleManager: Shutting down and abandoning module ClothingSystemRuntime (182)
[2018.07.31-04.51.20:994][460]LogModuleManager: Shutting down and abandoning module MediaAssets (180)
[2018.07.31-04.51.20:994][460]LogModuleManager: Shutting down and abandoning module Overlay (178)
[2018.07.31-04.51.20:994][460]LogModuleManager: Shutting down and abandoning module OverlayEditor (177)
[2018.07.31-04.51.20:994][460]LogModuleManager: Shutting down and abandoning module VREditor (174)
[2018.07.31-04.51.20:994][460]LogModuleManager: Shutting down and abandoning module StringTableEditor (172)
[2018.07.31-04.51.20:994][460]LogModuleManager: Shutting down and abandoning module GameplayTasksEditor (170)
[2018.07.31-04.51.20:994][460]LogModuleManager: Shutting down and abandoning module BehaviorTreeEditor (168)
[2018.07.31-04.51.20:994][460]LogModuleManager: Shutting down and abandoning module FunctionalTesting (166)
[2018.07.31-04.51.20:995][460]LogModuleManager: Shutting down and abandoning module CollisionAnalyzer (164)
[2018.07.31-04.51.20:995][460]LogModuleManager: Shutting down and abandoning module WorkspaceMenuStructure (163)
[2018.07.31-04.51.20:995][460]LogModuleManager: Shutting down and abandoning module UMG (160)
[2018.07.31-04.51.20:995][460]LogModuleManager: Shutting down and abandoning module UMGEditor (159)
[2018.07.31-04.51.20:995][460]LogModuleManager: Shutting down and abandoning module Sequencer (158)
[2018.07.31-04.51.20:996][460]LogModuleManager: Shutting down and abandoning module MessageLog (155)
[2018.07.31-04.51.20:996][460]LogModuleManager: Shutting down and abandoning module SlateReflector (150)
[2018.07.31-04.51.20:996][460]LogModuleManager: Shutting down and abandoning module Slate (148)
[2018.07.31-04.51.20:997][460]LogModuleManager: Shutting down and abandoning module EditorStyle (146)
[2018.07.31-04.51.20:998][460]LogModuleManager: Shutting down and abandoning module MRMesh (144)
[2018.07.31-04.51.20:998][460]LogModuleManager: Shutting down and abandoning module Messaging (142)
[2018.07.31-04.51.20:998][460]LogModuleManager: Shutting down and abandoning module SourceCodeAccess (140)
[2018.07.31-04.51.20:998][460]LogModuleManager: Shutting down and abandoning module HeadMountedDisplay (138)
[2018.07.31-04.51.20:998][460]LogModuleManager: Shutting down and abandoning module XAudio2 (136)
[2018.07.31-04.51.20:998][460]LogModuleManager: Shutting down and abandoning module Networking (134)
[2018.07.31-04.51.20:998][460]LogModuleManager: Shutting down and abandoning module Core (132)
[2018.07.31-04.51.20:998][460]LogModuleManager: Shutting down and abandoning module LevelSequence (130)
[2018.07.31-04.51.20:999][460]LogModuleManager: Shutting down and abandoning module KismetCompiler (128)
[2018.07.31-04.51.20:999][460]LogModuleManager: Shutting down and abandoning module MeshUtilities (126)
[2018.07.31-04.51.20:999][460]LogModuleManager: Shutting down and abandoning module MeshMergeUtilities (125)
[2018.07.31-04.51.20:999][460]LogModuleManager: Shutting down and abandoning module MeshReductionInterface (124)
[2018.07.31-04.51.21:000][460]LogModuleManager: Shutting down and abandoning module SimplygonSwarm (123)
[2018.07.31-04.51.21:000][460]LogModuleManager: Shutting down and abandoning module SimplygonMeshReduction (121)
[2018.07.31-04.51.21:000][460]LogModuleManager: Shutting down and abandoning module QuadricMeshReduction (119)
[2018.07.31-04.51.21:000][460]LogModuleManager: Shutting down and abandoning module MaterialBaking (115)
[2018.07.31-04.51.21:000][460]LogModuleManager: Shutting down and abandoning module DerivedDataCache (110)
