Log file open, 07/29/18 17:22:26
LogWindows: Failed to load 'aqProf.dll' (GetLastError=126)
LogWindows: File 'aqProf.dll' does not exist
LogWindows: Failed to load 'VtuneApi.dll' (GetLastError=126)
LogWindows: File 'VtuneApi.dll' does not exist
LogWindows: Failed to load 'VtuneApi32e.dll' (GetLastError=126)
LogWindows: File 'VtuneApi32e.dll' does not exist
LogInit: Display: Running engine for game: Pinball
LogPlatformFile: Not using cached read wrapper
LogInit: Display: RandInit(-1022743342) SRandInit(-1022743342).
LogInit: Read version file with build ID '3944462'
LogInit: Overriding engine version to CL 4033788, compatible CL 3944462
LogInit: Registered custom module enumerator with build ID '3944462'
LogTaskGraph: Started task graph with 5 named threads and 11 total threads with 3 sets of task threads.
LogStats: Stats thread started at 0.142608
LogD3D11RHI: Aftermath initialized
LogICUInternationalization: Display: ICU TimeZone Detection - Raw Offset: +5:30, Platform Override: ''
LogConfig: Warning: Failed to saved backup for config[Engine]
LogConfig: Warning: Failed to saved backup for config[EditorKeyBindings]
LogConfig: Warning: Failed to saved backup for config[Scalability]
LogConfig: Warning: Failed to saved backup for config[Hardware]
LogModuleManager: Display: Found up-to-date module file ../../../Engine/Plugins/2D/Paper2D/Binaries/Win64/UE4Editor-Paper2D.dll (API version 3944462).
LogModuleManager: Display: Found up-to-date module file ../../../Engine/Plugins/2D/Paper2D/Binaries/Win64/UE4Editor-Paper2DEditor.dll (API version 3944462).
LogModuleManager: Display: Found up-to-date module file ../../../Engine/Plugins/2D/Paper2D/Binaries/Win64/UE4Editor-PaperSpriteSheetImporter.dll (API version 3944462).
LogModuleManager: Display: Found up-to-date module file ../../../Engine/Plugins/2D/Paper2D/Binaries/Win64/UE4Editor-PaperTiledImporter.dll (API version 3944462).
LogModuleManager: Display: Found up-to-date module file ../../../Engine/Plugins/2D/Paper2D/Binaries/Win64/UE4Editor-SmartSnapping.dll (API version 3944462).
LogModuleManager: Display: Found up-to-date module file ../../../Engine/Plugins/Blendables/LightPropagationVolume/Binaries/Win64/UE4Editor-LightPropagationVolumeRuntime.dll (API version 3944462).
LogModuleManager: Display: Found up-to-date module file ../../../Engine/Plugins/Blendables/LightPropagationVolume/Binaries/Win64/UE4Editor-LightPropagationVolumeEditor.dll (API version 3944462).
LogModuleManager: Display: Found up-to-date module file ../../../Engine/Plugins/Developer/CLionSourceCodeAccess/Binaries/Win64/UE4Editor-CLionSourceCodeAccess.dll (API version 3944462).
LogModuleManager: Display: Found up-to-date module file ../../../Engine/Plugins/Developer/GitSourceControl/Binaries/Win64/UE4Editor-GitSourceControl.dll (API version 3944462).
LogModuleManager: Display: Found up-to-date module file ../../../Engine/Plugins/Developer/PerforceSourceControl/Binaries/Win64/UE4Editor-PerforceSourceControl.dll (API version 3944462).
LogModuleManager: Display: Found up-to-date module file ../../../Engine/Plugins/Developer/SubversionSourceControl/Binaries/Win64/UE4Editor-SubversionSourceControl.dll (API version 3944462).
LogModuleManager: Display: Found up-to-date module file ../../../Engine/Plugins/Developer/UObjectPlugin/Binaries/Win64/UE4Editor-UObjectPlugin.dll (API version 3944462).
LogModuleManager: Display: Found up-to-date module file ../../../Engine/Plugins/Developer/VisualStudioCodeSourceCodeAccess/Binaries/Win64/UE4Editor-VisualStudioCodeSourceCodeAccess.dll (API version 3944462).
LogModuleManager: Display: Found up-to-date module file ../../../Engine/Plugins/Developer/VisualStudioSourceCodeAccess/Binaries/Win64/UE4Editor-VisualStudioSourceCodeAccess.dll (API version 3944462).
LogModuleManager: Display: Found up-to-date module file ../../../Engine/Plugins/Editor/AssetManagerEditor/Binaries/Win64/UE4Editor-AssetManagerEditor.dll (API version 3944462).
LogModuleManager: Display: Found up-to-date module file ../../../Engine/Plugins/Editor/CryptoKeys/Binaries/Win64/UE4Editor-CryptoKeys.dll (API version 3944462).
LogModuleManager: Display: Found up-to-date module file ../../../Engine/Plugins/Editor/CryptoKeys/Binaries/Win64/UE4Editor-CryptoKeysOpenSSL.dll (API version 3944462).
LogModuleManager: Display: Found up-to-date module file ../../../Engine/Plugins/Editor/DataValidation/Binaries/Win64/UE4Editor-DataValidation.dll (API version 3944462).
LogModuleManager: Display: Found up-to-date module file ../../../Engine/Plugins/Editor/FacialAnimation/Binaries/Win64/UE4Editor-FacialAnimation.dll (API version 3944462).
LogModuleManager: Display: Found up-to-date module file ../../../Engine/Plugins/Editor/FacialAnimation/Binaries/Win64/UE4Editor-FacialAnimationEditor.dll (API version 3944462).
LogModuleManager: Display: Found up-to-date module file ../../../Engine/Plugins/Editor/GameplayTagsEditor/Binaries/Win64/UE4Editor-GameplayTagsEditor.dll (API version 3944462).
LogModuleManager: Display: Found up-to-date module file ../../../Engine/Plugins/Editor/MobileLauncherProfileWizard/Binaries/Win64/UE4Editor-MobileLauncherProfileWizard.dll (API version 3944462).
LogModuleManager: Display: Found up-to-date module file ../../../Engine/Plugins/Editor/PluginBrowser/Binaries/Win64/UE4Editor-PluginBrowser.dll (API version 3944462).
LogModuleManager: Display: Found up-to-date module file ../../../Engine/Plugins/Editor/SpeedTreeImporter/Binaries/Win64/UE4Editor-SpeedTreeImporter.dll (API version 3944462).
LogModuleManager: Display: Found up-to-date module file ../../../Engine/Plugins/Enterprise/DatasmithContent/Binaries/Win64/UE4Editor-DatasmithContent.dll (API version 3944462).
LogModuleManager: Display: Found up-to-date module file ../../../Engine/Plugins/Experimental/AlembicImporter/Binaries/Win64/UE4Editor-AlembicImporter.dll (API version 3944462).
LogModuleManager: Display: Found up-to-date module file ../../../Engine/Plugins/Experimental/AlembicImporter/Binaries/Win64/UE4Editor-AlembicLibrary.dll (API version 3944462).
LogModuleManager: Display: Found up-to-date module file ../../../Engine/Plugins/Experimental/CharacterAI/Binaries/Win64/UE4Editor-CharacterAI.dll (API version 3944462).
LogModuleManager: Display: Found up-to-date module file ../../../Engine/Plugins/Experimental/HTML5Networking/Binaries/Win64/UE4Editor-HTML5Networking.dll (API version 3944462).
LogModuleManager: Display: Found up-to-date module file ../../../Engine/Plugins/Media/AndroidMedia/Binaries/Win64/UE4Editor-AndroidMediaEditor.dll (API version 3944462).
LogModuleManager: Display: Found up-to-date module file ../../../Engine/Plugins/Media/AndroidMedia/Binaries/Win64/UE4Editor-AndroidMediaFactory.dll (API version 3944462).
LogModuleManager: Display: Found up-to-date module file ../../../Engine/Plugins/Media/AvfMedia/Binaries/Win64/UE4Editor-AvfMediaEditor.dll (API version 3944462).
LogModuleManager: Display: Found up-to-date module file ../../../Engine/Plugins/Media/AvfMedia/Binaries/Win64/UE4Editor-AvfMediaFactory.dll (API version 3944462).
LogModuleManager: Display: Found up-to-date module file ../../../Engine/Plugins/Media/AvfMedia/Binaries/Win64/UE4Editor-AvfMediaFactory.dll (API version 3944462).
LogModuleManager: Display: Found up-to-date module file ../../../Engine/Plugins/Media/ImgMedia/Binaries/Win64/UE4Editor-ImgMedia.dll (API version 3944462).
LogModuleManager: Display: Found up-to-date module file ../../../Engine/Plugins/Media/ImgMedia/Binaries/Win64/UE4Editor-ImgMediaEditor.dll (API version 3944462).
LogModuleManager: Display: Found up-to-date module file ../../../Engine/Plugins/Media/ImgMedia/Binaries/Win64/UE4Editor-ImgMediaFactory.dll (API version 3944462).
LogModuleManager: Display: Found up-to-date module file ../../../Engine/Plugins/Media/ImgMedia/Binaries/Win64/UE4Editor-ImgMediaFactory.dll (API version 3944462).
LogModuleManager: Display: Found up-to-date module file ../../../Engine/Plugins/Media/ImgMedia/Binaries/Win64/UE4Editor-OpenExrWrapper.dll (API version 3944462).
LogModuleManager: Display: Found up-to-date module file ../../../Engine/Plugins/Media/LinearTimecode/Binaries/Win64/UE4Editor-LinearTimecode.dll (API version 3944462).
LogModuleManager: Display: Found up-to-date module file ../../../Engine/Plugins/Media/MediaCompositing/Binaries/Win64/UE4Editor-MediaCompositing.dll (API version 3944462).
LogModuleManager: Display: Found up-to-date module file ../../../Engine/Plugins/Media/MediaCompositing/Binaries/Win64/UE4Editor-MediaCompositingEditor.dll (API version 3944462).
LogModuleManager: Display: Found up-to-date module file ../../../Engine/Plugins/Media/MediaPlayerEditor/Binaries/Win64/UE4Editor-MediaPlayerEditor.dll (API version 3944462).
LogModuleManager: Display: Found up-to-date module file ../../../Engine/Plugins/Media/WmfMedia/Binaries/Win64/UE4Editor-WmfMedia.dll (API version 3944462).
LogModuleManager: Display: Found up-to-date module file ../../../Engine/Plugins/Media/WmfMedia/Binaries/Win64/UE4Editor-WmfMediaEditor.dll (API version 3944462).
LogModuleManager: Display: Found up-to-date module file ../../../Engine/Plugins/Media/WmfMedia/Binaries/Win64/UE4Editor-WmfMediaFactory.dll (API version 3944462).
LogModuleManager: Display: Found up-to-date module file ../../../Engine/Plugins/Media/WmfMedia/Binaries/Win64/UE4Editor-WmfMediaFactory.dll (API version 3944462).
LogModuleManager: Display: Found up-to-date module file ../../../Engine/Plugins/Messaging/TcpMessaging/Binaries/Win64/UE4Editor-TcpMessaging.dll (API version 3944462).
LogModuleManager: Display: Found up-to-date module file ../../../Engine/Plugins/Messaging/UdpMessaging/Binaries/Win64/UE4Editor-UdpMessaging.dll (API version 3944462).
LogModuleManager: Display: Found up-to-date module file ../../../Engine/Plugins/MovieScene/ActorSequence/Binaries/Win64/UE4Editor-ActorSequence.dll (API version 3944462).
LogModuleManager: Display: Found up-to-date module file ../../../Engine/Plugins/MovieScene/LevelSequenceEditor/Binaries/Win64/UE4Editor-LevelSequenceEditor.dll (API version 3944462).
LogModuleManager: Display: Found up-to-date module file ../../../Engine/Plugins/MovieScene/MatineeToLevelSequence/Binaries/Win64/UE4Editor-MatineeToLevelSequence.dll (API version 3944462).
LogModuleManager: Display: Found up-to-date module file ../../../Engine/Plugins/NetcodeUnitTest/NetcodeUnitTest/Binaries/Win64/UE4Editor-NetcodeUnitTest.dll (API version 3944462).
LogModuleManager: Display: Found up-to-date module file ../../../Engine/Plugins/NetcodeUnitTest/NUTUnrealEngine4/Binaries/Win64/UE4Editor-NUTUnrealEngine4.dll (API version 3944462).
LogModuleManager: Display: Found up-to-date module file ../../../Engine/Plugins/Online/OnlineSubsystem/Binaries/Win64/UE4Editor-OnlineSubsystem.dll (API version 3944462).
LogModuleManager: Display: Found up-to-date module file ../../../Engine/Plugins/Runtime/AndroidPermission/Binaries/Win64/UE4Editor-AndroidPermission.dll (API version 3944462).
LogModuleManager: Display: Found up-to-date module file ../../../Engine/Plugins/Online/OnlineSubsystemNull/Binaries/Win64/UE4Editor-OnlineSubsystemNull.dll (API version 3944462).
LogModuleManager: Display: Found up-to-date module file ../../../Engine/Plugins/Online/OnlineSubsystemUtils/Binaries/Win64/UE4Editor-OnlineSubsystemUtils.dll (API version 3944462).
LogModuleManager: Display: Found up-to-date module file ../../../Engine/Plugins/Online/OnlineSubsystemUtils/Binaries/Win64/UE4Editor-OnlineBlueprintSupport.dll (API version 3944462).
LogModuleManager: Display: Found up-to-date module file ../../../Engine/Plugins/Runtime/AndroidDeviceProfileSelector/Binaries/Win64/UE4Editor-AndroidDeviceProfileSelector.dll (API version 3944462).
LogModuleManager: Display: Found up-to-date module file ../../../Engine/Plugins/Runtime/AppleARKit/Binaries/Win64/UE4Editor-AppleARKit.dll (API version 3944462).
LogModuleManager: Display: Found up-to-date module file ../../../Engine/Plugins/Runtime/ProceduralMeshComponent/Binaries/Win64/UE4Editor-ProceduralMeshComponent.dll (API version 3944462).
LogModuleManager: Display: Found up-to-date module file ../../../Engine/Plugins/Runtime/ProceduralMeshComponent/Binaries/Win64/UE4Editor-ProceduralMeshComponentEditor.dll (API version 3944462).
LogModuleManager: Display: Found up-to-date module file ../../../Engine/Plugins/Animation/LiveLink/Binaries/Win64/UE4Editor-LiveLink.dll (API version 3944462).
LogModuleManager: Display: Found up-to-date module file ../../../Engine/Plugins/Animation/LiveLink/Binaries/Win64/UE4Editor-LiveLinkEditor.dll (API version 3944462).
LogModuleManager: Display: Found up-to-date module file ../../../Engine/Plugins/Runtime/ArchVisCharacter/Binaries/Win64/UE4Editor-ArchVisCharacter.dll (API version 3944462).
LogModuleManager: Display: Found up-to-date module file ../../../Engine/Plugins/Runtime/AudioCapture/Binaries/Win64/UE4Editor-AudioCapture.dll (API version 3944462).
LogModuleManager: Display: Found up-to-date module file ../../../Engine/Plugins/Runtime/AudioCapture/Binaries/Win64/UE4Editor-AudioCaptureEditor.dll (API version 3944462).
LogModuleManager: Display: Found up-to-date module file ../../../Engine/Plugins/Runtime/CableComponent/Binaries/Win64/UE4Editor-CableComponent.dll (API version 3944462).
LogModuleManager: Display: Found up-to-date module file ../../../Engine/Plugins/Runtime/CustomMeshComponent/Binaries/Win64/UE4Editor-CustomMeshComponent.dll (API version 3944462).
LogModuleManager: Display: Found up-to-date module file ../../../Engine/Plugins/Runtime/ExampleDeviceProfileSelector/Binaries/Win64/UE4Editor-ExampleDeviceProfileSelector.dll (API version 3944462).
LogModuleManager: Display: Found up-to-date module file ../../../Engine/Plugins/Runtime/ImmediatePhysics/Binaries/Win64/UE4Editor-ImmediatePhysics.dll (API version 3944462).
LogModuleManager: Display: Found up-to-date module file ../../../Engine/Plugins/Runtime/ImmediatePhysics/Binaries/Win64/UE4Editor-ImmediatePhysicsEditor.dll (API version 3944462).
LogModuleManager: Display: Found up-to-date module file ../../../Engine/Plugins/Runtime/LocationServicesBPLibrary/Binaries/Win64/UE4Editor-LocationServicesBPLibrary.dll (API version 3944462).
LogModuleManager: Display: Found up-to-date module file ../../../Engine/Plugins/Runtime/MobilePatchingUtils/Binaries/Win64/UE4Editor-MobilePatchingUtils.dll (API version 3944462).
LogModuleManager: Display: Found up-to-date module file ../../../Engine/Plugins/Runtime/Oculus/OculusVR/Binaries/Win64/UE4Editor-OculusHMD.dll (API version 3944462).
LogModuleManager: Display: Found up-to-date module file ../../../Engine/Plugins/Runtime/Oculus/OculusVR/Binaries/Win64/UE4Editor-OculusInput.dll (API version 3944462).
LogModuleManager: Display: Found up-to-date module file ../../../Engine/Plugins/Runtime/Oculus/OculusVR/Binaries/Win64/UE4Editor-OculusEditor.dll (API version 3944462).
LogModuleManager: Display: Found up-to-date module file ../../../Engine/Plugins/Runtime/PhysXVehicles/Binaries/Win64/UE4Editor-PhysXVehicles.dll (API version 3944462).
LogModuleManager: Display: Found up-to-date module file ../../../Engine/Plugins/Runtime/PhysXVehicles/Binaries/Win64/UE4Editor-PhysXVehiclesEditor.dll (API version 3944462).
LogModuleManager: Display: Found up-to-date module file ../../../Engine/Plugins/Runtime/RuntimePhysXCooking/Binaries/Win64/UE4Editor-RuntimePhysXCooking.dll (API version 3944462).
LogModuleManager: Display: Found up-to-date module file ../../../Engine/Plugins/Runtime/Steam/SteamVR/Binaries/Win64/UE4Editor-SteamVR.dll (API version 3944462).
LogModuleManager: Display: Found up-to-date module file ../../../Engine/Plugins/Runtime/Steam/SteamVR/Binaries/Win64/UE4Editor-SteamVRController.dll (API version 3944462).
LogModuleManager: Display: Found up-to-date module file ../../../Engine/Plugins/Runtime/WindowsMoviePlayer/Binaries/Win64/UE4Editor-WindowsMoviePlayer.dll (API version 3944462).
LogPluginManager: Mounting plugin Paper2D
LogConfig: Warning: Failed to saved backup for config[Paper2D]
LogPluginManager: Mounting plugin LiveLink
LogPluginManager: Mounting plugin LightPropagationVolume
LogPluginManager: Mounting plugin CLionSourceCodeAccess
LogPluginManager: Mounting plugin CodeLiteSourceCodeAccess
LogPluginManager: Mounting plugin GitSourceControl
LogPluginManager: Mounting plugin KDevelopSourceCodeAccess
LogPluginManager: Mounting plugin NullSourceCodeAccess
LogPluginManager: Mounting plugin PerforceSourceControl
LogPluginManager: Mounting plugin SubversionSourceControl
LogPluginManager: Mounting plugin UObjectPlugin
LogPluginManager: Mounting plugin VisualStudioCodeSourceCodeAccess
LogPluginManager: Mounting plugin VisualStudioSourceCodeAccess
LogPluginManager: Mounting plugin XCodeSourceCodeAccess
LogPluginManager: Mounting plugin AssetManagerEditor
LogPluginManager: Mounting plugin CryptoKeys
LogPluginManager: Mounting plugin DataValidation
LogPluginManager: Mounting plugin FacialAnimation
LogPluginManager: Mounting plugin GameplayTagsEditor
LogPluginManager: Mounting plugin MobileLauncherProfileWizard
LogPluginManager: Mounting plugin PluginBrowser
LogPluginManager: Mounting plugin SpeedTreeImporter
LogPluginManager: Mounting plugin DatasmithContent
LogPluginManager: Mounting plugin AlembicImporter
LogPluginManager: Mounting plugin CharacterAI
LogPluginManager: Mounting plugin HTML5Networking
LogPluginManager: Mounting plugin AndroidMedia
LogPluginManager: Mounting plugin AvfMedia
LogPluginManager: Mounting plugin ImgMedia
LogPluginManager: Mounting plugin LinearTimecode
LogPluginManager: Mounting plugin MediaCompositing
LogPluginManager: Mounting plugin MediaPlayerEditor
LogPluginManager: Mounting plugin WmfMedia
LogPluginManager: Mounting plugin TcpMessaging
LogPluginManager: Mounting plugin UdpMessaging
LogPluginManager: Mounting plugin ActorSequence
LogPluginManager: Mounting plugin LevelSequenceEditor
LogPluginManager: Mounting plugin MatineeToLevelSequence
LogPluginManager: Mounting plugin NetcodeUnitTest
LogPluginManager: Mounting plugin NUTUnrealEngine4
LogPluginManager: Mounting plugin OnlineSubsystemGooglePlay
LogPluginManager: Mounting plugin OnlineSubsystemIOS
LogPluginManager: Mounting plugin OnlineSubsystem
LogPluginManager: Mounting plugin OnlineSubsystemNull
LogPluginManager: Mounting plugin OnlineSubsystemUtils
LogPluginManager: Mounting plugin AndroidDeviceProfileSelector
LogPluginManager: Mounting plugin AndroidMoviePlayer
LogPluginManager: Mounting plugin AndroidPermission
LogPluginManager: Mounting plugin AppleARKit
LogPluginManager: Mounting plugin AppleMoviePlayer
LogPluginManager: Mounting plugin ArchVisCharacter
LogPluginManager: Mounting plugin AudioCapture
LogPluginManager: Mounting plugin CableComponent
LogPluginManager: Mounting plugin CustomMeshComponent
LogPluginManager: Mounting plugin ExampleDeviceProfileSelector
LogPluginManager: Mounting plugin GoogleCloudMessaging
LogPluginManager: Mounting plugin ImmediatePhysics
LogPluginManager: Mounting plugin IOSDeviceProfileSelector
LogPluginManager: Mounting plugin LinuxDeviceProfileSelector
LogPluginManager: Mounting plugin LocationServicesBPLibrary
LogPluginManager: Mounting plugin MobilePatchingUtils
LogPluginManager: Mounting plugin OculusVR
LogPluginManager: Plugin shader directory ../../../Engine/Plugins/Runtime/Oculus/OculusVR/Shaders found
LogPluginManager: Mapping shader source directory ../../../Engine/Plugins/Runtime/Oculus/OculusVR/Shaders to virtual directory /Plugin/OculusVR
LogConfig: Warning: Failed to saved backup for config[OculusVR]
LogPluginManager: Mounting plugin PhysXVehicles
LogConfig: Warning: Failed to saved backup for config[PhysXVehicles]
LogPluginManager: Mounting plugin ProceduralMeshComponent
LogPluginManager: Mounting plugin RuntimePhysXCooking
LogPluginManager: Mounting plugin SteamVR
LogPluginManager: Mounting plugin WindowsMoviePlayer
LogStreaming: Display: Took  8.329s to configure plugins.
LogInit: Using libcurl 7.47.1
LogInit:  - built for x86_64-pc-win32
LogInit:  - supports SSL with OpenSSL/1.0.2g
LogInit:  - supports HTTP deflate (compression) using libz 1.2.8
LogInit:  - other features:
LogInit:      CURL_VERSION_SSL
LogInit:      CURL_VERSION_LIBZ
LogInit:      CURL_VERSION_IPV6
LogInit:      CURL_VERSION_ASYNCHDNS
LogInit:      CURL_VERSION_LARGEFILE
LogInit:      CURL_VERSION_IDN
LogInit:  CurlRequestOptions (configurable via config and command line):
LogInit:  - bVerifyPeer = false  - Libcurl will NOT verify peer certificate
LogInit:  - bUseHttpProxy = false  - Libcurl will NOT use HTTP proxy
LogInit:  - bDontReuseConnections = false  - Libcurl will reuse connections
LogInit:  - CertBundlePath = nullptr  - Libcurl will use whatever was configured at build time.
LogInit:  - MaxHostConnections = 16  - Libcurl will limit the number of connections to a host
LogInit:  - LocalHostAddr = Default
LogInit: WinSock: version 1.1 (2.2), MaxSocks=32767, MaxUdp=65467
LogInit: WinSock: I am LAPTOP-SNI5BBA7 (192.168.0.21:0)
LogInit: Build: ++UE4+Release-4.19-CL-4033788
LogInit: Engine Version: 4.19.2-4033788+++UE4+Release-4.19
LogInit: Compatible Engine Version: 4.19.0-3944462+++UE4+Release-4.19
LogInit: Net CL: 3944462
LogDevObjectVersion: Number of dev versions registered: 18
LogDevObjectVersion:   Dev-Blueprints (B0D832E4-1F89-4F0D-ACCF-7EB736FD4AA2): 10
LogDevObjectVersion:   Dev-Build (E1C64328-A22C-4D53-A36C-8E866417BD8C): 0
LogDevObjectVersion:   Dev-Core (375EC13C-06E4-48FB-B500-84F0262A717E): 2
LogDevObjectVersion:   Dev-Editor (E4B068ED-F494-42E9-A231-DA0B2E46BB41): 23
LogDevObjectVersion:   Dev-Framework (CFFC743F-43B0-4480-9391-14DF171D2073): 33
LogDevObjectVersion:   Dev-Mobile (B02B49B5-BB20-44E9-A304-32B752E40360): 2
LogDevObjectVersion:   Dev-Networking (A4E4105C-59A1-49B5-A7C5-40C4547EDFEE): 0
LogDevObjectVersion:   Dev-Online (39C831C9-5AE6-47DC-9A44-9C173E1C8E7C): 0
LogDevObjectVersion:   Dev-Physics (78F01B33-EBEA-4F98-B9B4-84EACCB95AA2): 0
LogDevObjectVersion:   Dev-Platform (6631380F-2D4D-43E0-8009-CF276956A95A): 0
LogDevObjectVersion:   Dev-Rendering (12F88B9F-8875-4AFC-A67C-D90C383ABD29): 25
LogDevObjectVersion:   Dev-Sequencer (7B5AE74C-D270-4C10-A958-57980B212A5A): 6
LogDevObjectVersion:   Dev-VR (D7296918-1DD6-4BDD-9DE2-64A83CC13884): 1
LogDevObjectVersion:   Dev-LoadTimes (C2A15278-BFE7-4AFE-6C17-90FF531DF755): 1
LogDevObjectVersion:   Private-Geometry (6EACA3D4-40EC-4CC1-B786-8BED09428FC5): 2
LogDevObjectVersion:   Dev-AnimPhys (29E575DD-E0A3-4627-9D10-D276232CDCEA): 16
LogDevObjectVersion:   Dev-ReflectionCapture (6B266CEC-1EC7-4B8F-A30B-E4D90942FC07): 1
LogDevObjectVersion:   Dev-Automation (0DF73D61-A23F-47EA-B727-89E90C41499A): 1
LogInit: Compiled (64-bit): Apr 27 2018 02:06:57
LogInit: Compiled with Visual C++: 19.00.24215.01
LogInit: Build Configuration: Development
LogInit: Branch Name: ++UE4+Release-4.19
LogInit: Command Line:  
LogInit: Base Directory: C:/Program Files/Epic Games/UE_4.19/Engine/Binaries/Win64/
LogInit: Installed Engine Build: 1
LogStreaming: Display: Took  0.073s to delete old logs.
LogInit: Presizing for max 8388607 objects, including 0 objects not considered by GC, pre-allocating 0 bytes for permanent pool.
LogInit: Object subsystem initialized
[2018.07.29-11.52.39:553][  0]LogInit: Selected Device Profile: [Windows]
[2018.07.29-11.52.39:553][  0]LogInit: Applying CVar settings loaded from the selected device profile: [Windows]
[2018.07.29-11.52.39:843][  0]LogInit: Computer: LAPTOP-SNI5BBA7
[2018.07.29-11.52.39:843][  0]LogInit: User: Shweta
[2018.07.29-11.52.39:843][  0]LogInit: CPU Page size=4096, Cores=2
[2018.07.29-11.52.39:843][  0]LogInit: High frequency timer resolution =2.835940 MHz
[2018.07.29-11.52.39:849][  0]LogMemory: Memory total: Physical=7.9GB (8GB approx)
[2018.07.29-11.52.39:849][  0]LogMemory: Platform Memory Stats for Windows
[2018.07.29-11.52.39:849][  0]LogMemory: Process Physical Memory: 273.79 MB used, 273.79 MB peak
[2018.07.29-11.52.39:849][  0]LogMemory: Process Virtual Memory: 269.81 MB used, 269.81 MB peak
[2018.07.29-11.52.39:849][  0]LogMemory: Physical Memory: 6846.33 MB used,  1228.08 MB free, 8074.41 MB total
[2018.07.29-11.52.39:849][  0]LogMemory: Virtual Memory: 4785.70 MB used,  1228.08 MB free, 134217728.00 MB total
[2018.07.29-11.52.41:950][  0]LogInit: Using OS detected language (en-US).
[2018.07.29-11.52.41:950][  0]LogInit: Using OS detected locale (en-US).
[2018.07.29-11.52.42:480][  0]LogTextLocalizationManager: No specific localization for 'en-US' exists, so the 'en' localization will be used.
[2018.07.29-11.52.43:582][  0]LogStreaming: Display: Took  1.665s to EndInitTextLocalization.
[2018.07.29-11.52.43:618][  0]LogInit: Setting process to per monitor DPI aware
[2018.07.29-11.52.44:943][  0]LogSlate: New Slate User Created.  User Index 0, Is Virtual User: 0
[2018.07.29-11.52.44:943][  0]LogSlate: Slate User Registered.  User Index 0, Is Virtual User: 0
[2018.07.29-11.52.55:650][  0]LogD3D11RHI: D3D11 adapters:
[2018.07.29-11.52.55:787][  0]LogD3D11RHI:    0. 'Intel(R) HD Graphics 620' (Feature Level 11_0)
[2018.07.29-11.52.55:787][  0]LogD3D11RHI:       128/0/4037 MB DedicatedVideo/DedicatedSystem/SharedSystem, Outputs:1, VendorId:0x8086
[2018.07.29-11.52.55:840][  0]LogD3D11RHI:    1. 'Microsoft Basic Render Driver' (Feature Level 11_0)
[2018.07.29-11.52.55:840][  0]LogD3D11RHI:       0/0/4037 MB DedicatedVideo/DedicatedSystem/SharedSystem, Outputs:0, VendorId:0x1414
[2018.07.29-11.52.55:840][  0]LogD3D11RHI: Chosen D3D11 Adapter: 0
[2018.07.29-11.52.55:962][  0]LogD3D11RHI: Creating new Direct3DDevice
[2018.07.29-11.52.55:962][  0]LogD3D11RHI:     GPU DeviceId: 0x5916 (for the marketing name, search the web for "GPU Device Id")
[2018.07.29-11.52.55:962][  0]LogWindows: EnumDisplayDevices:
[2018.07.29-11.52.55:962][  0]LogWindows:    0. 'Intel(R) HD Graphics 620' (P:1 D:1)
[2018.07.29-11.52.55:963][  0]LogWindows:    1. 'Intel(R) HD Graphics 620' (P:0 D:0)
[2018.07.29-11.52.55:964][  0]LogWindows:    2. 'Intel(R) HD Graphics 620' (P:0 D:0)
[2018.07.29-11.52.55:964][  0]LogWindows: DebugString: GetVideoDriverDetailsInvalid PrimaryIsNotTheChoosenAdapter GetVideoDriverDetailsInvalid PrimaryIsNotTheChoosenAdapter GetVideoDriverDetailsInvalid PrimaryIsNotTheChoosenAdapter FoundDriverCount:0 
[2018.07.29-11.52.55:964][  0]LogD3D11RHI:     Adapter Name: Intel(R) HD Graphics 620
[2018.07.29-11.52.55:964][  0]LogD3D11RHI:   Driver Version: Unknown (internal:Unknown, unified:Unknown)
[2018.07.29-11.52.55:964][  0]LogD3D11RHI:      Driver Date: Unknown
[2018.07.29-11.52.55:964][  0]LogRHI: Texture pool is 1502 MB (70% of 2146 MB)
[2018.07.29-11.52.56:027][  0]LogD3D11RHI: Async texture creation enabled
[2018.07.29-11.52.56:588][  0]LogD3D11RHI: GPU Timing Frequency: 12.000000 (Debug: 2 0)
[2018.07.29-11.52.56:776][  0]LogShaderCompilers: Guid format shader working directory is -36 characters bigger than the processId version (../../../../../../Users/Shweta/Documents/GitHub/theshwetapatil/Pinball-UE4/Pinball/Intermediate/Shaders/WorkingDirectory/12140/).
[2018.07.29-11.52.56:787][  0]LogShaderCompilers: Cleaned the shader compiler working directory 'C:/Users/Shweta/AppData/Local/Temp/UnrealShaderWorkingDir/E850BA864F91788C1AF1769CF3B6F05B/'.
[2018.07.29-11.53.01:011][  0]LogTemp: Display: Loaded TP AllDesktopTargetPlatform
[2018.07.29-11.53.01:046][  0]LogTemp: Display: Loaded TP MacClientTargetPlatform
[2018.07.29-11.53.01:070][  0]LogTemp: Display: Loaded TP MacNoEditorTargetPlatform
[2018.07.29-11.53.01:098][  0]LogTemp: Display: Loaded TP MacServerTargetPlatform
[2018.07.29-11.53.01:135][  0]LogTemp: Display: Loaded TP MacTargetPlatform
[2018.07.29-11.53.01:152][  0]LogTemp: Display: Loaded TP WindowsClientTargetPlatform
[2018.07.29-11.53.01:167][  0]LogTemp: Display: Loaded TP WindowsNoEditorTargetPlatform
[2018.07.29-11.53.01:180][  0]LogTemp: Display: Loaded TP WindowsServerTargetPlatform
[2018.07.29-11.53.01:190][  0]LogTemp: Display: Loaded TP WindowsTargetPlatform
[2018.07.29-11.53.01:207][  0]LogTemp: Display: Loaded TP Android_ASTCTargetPlatform
[2018.07.29-11.53.01:222][  0]LogTemp: Display: Loaded TP Android_ATCTargetPlatform
[2018.07.29-11.53.01:234][  0]LogTemp: Display: Loaded TP Android_DXTTargetPlatform
[2018.07.29-11.53.01:245][  0]LogTemp: Display: Loaded TP Android_ETC1aTargetPlatform
[2018.07.29-11.53.01:259][  0]LogTemp: Display: Loaded TP Android_ETC1TargetPlatform
[2018.07.29-11.53.01:277][  0]LogTemp: Display: Loaded TP Android_ETC2TargetPlatform
[2018.07.29-11.53.01:300][  0]LogTemp: Display: Loaded TP Android_MultiTargetPlatform
[2018.07.29-11.53.01:300][  0]LogTemp: Display: Loaded TP Android_PVRTCTargetPlatform
[2018.07.29-11.53.01:324][  0]LogTemp: Display: Loaded TP AndroidTargetPlatform
[2018.07.29-11.53.01:325][  0]LogTemp: Display: Loaded TP HTML5TargetPlatform
[2018.07.29-11.53.01:539][  0]LogTemp: Display: Loaded TP IOSTargetPlatform
[2018.07.29-11.53.01:598][  0]LogTemp: Display: Loaded TP TVOSTargetPlatform
[2018.07.29-11.53.01:617][  0]LogTemp: Display: Loaded TP LinuxClientTargetPlatform
[2018.07.29-11.53.01:630][  0]LogTemp: Display: Loaded TP LinuxNoEditorTargetPlatform
[2018.07.29-11.53.01:640][  0]LogTemp: Display: Loaded TP LinuxServerTargetPlatform
[2018.07.29-11.53.01:671][  0]LogTemp: Display: Loaded TP LinuxTargetPlatform
[2018.07.29-11.53.01:671][  0]LogTargetPlatformManager: Display: Building Assets For Windows
[2018.07.29-11.53.04:058][  0]LogXGEController: Cannot use XGE Controller as Incredibuild is not installed on this machine.
[2018.07.29-11.53.04:119][  0]LogShaderCompilers: Cannot use XGE Shader Compiler as Incredibuild is not installed on this machine.
[2018.07.29-11.53.04:119][  0]LogShaderCompilers: Display: Using Local Shader Compiler.
[2018.07.29-11.53.22:618][  0]LogDerivedDataCache: Display: Max Cache Size: 512 MB
[2018.07.29-11.53.35:293][  0]LogDerivedDataCache: Loaded boot cache 12.65s 74MB C:/Users/Shweta/AppData/Local/UnrealEngine/4.19/DerivedDataCache/Boot.ddc.
[2018.07.29-11.53.35:293][  0]LogDerivedDataCache: Display: Loaded Boot cache: C:/Users/Shweta/AppData/Local/UnrealEngine/4.19/DerivedDataCache/Boot.ddc
[2018.07.29-11.53.35:307][  0]LogDerivedDataCache: FDerivedDataBackendGraph:  Pak pak cache file ../../../../../../Users/Shweta/Documents/GitHub/theshwetapatil/Pinball-UE4/Pinball/DerivedDataCache/DDC.ddp not found, will not use a pak cache.
[2018.07.29-11.53.35:307][  0]LogDerivedDataCache: Unable to find inner node Pak for hierarchical cache Hierarchy.
[2018.07.29-11.53.35:308][  0]LogDerivedDataCache: FDerivedDataBackendGraph:  CompressedPak pak cache file ../../../../../../Users/Shweta/Documents/GitHub/theshwetapatil/Pinball-UE4/Pinball/DerivedDataCache/Compressed.ddp not found, will not use a pak cache.
[2018.07.29-11.53.35:308][  0]LogDerivedDataCache: Unable to find inner node CompressedPak for hierarchical cache Hierarchy.
[2018.07.29-11.53.35:415][  0]LogDerivedDataCache: Display: Pak cache opened for reading ../../../Engine/DerivedDataCache/Compressed.ddp.
[2018.07.29-11.53.35:466][  0]LogDerivedDataCache: Using Local data cache path C:/Users/Shweta/AppData/Local/UnrealEngine/Common/DerivedDataCache: Writable
[2018.07.29-11.53.35:466][  0]LogDerivedDataCache: Shared data cache path not found in *engine.ini, will not use an Shared cache.
[2018.07.29-11.53.35:466][  0]LogDerivedDataCache: Unable to find inner node Shared for hierarchical cache Hierarchy.
[2018.07.29-11.53.35:732][  0]LogMaterial: Verifying Global Shaders for PCD3D_SM5
[2018.07.29-11.53.35:821][  0]LogSlate: Using Freetype 2.6.0
[2018.07.29-11.53.36:044][  0]LogSlate: SlateFontCache - WITH_FREETYPE: 1, WITH_HARFBUZZ: 1
[2018.07.29-11.53.36:045][  0]LogSlate: SlateFontCache - WITH_FREETYPE: 1, WITH_HARFBUZZ: 1
[2018.07.29-11.54.05:745][  0]LogAssetRegistry: FAssetRegistry took 0.1363 seconds to start up
[2018.07.29-11.54.17:064][  0]LogAssetRegistry: Error: Failed to open file for write ../../../../../../Users/Shweta/Documents/GitHub/theshwetapatil/Pinball-UE4/Pinball/Intermediate/CachedAssetRegistry.bin
[2018.07.29-11.54.17:064][  0]LogInit: Selected Device Profile: [Windows]
[2018.07.29-11.54.22:625][  0]LogSimplygon: Simplygon DLL not present - disabling.
[2018.07.29-11.54.22:714][  0]LogMeshReduction: Using SimplygonSwarm for distributed automatic mesh merging
[2018.07.29-11.54.22:732][  0]LogMeshReduction: Using QuadricMeshReduction for automatic static mesh reduction
[2018.07.29-11.54.22:732][  0]LogMeshReduction: No automatic skeletal mesh reduction module available
[2018.07.29-11.54.22:732][  0]LogMeshReduction: No automatic mesh merging module available
[2018.07.29-11.54.22:732][  0]LogMeshMerging: No automatic mesh merging module available
[2018.07.29-11.54.24:039][  0]LogNetVersion: Pinball , NetCL: 3944462, EngineNetVer: 2, GameNetVer: 0 (Checksum: 3476590221)
[2018.07.29-11.54.38:521][  0]LogAssetRegistry: Error: Failed to open file for write ../../../../../../Users/Shweta/Documents/GitHub/theshwetapatil/Pinball-UE4/Pinball/Intermediate/AssetRegistryCache/1d5167fa.bin
[2018.07.29-11.54.38:562][  0]LogAssetRegistry: Error: Failed to open file for write ../../../../../../Users/Shweta/Documents/GitHub/theshwetapatil/Pinball-UE4/Pinball/Intermediate/AssetRegistryCache/94c5d5a7.bin
[2018.07.29-11.54.38:585][  0]LogFileManager: Warning: MoveFile was unable to move '../../../../../../Users/Shweta/Documents/GitHub/theshwetapatil/Pinball-UE4/Pinball/Intermediate/AssetRegistryCache/8c0e1344.bin.tmp' to '../../../../../../Users/Shweta/Documents/GitHub/theshwetapatil/Pinball-UE4/Pinball/Intermediate/AssetRegistryCache/8c0e1344.bin', retrying in .5s...
[2018.07.29-11.54.39:087][  0]LogFileManager: Warning: MoveFile was unable to move '../../../../../../Users/Shweta/Documents/GitHub/theshwetapatil/Pinball-UE4/Pinball/Intermediate/AssetRegistryCache/8c0e1344.bin.tmp' to '../../../../../../Users/Shweta/Documents/GitHub/theshwetapatil/Pinball-UE4/Pinball/Intermediate/AssetRegistryCache/8c0e1344.bin', retrying in .5s...
[2018.07.29-11.54.39:587][  0]LogFileManager: Warning: MoveFile was unable to move '../../../../../../Users/Shweta/Documents/GitHub/theshwetapatil/Pinball-UE4/Pinball/Intermediate/AssetRegistryCache/8c0e1344.bin.tmp' to '../../../../../../Users/Shweta/Documents/GitHub/theshwetapatil/Pinball-UE4/Pinball/Intermediate/AssetRegistryCache/8c0e1344.bin', retrying in .5s...
[2018.07.29-11.54.40:088][  0]LogFileManager: Warning: MoveFile was unable to move '../../../../../../Users/Shweta/Documents/GitHub/theshwetapatil/Pinball-UE4/Pinball/Intermediate/AssetRegistryCache/8c0e1344.bin.tmp' to '../../../../../../Users/Shweta/Documents/GitHub/theshwetapatil/Pinball-UE4/Pinball/Intermediate/AssetRegistryCache/8c0e1344.bin', retrying in .5s...
[2018.07.29-11.54.40:589][  0]LogFileManager: Warning: MoveFile was unable to move '../../../../../../Users/Shweta/Documents/GitHub/theshwetapatil/Pinball-UE4/Pinball/Intermediate/AssetRegistryCache/8c0e1344.bin.tmp' to '../../../../../../Users/Shweta/Documents/GitHub/theshwetapatil/Pinball-UE4/Pinball/Intermediate/AssetRegistryCache/8c0e1344.bin', retrying in .5s...
[2018.07.29-11.54.41:089][  0]LogFileManager: Warning: MoveFile was unable to move '../../../../../../Users/Shweta/Documents/GitHub/theshwetapatil/Pinball-UE4/Pinball/Intermediate/AssetRegistryCache/8c0e1344.bin.tmp' to '../../../../../../Users/Shweta/Documents/GitHub/theshwetapatil/Pinball-UE4/Pinball/Intermediate/AssetRegistryCache/8c0e1344.bin', retrying in .5s...
[2018.07.29-11.54.41:590][  0]LogFileManager: Warning: MoveFile was unable to move '../../../../../../Users/Shweta/Documents/GitHub/theshwetapatil/Pinball-UE4/Pinball/Intermediate/AssetRegistryCache/8c0e1344.bin.tmp' to '../../../../../../Users/Shweta/Documents/GitHub/theshwetapatil/Pinball-UE4/Pinball/Intermediate/AssetRegistryCache/8c0e1344.bin', retrying in .5s...
[2018.07.29-11.54.42:091][  0]LogFileManager: Warning: MoveFile was unable to move '../../../../../../Users/Shweta/Documents/GitHub/theshwetapatil/Pinball-UE4/Pinball/Intermediate/AssetRegistryCache/8c0e1344.bin.tmp' to '../../../../../../Users/Shweta/Documents/GitHub/theshwetapatil/Pinball-UE4/Pinball/Intermediate/AssetRegistryCache/8c0e1344.bin', retrying in .5s...
[2018.07.29-11.54.42:592][  0]LogFileManager: Warning: MoveFile was unable to move '../../../../../../Users/Shweta/Documents/GitHub/theshwetapatil/Pinball-UE4/Pinball/Intermediate/AssetRegistryCache/8c0e1344.bin.tmp' to '../../../../../../Users/Shweta/Documents/GitHub/theshwetapatil/Pinball-UE4/Pinball/Intermediate/AssetRegistryCache/8c0e1344.bin', retrying in .5s...
[2018.07.29-11.54.43:093][  0]LogFileManager: Warning: MoveFile was unable to move '../../../../../../Users/Shweta/Documents/GitHub/theshwetapatil/Pinball-UE4/Pinball/Intermediate/AssetRegistryCache/8c0e1344.bin.tmp' to '../../../../../../Users/Shweta/Documents/GitHub/theshwetapatil/Pinball-UE4/Pinball/Intermediate/AssetRegistryCache/8c0e1344.bin', retrying in .5s...
[2018.07.29-11.54.43:594][  0]LogFileManager: Error: Error moving file '../../../../../../Users/Shweta/Documents/GitHub/theshwetapatil/Pinball-UE4/Pinball/Intermediate/AssetRegistryCache/8c0e1344.bin.tmp' to '../../../../../../Users/Shweta/Documents/GitHub/theshwetapatil/Pinball-UE4/Pinball/Intermediate/AssetRegistryCache/8c0e1344.bin'.
[2018.07.29-11.54.43:659][  0]LogPackageLocalizationCache: Processed 9 localized package path(s) for 2 prioritized culture(s) in 5.369992 seconds
[2018.07.29-11.54.43:665][  0]LogUObjectArray: 36728 objects as part of root set at end of initial load.
[2018.07.29-11.54.43:665][  0]LogUObjectAllocator: 7314304 out of 0 bytes used by permanent object pool.
[2018.07.29-11.54.43:665][  0]LogUObjectArray: CloseDisregardForGC: 0/0 objects in disregard for GC pool
[2018.07.29-11.55.32:636][  0]LogTcpMessaging: Initializing TcpMessaging bridge
[2018.07.29-11.55.32:773][  0]LogUdpMessaging: Initializing bridge on interface 0.0.0.0:0 to multicast group 230.0.0.1:6666.
[2018.07.29-11.55.35:943][  0]SourceControl: Source control is disabled
[2018.07.29-11.55.35:944][  0]SourceControl: Source control is disabled
[2018.07.29-11.55.36:274][  0]SourceControl: Source control is disabled
[2018.07.29-11.55.36:376][  0]SourceControl: Source control is disabled
[2018.07.29-11.55.39:719][  0]LogConfig: Warning: Failed to saved backup for config[UnitTest]
[2018.07.29-11.55.39:982][  0]LogAndroidPermission: UAndroidPermissionCallbackProxy::GetInstance
[2018.07.29-11.55.41:671][  0]LogOcInput: OculusInput pre-init called
[2018.07.29-11.55.43:379][  0]LogEngine: Initializing Engine...
[2018.07.29-11.55.43:509][  0]LogHMD: Failed to initialize OpenVR with code 110
[2018.07.29-11.55.43:580][  0]LogStats: UGameplayTagsManager::ConstructGameplayTagTree: Construct from data asset -  0.000 s
[2018.07.29-11.55.43:581][  0]LogStats: UGameplayTagsManager::ConstructGameplayTagTree: GameplayTagTreeChangedEvent.Broadcast -  0.000 s
[2018.07.29-11.55.46:328][  0]LogAIModule: Creating AISystem for world Untitled
[2018.07.29-11.55.47:344][  0]LogInit: XAudio2 using 'Speaker/HP (Realtek High Definition Audio)' : 2 channels at 48 kHz using 32 bits per sample (channel mask 0x3)
[2018.07.29-11.55.47:553][  0]LogInit: FAudioDevice initialized.
[2018.07.29-11.55.48:183][  0]LogDerivedDataCache: Saved boot cache 0.51s 74MB C:/Users/Shweta/AppData/Local/UnrealEngine/4.19/DerivedDataCache/Boot.ddc.
[2018.07.29-11.55.48:288][  0]LogInit: Texture streaming: Enabled
[2018.07.29-11.55.48:727][  0]LogEngineSessionManager: EngineSessionManager initialized
[2018.07.29-11.55.49:348][  0]LogInit: Transaction tracking system initialized
[2018.07.29-11.55.50:337][  0]BlueprintLog: New page: Editor Load
[2018.07.29-11.55.53:771][  0]LocalizationService: Localization service is disabled
[2018.07.29-11.55.55:673][  0]LogConsoleResponse: Display: 
[2018.07.29-11.56.03:649][  0]LogFileCache: Scanning file cache for directory 'C:/Users/Shweta/Documents/GitHub/theshwetapatil/Pinball-UE4/Pinball/Content/' took 0.27s
[2018.07.29-11.56.03:649][  0]LogCook: Display: Max memory allowance for cook 16384mb min free memory 0mb
[2018.07.29-11.56.03:650][  0]LogCook: Display: Mobile HDR setting 1
[2018.07.29-11.56.03:840][  0]LogGameplayTags: Display: UGameplayTagsManager::DoneAddingNativeTags. DelegateIsBound: 0
[2018.07.29-11.56.03:905][  0]LogStats: UGameplayTagsManager::ConstructGameplayTagTree: Construct from data asset -  0.000 s
[2018.07.29-11.56.03:905][  0]LogStats: UGameplayTagsManager::ConstructGameplayTagTree: GameplayTagTreeChangedEvent.Broadcast -  0.000 s
[2018.07.29-11.56.17:617][  0]SourceControl: Source control is disabled
[2018.07.29-11.56.17:829][  0]Cmd: MAP LOAD FILE="../../../Engine/Content/Maps/Templates/Template_Default.umap" TEMPLATE=1 SHOWPROGRESS=1 FEATURELEVEL=3
[2018.07.29-11.56.18:149][  0]LightingResults: New page: Lighting Build
[2018.07.29-11.56.18:459][  0]MapCheck: New page: Map Check
[2018.07.29-11.56.18:459][  0]LightingResults: New page: Lighting Build
[2018.07.29-11.56.24:370][  0]LogAIModule: Creating AISystem for world Untitled_1
[2018.07.29-11.56.25:728][  0]LogEditorServer: Finished looking for orphan Actors (0.000 secs)
[2018.07.29-11.56.25:985][  0]Cmd: MAP CHECKDEP NOCLEARLOG
[2018.07.29-11.56.26:168][  0]MapCheck: Map check complete: 0 Error(s), 0 Warning(s), took 182.154ms to complete.
[2018.07.29-11.56.26:168][  0]LogFileHelpers: Loading map 'Template_Default' took 8.449
[2018.07.29-11.56.30:300][  0]LogCollectionManager: Loaded 0 collections in 0.008801 seconds
[2018.07.29-11.56.30:902][  0]LogFileCache: Scanning file cache for directory 'C:/Users/Shweta/Documents/GitHub/theshwetapatil/Pinball-UE4/Pinball/Saved/Collections/' took 0.01s
[2018.07.29-11.56.30:903][  0]LogFileCache: Scanning file cache for directory 'C:/Users/Shweta/Documents/GitHub/theshwetapatil/Pinball-UE4/Pinball/Content/Developers/Shweta/Collections/' took 0.01s
[2018.07.29-11.56.30:903][  0]LogFileCache: Scanning file cache for directory 'C:/Users/Shweta/Documents/GitHub/theshwetapatil/Pinball-UE4/Pinball/Content/Collections/' took 0.01s
[2018.07.29-11.56.30:903][  0]LogCollectionManager: Rebuilt the GUID cache for 0 collections in 0.000001 seconds
[2018.07.29-11.56.30:986][  0]LogContentBrowser: Native class hierarchy populated in 0.0402 seconds. Added 2452 classes and 558 folders.
[2018.07.29-11.56.31:343][  0]LogContentBrowser: Native class hierarchy updated for 'WidgetCarousel' in 0.0010 seconds. Added 0 classes and 0 folders.
[2018.07.29-11.56.42:334][  0]LogContentBrowser: Native class hierarchy updated for 'AddContentDialog' in 0.0010 seconds. Added 0 classes and 0 folders.
[2018.07.29-11.56.43:504][  0]LogContentBrowser: Native class hierarchy updated for 'SceneOutliner' in 0.0008 seconds. Added 1 classes and 2 folders.
[2018.07.29-11.57.17:494][  0]LogSlate: Only BGRA pngs, bmps or icos are supported in by External Image Picker
[2018.07.29-11.57.23:868][  0]LogTemp: Executing iPhonePackager certificates Engine -bundlename com.YourCompany.Pinball
[2018.07.29-11.57.23:869][  0]LogTemp: CWD: C:\Program Files\Epic Games\UE_4.19\Engine\Binaries\DotNET\IOS
[2018.07.29-11.57.23:869][  0]LogTemp: Initial Dir: C:\Program Files\Epic Games\UE_4.19
[2018.07.29-11.57.23:869][  0]LogTemp: Env CWD: C:\Program Files\Epic Games\UE_4.19\Engine\Binaries\DotNET\IOS
[2018.07.29-11.57.23:869][  0]LogTemp: BranchPath = LAPTOP-SNI5BBA7/C/Program Files/Epic Games/UE_4.19/Engine/Binaries --- GameBranchPath = LAPTOP-SNI5BBA7/C/Program Files/Epic Games/UE_4.19/Engine/Binaries
[2018.07.29-11.57.23:869][  0]LogTemp: IPP ERROR: Could not find provision directory 'C:\Users\Shweta\AppData\Local/Apple Computer/MobileDevice/Provisioning Profiles/'.
[2018.07.29-11.57.23:869][  0]LogSlate: Took 0.282502 seconds to synchronously load lazily loaded font '../../../Engine/Content/Slate/Fonts/Roboto-Regular.ttf' (155K)
[2018.07.29-11.57.24:272][  0]LogSlate: Took 0.076963 seconds to synchronously load lazily loaded font '../../../Engine/Content/Slate/Fonts/Roboto-Bold.ttf' (160K)
[2018.07.29-11.57.25:204][  0]LogSlate: Took 0.130807 seconds to synchronously load lazily loaded font '../../../Engine/Content/Editor/Slate/Fonts/FontAwesome.ttf' (139K)
[2018.07.29-11.57.36:202][  0]LogRenderer: Reallocating scene render targets to support 884x372 Format 10 NumSamples 1 (Frame:1).
[2018.07.29-11.57.53:443][  0]LogContentBrowser: Native class hierarchy updated for 'HierarchicalLODOutliner' in 0.0007 seconds. Added 0 classes and 0 folders.
[2018.07.29-11.57.53:443][  0]LogLoad: (Engine Initialization) Total time: 339.38 seconds
[2018.07.29-11.57.53:443][  0]LogLoad: (Engine Initialization) Total Blueprint compile time: 0.00 seconds
[2018.07.29-11.58.02:192][  0]LogContentStreaming: Texture pool size now 1000 MB
[2018.07.29-11.58.15:950][  2]LogSlate: Took 0.190557 seconds to synchronously load lazily loaded font '../../../Engine/Content/Slate/Fonts/Roboto-Light.ttf' (167K)
[2018.07.29-11.58.16:513][  2]LogSlate: Took 0.000598 seconds to synchronously load lazily loaded font '../../../Engine/Content/Slate/Fonts/Roboto-Light.ttf' (167K)
[2018.07.29-11.58.18:295][ 10]LogAssetRegistry: Asset discovery search completed in 252.6173 seconds
[2018.07.29-11.58.18:575][ 10]LogCollectionManager: Rebuilt the object cache for 0 collections in 0.000001 seconds (found 0 objects)
[2018.07.29-11.58.18:575][ 10]LogCollectionManager: Fixed up redirectors for 0 collections in 0.075431 seconds (updated 0 objects)
[2018.07.29-11.58.21:542][ 37]LogSlate: FSceneViewport::OnFocusLost() reason 0
[2018.07.29-11.58.23:618][ 37]LogUObjectGlobals: Created PersistentFrame Addr=0x000001ad47617280, Size=368, Default__Ball_Blueprint_C Function /Game/Blueprints/Ball_Blueprint.Ball_Blueprint_C:ExecuteUbergraph_Ball_Blueprint
[2018.07.29-11.58.23:797][ 37]LogUObjectGlobals: Destroyed PersistentFrame Addr=0x000001ad47617280, Size=368
[2018.07.29-11.58.23:797][ 37]LogUObjectGlobals: Created PersistentFrame Addr=0x000001ad475fa980, Size=368, Default__Ball_Blueprint_C Function /Engine/Transient.REINST_Ball_Blueprint_C_5:ExecuteUbergraph_Ball_Blueprint
[2018.07.29-11.58.24:075][ 37]LogUObjectGlobals: Created PersistentFrame Addr=0x000001ad475dd780, Size=368, Default__Ball_Blueprint_C Function /Game/Blueprints/Ball_Blueprint.Ball_Blueprint_C:ExecuteUbergraph_Ball_Blueprint
[2018.07.29-11.58.42:641][ 37]LogContentBrowser: Native class hierarchy updated for 'BlueprintGraph' in 0.0025 seconds. Added 116 classes and 0 folders.
[2018.07.29-11.58.46:683][ 37]LogUObjectGlobals: Created PersistentFrame Addr=0x000001ad510c8960, Size=4, Default__SKEL_PROTO_BP_AnimBlueprint_0_C Function /Engine/Transient.SKEL_PROTO_BP_AnimBlueprint_0_C:ExecuteUbergraph_PROTO_BP_AnimBlueprint_0
[2018.07.29-11.58.46:759][ 37]LogUObjectGlobals: Created PersistentFrame Addr=0x000001ad510c8958, Size=4, Default__PROTO_BP_AnimBlueprint_0_C Function /Engine/Transient.PROTO_BP_AnimBlueprint_0_C:ExecuteUbergraph_PROTO_BP_AnimBlueprint_0
[2018.07.29-11.58.59:768][ 37]LogUObjectGlobals: Created PersistentFrame Addr=0x000001ad52c81bb0, Size=8, Default__Flipper_Blueprint_C Function /Game/Blueprints/Flipper_Blueprint.Flipper_Blueprint_C:ExecuteUbergraph_Flipper_Blueprint
[2018.07.29-11.58.59:787][ 37]LogUObjectGlobals: Destroyed PersistentFrame Addr=0x000001ad52c81bb0, Size=8
[2018.07.29-11.58.59:787][ 37]LogUObjectGlobals: Created PersistentFrame Addr=0x000001ad52c81bb0, Size=8, Default__Flipper_Blueprint_C Function /Engine/Transient.REINST_Flipper_Blueprint_C_19:ExecuteUbergraph_Flipper_Blueprint
[2018.07.29-11.58.59:799][ 37]LogUObjectGlobals: Created PersistentFrame Addr=0x000001ad52c819b0, Size=8, Default__Flipper_Blueprint_C Function /Game/Blueprints/Flipper_Blueprint.Flipper_Blueprint_C:ExecuteUbergraph_Flipper_Blueprint
[2018.07.29-11.59.00:160][ 37]LogUObjectGlobals: Created PersistentFrame Addr=0x000001ad517cc880, Size=164, Default__Plunger_Blueprint_C Function /Game/Blueprints/Plunger_Blueprint.Plunger_Blueprint_C:ExecuteUbergraph_Plunger_Blueprint
[2018.07.29-11.59.00:711][ 37]LogUObjectGlobals: Destroyed PersistentFrame Addr=0x000001ad517cc880, Size=164
[2018.07.29-11.59.00:711][ 37]LogUObjectGlobals: Created PersistentFrame Addr=0x000001ad517cc880, Size=164, Default__Plunger_Blueprint_C Function /Engine/Transient.REINST_Plunger_Blueprint_C_21:ExecuteUbergraph_Plunger_Blueprint
[2018.07.29-11.59.00:803][ 37]LogUObjectGlobals: Created PersistentFrame Addr=0x000001ad539ebdc0, Size=164, Default__Plunger_Blueprint_C Function /Game/Blueprints/Plunger_Blueprint.Plunger_Blueprint_C:ExecuteUbergraph_Plunger_Blueprint
[2018.07.29-11.59.02:506][ 37]LogUObjectGlobals: Created PersistentFrame Addr=0x000001ad5396f600, Size=504, Default__Pinball_Player_Controller_Blueprint_C Function /Game/Blueprints/Pinball_Player_Controller_Blueprint.Pinball_Player_Controller_Blueprint_C:ExecuteUbergraph_Pinball_Player_Controller_Blueprint
[2018.07.29-11.59.02:887][ 37]LogUObjectGlobals: Created PersistentFrame Addr=0x000001ad53986c00, Size=320, Default__Pinball_Game_Mode_Blueprint_C Function /Game/Blueprints/Pinball_Game_Mode_Blueprint.Pinball_Game_Mode_Blueprint_C:ExecuteUbergraph_Pinball_Game_Mode_Blueprint
[2018.07.29-11.59.03:499][ 37]LogUObjectGlobals: Created PersistentFrame Addr=0x000001ad53965c80, Size=32, Default__High_Score_WidgetBlueprint_C Function /Game/Blueprints/High_Score_WidgetBlueprint.High_Score_WidgetBlueprint_C:ExecuteUbergraph_High_Score_WidgetBlueprint
[2018.07.29-11.59.03:601][ 37]LogUObjectGlobals: Created PersistentFrame Addr=0x000001ad5392fcf0, Size=104, Default__High_Score_Entry_WidgetBlueprint_C Function /Game/Blueprints/High_Score_Entry_WidgetBlueprint.High_Score_Entry_WidgetBlueprint_C:ExecuteUbergraph_High_Score_Entry_WidgetBlueprint
[2018.07.29-11.59.04:231][ 37]LogUObjectGlobals: Created PersistentFrame Addr=0x000001ad53965ee0, Size=32, Default__Main_Menu_WidgetBlueprint_C Function /Game/Blueprints/Main_Menu_WidgetBlueprint.Main_Menu_WidgetBlueprint_C:ExecuteUbergraph_Main_Menu_WidgetBlueprint
[2018.07.29-11.59.05:585][ 37]LogUObjectGlobals: Destroyed PersistentFrame Addr=0x000001ad5392fcf0, Size=104
[2018.07.29-11.59.05:585][ 37]LogUObjectGlobals: Created PersistentFrame Addr=0x000001ad5392fcf0, Size=104, Default__High_Score_Entry_WidgetBlueprint_C Function /Engine/Transient.REINST_High_Score_Entry_WidgetBlueprint_C_0:ExecuteUbergraph_High_Score_Entry_WidgetBlueprint
[2018.07.29-11.59.05:587][ 37]LogUObjectGlobals: Destroyed PersistentFrame Addr=0x000001ad53965c80, Size=32
[2018.07.29-11.59.05:587][ 37]LogUObjectGlobals: Created PersistentFrame Addr=0x000001ad53879be0, Size=32, Default__High_Score_WidgetBlueprint_C Function /Engine/Transient.REINST_High_Score_WidgetBlueprint_C_1:ExecuteUbergraph_High_Score_WidgetBlueprint
[2018.07.29-11.59.05:588][ 37]LogUObjectGlobals: Destroyed PersistentFrame Addr=0x000001ad53965ee0, Size=32
[2018.07.29-11.59.05:588][ 37]LogUObjectGlobals: Created PersistentFrame Addr=0x000001ad53879ae0, Size=32, Default__Main_Menu_WidgetBlueprint_C Function /Engine/Transient.REINST_Main_Menu_WidgetBlueprint_C_2:ExecuteUbergraph_Main_Menu_WidgetBlueprint
[2018.07.29-11.59.05:589][ 37]LogUObjectGlobals: Destroyed PersistentFrame Addr=0x000001ad53986c00, Size=320
[2018.07.29-11.59.05:590][ 37]LogUObjectGlobals: Created PersistentFrame Addr=0x000001ad538574c0, Size=320, Default__Pinball_Game_Mode_Blueprint_C Function /Engine/Transient.REINST_Pinball_Game_Mode_Blueprint_C_25:ExecuteUbergraph_Pinball_Game_Mode_Blueprint
[2018.07.29-11.59.05:591][ 37]LogUObjectGlobals: Destroyed PersistentFrame Addr=0x000001ad5396f600, Size=504
[2018.07.29-11.59.05:591][ 37]LogUObjectGlobals: Created PersistentFrame Addr=0x000001ad5396f600, Size=504, Default__Pinball_Player_Controller_Blueprint_C Function /Engine/Transient.REINST_Pinball_Player_Controller_Blueprint_C_26:ExecuteUbergraph_Pinball_Player_Controller_Blueprint
[2018.07.29-11.59.06:417][ 37]LogUObjectGlobals: Created PersistentFrame Addr=0x000001ad53a8e710, Size=104, Default__High_Score_Entry_WidgetBlueprint_C Function /Game/Blueprints/High_Score_Entry_WidgetBlueprint.High_Score_Entry_WidgetBlueprint_C:ExecuteUbergraph_High_Score_Entry_WidgetBlueprint
[2018.07.29-11.59.06:457][ 37]LogUObjectGlobals: Created PersistentFrame Addr=0x000001ad541161c0, Size=32, Default__High_Score_WidgetBlueprint_C Function /Game/Blueprints/High_Score_WidgetBlueprint.High_Score_WidgetBlueprint_C:ExecuteUbergraph_High_Score_WidgetBlueprint
[2018.07.29-11.59.06:459][ 37]LogUObjectGlobals: Created PersistentFrame Addr=0x000001ad54115640, Size=32, Default__Main_Menu_WidgetBlueprint_C Function /Game/Blueprints/Main_Menu_WidgetBlueprint.Main_Menu_WidgetBlueprint_C:ExecuteUbergraph_Main_Menu_WidgetBlueprint
[2018.07.29-11.59.06:463][ 37]LogUObjectGlobals: Created PersistentFrame Addr=0x000001ad0b385940, Size=320, Default__Pinball_Game_Mode_Blueprint_C Function /Game/Blueprints/Pinball_Game_Mode_Blueprint.Pinball_Game_Mode_Blueprint_C:ExecuteUbergraph_Pinball_Game_Mode_Blueprint
[2018.07.29-11.59.06:471][ 37]LogUObjectGlobals: Created PersistentFrame Addr=0x000001ad537a9200, Size=504, Default__Pinball_Player_Controller_Blueprint_C Function /Game/Blueprints/Pinball_Player_Controller_Blueprint.Pinball_Player_Controller_Blueprint_C:ExecuteUbergraph_Pinball_Player_Controller_Blueprint
[2018.07.29-11.59.28:997][ 37]LogSlate: Took 0.252331 seconds to synchronously load lazily loaded font '../../../Engine/Content/Slate/Fonts/Roboto-BoldCondensed.ttf' (158K)
[2018.07.29-11.59.52:177][252]LogUObjectGlobals: Destroyed PersistentFrame Addr=0x000001ad475fa980, Size=368
[2018.07.29-11.59.52:177][252]LogUObjectGlobals: Destroyed PersistentFrame Addr=0x000001ad52c81bb0, Size=8
[2018.07.29-11.59.52:178][252]LogUObjectGlobals: Destroyed PersistentFrame Addr=0x000001ad517cc880, Size=164
[2018.07.29-11.59.52:178][252]LogUObjectGlobals: Destroyed PersistentFrame Addr=0x000001ad5396f600, Size=504
[2018.07.29-11.59.52:178][252]LogUObjectGlobals: Destroyed PersistentFrame Addr=0x000001ad538574c0, Size=320
[2018.07.29-11.59.52:178][252]LogUObjectGlobals: Destroyed PersistentFrame Addr=0x000001ad53879be0, Size=32
[2018.07.29-11.59.52:178][252]LogUObjectGlobals: Destroyed PersistentFrame Addr=0x000001ad5392fcf0, Size=104
[2018.07.29-11.59.52:178][252]LogUObjectGlobals: Destroyed PersistentFrame Addr=0x000001ad53879ae0, Size=32
[2018.07.29-11.59.52:214][252]Cmd: MAP LOAD FILE="../../../../../../Users/Shweta/Documents/GitHub/theshwetapatil/Pinball-UE4/Pinball/Content/Ball_Setup_Map.umap" TEMPLATE=0 SHOWPROGRESS=1 FEATURELEVEL=3
[2018.07.29-11.59.52:245][252]LightingResults: New page: Lighting Build
[2018.07.29-11.59.52:249][252]LoadErrors: New page: Loading map: Ball_Setup_Map.umap
[2018.07.29-11.59.52:252][252]MapCheck: New page: Map Check
[2018.07.29-11.59.52:253][252]LightingResults: New page: Lighting Build
[2018.07.29-11.59.52:370][252]LogUObjectGlobals: Created PersistentFrame Addr=0x000001ad4794e3a0, Size=32, Default__Ball_Reset_Zone_Blueprint_C Function /Game/Blueprints/Ball_Reset_Zone_Blueprint.Ball_Reset_Zone_Blueprint_C:ExecuteUbergraph_Ball_Reset_Zone_Blueprint
[2018.07.29-11.59.52:375][252]LogUObjectGlobals: Destroyed PersistentFrame Addr=0x000001ad4794e3a0, Size=32
[2018.07.29-11.59.52:375][252]LogUObjectGlobals: Created PersistentFrame Addr=0x000001ad4794e3a0, Size=32, Default__Ball_Reset_Zone_Blueprint_C Function /Engine/Transient.REINST_Ball_Reset_Zone_Blueprint_C_35:ExecuteUbergraph_Ball_Reset_Zone_Blueprint
[2018.07.29-11.59.52:379][252]LogUObjectGlobals: Created PersistentFrame Addr=0x000001ad4794dbc0, Size=32, Default__Ball_Reset_Zone_Blueprint_C Function /Game/Blueprints/Ball_Reset_Zone_Blueprint.Ball_Reset_Zone_Blueprint_C:ExecuteUbergraph_Ball_Reset_Zone_Blueprint
[2018.07.29-11.59.52:769][252]LogUObjectGlobals: Created PersistentFrame Addr=0x000001ad06cbfd80, Size=288, Default__Bumper_Blueprint_C Function /Game/Blueprints/Bumper_Blueprint.Bumper_Blueprint_C:ExecuteUbergraph_Bumper_Blueprint
[2018.07.29-11.59.52:785][252]LogUObjectGlobals: Destroyed PersistentFrame Addr=0x000001ad06cbfd80, Size=288
[2018.07.29-11.59.52:786][252]LogUObjectGlobals: Created PersistentFrame Addr=0x000001ad06cbfd80, Size=288, Default__Bumper_Blueprint_C Function /Engine/Transient.REINST_Bumper_Blueprint_C_37:ExecuteUbergraph_Bumper_Blueprint
[2018.07.29-11.59.52:800][252]LogUObjectGlobals: Created PersistentFrame Addr=0x000001ad06cbf240, Size=288, Default__Bumper_Blueprint_C Function /Game/Blueprints/Bumper_Blueprint.Bumper_Blueprint_C:ExecuteUbergraph_Bumper_Blueprint
[2018.07.29-11.59.54:809][252]LogAIModule: Creating AISystem for world Ball_Setup_Map
[2018.07.29-11.59.55:247][252]LogEditorServer: Finished looking for orphan Actors (0.000 secs)
[2018.07.29-11.59.55:317][252]LogUObjectGlobals: Destroyed PersistentFrame Addr=0x000001ad4794e3a0, Size=32
[2018.07.29-11.59.55:318][252]LogUObjectGlobals: Destroyed PersistentFrame Addr=0x000001ad06cbfd80, Size=288
[2018.07.29-11.59.55:413][252]Cmd: MAP CHECKDEP NOCLEARLOG
[2018.07.29-11.59.55:539][252]MapCheck: Map check complete: 0 Error(s), 0 Warning(s), took 126.383ms to complete.
[2018.07.29-11.59.55:539][252]LogFileHelpers: Loading map 'Ball_Setup_Map' took 3.359
[2018.07.29-11.59.55:573][252]LogSlate: Window 'Open Level' being destroyed
[2018.07.29-11.59.59:623][270]LogSlate: Took 0.026065 seconds to synchronously load lazily loaded font '../../../Engine/Content/Slate/Fonts/Roboto-Italic.ttf' (157K)
[2018.07.29-12.00.09:115][740]LogSlate: Window 'Main_Menu_WidgetBlueprint' being destroyed
[2018.07.29-12.00.11:315][861]LogConsoleManager: Warning: Performance warning: Console object named 'r.DebugSafeZone.Mode' shows many (500) FindConsoleObject() calls (consider caching e.g. using static)
[2018.07.29-12.00.32:931][ 91]LogFactory: FactoryCreateFile: StaticMesh with FbxFactory (0 0 C:\Users\Shweta\Desktop\PinballAssets\PinballAssets\SM_PostHalf.FBX)
[2018.07.29-12.00.33:210][ 91]LogFbx: ItemName: GlobalSettings, ItemCount : 1
[2018.07.29-12.00.33:210][ 91]LogFbx: ItemName: AnimationStack, ItemCount : 1
[2018.07.29-12.00.33:210][ 91]LogFbx: ItemName: AnimationLayer, ItemCount : 1
[2018.07.29-12.00.33:210][ 91]LogFbx: ItemName: Model, ItemCount : 1
[2018.07.29-12.00.33:210][ 91]LogFbx: ItemName: Geometry, ItemCount : 1
[2018.07.29-12.00.33:210][ 91]LogFbx: ItemName: Material, ItemCount : 3
[2018.07.29-12.00.33:210][ 91]LogFbx: ItemName: Texture, ItemCount : 2
[2018.07.29-12.00.33:210][ 91]LogFbx: ItemName: Video, ItemCount : 2
[2018.07.29-12.00.33:298][ 91]LogFbx: Loading FBX Scene from C:\Users\Shweta\Desktop\PinballAssets\PinballAssets\SM_PostHalf.FBX
[2018.07.29-12.00.33:502][ 91]LogFbx: FBX Scene Loaded Succesfully
[2018.07.29-12.00.35:179][ 91]LogSlate: Window 'FBX Import Options' being destroyed
[2018.07.29-12.00.35:238][ 91]LogFbx: Loading FBX Scene from C:\Users\Shweta\Desktop\PinballAssets\PinballAssets\SM_PostHalf.FBX
[2018.07.29-12.00.35:246][ 91]LogFbx: FBX Scene Loaded Succesfully
[2018.07.29-12.00.35:445][ 91]LogStaticMesh: Building static mesh SM_PostHalf...
[2018.07.29-12.00.35:629][ 91]LogStaticMesh: Built static mesh [0.26s] /Game/Assets/SM_PostHalf.SM_PostHalf
[2018.07.29-12.00.36:033][ 91]FBXImport: Warning: No smoothing group information was found in this FBX scene.  Please make sure to enable the 'Export Smoothing Groups' option in the FBX Exporter plug-in before exporting the file.  Even for tools that don't support smoothing groups, the FBX Exporter will generate appropriate smoothing data at export-time so that correct vertex normals can be inferred while importing. 
[2018.07.29-12.00.36:234][ 91]LogFactory: FactoryCreateFile: StaticMesh with FbxFactory (0 0 C:\Users\Shweta\Desktop\PinballAssets\PinballAssets\SM_BandExtender.FBX)
[2018.07.29-12.00.36:255][ 91]LogFbx: Loading FBX Scene from C:\Users\Shweta\Desktop\PinballAssets\PinballAssets\SM_BandExtender.FBX
[2018.07.29-12.00.36:270][ 91]LogFbx: FBX Scene Loaded Succesfully
[2018.07.29-12.00.36:306][ 91]LogStaticMesh: Building static mesh SM_BandExtender...
[2018.07.29-12.00.36:316][ 91]LogStaticMesh: Built static mesh [0.05s] /Game/Assets/SM_BandExtender.SM_BandExtender
[2018.07.29-12.00.36:435][ 91]FBXImport: Warning: No smoothing group information was found in this FBX scene.  Please make sure to enable the 'Export Smoothing Groups' option in the FBX Exporter plug-in before exporting the file.  Even for tools that don't support smoothing groups, the FBX Exporter will generate appropriate smoothing data at export-time so that correct vertex normals can be inferred while importing. 
[2018.07.29-12.00.39:135][142]LogSlate: Window 'Message Log' being destroyed
[2018.07.29-12.00.39:138][142]LogSlate: Window 'Message Log' being destroyed
[2018.07.29-12.00.50:715][254]LogRenderer: Reallocating scene render targets to support 1016x612 Format 10 NumSamples 1 (Frame:1).
[2018.07.29-12.00.55:614][256]LogD3D11RHI: Error: Result failed 
 at D:\Build\++UE4+Release-4.19+Compile\Sync\Engine\Source\Runtime\Windows\D3D11RHI\Private\D3D11Viewport.cpp:303 
 with error DXGI_ERROR_DEVICE_REMOVED DXGI_ERROR_DEVICE_HUNG
[2018.07.29-12.00.56:141][256]LogWindows: Windows GetLastError: The operation completed successfully. (0)
[2018.07.29-12.01.42:854][256]LogWindows: Windows GetLastError: The operation completed successfully. (0)
[2018.07.29-12.01.42:854][256]LogWindows: Error: === Critical error: ===
[2018.07.29-12.01.42:854][256]LogWindows: Error: 
[2018.07.29-12.01.42:854][256]LogWindows: Error: Fatal error: [File:D:\Build\++UE4+Release-4.19+Compile\Sync\Engine\Source\Runtime\RenderCore\Private\RenderingThread.cpp] [Line: 819] 
[2018.07.29-12.01.42:854][256]LogWindows: Error: Rendering thread exception:
[2018.07.29-12.01.42:854][256]LogWindows: Error: Fatal error: [File:D:\Build\++UE4+Release-4.19+Compile\Sync\Engine\Source\Runtime\Windows\D3D11RHI\Private\D3D11Util.cpp] [Line: 182] 
[2018.07.29-12.01.42:854][256]LogWindows: Error: Unreal Engine is exiting due to D3D device being lost. (Error: 0x887A0006 - 'HUNG')
[2018.07.29-12.01.42:854][256]LogWindows: Error: 
[2018.07.29-12.01.42:854][256]LogWindows: Error: 
[2018.07.29-12.01.42:854][256]LogWindows: Error: [Callstack] 0x00000000CE55A388 KERNELBASE.dll!UnknownFunction []
[2018.07.29-12.01.42:854][256]LogWindows: Error: [Callstack] 0x00000000A0837884 UE4Editor-ApplicationCore.dll!UnknownFunction []
[2018.07.29-12.01.42:854][256]LogWindows: Error: [Callstack] 0x0000000081A76D9B UE4Editor-Core.dll!UnknownFunction []
[2018.07.29-12.01.42:854][256]LogWindows: Error: [Callstack] 0x00000000819B1949 UE4Editor-Core.dll!UnknownFunction []
[2018.07.29-12.01.42:854][256]LogWindows: Error: [Callstack] 0x000000006330A0CF UE4Editor-D3D11RHI.dll!UnknownFunction []
[2018.07.29-12.01.42:855][256]LogWindows: Error: [Callstack] 0x000000006330E5E0 UE4Editor-D3D11RHI.dll!UnknownFunction []
[2018.07.29-12.01.42:855][256]LogWindows: Error: [Callstack] 0x00000000632ED62A UE4Editor-D3D11RHI.dll!UnknownFunction []
[2018.07.29-12.01.42:855][256]LogWindows: Error: [Callstack] 0x00000000632ED58C UE4Editor-D3D11RHI.dll!UnknownFunction []
[2018.07.29-12.01.42:855][256]LogWindows: Error: [Callstack] 0x00000000632FAADF UE4Editor-D3D11RHI.dll!UnknownFunction []
[2018.07.29-12.01.42:855][256]LogWindows: Error: [Callstack] 0x00000000A00FF0B6 UE4Editor-RHI.dll!UnknownFunction []
[2018.07.29-12.01.42:855][256]LogWindows: Error: [Callstack] 0x0000000066E61FF8 UE4Editor-SlateRHIRenderer.dll!UnknownFunction []
[2018.07.29-12.01.42:855][256]LogWindows: Error: [Callstack] 0x0000000066E67C4C UE4Editor-SlateRHIRenderer.dll!UnknownFunction []
[2018.07.29-12.01.42:855][256]LogWindows: Error: [Callstack] 0x000000008188B713 UE4Editor-Core.dll!UnknownFunction []
[2018.07.29-12.01.42:855][256]LogWindows: Error: [Callstack] 0x000000008188BD3A UE4Editor-Core.dll!UnknownFunction []
[2018.07.29-12.01.42:855][256]LogWindows: Error: [Callstack] 0x00000000A2D33CC9 UE4Editor-RenderCore.dll!UnknownFunction []
[2018.07.29-12.01.42:855][256]LogWindows: Error: [Callstack] 0x00000000A2D34CF6 UE4Editor-RenderCore.dll!UnknownFunction []
[2018.07.29-12.01.42:855][256]LogWindows: Error: [Callstack] 0x0000000081C59FFC UE4Editor-Core.dll!UnknownFunction []
[2018.07.29-12.01.42:855][256]LogWindows: Error: [Callstack] 0x0000000081C4ED63 UE4Editor-Core.dll!UnknownFunction []
[2018.07.29-12.01.42:855][256]LogWindows: Error: [Callstack] 0x00000000D1163034 KERNEL32.DLL!UnknownFunction []
[2018.07.29-12.01.42:855][256]LogWindows: Error: [Callstack] 0x00000000D2111431 ntdll.dll!UnknownFunction []
[2018.07.29-12.01.42:855][256]LogWindows: Error: [Callstack] 0x00000000D2111431 ntdll.dll!UnknownFunction []
[2018.07.29-12.01.42:855][256]LogWindows: Error: 
[2018.07.29-12.01.42:855][256]LogWindows: Error: 
[2018.07.29-12.01.42:855][256]LogWindows: Error: 
[2018.07.29-12.01.42:855][256]LogWindows: Error: 
[2018.07.29-12.01.42:880][256]LogExit: Executing StaticShutdownAfterError
[2018.07.29-12.01.42:940][256]LogWindows: FPlatformMisc::RequestExit(1)
[2018.07.29-12.01.43:000][256]Log file closed, 07/29/18 17:31:43
