Log file open, 07/25/18 20:29:19
LogWindows: Failed to load 'aqProf.dll' (GetLastError=126)
LogWindows: File 'aqProf.dll' does not exist
LogWindows: Failed to load 'VtuneApi.dll' (GetLastError=126)
LogWindows: File 'VtuneApi.dll' does not exist
LogWindows: Failed to load 'VtuneApi32e.dll' (GetLastError=126)
LogWindows: File 'VtuneApi32e.dll' does not exist
LogInit: Display: Running engine for game: Pinball
LogPlatformFile: Not using cached read wrapper
LogInit: Display: RandInit(-153721009) SRandInit(-153721009).
LogInit: Read version file with build ID '3944462'
LogInit: Overriding engine version to CL 4033788, compatible CL 3944462
LogInit: Registered custom module enumerator with build ID '3944462'
LogTaskGraph: Started task graph with 5 named threads and 11 total threads with 3 sets of task threads.
LogStats: Stats thread started at 3.220303
LogD3D11RHI: Aftermath initialized
LogICUInternationalization: Display: ICU TimeZone Detection - Raw Offset: +5:30, Platform Override: ''
LogModuleManager: Display: Found up-to-date module file ../../../Engine/Plugins/2D/Paper2D/Binaries/Win64/UE4Editor-Paper2D.dll (API version 3944462).
LogModuleManager: Display: Found up-to-date module file ../../../Engine/Plugins/2D/Paper2D/Binaries/Win64/UE4Editor-Paper2DEditor.dll (API version 3944462).
LogModuleManager: Display: Found up-to-date module file ../../../Engine/Plugins/2D/Paper2D/Binaries/Win64/UE4Editor-PaperSpriteSheetImporter.dll (API version 3944462).
LogModuleManager: Display: Found up-to-date module file ../../../Engine/Plugins/2D/Paper2D/Binaries/Win64/UE4Editor-PaperTiledImporter.dll (API version 3944462).
LogModuleManager: Display: Found up-to-date module file ../../../Engine/Plugins/2D/Paper2D/Binaries/Win64/UE4Editor-SmartSnapping.dll (API version 3944462).
LogModuleManager: Display: Found up-to-date module file ../../../Engine/Plugins/Blendables/LightPropagationVolume/Binaries/Win64/UE4Editor-LightPropagationVolumeRuntime.dll (API version 3944462).
LogModuleManager: Display: Found up-to-date module file ../../../Engine/Plugins/Blendables/LightPropagationVolume/Binaries/Win64/UE4Editor-LightPropagationVolumeEditor.dll (API version 3944462).
LogModuleManager: Display: Found up-to-date module file ../../../Engine/Plugins/Developer/CLionSourceCodeAccess/Binaries/Win64/UE4Editor-CLionSourceCodeAccess.dll (API version 3944462).
LogModuleManager: Display: Found up-to-date module file ../../../Engine/Plugins/Developer/GitSourceControl/Binaries/Win64/UE4Editor-GitSourceControl.dll (API version 3944462).
LogModuleManager: Display: Found up-to-date module file ../../../Engine/Plugins/Developer/PerforceSourceControl/Binaries/Win64/UE4Editor-PerforceSourceControl.dll (API version 3944462).
LogModuleManager: Display: Found up-to-date module file ../../../Engine/Plugins/Developer/SubversionSourceControl/Binaries/Win64/UE4Editor-SubversionSourceControl.dll (API version 3944462).
LogModuleManager: Display: Found up-to-date module file ../../../Engine/Plugins/Developer/UObjectPlugin/Binaries/Win64/UE4Editor-UObjectPlugin.dll (API version 3944462).
LogModuleManager: Display: Found up-to-date module file ../../../Engine/Plugins/Developer/VisualStudioCodeSourceCodeAccess/Binaries/Win64/UE4Editor-VisualStudioCodeSourceCodeAccess.dll (API version 3944462).
LogModuleManager: Display: Found up-to-date module file ../../../Engine/Plugins/Developer/VisualStudioSourceCodeAccess/Binaries/Win64/UE4Editor-VisualStudioSourceCodeAccess.dll (API version 3944462).
LogModuleManager: Display: Found up-to-date module file ../../../Engine/Plugins/Editor/AssetManagerEditor/Binaries/Win64/UE4Editor-AssetManagerEditor.dll (API version 3944462).
LogModuleManager: Display: Found up-to-date module file ../../../Engine/Plugins/Editor/CryptoKeys/Binaries/Win64/UE4Editor-CryptoKeys.dll (API version 3944462).
LogModuleManager: Display: Found up-to-date module file ../../../Engine/Plugins/Editor/CryptoKeys/Binaries/Win64/UE4Editor-CryptoKeysOpenSSL.dll (API version 3944462).
LogModuleManager: Display: Found up-to-date module file ../../../Engine/Plugins/Editor/DataValidation/Binaries/Win64/UE4Editor-DataValidation.dll (API version 3944462).
LogModuleManager: Display: Found up-to-date module file ../../../Engine/Plugins/Editor/FacialAnimation/Binaries/Win64/UE4Editor-FacialAnimation.dll (API version 3944462).
LogModuleManager: Display: Found up-to-date module file ../../../Engine/Plugins/Editor/FacialAnimation/Binaries/Win64/UE4Editor-FacialAnimationEditor.dll (API version 3944462).
LogModuleManager: Display: Found up-to-date module file ../../../Engine/Plugins/Editor/GameplayTagsEditor/Binaries/Win64/UE4Editor-GameplayTagsEditor.dll (API version 3944462).
LogModuleManager: Display: Found up-to-date module file ../../../Engine/Plugins/Editor/MobileLauncherProfileWizard/Binaries/Win64/UE4Editor-MobileLauncherProfileWizard.dll (API version 3944462).
LogModuleManager: Display: Found up-to-date module file ../../../Engine/Plugins/Editor/PluginBrowser/Binaries/Win64/UE4Editor-PluginBrowser.dll (API version 3944462).
LogModuleManager: Display: Found up-to-date module file ../../../Engine/Plugins/Editor/SpeedTreeImporter/Binaries/Win64/UE4Editor-SpeedTreeImporter.dll (API version 3944462).
LogModuleManager: Display: Found up-to-date module file ../../../Engine/Plugins/Enterprise/DatasmithContent/Binaries/Win64/UE4Editor-DatasmithContent.dll (API version 3944462).
LogModuleManager: Display: Found up-to-date module file ../../../Engine/Plugins/Experimental/AlembicImporter/Binaries/Win64/UE4Editor-AlembicImporter.dll (API version 3944462).
LogModuleManager: Display: Found up-to-date module file ../../../Engine/Plugins/Experimental/AlembicImporter/Binaries/Win64/UE4Editor-AlembicLibrary.dll (API version 3944462).
LogModuleManager: Display: Found up-to-date module file ../../../Engine/Plugins/Experimental/CharacterAI/Binaries/Win64/UE4Editor-CharacterAI.dll (API version 3944462).
LogModuleManager: Display: Found up-to-date module file ../../../Engine/Plugins/Experimental/HTML5Networking/Binaries/Win64/UE4Editor-HTML5Networking.dll (API version 3944462).
LogModuleManager: Display: Found up-to-date module file ../../../Engine/Plugins/Media/AndroidMedia/Binaries/Win64/UE4Editor-AndroidMediaEditor.dll (API version 3944462).
LogModuleManager: Display: Found up-to-date module file ../../../Engine/Plugins/Media/AndroidMedia/Binaries/Win64/UE4Editor-AndroidMediaFactory.dll (API version 3944462).
LogModuleManager: Display: Found up-to-date module file ../../../Engine/Plugins/Media/AvfMedia/Binaries/Win64/UE4Editor-AvfMediaEditor.dll (API version 3944462).
LogModuleManager: Display: Found up-to-date module file ../../../Engine/Plugins/Media/AvfMedia/Binaries/Win64/UE4Editor-AvfMediaFactory.dll (API version 3944462).
LogModuleManager: Display: Found up-to-date module file ../../../Engine/Plugins/Media/AvfMedia/Binaries/Win64/UE4Editor-AvfMediaFactory.dll (API version 3944462).
LogModuleManager: Display: Found up-to-date module file ../../../Engine/Plugins/Media/ImgMedia/Binaries/Win64/UE4Editor-ImgMedia.dll (API version 3944462).
LogModuleManager: Display: Found up-to-date module file ../../../Engine/Plugins/Media/ImgMedia/Binaries/Win64/UE4Editor-ImgMediaEditor.dll (API version 3944462).
LogModuleManager: Display: Found up-to-date module file ../../../Engine/Plugins/Media/ImgMedia/Binaries/Win64/UE4Editor-ImgMediaFactory.dll (API version 3944462).
LogModuleManager: Display: Found up-to-date module file ../../../Engine/Plugins/Media/ImgMedia/Binaries/Win64/UE4Editor-ImgMediaFactory.dll (API version 3944462).
LogModuleManager: Display: Found up-to-date module file ../../../Engine/Plugins/Media/ImgMedia/Binaries/Win64/UE4Editor-OpenExrWrapper.dll (API version 3944462).
LogModuleManager: Display: Found up-to-date module file ../../../Engine/Plugins/Media/LinearTimecode/Binaries/Win64/UE4Editor-LinearTimecode.dll (API version 3944462).
LogModuleManager: Display: Found up-to-date module file ../../../Engine/Plugins/Media/MediaCompositing/Binaries/Win64/UE4Editor-MediaCompositing.dll (API version 3944462).
LogModuleManager: Display: Found up-to-date module file ../../../Engine/Plugins/Media/MediaCompositing/Binaries/Win64/UE4Editor-MediaCompositingEditor.dll (API version 3944462).
LogModuleManager: Display: Found up-to-date module file ../../../Engine/Plugins/Media/MediaPlayerEditor/Binaries/Win64/UE4Editor-MediaPlayerEditor.dll (API version 3944462).
LogModuleManager: Display: Found up-to-date module file ../../../Engine/Plugins/Media/WmfMedia/Binaries/Win64/UE4Editor-WmfMedia.dll (API version 3944462).
LogModuleManager: Display: Found up-to-date module file ../../../Engine/Plugins/Media/WmfMedia/Binaries/Win64/UE4Editor-WmfMediaEditor.dll (API version 3944462).
LogModuleManager: Display: Found up-to-date module file ../../../Engine/Plugins/Media/WmfMedia/Binaries/Win64/UE4Editor-WmfMediaFactory.dll (API version 3944462).
LogModuleManager: Display: Found up-to-date module file ../../../Engine/Plugins/Media/WmfMedia/Binaries/Win64/UE4Editor-WmfMediaFactory.dll (API version 3944462).
LogModuleManager: Display: Found up-to-date module file ../../../Engine/Plugins/Messaging/TcpMessaging/Binaries/Win64/UE4Editor-TcpMessaging.dll (API version 3944462).
LogModuleManager: Display: Found up-to-date module file ../../../Engine/Plugins/Messaging/UdpMessaging/Binaries/Win64/UE4Editor-UdpMessaging.dll (API version 3944462).
LogModuleManager: Display: Found up-to-date module file ../../../Engine/Plugins/MovieScene/ActorSequence/Binaries/Win64/UE4Editor-ActorSequence.dll (API version 3944462).
LogModuleManager: Display: Found up-to-date module file ../../../Engine/Plugins/MovieScene/LevelSequenceEditor/Binaries/Win64/UE4Editor-LevelSequenceEditor.dll (API version 3944462).
LogModuleManager: Display: Found up-to-date module file ../../../Engine/Plugins/MovieScene/MatineeToLevelSequence/Binaries/Win64/UE4Editor-MatineeToLevelSequence.dll (API version 3944462).
LogModuleManager: Display: Found up-to-date module file ../../../Engine/Plugins/NetcodeUnitTest/NetcodeUnitTest/Binaries/Win64/UE4Editor-NetcodeUnitTest.dll (API version 3944462).
LogModuleManager: Display: Found up-to-date module file ../../../Engine/Plugins/NetcodeUnitTest/NUTUnrealEngine4/Binaries/Win64/UE4Editor-NUTUnrealEngine4.dll (API version 3944462).
LogModuleManager: Display: Found up-to-date module file ../../../Engine/Plugins/Online/OnlineSubsystem/Binaries/Win64/UE4Editor-OnlineSubsystem.dll (API version 3944462).
LogModuleManager: Display: Found up-to-date module file ../../../Engine/Plugins/Runtime/AndroidPermission/Binaries/Win64/UE4Editor-AndroidPermission.dll (API version 3944462).
LogModuleManager: Display: Found up-to-date module file ../../../Engine/Plugins/Online/OnlineSubsystemNull/Binaries/Win64/UE4Editor-OnlineSubsystemNull.dll (API version 3944462).
LogModuleManager: Display: Found up-to-date module file ../../../Engine/Plugins/Online/OnlineSubsystemUtils/Binaries/Win64/UE4Editor-OnlineSubsystemUtils.dll (API version 3944462).
LogModuleManager: Display: Found up-to-date module file ../../../Engine/Plugins/Online/OnlineSubsystemUtils/Binaries/Win64/UE4Editor-OnlineBlueprintSupport.dll (API version 3944462).
LogModuleManager: Display: Found up-to-date module file ../../../Engine/Plugins/Runtime/AndroidDeviceProfileSelector/Binaries/Win64/UE4Editor-AndroidDeviceProfileSelector.dll (API version 3944462).
LogModuleManager: Display: Found up-to-date module file ../../../Engine/Plugins/Runtime/AppleARKit/Binaries/Win64/UE4Editor-AppleARKit.dll (API version 3944462).
LogModuleManager: Display: Found up-to-date module file ../../../Engine/Plugins/Runtime/ProceduralMeshComponent/Binaries/Win64/UE4Editor-ProceduralMeshComponent.dll (API version 3944462).
LogModuleManager: Display: Found up-to-date module file ../../../Engine/Plugins/Runtime/ProceduralMeshComponent/Binaries/Win64/UE4Editor-ProceduralMeshComponentEditor.dll (API version 3944462).
LogModuleManager: Display: Found up-to-date module file ../../../Engine/Plugins/Animation/LiveLink/Binaries/Win64/UE4Editor-LiveLink.dll (API version 3944462).
LogModuleManager: Display: Found up-to-date module file ../../../Engine/Plugins/Animation/LiveLink/Binaries/Win64/UE4Editor-LiveLinkEditor.dll (API version 3944462).
LogModuleManager: Display: Found up-to-date module file ../../../Engine/Plugins/Runtime/ArchVisCharacter/Binaries/Win64/UE4Editor-ArchVisCharacter.dll (API version 3944462).
LogModuleManager: Display: Found up-to-date module file ../../../Engine/Plugins/Runtime/AudioCapture/Binaries/Win64/UE4Editor-AudioCapture.dll (API version 3944462).
LogModuleManager: Display: Found up-to-date module file ../../../Engine/Plugins/Runtime/AudioCapture/Binaries/Win64/UE4Editor-AudioCaptureEditor.dll (API version 3944462).
LogModuleManager: Display: Found up-to-date module file ../../../Engine/Plugins/Runtime/CableComponent/Binaries/Win64/UE4Editor-CableComponent.dll (API version 3944462).
LogModuleManager: Display: Found up-to-date module file ../../../Engine/Plugins/Runtime/CustomMeshComponent/Binaries/Win64/UE4Editor-CustomMeshComponent.dll (API version 3944462).
LogModuleManager: Display: Found up-to-date module file ../../../Engine/Plugins/Runtime/ExampleDeviceProfileSelector/Binaries/Win64/UE4Editor-ExampleDeviceProfileSelector.dll (API version 3944462).
LogModuleManager: Display: Found up-to-date module file ../../../Engine/Plugins/Runtime/ImmediatePhysics/Binaries/Win64/UE4Editor-ImmediatePhysics.dll (API version 3944462).
LogModuleManager: Display: Found up-to-date module file ../../../Engine/Plugins/Runtime/ImmediatePhysics/Binaries/Win64/UE4Editor-ImmediatePhysicsEditor.dll (API version 3944462).
LogModuleManager: Display: Found up-to-date module file ../../../Engine/Plugins/Runtime/LocationServicesBPLibrary/Binaries/Win64/UE4Editor-LocationServicesBPLibrary.dll (API version 3944462).
LogModuleManager: Display: Found up-to-date module file ../../../Engine/Plugins/Runtime/MobilePatchingUtils/Binaries/Win64/UE4Editor-MobilePatchingUtils.dll (API version 3944462).
LogModuleManager: Display: Found up-to-date module file ../../../Engine/Plugins/Runtime/Oculus/OculusVR/Binaries/Win64/UE4Editor-OculusHMD.dll (API version 3944462).
LogModuleManager: Display: Found up-to-date module file ../../../Engine/Plugins/Runtime/Oculus/OculusVR/Binaries/Win64/UE4Editor-OculusInput.dll (API version 3944462).
LogModuleManager: Display: Found up-to-date module file ../../../Engine/Plugins/Runtime/Oculus/OculusVR/Binaries/Win64/UE4Editor-OculusEditor.dll (API version 3944462).
LogModuleManager: Display: Found up-to-date module file ../../../Engine/Plugins/Runtime/PhysXVehicles/Binaries/Win64/UE4Editor-PhysXVehicles.dll (API version 3944462).
LogModuleManager: Display: Found up-to-date module file ../../../Engine/Plugins/Runtime/PhysXVehicles/Binaries/Win64/UE4Editor-PhysXVehiclesEditor.dll (API version 3944462).
LogModuleManager: Display: Found up-to-date module file ../../../Engine/Plugins/Runtime/RuntimePhysXCooking/Binaries/Win64/UE4Editor-RuntimePhysXCooking.dll (API version 3944462).
LogModuleManager: Display: Found up-to-date module file ../../../Engine/Plugins/Runtime/Steam/SteamVR/Binaries/Win64/UE4Editor-SteamVR.dll (API version 3944462).
LogModuleManager: Display: Found up-to-date module file ../../../Engine/Plugins/Runtime/Steam/SteamVR/Binaries/Win64/UE4Editor-SteamVRController.dll (API version 3944462).
LogModuleManager: Display: Found up-to-date module file ../../../Engine/Plugins/Runtime/WindowsMoviePlayer/Binaries/Win64/UE4Editor-WindowsMoviePlayer.dll (API version 3944462).
LogPluginManager: Mounting plugin Paper2D
LogPluginManager: Mounting plugin LiveLink
LogPluginManager: Mounting plugin LightPropagationVolume
LogPluginManager: Mounting plugin CLionSourceCodeAccess
LogPluginManager: Mounting plugin CodeLiteSourceCodeAccess
LogPluginManager: Mounting plugin GitSourceControl
LogPluginManager: Mounting plugin KDevelopSourceCodeAccess
LogPluginManager: Mounting plugin NullSourceCodeAccess
LogPluginManager: Mounting plugin PerforceSourceControl
LogPluginManager: Mounting plugin SubversionSourceControl
LogPluginManager: Mounting plugin UObjectPlugin
LogPluginManager: Mounting plugin VisualStudioCodeSourceCodeAccess
LogPluginManager: Mounting plugin VisualStudioSourceCodeAccess
LogPluginManager: Mounting plugin XCodeSourceCodeAccess
LogPluginManager: Mounting plugin AssetManagerEditor
LogPluginManager: Mounting plugin CryptoKeys
LogPluginManager: Mounting plugin DataValidation
LogPluginManager: Mounting plugin FacialAnimation
LogPluginManager: Mounting plugin GameplayTagsEditor
LogPluginManager: Mounting plugin MobileLauncherProfileWizard
LogPluginManager: Mounting plugin PluginBrowser
LogPluginManager: Mounting plugin SpeedTreeImporter
LogPluginManager: Mounting plugin DatasmithContent
LogPluginManager: Mounting plugin AlembicImporter
LogPluginManager: Mounting plugin CharacterAI
LogPluginManager: Mounting plugin HTML5Networking
LogPluginManager: Mounting plugin AndroidMedia
LogPluginManager: Mounting plugin AvfMedia
LogPluginManager: Mounting plugin ImgMedia
LogPluginManager: Mounting plugin LinearTimecode
LogPluginManager: Mounting plugin MediaCompositing
LogPluginManager: Mounting plugin MediaPlayerEditor
LogPluginManager: Mounting plugin WmfMedia
LogPluginManager: Mounting plugin TcpMessaging
LogPluginManager: Mounting plugin UdpMessaging
LogPluginManager: Mounting plugin ActorSequence
LogPluginManager: Mounting plugin LevelSequenceEditor
LogPluginManager: Mounting plugin MatineeToLevelSequence
LogPluginManager: Mounting plugin NetcodeUnitTest
LogPluginManager: Mounting plugin NUTUnrealEngine4
LogPluginManager: Mounting plugin OnlineSubsystemGooglePlay
LogPluginManager: Mounting plugin OnlineSubsystemIOS
LogPluginManager: Mounting plugin OnlineSubsystem
LogPluginManager: Mounting plugin OnlineSubsystemNull
LogPluginManager: Mounting plugin OnlineSubsystemUtils
LogPluginManager: Mounting plugin AndroidDeviceProfileSelector
LogPluginManager: Mounting plugin AndroidMoviePlayer
LogPluginManager: Mounting plugin AndroidPermission
LogPluginManager: Mounting plugin AppleARKit
LogPluginManager: Mounting plugin AppleMoviePlayer
LogPluginManager: Mounting plugin ArchVisCharacter
LogPluginManager: Mounting plugin AudioCapture
LogPluginManager: Mounting plugin CableComponent
LogPluginManager: Mounting plugin CustomMeshComponent
LogPluginManager: Mounting plugin ExampleDeviceProfileSelector
LogPluginManager: Mounting plugin GoogleCloudMessaging
LogPluginManager: Mounting plugin ImmediatePhysics
LogPluginManager: Mounting plugin IOSDeviceProfileSelector
LogPluginManager: Mounting plugin LinuxDeviceProfileSelector
LogPluginManager: Mounting plugin LocationServicesBPLibrary
LogPluginManager: Mounting plugin MobilePatchingUtils
LogPluginManager: Mounting plugin OculusVR
LogPluginManager: Plugin shader directory ../../../Engine/Plugins/Runtime/Oculus/OculusVR/Shaders found
LogPluginManager: Mapping shader source directory ../../../Engine/Plugins/Runtime/Oculus/OculusVR/Shaders to virtual directory /Plugin/OculusVR
LogPluginManager: Mounting plugin PhysXVehicles
LogPluginManager: Mounting plugin ProceduralMeshComponent
LogPluginManager: Mounting plugin RuntimePhysXCooking
LogPluginManager: Mounting plugin SteamVR
LogPluginManager: Mounting plugin WindowsMoviePlayer
LogStreaming: Display: Took  3.991s to configure plugins.
LogInit: Using libcurl 7.47.1
LogInit:  - built for x86_64-pc-win32
LogInit:  - supports SSL with OpenSSL/1.0.2g
LogInit:  - supports HTTP deflate (compression) using libz 1.2.8
LogInit:  - other features:
LogInit:      CURL_VERSION_SSL
LogInit:      CURL_VERSION_LIBZ
LogInit:      CURL_VERSION_IPV6
LogInit:      CURL_VERSION_ASYNCHDNS
LogInit:      CURL_VERSION_LARGEFILE
LogInit:      CURL_VERSION_IDN
LogInit:  CurlRequestOptions (configurable via config and command line):
LogInit:  - bVerifyPeer = false  - Libcurl will NOT verify peer certificate
LogInit:  - bUseHttpProxy = false  - Libcurl will NOT use HTTP proxy
LogInit:  - bDontReuseConnections = false  - Libcurl will reuse connections
LogInit:  - CertBundlePath = nullptr  - Libcurl will use whatever was configured at build time.
LogInit:  - MaxHostConnections = 16  - Libcurl will limit the number of connections to a host
LogInit:  - LocalHostAddr = Default
LogInit: WinSock: version 1.1 (2.2), MaxSocks=32767, MaxUdp=65467
LogInit: WinSock: I am LAPTOP-SNI5BBA7 (192.168.0.21:0)
LogInit: Build: ++UE4+Release-4.19-CL-4033788
LogInit: Engine Version: 4.19.2-4033788+++UE4+Release-4.19
LogInit: Compatible Engine Version: 4.19.0-3944462+++UE4+Release-4.19
LogInit: Net CL: 3944462
LogDevObjectVersion: Number of dev versions registered: 18
LogDevObjectVersion:   Dev-Blueprints (B0D832E4-1F89-4F0D-ACCF-7EB736FD4AA2): 10
LogDevObjectVersion:   Dev-Build (E1C64328-A22C-4D53-A36C-8E866417BD8C): 0
LogDevObjectVersion:   Dev-Core (375EC13C-06E4-48FB-B500-84F0262A717E): 2
LogDevObjectVersion:   Dev-Editor (E4B068ED-F494-42E9-A231-DA0B2E46BB41): 23
LogDevObjectVersion:   Dev-Framework (CFFC743F-43B0-4480-9391-14DF171D2073): 33
LogDevObjectVersion:   Dev-Mobile (B02B49B5-BB20-44E9-A304-32B752E40360): 2
LogDevObjectVersion:   Dev-Networking (A4E4105C-59A1-49B5-A7C5-40C4547EDFEE): 0
LogDevObjectVersion:   Dev-Online (39C831C9-5AE6-47DC-9A44-9C173E1C8E7C): 0
LogDevObjectVersion:   Dev-Physics (78F01B33-EBEA-4F98-B9B4-84EACCB95AA2): 0
LogDevObjectVersion:   Dev-Platform (6631380F-2D4D-43E0-8009-CF276956A95A): 0
LogDevObjectVersion:   Dev-Rendering (12F88B9F-8875-4AFC-A67C-D90C383ABD29): 25
LogDevObjectVersion:   Dev-Sequencer (7B5AE74C-D270-4C10-A958-57980B212A5A): 6
LogDevObjectVersion:   Dev-VR (D7296918-1DD6-4BDD-9DE2-64A83CC13884): 1
LogDevObjectVersion:   Dev-LoadTimes (C2A15278-BFE7-4AFE-6C17-90FF531DF755): 1
LogDevObjectVersion:   Private-Geometry (6EACA3D4-40EC-4CC1-B786-8BED09428FC5): 2
LogDevObjectVersion:   Dev-AnimPhys (29E575DD-E0A3-4627-9D10-D276232CDCEA): 16
LogDevObjectVersion:   Dev-ReflectionCapture (6B266CEC-1EC7-4B8F-A30B-E4D90942FC07): 1
LogDevObjectVersion:   Dev-Automation (0DF73D61-A23F-47EA-B727-89E90C41499A): 1
LogInit: Compiled (64-bit): Apr 27 2018 02:06:57
LogInit: Compiled with Visual C++: 19.00.24215.01
LogInit: Build Configuration: Development
LogInit: Branch Name: ++UE4+Release-4.19
LogInit: Command Line:  
LogInit: Base Directory: C:/Program Files/Epic Games/UE_4.19/Engine/Binaries/Win64/
LogInit: Installed Engine Build: 1
LogStreaming: Display: Took  0.004s to delete old logs.
LogInit: Presizing for max 8388607 objects, including 0 objects not considered by GC, pre-allocating 0 bytes for permanent pool.
LogInit: Object subsystem initialized
[2018.07.25-14.59.24:791][  0]LogInit: Selected Device Profile: [Windows]
[2018.07.25-14.59.24:791][  0]LogInit: Applying CVar settings loaded from the selected device profile: [Windows]
[2018.07.25-14.59.24:941][  0]LogInit: Computer: LAPTOP-SNI5BBA7
[2018.07.25-14.59.24:941][  0]LogInit: User: Shweta
[2018.07.25-14.59.24:941][  0]LogInit: CPU Page size=4096, Cores=2
[2018.07.25-14.59.24:941][  0]LogInit: High frequency timer resolution =2.835940 MHz
[2018.07.25-14.59.24:942][  0]LogMemory: Memory total: Physical=7.9GB (8GB approx)
[2018.07.25-14.59.24:942][  0]LogMemory: Platform Memory Stats for Windows
[2018.07.25-14.59.24:942][  0]LogMemory: Process Physical Memory: 273.00 MB used, 273.00 MB peak
[2018.07.25-14.59.24:942][  0]LogMemory: Process Virtual Memory: 270.13 MB used, 270.13 MB peak
[2018.07.25-14.59.24:942][  0]LogMemory: Physical Memory: 6068.36 MB used,  2006.05 MB free, 8074.41 MB total
[2018.07.25-14.59.24:942][  0]LogMemory: Virtual Memory: 4785.95 MB used,  2006.05 MB free, 134217728.00 MB total
[2018.07.25-14.59.26:073][  0]LogInit: Using OS detected language (en-US).
[2018.07.25-14.59.26:073][  0]LogInit: Using OS detected locale (en-US).
[2018.07.25-14.59.26:453][  0]LogTextLocalizationManager: No specific localization for 'en-US' exists, so the 'en' localization will be used.
[2018.07.25-14.59.27:504][  0]LogStreaming: Display: Took  1.447s to EndInitTextLocalization.
[2018.07.25-14.59.27:525][  0]LogInit: Setting process to per monitor DPI aware
[2018.07.25-14.59.28:227][  0]LogSlate: New Slate User Created.  User Index 0, Is Virtual User: 0
[2018.07.25-14.59.28:227][  0]LogSlate: Slate User Registered.  User Index 0, Is Virtual User: 0
[2018.07.25-14.59.33:609][  0]LogD3D11RHI: D3D11 adapters:
[2018.07.25-14.59.33:703][  0]LogD3D11RHI:    0. 'Intel(R) HD Graphics 620' (Feature Level 11_0)
[2018.07.25-14.59.33:703][  0]LogD3D11RHI:       128/0/4037 MB DedicatedVideo/DedicatedSystem/SharedSystem, Outputs:1, VendorId:0x8086
[2018.07.25-14.59.33:759][  0]LogD3D11RHI:    1. 'Microsoft Basic Render Driver' (Feature Level 11_0)
[2018.07.25-14.59.33:759][  0]LogD3D11RHI:       0/0/4037 MB DedicatedVideo/DedicatedSystem/SharedSystem, Outputs:0, VendorId:0x1414
[2018.07.25-14.59.33:759][  0]LogD3D11RHI: Chosen D3D11 Adapter: 0
[2018.07.25-14.59.33:795][  0]LogD3D11RHI: Creating new Direct3DDevice
[2018.07.25-14.59.33:795][  0]LogD3D11RHI:     GPU DeviceId: 0x5916 (for the marketing name, search the web for "GPU Device Id")
[2018.07.25-14.59.33:795][  0]LogWindows: EnumDisplayDevices:
[2018.07.25-14.59.33:796][  0]LogWindows:    0. 'Intel(R) HD Graphics 620' (P:1 D:1)
[2018.07.25-14.59.33:796][  0]LogWindows:    1. 'Intel(R) HD Graphics 620' (P:0 D:0)
[2018.07.25-14.59.33:797][  0]LogWindows:    2. 'Intel(R) HD Graphics 620' (P:0 D:0)
[2018.07.25-14.59.33:797][  0]LogWindows: DebugString: GetVideoDriverDetailsInvalid PrimaryIsNotTheChoosenAdapter GetVideoDriverDetailsInvalid PrimaryIsNotTheChoosenAdapter GetVideoDriverDetailsInvalid PrimaryIsNotTheChoosenAdapter FoundDriverCount:0 
[2018.07.25-14.59.33:797][  0]LogD3D11RHI:     Adapter Name: Intel(R) HD Graphics 620
[2018.07.25-14.59.33:814][  0]LogD3D11RHI:   Driver Version: Unknown (internal:Unknown, unified:Unknown)
[2018.07.25-14.59.33:815][  0]LogD3D11RHI:      Driver Date: Unknown
[2018.07.25-14.59.33:823][  0]LogRHI: Texture pool is 1502 MB (70% of 2146 MB)
[2018.07.25-14.59.33:840][  0]LogD3D11RHI: Async texture creation enabled
[2018.07.25-14.59.33:912][  0]LogD3D11RHI: GPU Timing Frequency: 12.000000 (Debug: 2 0)
[2018.07.25-14.59.33:939][  0]LogShaderCompilers: Guid format shader working directory is -36 characters bigger than the processId version (../../../../../../Users/Shweta/Documents/GitHub/theshwetapatil/Pinball-UE4/Pinball/Intermediate/Shaders/WorkingDirectory/16280/).
[2018.07.25-14.59.33:940][  0]LogShaderCompilers: Cleaned the shader compiler working directory 'C:/Users/Shweta/AppData/Local/Temp/UnrealShaderWorkingDir/2C8DE8CB486AD9D7A3ED878B47B191E8/'.
[2018.07.25-14.59.36:497][  0]LogTemp: Display: Loaded TP AllDesktopTargetPlatform
[2018.07.25-14.59.36:569][  0]LogTemp: Display: Loaded TP MacClientTargetPlatform
[2018.07.25-14.59.36:628][  0]LogTemp: Display: Loaded TP MacNoEditorTargetPlatform
[2018.07.25-14.59.36:716][  0]LogTemp: Display: Loaded TP MacServerTargetPlatform
[2018.07.25-14.59.36:851][  0]LogTemp: Display: Loaded TP MacTargetPlatform
[2018.07.25-14.59.36:932][  0]LogTemp: Display: Loaded TP WindowsClientTargetPlatform
[2018.07.25-14.59.36:999][  0]LogTemp: Display: Loaded TP WindowsNoEditorTargetPlatform
[2018.07.25-14.59.37:078][  0]LogTemp: Display: Loaded TP WindowsServerTargetPlatform
[2018.07.25-14.59.37:113][  0]LogTemp: Display: Loaded TP WindowsTargetPlatform
[2018.07.25-14.59.37:141][  0]LogTemp: Display: Loaded TP Android_ASTCTargetPlatform
[2018.07.25-14.59.37:182][  0]LogTemp: Display: Loaded TP Android_ATCTargetPlatform
[2018.07.25-14.59.37:215][  0]LogTemp: Display: Loaded TP Android_DXTTargetPlatform
[2018.07.25-14.59.37:249][  0]LogTemp: Display: Loaded TP Android_ETC1aTargetPlatform
[2018.07.25-14.59.37:287][  0]LogTemp: Display: Loaded TP Android_ETC1TargetPlatform
[2018.07.25-14.59.37:327][  0]LogTemp: Display: Loaded TP Android_ETC2TargetPlatform
[2018.07.25-14.59.37:396][  0]LogTemp: Display: Loaded TP Android_MultiTargetPlatform
[2018.07.25-14.59.37:396][  0]LogTemp: Display: Loaded TP Android_PVRTCTargetPlatform
[2018.07.25-14.59.37:446][  0]LogTemp: Display: Loaded TP AndroidTargetPlatform
[2018.07.25-14.59.37:479][  0]LogTemp: Display: Loaded TP HTML5TargetPlatform
[2018.07.25-14.59.37:682][  0]LogTemp: Display: Loaded TP IOSTargetPlatform
[2018.07.25-14.59.37:717][  0]LogTemp: Display: Loaded TP TVOSTargetPlatform
[2018.07.25-14.59.37:775][  0]LogTemp: Display: Loaded TP LinuxClientTargetPlatform
[2018.07.25-14.59.37:819][  0]LogTemp: Display: Loaded TP LinuxNoEditorTargetPlatform
[2018.07.25-14.59.37:854][  0]LogTemp: Display: Loaded TP LinuxServerTargetPlatform
[2018.07.25-14.59.37:939][  0]LogTemp: Display: Loaded TP LinuxTargetPlatform
[2018.07.25-14.59.37:939][  0]LogTargetPlatformManager: Display: Building Assets For Windows
[2018.07.25-14.59.39:016][  0]LogXGEController: Cleaning working directory: C:/Users/Shweta/AppData/Local/Temp/UnrealXGEWorkingDir/
[2018.07.25-14.59.39:016][  0]LogXGEController: Cannot use XGE Controller as Incredibuild is not installed on this machine.
[2018.07.25-14.59.39:016][  0]LogShaderCompilers: Cannot use XGE Shader Compiler as Incredibuild is not installed on this machine.
[2018.07.25-14.59.39:017][  0]LogShaderCompilers: Display: Using Local Shader Compiler.
[2018.07.25-14.59.44:543][  0]LogDerivedDataCache: Display: Max Cache Size: 512 MB
[2018.07.25-14.59.45:623][  0]LogDerivedDataCache: Loaded boot cache 1.07s 74MB C:/Users/Shweta/AppData/Local/UnrealEngine/4.19/DerivedDataCache/Boot.ddc.
[2018.07.25-14.59.45:623][  0]LogDerivedDataCache: Display: Loaded Boot cache: C:/Users/Shweta/AppData/Local/UnrealEngine/4.19/DerivedDataCache/Boot.ddc
[2018.07.25-14.59.45:624][  0]LogDerivedDataCache: FDerivedDataBackendGraph:  Pak pak cache file ../../../../../../Users/Shweta/Documents/GitHub/theshwetapatil/Pinball-UE4/Pinball/DerivedDataCache/DDC.ddp not found, will not use a pak cache.
[2018.07.25-14.59.45:624][  0]LogDerivedDataCache: Unable to find inner node Pak for hierarchical cache Hierarchy.
[2018.07.25-14.59.45:624][  0]LogDerivedDataCache: FDerivedDataBackendGraph:  CompressedPak pak cache file ../../../../../../Users/Shweta/Documents/GitHub/theshwetapatil/Pinball-UE4/Pinball/DerivedDataCache/Compressed.ddp not found, will not use a pak cache.
[2018.07.25-14.59.45:624][  0]LogDerivedDataCache: Unable to find inner node CompressedPak for hierarchical cache Hierarchy.
[2018.07.25-14.59.45:666][  0]LogDerivedDataCache: Display: Pak cache opened for reading ../../../Engine/DerivedDataCache/Compressed.ddp.
[2018.07.25-14.59.45:680][  0]LogDerivedDataCache: Using Local data cache path C:/Users/Shweta/AppData/Local/UnrealEngine/Common/DerivedDataCache: Writable
[2018.07.25-14.59.45:680][  0]LogDerivedDataCache: Shared data cache path not found in *engine.ini, will not use an Shared cache.
[2018.07.25-14.59.45:680][  0]LogDerivedDataCache: Unable to find inner node Shared for hierarchical cache Hierarchy.
[2018.07.25-14.59.45:701][  0]LogMaterial: Verifying Global Shaders for PCD3D_SM5
[2018.07.25-14.59.45:701][  0]LogSlate: Using Freetype 2.6.0
[2018.07.25-14.59.45:870][  0]LogSlate: SlateFontCache - WITH_FREETYPE: 1, WITH_HARFBUZZ: 1
[2018.07.25-14.59.45:870][  0]LogSlate: SlateFontCache - WITH_FREETYPE: 1, WITH_HARFBUZZ: 1
[2018.07.25-14.59.54:306][  0]LogAssetRegistry: FAssetRegistry took 0.0393 seconds to start up
[2018.07.25-14.59.57:075][  0]LogInit: Selected Device Profile: [Windows]
[2018.07.25-14.59.58:336][  0]LogSimplygon: Simplygon DLL not present - disabling.
[2018.07.25-14.59.58:365][  0]LogMeshReduction: Using SimplygonSwarm for distributed automatic mesh merging
[2018.07.25-14.59.58:365][  0]LogMeshReduction: Using QuadricMeshReduction for automatic static mesh reduction
[2018.07.25-14.59.58:365][  0]LogMeshReduction: No automatic skeletal mesh reduction module available
[2018.07.25-14.59.58:365][  0]LogMeshReduction: No automatic mesh merging module available
[2018.07.25-14.59.58:365][  0]LogMeshMerging: No automatic mesh merging module available
[2018.07.25-14.59.58:457][  0]LogNetVersion: Pinball , NetCL: 3944462, EngineNetVer: 2, GameNetVer: 0 (Checksum: 3476590221)
[2018.07.25-15.00.00:540][  0]LogPackageLocalizationCache: Processed 9 localized package path(s) for 2 prioritized culture(s) in 0.292148 seconds
[2018.07.25-15.00.00:548][  0]LogUObjectArray: 36728 objects as part of root set at end of initial load.
[2018.07.25-15.00.00:548][  0]LogUObjectAllocator: 7314304 out of 0 bytes used by permanent object pool.
[2018.07.25-15.00.00:548][  0]LogUObjectArray: CloseDisregardForGC: 0/0 objects in disregard for GC pool
[2018.07.25-15.00.39:498][  0]LogTcpMessaging: Initializing TcpMessaging bridge
[2018.07.25-15.00.39:595][  0]LogUdpMessaging: Initializing bridge on interface 0.0.0.0:0 to multicast group 230.0.0.1:6666.
[2018.07.25-15.00.41:174][  0]SourceControl: Source control is disabled
[2018.07.25-15.00.41:175][  0]SourceControl: Source control is disabled
[2018.07.25-15.00.41:285][  0]SourceControl: Source control is disabled
[2018.07.25-15.00.41:368][  0]SourceControl: Source control is disabled
[2018.07.25-15.00.43:349][  0]LogAndroidPermission: UAndroidPermissionCallbackProxy::GetInstance
[2018.07.25-15.00.44:086][  0]LogOcInput: OculusInput pre-init called
[2018.07.25-15.00.44:737][  0]LogEngine: Initializing Engine...
[2018.07.25-15.00.44:741][  0]LogHMD: Failed to initialize OpenVR with code 110
[2018.07.25-15.00.44:746][  0]LogStats: UGameplayTagsManager::ConstructGameplayTagTree: Construct from data asset -  0.000 s
[2018.07.25-15.00.44:746][  0]LogStats: UGameplayTagsManager::ConstructGameplayTagTree: GameplayTagTreeChangedEvent.Broadcast -  0.000 s
[2018.07.25-15.00.45:326][  0]LogAIModule: Creating AISystem for world Untitled
[2018.07.25-15.00.45:370][  0]LogInit: XAudio2 using 'Speaker/HP (Realtek High Definition Audio)' : 2 channels at 48 kHz using 32 bits per sample (channel mask 0x3)
[2018.07.25-15.00.45:414][  0]LogInit: FAudioDevice initialized.
[2018.07.25-15.00.45:671][  0]LogDerivedDataCache: Saved boot cache 0.26s 74MB C:/Users/Shweta/AppData/Local/UnrealEngine/4.19/DerivedDataCache/Boot.ddc.
[2018.07.25-15.00.45:712][  0]LogInit: Texture streaming: Enabled
[2018.07.25-15.00.46:032][  0]LogEngineSessionManager: EngineSessionManager initialized
[2018.07.25-15.00.46:169][  0]LogInit: Transaction tracking system initialized
[2018.07.25-15.00.46:534][  0]BlueprintLog: New page: Editor Load
[2018.07.25-15.00.48:040][  0]LocalizationService: Localization service is disabled
[2018.07.25-15.00.49:213][  0]LogConsoleResponse: Display: 
[2018.07.25-15.00.51:211][  0]LogFileCache: Scanning file cache for directory 'C:/Users/Shweta/Documents/GitHub/theshwetapatil/Pinball-UE4/Pinball/Content/' took 0.03s
[2018.07.25-15.00.51:211][  0]LogCook: Display: Max memory allowance for cook 16384mb min free memory 0mb
[2018.07.25-15.00.51:246][  0]LogCook: Display: Mobile HDR setting 1
[2018.07.25-15.00.51:247][  0]LogGameplayTags: Display: UGameplayTagsManager::DoneAddingNativeTags. DelegateIsBound: 0
[2018.07.25-15.00.51:247][  0]LogStats: UGameplayTagsManager::ConstructGameplayTagTree: Construct from data asset -  0.000 s
[2018.07.25-15.00.51:247][  0]LogStats: UGameplayTagsManager::ConstructGameplayTagTree: GameplayTagTreeChangedEvent.Broadcast -  0.000 s
[2018.07.25-15.00.57:839][  0]SourceControl: Source control is disabled
[2018.07.25-15.00.57:839][  0]Cmd: MAP LOAD FILE="../../../Engine/Content/Maps/Templates/Template_Default.umap" TEMPLATE=1 SHOWPROGRESS=1 FEATURELEVEL=3
[2018.07.25-15.00.57:960][  0]LightingResults: New page: Lighting Build
[2018.07.25-15.00.58:093][  0]MapCheck: New page: Map Check
[2018.07.25-15.00.58:093][  0]LightingResults: New page: Lighting Build
[2018.07.25-15.00.59:752][  0]LogAIModule: Creating AISystem for world Untitled_1
[2018.07.25-15.00.59:771][  0]LogEditorServer: Finished looking for orphan Actors (0.000 secs)
[2018.07.25-15.00.59:795][  0]Cmd: MAP CHECKDEP NOCLEARLOG
[2018.07.25-15.00.59:859][  0]MapCheck: Map check complete: 0 Error(s), 0 Warning(s), took 63.434ms to complete.
[2018.07.25-15.00.59:859][  0]LogFileHelpers: Loading map 'Template_Default' took 2.020
[2018.07.25-15.01.01:387][  0]LogCollectionManager: Loaded 0 collections in 0.006530 seconds
[2018.07.25-15.01.02:034][  0]LogFileCache: Scanning file cache for directory 'C:/Users/Shweta/Documents/GitHub/theshwetapatil/Pinball-UE4/Pinball/Saved/Collections/' took 0.01s
[2018.07.25-15.01.02:034][  0]LogFileCache: Scanning file cache for directory 'C:/Users/Shweta/Documents/GitHub/theshwetapatil/Pinball-UE4/Pinball/Content/Developers/Shweta/Collections/' took 0.01s
[2018.07.25-15.01.02:034][  0]LogFileCache: Scanning file cache for directory 'C:/Users/Shweta/Documents/GitHub/theshwetapatil/Pinball-UE4/Pinball/Content/Collections/' took 0.01s
[2018.07.25-15.01.02:034][  0]LogCollectionManager: Rebuilt the GUID cache for 0 collections in 0.000001 seconds
[2018.07.25-15.01.02:088][  0]LogContentBrowser: Native class hierarchy populated in 0.0527 seconds. Added 2452 classes and 558 folders.
[2018.07.25-15.01.02:188][  0]LogContentBrowser: Native class hierarchy updated for 'WidgetCarousel' in 0.0004 seconds. Added 0 classes and 0 folders.
[2018.07.25-15.01.04:014][  0]LogContentBrowser: Native class hierarchy updated for 'AddContentDialog' in 0.0008 seconds. Added 0 classes and 0 folders.
[2018.07.25-15.01.04:072][  0]LogContentBrowser: Native class hierarchy updated for 'SceneOutliner' in 0.0010 seconds. Added 1 classes and 2 folders.
[2018.07.25-15.01.07:401][  0]LogSlate: Only BGRA pngs, bmps or icos are supported in by External Image Picker
[2018.07.25-15.01.07:496][  0]LogSlate: Took 0.047224 seconds to synchronously load lazily loaded font '../../../Engine/Content/Slate/Fonts/Roboto-Regular.ttf' (155K)
[2018.07.25-15.01.07:721][  0]LogSlate: Took 0.225042 seconds to synchronously load lazily loaded font '../../../Engine/Content/Slate/Fonts/Roboto-Bold.ttf' (160K)
[2018.07.25-15.01.07:812][  0]LogSlate: Took 0.085936 seconds to synchronously load lazily loaded font '../../../Engine/Content/Editor/Slate/Fonts/FontAwesome.ttf' (139K)
[2018.07.25-15.01.08:082][  0]LogTemp: Executing iPhonePackager certificates Engine -bundlename com.YourCompany.Pinball
[2018.07.25-15.01.08:082][  0]LogTemp: CWD: C:\Program Files\Epic Games\UE_4.19\Engine\Binaries\DotNET\IOS
[2018.07.25-15.01.08:082][  0]LogTemp: Initial Dir: C:\Program Files\Epic Games\UE_4.19
[2018.07.25-15.01.08:082][  0]LogTemp: Env CWD: C:\Program Files\Epic Games\UE_4.19\Engine\Binaries\DotNET\IOS
[2018.07.25-15.01.08:082][  0]LogTemp: BranchPath = LAPTOP-SNI5BBA7/C/Program Files/Epic Games/UE_4.19/Engine/Binaries --- GameBranchPath = LAPTOP-SNI5BBA7/C/Program Files/Epic Games/UE_4.19/Engine/Binaries
[2018.07.25-15.01.08:082][  0]LogTemp: IPP ERROR: Could not find provision directory 'C:\Users\Shweta\AppData\Local/Apple Computer/MobileDevice/Provisioning Profiles/'.
[2018.07.25-15.01.08:082][  0]LogRenderer: Reallocating scene render targets to support 932x372 Format 10 NumSamples 1 (Frame:1).
[2018.07.25-15.01.10:864][  0]LogContentBrowser: Native class hierarchy updated for 'HierarchicalLODOutliner' in 0.0005 seconds. Added 0 classes and 0 folders.
[2018.07.25-15.01.10:865][  0]LogLoad: (Engine Initialization) Total time: 137.73 seconds
[2018.07.25-15.01.10:865][  0]LogLoad: (Engine Initialization) Total Blueprint compile time: 0.00 seconds
[2018.07.25-15.01.11:705][  0]LogContentStreaming: Texture pool size now 1000 MB
[2018.07.25-15.01.13:324][  2]LogSlate: Took 0.596173 seconds to synchronously load lazily loaded font '../../../Engine/Content/Slate/Fonts/Roboto-Light.ttf' (167K)
[2018.07.25-15.01.13:720][  4]LogAssetRegistry: Asset discovery search completed in 79.4366 seconds
[2018.07.25-15.01.13:901][  4]LogCollectionManager: Rebuilt the object cache for 0 collections in 0.000001 seconds (found 0 objects)
[2018.07.25-15.01.14:377][  4]LogCollectionManager: Fixed up redirectors for 0 collections in 0.650562 seconds (updated 0 objects)
[2018.07.25-15.01.16:174][ 10]LogSlate: Took 0.000498 seconds to synchronously load lazily loaded font '../../../Engine/Content/Slate/Fonts/Roboto-Light.ttf' (167K)
[2018.07.25-15.08.10:767][254]LogSlate: FSceneViewport::OnFocusLost() reason 0
[2018.07.25-15.08.11:254][254]LogUObjectGlobals: Created PersistentFrame Addr=0x000001f0ad917880, Size=368, Default__Ball_Blueprint_C Function /Game/Blueprints/Ball_Blueprint.Ball_Blueprint_C:ExecuteUbergraph_Ball_Blueprint
[2018.07.25-15.08.11:268][254]LogUObjectGlobals: Destroyed PersistentFrame Addr=0x000001f0ad917880, Size=368
[2018.07.25-15.08.11:268][254]LogUObjectGlobals: Created PersistentFrame Addr=0x000001f0ad59d300, Size=368, Default__Ball_Blueprint_C Function /Engine/Transient.REINST_Ball_Blueprint_C_5:ExecuteUbergraph_Ball_Blueprint
[2018.07.25-15.08.11:275][254]LogUObjectGlobals: Created PersistentFrame Addr=0x000001f0adc43d00, Size=368, Default__Ball_Blueprint_C Function /Game/Blueprints/Ball_Blueprint.Ball_Blueprint_C:ExecuteUbergraph_Ball_Blueprint
[2018.07.25-15.08.13:428][254]LogContentBrowser: Native class hierarchy updated for 'BlueprintGraph' in 0.0022 seconds. Added 116 classes and 0 folders.
[2018.07.25-15.08.14:303][254]LogUObjectGlobals: Created PersistentFrame Addr=0x000001f0c01f8268, Size=4, Default__SKEL_PROTO_BP_AnimBlueprint_0_C Function /Engine/Transient.SKEL_PROTO_BP_AnimBlueprint_0_C:ExecuteUbergraph_PROTO_BP_AnimBlueprint_0
[2018.07.25-15.08.14:306][254]LogUObjectGlobals: Created PersistentFrame Addr=0x000001f0c01f8260, Size=4, Default__PROTO_BP_AnimBlueprint_0_C Function /Engine/Transient.PROTO_BP_AnimBlueprint_0_C:ExecuteUbergraph_PROTO_BP_AnimBlueprint_0
[2018.07.25-15.08.16:077][254]LogUObjectGlobals: Created PersistentFrame Addr=0x000001f0ccb9b240, Size=264, Default__Bumper_Blueprint_C Function /Game/Blueprints/Bumper_Blueprint.Bumper_Blueprint_C:ExecuteUbergraph_Bumper_Blueprint
[2018.07.25-15.08.16:081][254]LogUObjectGlobals: Destroyed PersistentFrame Addr=0x000001f0ccb9b240, Size=264
[2018.07.25-15.08.16:081][254]LogUObjectGlobals: Created PersistentFrame Addr=0x000001f0ccb9b240, Size=264, Default__Bumper_Blueprint_C Function /Engine/Transient.REINST_Bumper_Blueprint_C_19:ExecuteUbergraph_Bumper_Blueprint
[2018.07.25-15.08.16:099][254]LogUObjectGlobals: Created PersistentFrame Addr=0x000001f0ccb9a5c0, Size=264, Default__Bumper_Blueprint_C Function /Game/Blueprints/Bumper_Blueprint.Bumper_Blueprint_C:ExecuteUbergraph_Bumper_Blueprint
[2018.07.25-15.08.17:299][254]LogUObjectGlobals: Created PersistentFrame Addr=0x000001f0d1bcbfd8, Size=8, Default__Flipper_Blueprint_C Function /Game/Blueprints/Flipper_Blueprint.Flipper_Blueprint_C:ExecuteUbergraph_Flipper_Blueprint
[2018.07.25-15.08.17:313][254]LogUObjectGlobals: Destroyed PersistentFrame Addr=0x000001f0d1bcbfd8, Size=8
[2018.07.25-15.08.17:314][254]LogUObjectGlobals: Created PersistentFrame Addr=0x000001f0d1bcbfd8, Size=8, Default__Flipper_Blueprint_C Function /Engine/Transient.REINST_Flipper_Blueprint_C_21:ExecuteUbergraph_Flipper_Blueprint
[2018.07.25-15.08.17:325][254]LogUObjectGlobals: Created PersistentFrame Addr=0x000001f0d1bcbdd8, Size=8, Default__Flipper_Blueprint_C Function /Game/Blueprints/Flipper_Blueprint.Flipper_Blueprint_C:ExecuteUbergraph_Flipper_Blueprint
[2018.07.25-15.08.17:882][254]LogUObjectGlobals: Created PersistentFrame Addr=0x000001f0d7bb2980, Size=368, Default__Pinball_Player_Controller_Blueprint_C Function /Game/Blueprints/Pinball_Player_Controller_Blueprint.Pinball_Player_Controller_Blueprint_C:ExecuteUbergraph_Pinball_Player_Controller_Blueprint
[2018.07.25-15.08.17:897][254]LogUObjectGlobals: Destroyed PersistentFrame Addr=0x000001f0d7bb2980, Size=368
[2018.07.25-15.08.17:897][254]LogUObjectGlobals: Created PersistentFrame Addr=0x000001f0d78a4e80, Size=368, Default__Pinball_Player_Controller_Blueprint_C Function /Engine/Transient.REINST_Pinball_Player_Controller_Blueprint_C_23:ExecuteUbergraph_Pinball_Player_Controller_Blueprint
[2018.07.25-15.08.17:912][254]LogUObjectGlobals: Created PersistentFrame Addr=0x000001f0d783d300, Size=368, Default__Pinball_Player_Controller_Blueprint_C Function /Game/Blueprints/Pinball_Player_Controller_Blueprint.Pinball_Player_Controller_Blueprint_C:ExecuteUbergraph_Pinball_Player_Controller_Blueprint
[2018.07.25-15.08.26:975][482]LogUObjectGlobals: Destroyed PersistentFrame Addr=0x000001f0ad59d300, Size=368
[2018.07.25-15.08.26:992][482]LogUObjectGlobals: Destroyed PersistentFrame Addr=0x000001f0ccb9b240, Size=264
[2018.07.25-15.08.26:992][482]LogUObjectGlobals: Destroyed PersistentFrame Addr=0x000001f0d1bcbfd8, Size=8
[2018.07.25-15.08.26:992][482]LogUObjectGlobals: Destroyed PersistentFrame Addr=0x000001f0d78a4e80, Size=368
[2018.07.25-15.08.27:180][482]Cmd: MAP LOAD FILE="../../../../../../Users/Shweta/Documents/GitHub/theshwetapatil/Pinball-UE4/Pinball/Content/Ball_Setup_Map.umap" TEMPLATE=0 SHOWPROGRESS=1 FEATURELEVEL=3
[2018.07.25-15.08.27:231][482]LightingResults: New page: Lighting Build
[2018.07.25-15.08.27:258][482]LoadErrors: New page: Loading map: Ball_Setup_Map.umap
[2018.07.25-15.08.27:468][482]MapCheck: New page: Map Check
[2018.07.25-15.08.27:468][482]LightingResults: New page: Lighting Build
[2018.07.25-15.08.28:916][482]LogAIModule: Creating AISystem for world Ball_Setup_Map
[2018.07.25-15.08.30:062][482]LogEditorServer: Finished looking for orphan Actors (0.019 secs)
[2018.07.25-15.08.30:340][482]Cmd: MAP CHECKDEP NOCLEARLOG
[2018.07.25-15.08.48:108][482]MapCheck: Map check complete: 0 Error(s), 0 Warning(s), took 17,767.564ms to complete.
[2018.07.25-15.08.48:108][482]LogFileHelpers: Loading map 'Ball_Setup_Map' took 21.039
[2018.07.25-15.08.48:346][482]LogSlate: Window 'Open Level' being destroyed
[2018.07.25-15.08.53:186][505]LogSlate: Took 0.478283 seconds to synchronously load lazily loaded font '../../../Engine/Content/Slate/Fonts/Roboto-BoldCondensed.ttf' (158K)
[2018.07.25-15.09.42:861][ 86]LogSlate: Took 0.060358 seconds to synchronously load lazily loaded font '../../../Engine/Content/Slate/Fonts/Roboto-Italic.ttf' (157K)
[2018.07.25-15.09.49:367][468]LogSlate: Window 'Pinball_Game_Mode_Blueprint' being destroyed
[2018.07.25-15.12.36:978][213]BlueprintLog: New page: Compile Pinball_Player_Controller_Blueprint
[2018.07.25-15.12.37:008][213]LogUObjectGlobals: Destroyed PersistentFrame Addr=0x000001f0d783d300, Size=368
[2018.07.25-15.12.37:008][213]LogUObjectGlobals: Created PersistentFrame Addr=0x000001f0c6a02380, Size=368, Default__Pinball_Player_Controller_Blueprint_C Function /Engine/Transient.REINST_Pinball_Player_Controller_Blueprint_C_29:ExecuteUbergraph_Pinball_Player_Controller_Blueprint
[2018.07.25-15.12.37:015][213]LogUObjectGlobals: Created PersistentFrame Addr=0x000001f0c68e1f00, Size=376, Default__Pinball_Player_Controller_Blueprint_C Function /Game/Blueprints/Pinball_Player_Controller_Blueprint.Pinball_Player_Controller_Blueprint_C:ExecuteUbergraph_Pinball_Player_Controller_Blueprint
[2018.07.25-15.12.58:106][222]LogSavePackage: Save=273.48ms
[2018.07.25-15.12.58:106][222]LogSavePackage: Moving '../../../../../../Users/Shweta/Documents/GitHub/theshwetapatil/Pinball-UE4/Pinball/Saved/Pinball_Player_Controller_Bluepr4305721E4F876ABA89A283A5154F1884.tmp' to '../../../../../../Users/Shweta/Documents/GitHub/theshwetapatil/Pinball-UE4/Pinball/Content/Blueprints/Pinball_Player_Controller_Blueprint.uasset'
[2018.07.25-15.12.58:200][222]LogSavePackage: Display: Finished SavePackage ../../../../../../Users/Shweta/Documents/GitHub/theshwetapatil/Pinball-UE4/Pinball/Content/Blueprints/Pinball_Player_Controller_Blueprint.uasset
[2018.07.25-15.13.05:902][681]LogTemp: Repeating last play command: Simulate
[2018.07.25-15.13.06:059][681]LogPlayLevel: PlayLevel: No blueprints needed recompiling
[2018.07.25-15.13.06:222][681]PIE: New page: SIE session: Ball_Setup_Map (Jul 26, 2018, 2:13:06 AM)
[2018.07.25-15.13.06:256][681]LogPlayLevel: Creating play world package: /Game/UEDPIE_0_Ball_Setup_Map
[2018.07.25-15.13.06:404][681]LogPlayLevel: PIE: StaticDuplicateObject took: (0.148273s)
[2018.07.25-15.13.06:407][681]LogAIModule: Creating AISystem for world Ball_Setup_Map
[2018.07.25-15.13.06:471][681]LogPlayLevel: PIE: World Init took: (0.066298s)
[2018.07.25-15.13.06:471][681]LogPlayLevel: PIE: Created PIE world by copying editor world from /Game/Ball_Setup_Map.Ball_Setup_Map to /Game/UEDPIE_0_Ball_Setup_Map.Ball_Setup_Map (0.231153s)
[2018.07.25-15.13.06:535][681]LogUObjectGlobals: Destroyed PersistentFrame Addr=0x000001f0c6a02380, Size=368
[2018.07.25-15.13.06:785][681]LogInit: XAudio2 using 'Speaker/HP (Realtek High Definition Audio)' : 2 channels at 48 kHz using 32 bits per sample (channel mask 0x3)
[2018.07.25-15.13.06:945][681]LogInit: FAudioDevice initialized.
[2018.07.25-15.13.07:301][681]LogLoad: Game class is 'Pinball_Game_Mode_Blueprint_C'
[2018.07.25-15.13.07:308][681]LogWorld: Bringing World /Game/UEDPIE_0_Ball_Setup_Map.Ball_Setup_Map up for play (max tick rate 60) at 2018.07.25-20.43.07
[2018.07.25-15.13.07:348][681]LogWorld: Bringing up level for play took: 0.045604
[2018.07.25-15.13.07:797][681]LogContentBrowser: Native class hierarchy updated for 'MovieSceneCapture' in 0.0011 seconds. Added 11 classes and 0 folders.
[2018.07.25-15.13.07:959][681]PIE: Play in editor start time for /Game/UEDPIE_0_Ball_Setup_Map 1.182
[2018.07.25-15.13.19:053][125]LogTemp: Repeating last play command: Simulate
[2018.07.25-15.13.19:077][125]LogPlayLevel: PlayLevel: No blueprints needed recompiling
[2018.07.25-15.13.19:077][125]PIE: New page: SIE session: Ball_Setup_Map (Jul 26, 2018, 2:13:19 AM)
[2018.07.25-15.13.19:077][125]LogPlayLevel: Creating play world package: /Game/UEDPIE_0_Ball_Setup_Map
[2018.07.25-15.13.19:083][125]LogPlayLevel: PIE: StaticDuplicateObject took: (0.006027s)
[2018.07.25-15.13.19:084][125]LogAIModule: Creating AISystem for world Ball_Setup_Map
[2018.07.25-15.13.19:084][125]LogPlayLevel: PIE: World Init took: (0.000973s)
[2018.07.25-15.13.19:084][125]LogPlayLevel: PIE: Created PIE world by copying editor world from /Game/Ball_Setup_Map.Ball_Setup_Map to /Game/UEDPIE_0_Ball_Setup_Map.Ball_Setup_Map (0.007186s)
[2018.07.25-15.13.19:110][125]LogInit: XAudio2 using 'Speaker/HP (Realtek High Definition Audio)' : 2 channels at 48 kHz using 32 bits per sample (channel mask 0x3)
[2018.07.25-15.13.19:114][125]LogInit: FAudioDevice initialized.
[2018.07.25-15.13.19:144][125]LogLoad: Game class is 'Pinball_Game_Mode_Blueprint_C'
[2018.07.25-15.13.19:145][125]LogWorld: Bringing World /Game/UEDPIE_0_Ball_Setup_Map.Ball_Setup_Map up for play (max tick rate 60) at 2018.07.25-20.43.19
[2018.07.25-15.13.19:146][125]LogWorld: Bringing up level for play took: 0.001463
[2018.07.25-15.13.19:147][125]PIE: Play in editor start time for /Game/UEDPIE_0_Ball_Setup_Map 0.37
[2018.07.25-15.17.32:415][537]LogTemp: Repeating last play command: Simulate
[2018.07.25-15.17.32:438][537]LogPlayLevel: PlayLevel: No blueprints needed recompiling
[2018.07.25-15.17.32:438][537]PIE: New page: SIE session: Ball_Setup_Map (Jul 26, 2018, 2:17:32 AM)
[2018.07.25-15.17.32:438][537]LogPlayLevel: Creating play world package: /Game/UEDPIE_0_Ball_Setup_Map
[2018.07.25-15.17.32:443][537]LogPlayLevel: PIE: StaticDuplicateObject took: (0.005151s)
[2018.07.25-15.17.32:444][537]LogAIModule: Creating AISystem for world Ball_Setup_Map
[2018.07.25-15.17.32:444][537]LogPlayLevel: PIE: World Init took: (0.000811s)
[2018.07.25-15.17.32:444][537]LogPlayLevel: PIE: Created PIE world by copying editor world from /Game/Ball_Setup_Map.Ball_Setup_Map to /Game/UEDPIE_0_Ball_Setup_Map.Ball_Setup_Map (0.006105s)
[2018.07.25-15.17.32:583][537]LogInit: XAudio2 using 'Speaker/HP (Realtek High Definition Audio)' : 2 channels at 48 kHz using 32 bits per sample (channel mask 0x3)
[2018.07.25-15.17.32:602][537]LogInit: FAudioDevice initialized.
[2018.07.25-15.17.32:658][537]LogLoad: Game class is 'Pinball_Game_Mode_Blueprint_C'
[2018.07.25-15.17.32:666][537]LogWorld: Bringing World /Game/UEDPIE_0_Ball_Setup_Map.Ball_Setup_Map up for play (max tick rate 60) at 2018.07.25-20.47.32
[2018.07.25-15.17.32:668][537]LogWorld: Bringing up level for play took: 0.007528
[2018.07.25-15.17.32:672][537]PIE: Play in editor start time for /Game/UEDPIE_0_Ball_Setup_Map -0.105
[2018.07.25-15.18.14:113][ 68]LogTemp: Repeating last play command: Simulate
[2018.07.25-15.18.14:132][ 68]LogPlayLevel: PlayLevel: No blueprints needed recompiling
[2018.07.25-15.18.14:132][ 68]PIE: New page: SIE session: Ball_Setup_Map (Jul 26, 2018, 2:18:14 AM)
[2018.07.25-15.18.14:132][ 68]LogPlayLevel: Creating play world package: /Game/UEDPIE_0_Ball_Setup_Map
[2018.07.25-15.18.14:137][ 68]LogPlayLevel: PIE: StaticDuplicateObject took: (0.004627s)
[2018.07.25-15.18.14:138][ 68]LogAIModule: Creating AISystem for world Ball_Setup_Map
[2018.07.25-15.18.14:138][ 68]LogPlayLevel: PIE: World Init took: (0.000669s)
[2018.07.25-15.18.14:138][ 68]LogPlayLevel: PIE: Created PIE world by copying editor world from /Game/Ball_Setup_Map.Ball_Setup_Map to /Game/UEDPIE_0_Ball_Setup_Map.Ball_Setup_Map (0.005427s)
[2018.07.25-15.18.14:165][ 68]LogInit: XAudio2 using 'Speaker/HP (Realtek High Definition Audio)' : 2 channels at 48 kHz using 32 bits per sample (channel mask 0x3)
[2018.07.25-15.18.14:169][ 68]LogInit: FAudioDevice initialized.
[2018.07.25-15.18.14:204][ 68]LogLoad: Game class is 'Pinball_Game_Mode_Blueprint_C'
[2018.07.25-15.18.14:206][ 68]LogWorld: Bringing World /Game/UEDPIE_0_Ball_Setup_Map.Ball_Setup_Map up for play (max tick rate 60) at 2018.07.25-20.48.14
[2018.07.25-15.18.14:206][ 68]LogWorld: Bringing up level for play took: 0.001795
[2018.07.25-15.18.14:207][ 68]PIE: Play in editor start time for /Game/UEDPIE_0_Ball_Setup_Map -0.57
[2018.07.25-15.18.58:866][ 54]LogSavePackage: Save=112.51ms
[2018.07.25-15.18.58:866][ 54]LogSavePackage: Moving '../../../../../../Users/Shweta/Documents/GitHub/theshwetapatil/Pinball-UE4/Pinball/Saved/Ball_Setup_Map_Auto1D3FFB82C474B7CF7CF2AEAA8113EC8A4.tmp' to '../../../../../../Users/Shweta/Documents/GitHub/theshwetapatil/Pinball-UE4/Pinball/Saved/Autosaves/Game/Ball_Setup_Map_Auto1.umap'
[2018.07.25-15.18.58:867][ 54]LogSavePackage: Display: Finished SavePackage ../../../../../../Users/Shweta/Documents/GitHub/theshwetapatil/Pinball-UE4/Pinball/Saved/Autosaves/Game/Ball_Setup_Map_Auto1.umap
[2018.07.25-15.18.58:907][ 54]LogFileHelpers: Editor autosave (incl. sublevels) for '/Game/Ball_Setup_Map' took 0.328
[2018.07.25-15.18.58:907][ 54]LogFileHelpers: Editor autosave (incl. sublevels) for all levels took 0.328
[2018.07.25-15.21.33:360][ 46]LogSavePackage: Save=44.96ms
[2018.07.25-15.21.33:360][ 46]LogSavePackage: Moving '../../../../../../Users/Shweta/Documents/GitHub/theshwetapatil/Pinball-UE4/Pinball/Saved/Ball_Setup_Map80D0A58F466ED02A9634B1973A8A7281.tmp' to '../../../../../../Users/Shweta/Documents/GitHub/theshwetapatil/Pinball-UE4/Pinball/Content/Ball_Setup_Map.umap'
[2018.07.25-15.21.33:363][ 46]LogSavePackage: Display: Finished SavePackage ../../../../../../Users/Shweta/Documents/GitHub/theshwetapatil/Pinball-UE4/Pinball/Content/Ball_Setup_Map.umap
[2018.07.25-15.21.33:403][ 46]Cmd: OBJ SAVEPACKAGE PACKAGE="/Game/Ball_Setup_Map_BuiltData" FILE="../../../../../../Users/Shweta/Documents/GitHub/theshwetapatil/Pinball-UE4/Pinball/Content/Ball_Setup_Map_BuiltData.uasset" SILENT=true
[2018.07.25-15.21.33:561][ 46]LogSavePackage: Save=145.09ms
[2018.07.25-15.21.33:561][ 46]LogSavePackage: Moving '../../../../../../Users/Shweta/Documents/GitHub/theshwetapatil/Pinball-UE4/Pinball/Saved/Ball_Setup_Map_BuiltData09315F5F4AC51787FE4A559BB32E45DE.tmp' to '../../../../../../Users/Shweta/Documents/GitHub/theshwetapatil/Pinball-UE4/Pinball/Content/Ball_Setup_Map_BuiltData.uasset'
[2018.07.25-15.21.33:565][ 46]LogSavePackage: Display: Finished SavePackage ../../../../../../Users/Shweta/Documents/GitHub/theshwetapatil/Pinball-UE4/Pinball/Content/Ball_Setup_Map_BuiltData.uasset
[2018.07.25-15.22.08:235][610]LogActorComponent: UnregisterComponent: (/Engine/Transient.EditorFloorComp) Not registered. Aborting.
[2018.07.25-15.22.08:334][610]LogActorComponent: UnregisterComponent: (/Engine/Transient.EditorFloorComp) Not registered. Aborting.
[2018.07.25-15.22.08:501][610]LogActorComponent: UnregisterComponent: (/Engine/Transient.EditorFloorComp) Not registered. Aborting.
[2018.07.25-15.22.08:588][610]LogActorComponent: UnregisterComponent: (/Engine/Transient.EditorFloorComp) Not registered. Aborting.
[2018.07.25-15.22.08:673][610]LogSlate: Window 'Pinball - Unreal Editor' being destroyed
[2018.07.25-15.22.09:882][611]Cmd: QUIT_EDITOR
[2018.07.25-15.22.10:731][611]LogWindowsTextInputMethodSystem: Display: IME system now deactivated.
[2018.07.25-15.22.10:878][611]LogSlate: Slate User Destroyed.  User Index 0, Is Virtual User: 0
[2018.07.25-15.22.10:920][611]LogExit: Preparing to exit.
[2018.07.25-15.22.12:290][611]LogDirectoryWatcher: A directory notification for 'C:/Users/Shweta/Documents/GitHub/theshwetapatil/Pinball-UE4/Pinball/Content/' was aborted.
[2018.07.25-15.22.13:358][611]LogExit: Editor shut down
[2018.07.25-15.22.13:420][611]LogExit: Transaction tracking system shut down
[2018.07.25-15.22.13:423][611]LogUObjectGlobals: Destroyed PersistentFrame Addr=0x000001f0adc43d00, Size=368
[2018.07.25-15.22.13:424][611]LogUObjectGlobals: Destroyed PersistentFrame Addr=0x000001f0c68e1f00, Size=376
[2018.07.25-15.22.13:426][611]LogUObjectGlobals: Destroyed PersistentFrame Addr=0x000001f0c01f8268, Size=4
[2018.07.25-15.22.13:426][611]LogUObjectGlobals: Destroyed PersistentFrame Addr=0x000001f0c01f8260, Size=4
[2018.07.25-15.22.13:428][611]LogUObjectGlobals: Destroyed PersistentFrame Addr=0x000001f0ccb9a5c0, Size=264
[2018.07.25-15.22.13:428][611]LogUObjectGlobals: Destroyed PersistentFrame Addr=0x000001f0d1bcbdd8, Size=8
[2018.07.25-15.22.13:613][611]LogDirectoryWatcher: A directory notification for '../../../Engine/Content/' was aborted.
[2018.07.25-15.22.13:613][611]LogDirectoryWatcher: A directory notification for '../../../../../../Users/Shweta/Documents/GitHub/theshwetapatil/Pinball-UE4/Pinball/Content/' was aborted.
[2018.07.25-15.22.13:613][611]LogDirectoryWatcher: A directory notification for '../../Plugins/2D/Paper2D/Content/' was aborted.
[2018.07.25-15.22.13:613][611]LogDirectoryWatcher: A directory notification for '../../Plugins/Enterprise/DatasmithContent/Content/' was aborted.
[2018.07.25-15.22.13:613][611]LogDirectoryWatcher: A directory notification for '../../Plugins/Media/MediaCompositing/Content/' was aborted.
[2018.07.25-15.22.13:613][611]LogDirectoryWatcher: A directory notification for '../../Plugins/Runtime/AppleARKit/Content/' was aborted.
[2018.07.25-15.22.13:613][611]LogDirectoryWatcher: A directory notification for '../../Plugins/Runtime/Oculus/OculusVR/Content/' was aborted.
[2018.07.25-15.22.13:613][611]LogDirectoryWatcher: A directory notification for '../../Plugins/Runtime/Steam/SteamVR/Content/' was aborted.
[2018.07.25-15.22.19:227][611]LogExit: Object subsystem successfully closed.
[2018.07.25-15.22.21:570][611]LogShaderCompilers: Display: Shaders left to compile 0
[2018.07.25-15.22.21:804][611]LogD3D11RHI: Shutdown
[2018.07.25-15.22.21:804][611]LogD3D11RHI: CleanupD3DDevice
[2018.07.25-15.22.22:671][611]LogD3D11RHI: ~FD3D11DynamicRHI
[2018.07.25-15.22.29:788][611]LogModuleManager: Shutting down and abandoning module MovieSceneCapture (582)
[2018.07.25-15.22.29:788][611]LogModuleManager: Shutting down and abandoning module BlueprintGraph (580)
[2018.07.25-15.22.29:788][611]LogModuleManager: Shutting down and abandoning module HierarchicalLODOutliner (578)
[2018.07.25-15.22.29:788][611]LogModuleManager: Shutting down and abandoning module ExternalImagePicker (576)
[2018.07.25-15.22.29:788][611]LogModuleManager: Shutting down and abandoning module SceneOutliner (574)
[2018.07.25-15.22.29:788][611]LogModuleManager: Shutting down and abandoning module AddContentDialog (572)
[2018.07.25-15.22.29:914][611]LogDirectoryWatcher: A directory notification for 'C:/Program Files/Epic Games/UE_4.19/FeaturePacks/' was aborted.
[2018.07.25-15.22.29:947][611]LogModuleManager: Shutting down and abandoning module WidgetCarousel (571)
[2018.07.25-15.22.29:947][611]LogModuleManager: Shutting down and abandoning module EditorWidgets (568)
[2018.07.25-15.22.29:947][611]LogModuleManager: Shutting down and abandoning module CollectionManager (566)
[2018.07.25-15.22.30:022][611]LogDirectoryWatcher: A directory notification for 'C:/Users/Shweta/Documents/GitHub/theshwetapatil/Pinball-UE4/Pinball/Content/Collections/' was aborted.
[2018.07.25-15.22.30:022][611]LogDirectoryWatcher: A directory notification for 'C:/Users/Shweta/Documents/GitHub/theshwetapatil/Pinball-UE4/Pinball/Content/Developers/Shweta/Collections/' was aborted.
[2018.07.25-15.22.30:022][611]LogDirectoryWatcher: A directory notification for 'C:/Users/Shweta/Documents/GitHub/theshwetapatil/Pinball-UE4/Pinball/Saved/Collections/' was aborted.
[2018.07.25-15.22.30:023][611]LogModuleManager: Shutting down and abandoning module HierarchicalLODUtilities (564)
[2018.07.25-15.22.30:068][611]LogModuleManager: Shutting down and abandoning module StatsViewer (562)
[2018.07.25-15.22.30:133][611]LogModuleManager: Shutting down and abandoning module FoliageEdit (560)
[2018.07.25-15.22.30:133][611]LogModuleManager: Shutting down and abandoning module LandscapeEditor (558)
[2018.07.25-15.22.30:204][611]LogModuleManager: Shutting down and abandoning module MeshPaintMode (556)
[2018.07.25-15.22.30:237][611]LogModuleManager: Shutting down and abandoning module SceneDepthPickerMode (554)
[2018.07.25-15.22.30:237][611]LogModuleManager: Shutting down and abandoning module ActorPickerMode (552)
[2018.07.25-15.22.30:237][611]LogModuleManager: Shutting down and abandoning module GeometryMode (550)
[2018.07.25-15.22.30:237][611]LogModuleManager: Shutting down and abandoning module TextureAlignMode (548)
[2018.07.25-15.22.30:237][611]LogModuleManager: Shutting down and abandoning module BspMode (546)
[2018.07.25-15.22.30:237][611]LogModuleManager: Shutting down and abandoning module PIEPreviewDeviceProfileSelector (544)
[2018.07.25-15.22.30:275][611]LogModuleManager: Shutting down and abandoning module HardwareSurvey (542)
[2018.07.25-15.22.30:275][611]LogModuleManager: Shutting down and abandoning module SequenceRecorderSections (540)
[2018.07.25-15.22.30:275][611]LogModuleManager: Shutting down and abandoning module AutomationWorker (538)
[2018.07.25-15.22.30:300][611]LogModuleManager: Shutting down and abandoning module AudioCaptureEditor (536)
[2018.07.25-15.22.30:300][611]LogModuleManager: Shutting down and abandoning module SequenceRecorder (535)
[2018.07.25-15.22.30:314][611]LogModuleManager: Shutting down and abandoning module MatineeToLevelSequence (532)
[2018.07.25-15.22.30:390][611]LogModuleManager: Shutting down and abandoning module LevelSequenceEditor (530)
[2018.07.25-15.22.30:594][611]LogModuleManager: Shutting down and abandoning module PlacementMode (529)
[2018.07.25-15.22.30:594][611]LogModuleManager: Shutting down and abandoning module MaterialEditor (528)
[2018.07.25-15.22.30:966][611]LogModuleManager: Shutting down and abandoning module WmfMediaFactory (524)
[2018.07.25-15.22.30:966][611]LogModuleManager: Shutting down and abandoning module WmfMediaEditor (522)
[2018.07.25-15.22.30:966][611]LogModuleManager: Shutting down and abandoning module MediaPlayerEditor (520)
[2018.07.25-15.22.31:197][611]LogModuleManager: Shutting down and abandoning module OpenExrWrapper (518)
[2018.07.25-15.22.31:197][611]LogModuleManager: Shutting down and abandoning module ImgMediaFactory (516)
[2018.07.25-15.22.31:197][611]LogModuleManager: Shutting down and abandoning module ImgMediaEditor (514)
[2018.07.25-15.22.31:197][611]LogModuleManager: Shutting down and abandoning module AvfMediaFactory (512)
[2018.07.25-15.22.31:197][611]LogModuleManager: Shutting down and abandoning module AvfMediaEditor (510)
[2018.07.25-15.22.31:197][611]LogModuleManager: Shutting down and abandoning module AndroidMediaFactory (508)
[2018.07.25-15.22.31:197][611]LogModuleManager: Shutting down and abandoning module AndroidMediaEditor (506)
[2018.07.25-15.22.31:197][611]LogModuleManager: Shutting down and abandoning module CharacterAI (504)
[2018.07.25-15.22.31:197][611]LogModuleManager: Shutting down and abandoning module SmartSnapping (502)
[2018.07.25-15.22.31:197][611]LogModuleManager: Shutting down and abandoning module SessionServices (500)
[2018.07.25-15.22.31:197][611]LogModuleManager: Shutting down and abandoning module ViewportSnapping (498)
[2018.07.25-15.22.31:198][611]LogModuleManager: Shutting down and abandoning module ViewportInteraction (496)
[2018.07.25-15.22.31:198][611]LogModuleManager: Shutting down and abandoning module ClothPainter (494)
[2018.07.25-15.22.31:388][611]LogModuleManager: Shutting down and abandoning module SkeletalMeshEditor (493)
[2018.07.25-15.22.31:549][611]LogModuleManager: Shutting down and abandoning module LogVisualizer (490)
[2018.07.25-15.22.31:593][611]LogModuleManager: Shutting down and abandoning module IntroTutorials (488)
[2018.07.25-15.22.31:632][611]LogModuleManager: Shutting down and abandoning module GameProjectGeneration (487)
[2018.07.25-15.22.31:876][611]LogModuleManager: Shutting down and abandoning module IOSPlatformEditor (484)
[2018.07.25-15.22.31:876][611]LogModuleManager: Shutting down and abandoning module HTML5PlatformEditor (482)
[2018.07.25-15.22.31:876][611]LogModuleManager: Shutting down and abandoning module AndroidPlatformEditor (480)
[2018.07.25-15.22.31:876][611]LogModuleManager: Shutting down and abandoning module AndroidDeviceDetection (479)
[2018.07.25-15.22.32:078][611]LogModuleManager: Shutting down and abandoning module WindowsPlatformEditor (476)
[2018.07.25-15.22.32:078][611]LogModuleManager: Shutting down and abandoning module IOSRuntimeSettings (474)
[2018.07.25-15.22.32:079][611]LogModuleManager: Shutting down and abandoning module AndroidRuntimeSettings (472)
[2018.07.25-15.22.32:079][611]LogModuleManager: Shutting down and abandoning module InputBindingEditor (470)
[2018.07.25-15.22.32:109][611]LogModuleManager: Shutting down and abandoning module MergeActors (468)
[2018.07.25-15.22.32:150][611]LogModuleManager: Shutting down and abandoning module LocalizationDashboard (466)
[2018.07.25-15.22.32:184][611]LogModuleManager: Shutting down and abandoning module LocalizationService (465)
[2018.07.25-15.22.32:195][611]LogModuleManager: Shutting down and abandoning module HardwareTargeting (462)
[2018.07.25-15.22.32:195][611]LogModuleManager: Shutting down and abandoning module DeviceProfileEditor (460)
[2018.07.25-15.22.32:208][611]LogModuleManager: Shutting down and abandoning module UndoHistory (458)
[2018.07.25-15.22.32:208][611]LogModuleManager: Shutting down and abandoning module XmlParser (456)
[2018.07.25-15.22.32:219][611]LogModuleManager: Shutting down and abandoning module Blutility (454)
[2018.07.25-15.22.32:232][611]LogModuleManager: Shutting down and abandoning module ProjectSettingsViewer (452)
[2018.07.25-15.22.32:232][611]LogModuleManager: Shutting down and abandoning module ProjectTargetPlatformEditor (451)
[2018.07.25-15.22.32:234][611]LogModuleManager: Shutting down and abandoning module EditorSettingsViewer (448)
[2018.07.25-15.22.32:234][611]LogModuleManager: Shutting down and abandoning module SettingsEditor (446)
[2018.07.25-15.22.32:250][611]LogModuleManager: Shutting down and abandoning module ProjectLauncher (444)
[2018.07.25-15.22.32:255][611]LogModuleManager: Shutting down and abandoning module SessionFrontend (442)
[2018.07.25-15.22.32:298][611]LogModuleManager: Shutting down and abandoning module ProfilerClient (440)
[2018.07.25-15.22.32:322][611]LogModuleManager: Shutting down and abandoning module DeviceManager (438)
[2018.07.25-15.22.32:345][611]LogModuleManager: Shutting down and abandoning module TargetDeviceServices (437)
[2018.07.25-15.22.32:411][611]LogModuleManager: Shutting down and abandoning module AutomationController (434)
[2018.07.25-15.22.32:491][611]LogModuleManager: Shutting down and abandoning module AutomationWindow (432)
[2018.07.25-15.22.32:680][611]LogModuleManager: Shutting down and abandoning module Layers (430)
[2018.07.25-15.22.32:862][611]LogModuleManager: Shutting down and abandoning module ComponentVisualizers (428)
[2018.07.25-15.22.32:862][611]LogModuleManager: Shutting down and abandoning module DetailCustomizations (426)
[2018.07.25-15.22.32:862][611]LogModuleManager: Shutting down and abandoning module PackagesDialog (424)
[2018.07.25-15.22.32:892][611]LogModuleManager: Shutting down and abandoning module Persona (422)
[2018.07.25-15.22.32:976][611]LogModuleManager: Shutting down and abandoning module AdvancedPreviewScene (421)
[2018.07.25-15.22.32:976][611]LogModuleManager: Shutting down and abandoning module AnimGraph (419)
[2018.07.25-15.22.32:976][611]LogModuleManager: Shutting down and abandoning module Kismet (416)
[2018.07.25-15.22.33:021][611]LogModuleManager: Shutting down and abandoning module GraphEditor (414)
[2018.07.25-15.22.33:021][611]LogModuleManager: Shutting down and abandoning module ClassViewer (412)
[2018.07.25-15.22.33:026][611]LogModuleManager: Shutting down and abandoning module Toolbox (410)
[2018.07.25-15.22.33:027][611]LogModuleManager: Shutting down and abandoning module ModuleUI (408)
[2018.07.25-15.22.33:052][611]LogModuleManager: Shutting down and abandoning module MovieSceneTools (406)
[2018.07.25-15.22.33:153][611]LogModuleManager: Shutting down and abandoning module OutputLog (404)
[2018.07.25-15.22.33:295][611]LogModuleManager: Shutting down and abandoning module GammaUI (402)
[2018.07.25-15.22.33:312][611]LogModuleManager: Shutting down and abandoning module Documentation (400)
[2018.07.25-15.22.33:313][611]LogModuleManager: Shutting down and abandoning module MovieSceneTracks (398)
[2018.07.25-15.22.33:313][611]LogModuleManager: Shutting down and abandoning module MovieScene (396)
[2018.07.25-15.22.33:332][611]LogModuleManager: Shutting down and abandoning module StreamingPauseRendering (394)
[2018.07.25-15.22.33:353][611]LogModuleManager: Shutting down and abandoning module LauncherPlatform (392)
[2018.07.25-15.22.33:353][611]LogModuleManager: Shutting down and abandoning module AnalyticsET (390)
[2018.07.25-15.22.33:353][611]LogModuleManager: Shutting down and abandoning module PortalServices (388)
[2018.07.25-15.22.33:353][611]LogModuleManager: Shutting down and abandoning module PortalRpc (386)
[2018.07.25-15.22.33:353][611]LogModuleManager: Shutting down and abandoning module MessagingRpc (384)
[2018.07.25-15.22.33:353][611]LogModuleManager: Shutting down and abandoning module AIModule (382)
[2018.07.25-15.22.33:353][611]LogModuleManager: Shutting down and abandoning module GameplayDebugger (381)
[2018.07.25-15.22.33:354][611]LogModuleManager: Shutting down and abandoning module AITestSuite (379)
[2018.07.25-15.22.33:380][611]LogModuleManager: Shutting down and abandoning module DesktopPlatform (376)
[2018.07.25-15.22.33:411][611]LogModuleManager: Shutting down and abandoning module ProfilerService (374)
[2018.07.25-15.22.33:666][611]LogModuleManager: Shutting down and abandoning module TaskGraph (372)
[2018.07.25-15.22.33:758][611]LogModuleManager: Shutting down and abandoning module SteamVRController (370)
[2018.07.25-15.22.33:759][611]LogModuleManager: Shutting down and abandoning module ProceduralMeshComponentEditor (368)
[2018.07.25-15.22.33:759][611]LogModuleManager: Shutting down and abandoning module ProceduralMeshComponent (366)
[2018.07.25-15.22.33:775][611]LogModuleManager: Shutting down and abandoning module OculusInput (364)
[2018.07.25-15.22.33:775][611]LogModuleManager: Shutting down and abandoning module MobilePatchingUtils (362)
[2018.07.25-15.22.33:776][611]LogModuleManager: Shutting down and abandoning module CustomMeshComponent (360)
[2018.07.25-15.22.33:776][611]LogModuleManager: Shutting down and abandoning module CableComponent (358)
[2018.07.25-15.22.33:798][611]LogModuleManager: Shutting down and abandoning module AudioCapture (356)
[2018.07.25-15.22.33:798][611]LogModuleManager: Shutting down and abandoning module ArchVisCharacter (354)
[2018.07.25-15.22.33:798][611]LogModuleManager: Shutting down and abandoning module AndroidPermission (352)
[2018.07.25-15.22.33:799][611]LogModuleManager: Shutting down and abandoning module NUTUnrealEngine4 (348)
[2018.07.25-15.22.33:799][611]LogModuleManager: Shutting down and abandoning module NetcodeUnitTest (346)
[2018.07.25-15.22.33:914][611]LogModuleManager: Shutting down and abandoning module MediaCompositingEditor (344)
[2018.07.25-15.22.33:937][611]LogModuleManager: Shutting down and abandoning module MediaCompositing (342)
[2018.07.25-15.22.33:937][611]LogModuleManager: Shutting down and abandoning module LinearTimecode (340)
[2018.07.25-15.22.33:937][611]LogModuleManager: Shutting down and abandoning module ImgMedia (338)
[2018.07.25-15.22.33:982][611]LogModuleManager: Shutting down and abandoning module HTML5Networking (336)
[2018.07.25-15.22.33:982][611]LogModuleManager: Shutting down and abandoning module AlembicImporter (334)
[2018.07.25-15.22.33:998][611]LogModuleManager: Shutting down and abandoning module AlembicLibrary (333)
[2018.07.25-15.22.33:998][611]LogModuleManager: Shutting down and abandoning module GeometryCache (332)
[2018.07.25-15.22.33:998][611]LogModuleManager: Shutting down and abandoning module GeometryCacheEd (331)
[2018.07.25-15.22.33:998][611]LogModuleManager: Shutting down and abandoning module DatasmithContent (326)
[2018.07.25-15.22.33:999][611]LogModuleManager: Shutting down and abandoning module SpeedTreeImporter (324)
[2018.07.25-15.22.33:999][611]LogModuleManager: Shutting down and abandoning module PluginBrowser (322)
[2018.07.25-15.22.34:164][611]LogModuleManager: Shutting down and abandoning module MobileLauncherProfileWizard (320)
[2018.07.25-15.22.34:232][611]LogModuleManager: Shutting down and abandoning module CryptoKeysOpenSSL (318)
[2018.07.25-15.22.34:264][611]LogModuleManager: Shutting down and abandoning module CryptoKeys (316)
[2018.07.25-15.22.34:265][611]LogModuleManager: Shutting down and abandoning module VisualStudioSourceCodeAccess (314)
[2018.07.25-15.22.34:265][611]LogModuleManager: Shutting down and abandoning module VisualStudioCodeSourceCodeAccess (312)
[2018.07.25-15.22.34:265][611]LogModuleManager: Shutting down and abandoning module UObjectPlugin (310)
[2018.07.25-15.22.34:266][611]LogModuleManager: Shutting down and abandoning module SubversionSourceControl (308)
[2018.07.25-15.22.34:308][611]LogModuleManager: Shutting down and abandoning module PerforceSourceControl (306)
[2018.07.25-15.22.34:443][611]LogModuleManager: Shutting down and abandoning module GitSourceControl (304)
[2018.07.25-15.22.34:485][611]LogModuleManager: Shutting down and abandoning module SourceControl (303)
[2018.07.25-15.22.34:514][611]LogModuleManager: Shutting down and abandoning module CLionSourceCodeAccess (300)
[2018.07.25-15.22.34:625][611]LogModuleManager: Shutting down and abandoning module LightPropagationVolumeEditor (298)
[2018.07.25-15.22.34:625][611]LogModuleManager: Shutting down and abandoning module PaperTiledImporter (296)
[2018.07.25-15.22.34:625][611]LogModuleManager: Shutting down and abandoning module PaperSpriteSheetImporter (294)
[2018.07.25-15.22.34:626][611]LogModuleManager: Shutting down and abandoning module Paper2DEditor (292)
[2018.07.25-15.22.34:665][611]LogModuleManager: Shutting down and abandoning module MeshPaint (291)
[2018.07.25-15.22.34:678][611]LogModuleManager: Shutting down and abandoning module RuntimePhysXCooking (288)
[2018.07.25-15.22.34:678][611]LogModuleManager: Shutting down and abandoning module PhysXVehiclesEditor (286)
[2018.07.25-15.22.34:678][611]LogModuleManager: Shutting down and abandoning module PhysXVehicles (284)
[2018.07.25-15.22.34:679][611]LogModuleManager: Shutting down and abandoning module OculusEditor (282)
[2018.07.25-15.22.34:679][611]LogModuleManager: Shutting down and abandoning module LocationServicesBPLibrary (280)
[2018.07.25-15.22.34:679][611]LogModuleManager: Shutting down and abandoning module ImmediatePhysicsEditor (278)
[2018.07.25-15.22.34:679][611]LogModuleManager: Shutting down and abandoning module ImmediatePhysics (276)
[2018.07.25-15.22.34:693][611]LogModuleManager: Shutting down and abandoning module ActorSequence (274)
[2018.07.25-15.22.34:693][611]LogModuleManager: Shutting down and abandoning module UdpMessaging (272)
[2018.07.25-15.22.34:794][611]LogModuleManager: Shutting down and abandoning module TcpMessaging (270)
[2018.07.25-15.22.34:926][611]LogModuleManager: Shutting down and abandoning module GameplayTagsEditor (268)
[2018.07.25-15.22.34:947][611]LogModuleManager: Shutting down and abandoning module FacialAnimationEditor (266)
[2018.07.25-15.22.34:947][611]LogModuleManager: Shutting down and abandoning module FacialAnimation (264)
[2018.07.25-15.22.34:947][611]LogModuleManager: Shutting down and abandoning module DataValidation (262)
[2018.07.25-15.22.34:980][611]LogModuleManager: Shutting down and abandoning module AssetManagerEditor (260)
[2018.07.25-15.22.35:006][611]LogModuleManager: Shutting down and abandoning module LevelEditor (259)
[2018.07.25-15.22.35:116][611]LogModuleManager: Shutting down and abandoning module PixelInspectorModule (258)
[2018.07.25-15.22.35:120][611]LogModuleManager: Shutting down and abandoning module CommonMenuExtensions (256)
[2018.07.25-15.22.35:143][611]LogModuleManager: Shutting down and abandoning module MainFrame (254)
[2018.07.25-15.22.35:144][611]LogModuleManager: Shutting down and abandoning module HotReload (253)
[2018.07.25-15.22.35:210][611]LogModuleManager: Shutting down and abandoning module ContentBrowser (249)
[2018.07.25-15.22.35:222][611]LogModuleManager: Shutting down and abandoning module TreeMap (247)
[2018.07.25-15.22.35:236][611]LogModuleManager: Shutting down and abandoning module LightPropagationVolumeRuntime (244)
[2018.07.25-15.22.35:236][611]LogModuleManager: Shutting down and abandoning module LiveLinkEditor (242)
[2018.07.25-15.22.35:259][611]LogModuleManager: Shutting down and abandoning module LiveLink (240)
[2018.07.25-15.22.36:139][611]LogModuleManager: Shutting down and abandoning module Paper2D (238)
[2018.07.25-15.22.36:195][611]LogModuleManager: Shutting down and abandoning module WindowsMoviePlayer (236)
[2018.07.25-15.22.36:207][611]LogModuleManager: Shutting down and abandoning module WmfMedia (234)
[2018.07.25-15.22.36:244][611]LogModuleManager: Shutting down and abandoning module Media (233)
[2018.07.25-15.22.36:252][611]LogModuleManager: Shutting down and abandoning module PacketHandler (230)
[2018.07.25-15.22.36:252][611]LogModuleManager: Shutting down and abandoning module ClothingSystemEditor (228)
[2018.07.25-15.22.36:252][611]LogModuleManager: Shutting down and abandoning module ClothingSystemRuntime (226)
[2018.07.25-15.22.36:282][611]LogModuleManager: Shutting down and abandoning module MediaAssets (224)
[2018.07.25-15.22.36:282][611]LogModuleManager: Shutting down and abandoning module Overlay (222)
[2018.07.25-15.22.36:282][611]LogModuleManager: Shutting down and abandoning module OverlayEditor (221)
[2018.07.25-15.22.36:282][611]LogModuleManager: Shutting down and abandoning module VREditor (218)
[2018.07.25-15.22.36:329][611]LogModuleManager: Shutting down and abandoning module StringTableEditor (216)
[2018.07.25-15.22.36:330][611]LogModuleManager: Shutting down and abandoning module GameplayTasksEditor (214)
[2018.07.25-15.22.36:330][611]LogModuleManager: Shutting down and abandoning module BehaviorTreeEditor (212)
[2018.07.25-15.22.36:429][611]LogModuleManager: Shutting down and abandoning module FunctionalTesting (210)
[2018.07.25-15.22.36:429][611]LogModuleManager: Shutting down and abandoning module CollisionAnalyzer (208)
[2018.07.25-15.22.36:470][611]LogModuleManager: Shutting down and abandoning module WorkspaceMenuStructure (207)
[2018.07.25-15.22.36:516][611]LogModuleManager: Shutting down and abandoning module UMG (204)
[2018.07.25-15.22.36:551][611]LogModuleManager: Shutting down and abandoning module UMGEditor (203)
[2018.07.25-15.22.36:617][611]LogModuleManager: Shutting down and abandoning module Sequencer (202)
[2018.07.25-15.22.36:694][611]LogModuleManager: Shutting down and abandoning module MessageLog (199)
[2018.07.25-15.22.36:694][611]LogModuleManager: Shutting down and abandoning module SlateReflector (194)
[2018.07.25-15.22.36:726][611]LogModuleManager: Shutting down and abandoning module Slate (192)
[2018.07.25-15.22.36:726][611]LogModuleManager: Shutting down and abandoning module EditorStyle (190)
[2018.07.25-15.22.36:776][611]LogModuleManager: Shutting down and abandoning module MRMesh (188)
[2018.07.25-15.22.36:777][611]LogModuleManager: Shutting down and abandoning module SourceCodeAccess (186)
[2018.07.25-15.22.36:777][611]LogModuleManager: Shutting down and abandoning module HeadMountedDisplay (184)
[2018.07.25-15.22.36:777][611]LogModuleManager: Shutting down and abandoning module XAudio2 (182)
[2018.07.25-15.22.36:777][611]LogModuleManager: Shutting down and abandoning module Networking (180)
[2018.07.25-15.22.36:777][611]LogModuleManager: Shutting down and abandoning module Core (178)
[2018.07.25-15.22.36:777][611]LogModuleManager: Shutting down and abandoning module LevelSequence (176)
[2018.07.25-15.22.36:777][611]LogModuleManager: Shutting down and abandoning module KismetCompiler (174)
[2018.07.25-15.22.36:777][611]LogModuleManager: Shutting down and abandoning module MeshUtilities (172)
[2018.07.25-15.22.36:853][611]LogModuleManager: Shutting down and abandoning module MeshMergeUtilities (171)
[2018.07.25-15.22.36:864][611]LogModuleManager: Shutting down and abandoning module MeshReductionInterface (170)
[2018.07.25-15.22.36:864][611]LogModuleManager: Shutting down and abandoning module SimplygonSwarm (169)
[2018.07.25-15.22.36:883][611]LogModuleManager: Shutting down and abandoning module SimplygonMeshReduction (167)
[2018.07.25-15.22.36:913][611]LogModuleManager: Shutting down and abandoning module QuadricMeshReduction (165)
[2018.07.25-15.22.36:937][611]LogModuleManager: Shutting down and abandoning module MaterialBaking (161)
[2018.07.25-15.22.36:950][611]LogModuleManager: Shutting down and abandoning module DirectoryWatcher (157)
[2018.07.25-15.22.36:982][611]LogModuleManager: Shutting down and abandoning module DerivedDataCache (154)
[2018.07.25-15.22.37:021][611]LogDerivedDataCache: Shutdown
[2018.07.25-15.22.37:021][611]LogModuleManager: Shutting down and abandoning module XGEController (152)
[2018.07.25-15.22.37:033][611]LogXGEController: Cleaning working directory: C:/Users/Shweta/AppData/Local/Temp/UnrealXGEWorkingDir/
[2018.07.25-15.22.37:043][611]LogModuleManager: Shutting down and abandoning module TargetPlatform (150)
[2018.07.25-15.22.37:055][611]LogModuleManager: Shutting down and abandoning module VulkanShaderFormat (149)
[2018.07.25-15.22.37:070][611]LogModuleManager: Shutting down and abandoning module ShaderFormatVectorVM (147)
[2018.07.25-15.22.37:085][611]LogModuleManager: Shutting down and abandoning module ShaderFormatOpenGL (145)
[2018.07.25-15.22.37:087][611]LogModuleManager: Shutting down and abandoning module ShaderFormatD3D (143)
[2018.07.25-15.22.37:107][611]LogModuleManager: Shutting down and abandoning module MetalShaderFormat (141)
[2018.07.25-15.22.37:137][611]LogModuleManager: Shutting down and abandoning module TextureFormatUncompressed (139)
[2018.07.25-15.22.37:148][611]LogModuleManager: Shutting down and abandoning module TextureFormatPVR (137)
[2018.07.25-15.22.37:164][611]LogModuleManager: Shutting down and abandoning module TextureFormatDXT (135)
[2018.07.25-15.22.37:164][611]LogModuleManager: Shutting down and abandoning module TextureFormatIntelISPCTexComp (133)
[2018.07.25-15.22.37:206][611]LogModuleManager: Shutting down and abandoning module TextureFormatASTC (131)
[2018.07.25-15.22.37:206][611]LogModuleManager: Shutting down and abandoning module ImageWrapper (130)
[2018.07.25-15.22.37:206][611]LogModuleManager: Shutting down and abandoning module TextureFormatAndroid (127)
[2018.07.25-15.22.37:206][611]LogModuleManager: Shutting down and abandoning module AudioFormatOpus (125)
[2018.07.25-15.22.37:206][611]LogModuleManager: Shutting down and abandoning module AudioFormatOgg (123)
[2018.07.25-15.22.37:206][611]LogModuleManager: Shutting down and abandoning module AudioFormatADPCM (121)
[2018.07.25-15.22.37:206][611]LogModuleManager: Shutting down and abandoning module LinuxTargetPlatform (119)
[2018.07.25-15.22.37:206][611]LogModuleManager: Shutting down and abandoning module LinuxServerTargetPlatform (117)
[2018.07.25-15.22.37:212][611]LogModuleManager: Shutting down and abandoning module LinuxNoEditorTargetPlatform (115)
[2018.07.25-15.22.37:212][611]LogModuleManager: Shutting down and abandoning module LinuxClientTargetPlatform (113)
[2018.07.25-15.22.37:217][611]LogModuleManager: Shutting down and abandoning module TVOSTargetPlatform (111)
[2018.07.25-15.22.37:217][611]LogModuleManager: Shutting down and abandoning module Messaging (109)
[2018.07.25-15.22.37:217][611]LogModuleManager: Shutting down and abandoning module IOSTargetPlatform (107)
[2018.07.25-15.22.37:217][611]LogModuleManager: Shutting down and abandoning module HTML5TargetPlatform (105)
[2018.07.25-15.22.37:233][611]LogModuleManager: Shutting down and abandoning module AndroidTargetPlatform (103)
[2018.07.25-15.22.37:233][611]LogModuleManager: Shutting down and abandoning module Android_PVRTCTargetPlatform (101)
[2018.07.25-15.22.37:233][611]LogModuleManager: Shutting down and abandoning module Android_MultiTargetPlatform (99)
[2018.07.25-15.22.37:234][611]LogModuleManager: Shutting down and abandoning module Android_ETC2TargetPlatform (97)
[2018.07.25-15.22.37:234][611]LogModuleManager: Shutting down and abandoning module Android_ETC1TargetPlatform (95)
[2018.07.25-15.22.37:234][611]LogModuleManager: Shutting down and abandoning module Android_ETC1aTargetPlatform (93)
[2018.07.25-15.22.37:234][611]LogModuleManager: Shutting down and abandoning module Android_DXTTargetPlatform (91)
[2018.07.25-15.22.37:234][611]LogModuleManager: Shutting down and abandoning module Android_ATCTargetPlatform (89)
[2018.07.25-15.22.37:234][611]LogModuleManager: Shutting down and abandoning module Android_ASTCTargetPlatform (87)
[2018.07.25-15.22.37:234][611]LogModuleManager: Shutting down and abandoning module WindowsTargetPlatform (85)
[2018.07.25-15.22.37:234][611]LogModuleManager: Shutting down and abandoning module WindowsServerTargetPlatform (83)
[2018.07.25-15.22.37:234][611]LogModuleManager: Shutting down and abandoning module WindowsNoEditorTargetPlatform (81)
[2018.07.25-15.22.37:240][611]LogModuleManager: Shutting down and abandoning module WindowsClientTargetPlatform (79)
[2018.07.25-15.22.37:240][611]LogModuleManager: Shutting down and abandoning module MacTargetPlatform (77)
[2018.07.25-15.22.37:240][611]LogModuleManager: Shutting down and abandoning module MacServerTargetPlatform (75)
[2018.07.25-15.22.37:255][611]LogModuleManager: Shutting down and abandoning module MacNoEditorTargetPlatform (73)
[2018.07.25-15.22.37:337][611]LogModuleManager: Shutting down and abandoning module MacClientTargetPlatform (71)
[2018.07.25-15.22.37:338][611]LogModuleManager: Shutting down and abandoning module AllDesktopTargetPlatform (69)
[2018.07.25-15.22.37:338][611]LogModuleManager: Shutting down and abandoning module InputCore (66)
[2018.07.25-15.22.37:338][611]LogModuleManager: Shutting down and abandoning module Settings (64)
[2018.07.25-15.22.37:338][611]LogModuleManager: Shutting down and abandoning module PhysXCooking (62)
[2018.07.25-15.22.37:338][611]LogModuleManager: Shutting down and abandoning module SteamVR (60)
[2018.07.25-15.22.37:338][611]LogModuleManager: Shutting down and abandoning module OculusHMD (58)
[2018.07.25-15.22.37:345][611]LogModuleManager: Shutting down and abandoning module ExampleDeviceProfileSelector (56)
[2018.07.25-15.22.37:345][611]LogModuleManager: Shutting down and abandoning module AppleARKit (54)
[2018.07.25-15.22.37:345][611]LogModuleManager: Shutting down and abandoning module AugmentedReality (51)
[2018.07.25-15.22.37:345][611]LogModuleManager: Shutting down and abandoning module OnlineBlueprintSupport (48)
[2018.07.25-15.22.37:345][611]LogModuleManager: Shutting down and abandoning module OnlineSubsystem (44)
[2018.07.25-15.22.37:370][611]LogModuleManager: Shutting down and abandoning module XMPP (43)
[2018.07.25-15.22.37:413][611]LogModuleManager: Shutting down and abandoning module HTTP (41)
[2018.07.25-15.22.37:432][611]LogHttp: Display: Http module shutting down, but needs to wait on 1 outstanding Http requests:
[2018.07.25-15.22.37:432][611]LogHttp: Display: 	verb=[POST] url=[https://datarouter.ol.epicgames.com/datarouter/api/v1/public/data?SessionID=%7B8B2E06DB-4F22-7DD6-B279-0682F8055DAD%7D&AppID=UEEditor.Rocket.Release&AppVersion=4.19.2-4033788%2B%2B%2BUE4%2BRelease-4.19&UserID=c76cbc614dc4c6a1dc888b8aa3470b3f%7C57113a4ef07749e899daf8a54070ea17%7C6d46c3db-d58f-4b5d-93cd-6fe936b97061&AppEnvironment=datacollector-binary&UploadType=eteventstream] status=Processing
[2018.07.25-15.22.37:446][611]LogModuleManager: Shutting down and abandoning module SSL (40)
[2018.07.25-15.22.37:482][611]LogModuleManager: Shutting down and abandoning module AnimationModifiers (36)
[2018.07.25-15.22.37:491][611]LogModuleManager: Shutting down and abandoning module PropertyEditor (35)
[2018.07.25-15.22.37:491][611]LogModuleManager: Shutting down and abandoning module AudioEditor (32)
[2018.07.25-15.22.37:517][611]LogModuleManager: Shutting down and abandoning module TextureCompressor (30)
[2018.07.25-15.22.37:582][611]LogModuleManager: Shutting down and abandoning module ShaderCore (28)
[2018.07.25-15.22.37:582][611]LogModuleManager: Shutting down and abandoning module Landscape (26)
[2018.07.25-15.22.37:582][611]LogModuleManager: Shutting down and abandoning module SlateRHIRenderer (24)
[2018.07.25-15.22.37:671][611]LogModuleManager: Shutting down and abandoning module OpenGLDrv (22)
[2018.07.25-15.22.37:702][611]LogModuleManager: Shutting down and abandoning module D3D11RHI (20)
[2018.07.25-15.22.37:703][611]LogModuleManager: Shutting down and abandoning module AnimGraphRuntime (18)
[2018.07.25-15.22.37:722][611]LogModuleManager: Shutting down and abandoning module Renderer (16)
[2018.07.25-15.22.37:722][611]LogModuleManager: Shutting down and abandoning module Engine (14)
[2018.07.25-15.22.37:736][611]LogModuleManager: Shutting down and abandoning module CoreUObject (12)
[2018.07.25-15.22.37:736][611]LogModuleManager: Shutting down and abandoning module NetworkFile (10)
[2018.07.25-15.22.37:757][611]LogModuleManager: Shutting down and abandoning module CookedIterativeFile (8)
[2018.07.25-15.22.37:757][611]LogModuleManager: Shutting down and abandoning module StreamingFile (6)
[2018.07.25-15.22.37:771][611]LogModuleManager: Shutting down and abandoning module SandboxFile (4)
[2018.07.25-15.22.37:772][611]LogModuleManager: Shutting down and abandoning module PakFile (2)
[2018.07.25-15.22.37:894][611]LogExit: Exiting.
[2018.07.25-15.22.38:064][611]Log file closed, 07/25/18 20:52:38
