Log file open, 07/28/18 20:27:50
LogWindows: Failed to load 'aqProf.dll' (GetLastError=126)
LogWindows: File 'aqProf.dll' does not exist
LogWindows: Failed to load 'VtuneApi.dll' (GetLastError=126)
LogWindows: File 'VtuneApi.dll' does not exist
LogWindows: Failed to load 'VtuneApi32e.dll' (GetLastError=126)
LogWindows: File 'VtuneApi32e.dll' does not exist
LogInit: Display: Running engine for game: Pinball
LogPlatformFile: Not using cached read wrapper
LogInit: Display: RandInit(279086974) SRandInit(279086974).
LogInit: Read version file with build ID '3944462'
LogInit: Overriding engine version to CL 4033788, compatible CL 3944462
LogInit: Registered custom module enumerator with build ID '3944462'
LogTaskGraph: Started task graph with 5 named threads and 11 total threads with 3 sets of task threads.
LogStats: Stats thread started at 0.175515
LogD3D11RHI: Aftermath initialized
LogICUInternationalization: Display: ICU TimeZone Detection - Raw Offset: +5:30, Platform Override: ''
LogModuleManager: Display: Found up-to-date module file ../../../Engine/Plugins/2D/Paper2D/Binaries/Win64/UE4Editor-Paper2D.dll (API version 3944462).
LogModuleManager: Display: Found up-to-date module file ../../../Engine/Plugins/2D/Paper2D/Binaries/Win64/UE4Editor-Paper2DEditor.dll (API version 3944462).
LogModuleManager: Display: Found up-to-date module file ../../../Engine/Plugins/2D/Paper2D/Binaries/Win64/UE4Editor-PaperSpriteSheetImporter.dll (API version 3944462).
LogModuleManager: Display: Found up-to-date module file ../../../Engine/Plugins/2D/Paper2D/Binaries/Win64/UE4Editor-PaperTiledImporter.dll (API version 3944462).
LogModuleManager: Display: Found up-to-date module file ../../../Engine/Plugins/2D/Paper2D/Binaries/Win64/UE4Editor-SmartSnapping.dll (API version 3944462).
LogModuleManager: Display: Found up-to-date module file ../../../Engine/Plugins/Blendables/LightPropagationVolume/Binaries/Win64/UE4Editor-LightPropagationVolumeRuntime.dll (API version 3944462).
LogModuleManager: Display: Found up-to-date module file ../../../Engine/Plugins/Blendables/LightPropagationVolume/Binaries/Win64/UE4Editor-LightPropagationVolumeEditor.dll (API version 3944462).
LogModuleManager: Display: Found up-to-date module file ../../../Engine/Plugins/Developer/CLionSourceCodeAccess/Binaries/Win64/UE4Editor-CLionSourceCodeAccess.dll (API version 3944462).
LogModuleManager: Display: Found up-to-date module file ../../../Engine/Plugins/Developer/GitSourceControl/Binaries/Win64/UE4Editor-GitSourceControl.dll (API version 3944462).
LogModuleManager: Display: Found up-to-date module file ../../../Engine/Plugins/Developer/PerforceSourceControl/Binaries/Win64/UE4Editor-PerforceSourceControl.dll (API version 3944462).
LogModuleManager: Display: Found up-to-date module file ../../../Engine/Plugins/Developer/SubversionSourceControl/Binaries/Win64/UE4Editor-SubversionSourceControl.dll (API version 3944462).
LogModuleManager: Display: Found up-to-date module file ../../../Engine/Plugins/Developer/UObjectPlugin/Binaries/Win64/UE4Editor-UObjectPlugin.dll (API version 3944462).
LogModuleManager: Display: Found up-to-date module file ../../../Engine/Plugins/Developer/VisualStudioCodeSourceCodeAccess/Binaries/Win64/UE4Editor-VisualStudioCodeSourceCodeAccess.dll (API version 3944462).
LogModuleManager: Display: Found up-to-date module file ../../../Engine/Plugins/Developer/VisualStudioSourceCodeAccess/Binaries/Win64/UE4Editor-VisualStudioSourceCodeAccess.dll (API version 3944462).
LogModuleManager: Display: Found up-to-date module file ../../../Engine/Plugins/Editor/AssetManagerEditor/Binaries/Win64/UE4Editor-AssetManagerEditor.dll (API version 3944462).
LogModuleManager: Display: Found up-to-date module file ../../../Engine/Plugins/Editor/CryptoKeys/Binaries/Win64/UE4Editor-CryptoKeys.dll (API version 3944462).
LogModuleManager: Display: Found up-to-date module file ../../../Engine/Plugins/Editor/CryptoKeys/Binaries/Win64/UE4Editor-CryptoKeysOpenSSL.dll (API version 3944462).
LogModuleManager: Display: Found up-to-date module file ../../../Engine/Plugins/Editor/DataValidation/Binaries/Win64/UE4Editor-DataValidation.dll (API version 3944462).
LogModuleManager: Display: Found up-to-date module file ../../../Engine/Plugins/Editor/FacialAnimation/Binaries/Win64/UE4Editor-FacialAnimation.dll (API version 3944462).
LogModuleManager: Display: Found up-to-date module file ../../../Engine/Plugins/Editor/FacialAnimation/Binaries/Win64/UE4Editor-FacialAnimationEditor.dll (API version 3944462).
LogModuleManager: Display: Found up-to-date module file ../../../Engine/Plugins/Editor/GameplayTagsEditor/Binaries/Win64/UE4Editor-GameplayTagsEditor.dll (API version 3944462).
LogModuleManager: Display: Found up-to-date module file ../../../Engine/Plugins/Editor/MobileLauncherProfileWizard/Binaries/Win64/UE4Editor-MobileLauncherProfileWizard.dll (API version 3944462).
LogModuleManager: Display: Found up-to-date module file ../../../Engine/Plugins/Editor/PluginBrowser/Binaries/Win64/UE4Editor-PluginBrowser.dll (API version 3944462).
LogModuleManager: Display: Found up-to-date module file ../../../Engine/Plugins/Editor/SpeedTreeImporter/Binaries/Win64/UE4Editor-SpeedTreeImporter.dll (API version 3944462).
LogModuleManager: Display: Found up-to-date module file ../../../Engine/Plugins/Enterprise/DatasmithContent/Binaries/Win64/UE4Editor-DatasmithContent.dll (API version 3944462).
LogModuleManager: Display: Found up-to-date module file ../../../Engine/Plugins/Experimental/AlembicImporter/Binaries/Win64/UE4Editor-AlembicImporter.dll (API version 3944462).
LogModuleManager: Display: Found up-to-date module file ../../../Engine/Plugins/Experimental/AlembicImporter/Binaries/Win64/UE4Editor-AlembicLibrary.dll (API version 3944462).
LogModuleManager: Display: Found up-to-date module file ../../../Engine/Plugins/Experimental/CharacterAI/Binaries/Win64/UE4Editor-CharacterAI.dll (API version 3944462).
LogModuleManager: Display: Found up-to-date module file ../../../Engine/Plugins/Experimental/HTML5Networking/Binaries/Win64/UE4Editor-HTML5Networking.dll (API version 3944462).
LogModuleManager: Display: Found up-to-date module file ../../../Engine/Plugins/Media/AndroidMedia/Binaries/Win64/UE4Editor-AndroidMediaEditor.dll (API version 3944462).
LogModuleManager: Display: Found up-to-date module file ../../../Engine/Plugins/Media/AndroidMedia/Binaries/Win64/UE4Editor-AndroidMediaFactory.dll (API version 3944462).
LogModuleManager: Display: Found up-to-date module file ../../../Engine/Plugins/Media/AvfMedia/Binaries/Win64/UE4Editor-AvfMediaEditor.dll (API version 3944462).
LogModuleManager: Display: Found up-to-date module file ../../../Engine/Plugins/Media/AvfMedia/Binaries/Win64/UE4Editor-AvfMediaFactory.dll (API version 3944462).
LogModuleManager: Display: Found up-to-date module file ../../../Engine/Plugins/Media/AvfMedia/Binaries/Win64/UE4Editor-AvfMediaFactory.dll (API version 3944462).
LogModuleManager: Display: Found up-to-date module file ../../../Engine/Plugins/Media/ImgMedia/Binaries/Win64/UE4Editor-ImgMedia.dll (API version 3944462).
LogModuleManager: Display: Found up-to-date module file ../../../Engine/Plugins/Media/ImgMedia/Binaries/Win64/UE4Editor-ImgMediaEditor.dll (API version 3944462).
LogModuleManager: Display: Found up-to-date module file ../../../Engine/Plugins/Media/ImgMedia/Binaries/Win64/UE4Editor-ImgMediaFactory.dll (API version 3944462).
LogModuleManager: Display: Found up-to-date module file ../../../Engine/Plugins/Media/ImgMedia/Binaries/Win64/UE4Editor-ImgMediaFactory.dll (API version 3944462).
LogModuleManager: Display: Found up-to-date module file ../../../Engine/Plugins/Media/ImgMedia/Binaries/Win64/UE4Editor-OpenExrWrapper.dll (API version 3944462).
LogModuleManager: Display: Found up-to-date module file ../../../Engine/Plugins/Media/LinearTimecode/Binaries/Win64/UE4Editor-LinearTimecode.dll (API version 3944462).
LogModuleManager: Display: Found up-to-date module file ../../../Engine/Plugins/Media/MediaCompositing/Binaries/Win64/UE4Editor-MediaCompositing.dll (API version 3944462).
LogModuleManager: Display: Found up-to-date module file ../../../Engine/Plugins/Media/MediaCompositing/Binaries/Win64/UE4Editor-MediaCompositingEditor.dll (API version 3944462).
LogModuleManager: Display: Found up-to-date module file ../../../Engine/Plugins/Media/MediaPlayerEditor/Binaries/Win64/UE4Editor-MediaPlayerEditor.dll (API version 3944462).
LogModuleManager: Display: Found up-to-date module file ../../../Engine/Plugins/Media/WmfMedia/Binaries/Win64/UE4Editor-WmfMedia.dll (API version 3944462).
LogModuleManager: Display: Found up-to-date module file ../../../Engine/Plugins/Media/WmfMedia/Binaries/Win64/UE4Editor-WmfMediaEditor.dll (API version 3944462).
LogModuleManager: Display: Found up-to-date module file ../../../Engine/Plugins/Media/WmfMedia/Binaries/Win64/UE4Editor-WmfMediaFactory.dll (API version 3944462).
LogModuleManager: Display: Found up-to-date module file ../../../Engine/Plugins/Media/WmfMedia/Binaries/Win64/UE4Editor-WmfMediaFactory.dll (API version 3944462).
LogModuleManager: Display: Found up-to-date module file ../../../Engine/Plugins/Messaging/TcpMessaging/Binaries/Win64/UE4Editor-TcpMessaging.dll (API version 3944462).
LogModuleManager: Display: Found up-to-date module file ../../../Engine/Plugins/Messaging/UdpMessaging/Binaries/Win64/UE4Editor-UdpMessaging.dll (API version 3944462).
LogModuleManager: Display: Found up-to-date module file ../../../Engine/Plugins/MovieScene/ActorSequence/Binaries/Win64/UE4Editor-ActorSequence.dll (API version 3944462).
LogModuleManager: Display: Found up-to-date module file ../../../Engine/Plugins/MovieScene/LevelSequenceEditor/Binaries/Win64/UE4Editor-LevelSequenceEditor.dll (API version 3944462).
LogModuleManager: Display: Found up-to-date module file ../../../Engine/Plugins/MovieScene/MatineeToLevelSequence/Binaries/Win64/UE4Editor-MatineeToLevelSequence.dll (API version 3944462).
LogModuleManager: Display: Found up-to-date module file ../../../Engine/Plugins/NetcodeUnitTest/NetcodeUnitTest/Binaries/Win64/UE4Editor-NetcodeUnitTest.dll (API version 3944462).
LogModuleManager: Display: Found up-to-date module file ../../../Engine/Plugins/NetcodeUnitTest/NUTUnrealEngine4/Binaries/Win64/UE4Editor-NUTUnrealEngine4.dll (API version 3944462).
LogModuleManager: Display: Found up-to-date module file ../../../Engine/Plugins/Online/OnlineSubsystem/Binaries/Win64/UE4Editor-OnlineSubsystem.dll (API version 3944462).
LogModuleManager: Display: Found up-to-date module file ../../../Engine/Plugins/Runtime/AndroidPermission/Binaries/Win64/UE4Editor-AndroidPermission.dll (API version 3944462).
LogModuleManager: Display: Found up-to-date module file ../../../Engine/Plugins/Online/OnlineSubsystemNull/Binaries/Win64/UE4Editor-OnlineSubsystemNull.dll (API version 3944462).
LogModuleManager: Display: Found up-to-date module file ../../../Engine/Plugins/Online/OnlineSubsystemUtils/Binaries/Win64/UE4Editor-OnlineSubsystemUtils.dll (API version 3944462).
LogModuleManager: Display: Found up-to-date module file ../../../Engine/Plugins/Online/OnlineSubsystemUtils/Binaries/Win64/UE4Editor-OnlineBlueprintSupport.dll (API version 3944462).
LogModuleManager: Display: Found up-to-date module file ../../../Engine/Plugins/Runtime/AndroidDeviceProfileSelector/Binaries/Win64/UE4Editor-AndroidDeviceProfileSelector.dll (API version 3944462).
LogModuleManager: Display: Found up-to-date module file ../../../Engine/Plugins/Runtime/AppleARKit/Binaries/Win64/UE4Editor-AppleARKit.dll (API version 3944462).
LogModuleManager: Display: Found up-to-date module file ../../../Engine/Plugins/Runtime/ProceduralMeshComponent/Binaries/Win64/UE4Editor-ProceduralMeshComponent.dll (API version 3944462).
LogModuleManager: Display: Found up-to-date module file ../../../Engine/Plugins/Runtime/ProceduralMeshComponent/Binaries/Win64/UE4Editor-ProceduralMeshComponentEditor.dll (API version 3944462).
LogModuleManager: Display: Found up-to-date module file ../../../Engine/Plugins/Animation/LiveLink/Binaries/Win64/UE4Editor-LiveLink.dll (API version 3944462).
LogModuleManager: Display: Found up-to-date module file ../../../Engine/Plugins/Animation/LiveLink/Binaries/Win64/UE4Editor-LiveLinkEditor.dll (API version 3944462).
LogModuleManager: Display: Found up-to-date module file ../../../Engine/Plugins/Runtime/ArchVisCharacter/Binaries/Win64/UE4Editor-ArchVisCharacter.dll (API version 3944462).
LogModuleManager: Display: Found up-to-date module file ../../../Engine/Plugins/Runtime/AudioCapture/Binaries/Win64/UE4Editor-AudioCapture.dll (API version 3944462).
LogModuleManager: Display: Found up-to-date module file ../../../Engine/Plugins/Runtime/AudioCapture/Binaries/Win64/UE4Editor-AudioCaptureEditor.dll (API version 3944462).
LogModuleManager: Display: Found up-to-date module file ../../../Engine/Plugins/Runtime/CableComponent/Binaries/Win64/UE4Editor-CableComponent.dll (API version 3944462).
LogModuleManager: Display: Found up-to-date module file ../../../Engine/Plugins/Runtime/CustomMeshComponent/Binaries/Win64/UE4Editor-CustomMeshComponent.dll (API version 3944462).
LogModuleManager: Display: Found up-to-date module file ../../../Engine/Plugins/Runtime/ExampleDeviceProfileSelector/Binaries/Win64/UE4Editor-ExampleDeviceProfileSelector.dll (API version 3944462).
LogModuleManager: Display: Found up-to-date module file ../../../Engine/Plugins/Runtime/ImmediatePhysics/Binaries/Win64/UE4Editor-ImmediatePhysics.dll (API version 3944462).
LogModuleManager: Display: Found up-to-date module file ../../../Engine/Plugins/Runtime/ImmediatePhysics/Binaries/Win64/UE4Editor-ImmediatePhysicsEditor.dll (API version 3944462).
LogModuleManager: Display: Found up-to-date module file ../../../Engine/Plugins/Runtime/LocationServicesBPLibrary/Binaries/Win64/UE4Editor-LocationServicesBPLibrary.dll (API version 3944462).
LogModuleManager: Display: Found up-to-date module file ../../../Engine/Plugins/Runtime/MobilePatchingUtils/Binaries/Win64/UE4Editor-MobilePatchingUtils.dll (API version 3944462).
LogModuleManager: Display: Found up-to-date module file ../../../Engine/Plugins/Runtime/Oculus/OculusVR/Binaries/Win64/UE4Editor-OculusHMD.dll (API version 3944462).
LogModuleManager: Display: Found up-to-date module file ../../../Engine/Plugins/Runtime/Oculus/OculusVR/Binaries/Win64/UE4Editor-OculusInput.dll (API version 3944462).
LogModuleManager: Display: Found up-to-date module file ../../../Engine/Plugins/Runtime/Oculus/OculusVR/Binaries/Win64/UE4Editor-OculusEditor.dll (API version 3944462).
LogModuleManager: Display: Found up-to-date module file ../../../Engine/Plugins/Runtime/PhysXVehicles/Binaries/Win64/UE4Editor-PhysXVehicles.dll (API version 3944462).
LogModuleManager: Display: Found up-to-date module file ../../../Engine/Plugins/Runtime/PhysXVehicles/Binaries/Win64/UE4Editor-PhysXVehiclesEditor.dll (API version 3944462).
LogModuleManager: Display: Found up-to-date module file ../../../Engine/Plugins/Runtime/RuntimePhysXCooking/Binaries/Win64/UE4Editor-RuntimePhysXCooking.dll (API version 3944462).
LogModuleManager: Display: Found up-to-date module file ../../../Engine/Plugins/Runtime/Steam/SteamVR/Binaries/Win64/UE4Editor-SteamVR.dll (API version 3944462).
LogModuleManager: Display: Found up-to-date module file ../../../Engine/Plugins/Runtime/Steam/SteamVR/Binaries/Win64/UE4Editor-SteamVRController.dll (API version 3944462).
LogModuleManager: Display: Found up-to-date module file ../../../Engine/Plugins/Runtime/WindowsMoviePlayer/Binaries/Win64/UE4Editor-WindowsMoviePlayer.dll (API version 3944462).
LogPluginManager: Mounting plugin Paper2D
LogPluginManager: Mounting plugin LiveLink
LogPluginManager: Mounting plugin LightPropagationVolume
LogPluginManager: Mounting plugin CLionSourceCodeAccess
LogPluginManager: Mounting plugin CodeLiteSourceCodeAccess
LogPluginManager: Mounting plugin GitSourceControl
LogPluginManager: Mounting plugin KDevelopSourceCodeAccess
LogPluginManager: Mounting plugin NullSourceCodeAccess
LogPluginManager: Mounting plugin PerforceSourceControl
LogPluginManager: Mounting plugin SubversionSourceControl
LogPluginManager: Mounting plugin UObjectPlugin
LogPluginManager: Mounting plugin VisualStudioCodeSourceCodeAccess
LogPluginManager: Mounting plugin VisualStudioSourceCodeAccess
LogPluginManager: Mounting plugin XCodeSourceCodeAccess
LogPluginManager: Mounting plugin AssetManagerEditor
LogPluginManager: Mounting plugin CryptoKeys
LogPluginManager: Mounting plugin DataValidation
LogPluginManager: Mounting plugin FacialAnimation
LogPluginManager: Mounting plugin GameplayTagsEditor
LogPluginManager: Mounting plugin MobileLauncherProfileWizard
LogPluginManager: Mounting plugin PluginBrowser
LogPluginManager: Mounting plugin SpeedTreeImporter
LogPluginManager: Mounting plugin DatasmithContent
LogPluginManager: Mounting plugin AlembicImporter
LogPluginManager: Mounting plugin CharacterAI
LogPluginManager: Mounting plugin HTML5Networking
LogPluginManager: Mounting plugin AndroidMedia
LogPluginManager: Mounting plugin AvfMedia
LogPluginManager: Mounting plugin ImgMedia
LogPluginManager: Mounting plugin LinearTimecode
LogPluginManager: Mounting plugin MediaCompositing
LogPluginManager: Mounting plugin MediaPlayerEditor
LogPluginManager: Mounting plugin WmfMedia
LogPluginManager: Mounting plugin TcpMessaging
LogPluginManager: Mounting plugin UdpMessaging
LogPluginManager: Mounting plugin ActorSequence
LogPluginManager: Mounting plugin LevelSequenceEditor
LogPluginManager: Mounting plugin MatineeToLevelSequence
LogPluginManager: Mounting plugin NetcodeUnitTest
LogPluginManager: Mounting plugin NUTUnrealEngine4
LogPluginManager: Mounting plugin OnlineSubsystemGooglePlay
LogPluginManager: Mounting plugin OnlineSubsystemIOS
LogPluginManager: Mounting plugin OnlineSubsystem
LogPluginManager: Mounting plugin OnlineSubsystemNull
LogPluginManager: Mounting plugin OnlineSubsystemUtils
LogPluginManager: Mounting plugin AndroidDeviceProfileSelector
LogPluginManager: Mounting plugin AndroidMoviePlayer
LogPluginManager: Mounting plugin AndroidPermission
LogPluginManager: Mounting plugin AppleARKit
LogPluginManager: Mounting plugin AppleMoviePlayer
LogPluginManager: Mounting plugin ArchVisCharacter
LogPluginManager: Mounting plugin AudioCapture
LogPluginManager: Mounting plugin CableComponent
LogPluginManager: Mounting plugin CustomMeshComponent
LogPluginManager: Mounting plugin ExampleDeviceProfileSelector
LogPluginManager: Mounting plugin GoogleCloudMessaging
LogPluginManager: Mounting plugin ImmediatePhysics
LogPluginManager: Mounting plugin IOSDeviceProfileSelector
LogPluginManager: Mounting plugin LinuxDeviceProfileSelector
LogPluginManager: Mounting plugin LocationServicesBPLibrary
LogPluginManager: Mounting plugin MobilePatchingUtils
LogPluginManager: Mounting plugin OculusVR
LogPluginManager: Plugin shader directory ../../../Engine/Plugins/Runtime/Oculus/OculusVR/Shaders found
LogPluginManager: Mapping shader source directory ../../../Engine/Plugins/Runtime/Oculus/OculusVR/Shaders to virtual directory /Plugin/OculusVR
LogPluginManager: Mounting plugin PhysXVehicles
LogPluginManager: Mounting plugin ProceduralMeshComponent
LogPluginManager: Mounting plugin RuntimePhysXCooking
LogPluginManager: Mounting plugin SteamVR
LogPluginManager: Mounting plugin WindowsMoviePlayer
LogStreaming: Display: Took  1.922s to configure plugins.
LogInit: Using libcurl 7.47.1
LogInit:  - built for x86_64-pc-win32
LogInit:  - supports SSL with OpenSSL/1.0.2g
LogInit:  - supports HTTP deflate (compression) using libz 1.2.8
LogInit:  - other features:
LogInit:      CURL_VERSION_SSL
LogInit:      CURL_VERSION_LIBZ
LogInit:      CURL_VERSION_IPV6
LogInit:      CURL_VERSION_ASYNCHDNS
LogInit:      CURL_VERSION_LARGEFILE
LogInit:      CURL_VERSION_IDN
LogInit:  CurlRequestOptions (configurable via config and command line):
LogInit:  - bVerifyPeer = false  - Libcurl will NOT verify peer certificate
LogInit:  - bUseHttpProxy = false  - Libcurl will NOT use HTTP proxy
LogInit:  - bDontReuseConnections = false  - Libcurl will reuse connections
LogInit:  - CertBundlePath = nullptr  - Libcurl will use whatever was configured at build time.
LogInit:  - MaxHostConnections = 16  - Libcurl will limit the number of connections to a host
LogInit:  - LocalHostAddr = Default
LogInit: WinSock: version 1.1 (2.2), MaxSocks=32767, MaxUdp=65467
LogInit: WinSock: I am LAPTOP-SNI5BBA7 (192.168.0.21:0)
LogInit: Build: ++UE4+Release-4.19-CL-4033788
LogInit: Engine Version: 4.19.2-4033788+++UE4+Release-4.19
LogInit: Compatible Engine Version: 4.19.0-3944462+++UE4+Release-4.19
LogInit: Net CL: 3944462
LogDevObjectVersion: Number of dev versions registered: 18
LogDevObjectVersion:   Dev-Blueprints (B0D832E4-1F89-4F0D-ACCF-7EB736FD4AA2): 10
LogDevObjectVersion:   Dev-Build (E1C64328-A22C-4D53-A36C-8E866417BD8C): 0
LogDevObjectVersion:   Dev-Core (375EC13C-06E4-48FB-B500-84F0262A717E): 2
LogDevObjectVersion:   Dev-Editor (E4B068ED-F494-42E9-A231-DA0B2E46BB41): 23
LogDevObjectVersion:   Dev-Framework (CFFC743F-43B0-4480-9391-14DF171D2073): 33
LogDevObjectVersion:   Dev-Mobile (B02B49B5-BB20-44E9-A304-32B752E40360): 2
LogDevObjectVersion:   Dev-Networking (A4E4105C-59A1-49B5-A7C5-40C4547EDFEE): 0
LogDevObjectVersion:   Dev-Online (39C831C9-5AE6-47DC-9A44-9C173E1C8E7C): 0
LogDevObjectVersion:   Dev-Physics (78F01B33-EBEA-4F98-B9B4-84EACCB95AA2): 0
LogDevObjectVersion:   Dev-Platform (6631380F-2D4D-43E0-8009-CF276956A95A): 0
LogDevObjectVersion:   Dev-Rendering (12F88B9F-8875-4AFC-A67C-D90C383ABD29): 25
LogDevObjectVersion:   Dev-Sequencer (7B5AE74C-D270-4C10-A958-57980B212A5A): 6
LogDevObjectVersion:   Dev-VR (D7296918-1DD6-4BDD-9DE2-64A83CC13884): 1
LogDevObjectVersion:   Dev-LoadTimes (C2A15278-BFE7-4AFE-6C17-90FF531DF755): 1
LogDevObjectVersion:   Private-Geometry (6EACA3D4-40EC-4CC1-B786-8BED09428FC5): 2
LogDevObjectVersion:   Dev-AnimPhys (29E575DD-E0A3-4627-9D10-D276232CDCEA): 16
LogDevObjectVersion:   Dev-ReflectionCapture (6B266CEC-1EC7-4B8F-A30B-E4D90942FC07): 1
LogDevObjectVersion:   Dev-Automation (0DF73D61-A23F-47EA-B727-89E90C41499A): 1
LogInit: Compiled (64-bit): Apr 27 2018 02:06:57
LogInit: Compiled with Visual C++: 19.00.24215.01
LogInit: Build Configuration: Development
LogInit: Branch Name: ++UE4+Release-4.19
LogInit: Command Line:  
LogInit: Base Directory: C:/Program Files/Epic Games/UE_4.19/Engine/Binaries/Win64/
LogInit: Installed Engine Build: 1
LogStreaming: Display: Took  0.006s to delete old logs.
LogInit: Presizing for max 8388607 objects, including 0 objects not considered by GC, pre-allocating 0 bytes for permanent pool.
LogInit: Object subsystem initialized
[2018.07.28-14.57.53:113][  0]LogInit: Selected Device Profile: [Windows]
[2018.07.28-14.57.53:113][  0]LogInit: Applying CVar settings loaded from the selected device profile: [Windows]
[2018.07.28-14.57.53:249][  0]LogInit: Computer: LAPTOP-SNI5BBA7
[2018.07.28-14.57.53:249][  0]LogInit: User: Shweta
[2018.07.28-14.57.53:249][  0]LogInit: CPU Page size=4096, Cores=2
[2018.07.28-14.57.53:249][  0]LogInit: High frequency timer resolution =2.835940 MHz
[2018.07.28-14.57.53:250][  0]LogMemory: Memory total: Physical=7.9GB (8GB approx)
[2018.07.28-14.57.53:250][  0]LogMemory: Platform Memory Stats for Windows
[2018.07.28-14.57.53:250][  0]LogMemory: Process Physical Memory: 273.14 MB used, 273.14 MB peak
[2018.07.28-14.57.53:250][  0]LogMemory: Process Virtual Memory: 270.12 MB used, 270.12 MB peak
[2018.07.28-14.57.53:250][  0]LogMemory: Physical Memory: 6654.26 MB used,  1420.15 MB free, 8074.41 MB total
[2018.07.28-14.57.53:251][  0]LogMemory: Virtual Memory: 4785.95 MB used,  1420.15 MB free, 134217728.00 MB total
[2018.07.28-14.57.53:317][  0]LogInit: Using OS detected language (en-US).
[2018.07.28-14.57.53:317][  0]LogInit: Using OS detected locale (en-US).
[2018.07.28-14.57.53:679][  0]LogTextLocalizationManager: No specific localization for 'en-US' exists, so the 'en' localization will be used.
[2018.07.28-14.57.54:314][  0]LogStreaming: Display: Took  0.997s to EndInitTextLocalization.
[2018.07.28-14.57.54:315][  0]LogInit: Setting process to per monitor DPI aware
[2018.07.28-14.57.54:358][  0]LogSlate: New Slate User Created.  User Index 0, Is Virtual User: 0
[2018.07.28-14.57.54:358][  0]LogSlate: Slate User Registered.  User Index 0, Is Virtual User: 0
[2018.07.28-14.58.01:673][  0]LogD3D11RHI: D3D11 adapters:
[2018.07.28-14.58.01:691][  0]LogD3D11RHI:    0. 'Intel(R) HD Graphics 620' (Feature Level 11_0)
[2018.07.28-14.58.01:691][  0]LogD3D11RHI:       128/0/4037 MB DedicatedVideo/DedicatedSystem/SharedSystem, Outputs:1, VendorId:0x8086
[2018.07.28-14.58.01:697][  0]LogD3D11RHI:    1. 'Microsoft Basic Render Driver' (Feature Level 11_0)
[2018.07.28-14.58.01:697][  0]LogD3D11RHI:       0/0/4037 MB DedicatedVideo/DedicatedSystem/SharedSystem, Outputs:0, VendorId:0x1414
[2018.07.28-14.58.01:697][  0]LogD3D11RHI: Chosen D3D11 Adapter: 0
[2018.07.28-14.58.01:711][  0]LogD3D11RHI: Creating new Direct3DDevice
[2018.07.28-14.58.01:711][  0]LogD3D11RHI:     GPU DeviceId: 0x5916 (for the marketing name, search the web for "GPU Device Id")
[2018.07.28-14.58.01:712][  0]LogWindows: EnumDisplayDevices:
[2018.07.28-14.58.01:713][  0]LogWindows:    0. 'Intel(R) HD Graphics 620' (P:1 D:1)
[2018.07.28-14.58.01:713][  0]LogWindows:    1. 'Intel(R) HD Graphics 620' (P:0 D:0)
[2018.07.28-14.58.01:713][  0]LogWindows:    2. 'Intel(R) HD Graphics 620' (P:0 D:0)
[2018.07.28-14.58.01:713][  0]LogWindows: DebugString: GetVideoDriverDetailsInvalid PrimaryIsNotTheChoosenAdapter GetVideoDriverDetailsInvalid PrimaryIsNotTheChoosenAdapter GetVideoDriverDetailsInvalid PrimaryIsNotTheChoosenAdapter FoundDriverCount:0 
[2018.07.28-14.58.01:713][  0]LogD3D11RHI:     Adapter Name: Intel(R) HD Graphics 620
[2018.07.28-14.58.01:713][  0]LogD3D11RHI:   Driver Version: Unknown (internal:Unknown, unified:Unknown)
[2018.07.28-14.58.01:713][  0]LogD3D11RHI:      Driver Date: Unknown
[2018.07.28-14.58.01:713][  0]LogRHI: Texture pool is 1502 MB (70% of 2146 MB)
[2018.07.28-14.58.01:725][  0]LogD3D11RHI: Async texture creation enabled
[2018.07.28-14.58.01:742][  0]LogD3D11RHI: GPU Timing Frequency: 12.000000 (Debug: 2 0)
[2018.07.28-14.58.01:744][  0]LogShaderCompilers: Guid format shader working directory is -36 characters bigger than the processId version (../../../../../../Users/Shweta/Documents/GitHub/theshwetapatil/Pinball-UE4/Pinball/Intermediate/Shaders/WorkingDirectory/16804/).
[2018.07.28-14.58.01:744][  0]LogShaderCompilers: Cleaned the shader compiler working directory 'C:/Users/Shweta/AppData/Local/Temp/UnrealShaderWorkingDir/9946BA3447130C700E4F9EA6DD880D3E/'.
[2018.07.28-14.58.02:162][  0]LogTemp: Display: Loaded TP AllDesktopTargetPlatform
[2018.07.28-14.58.02:239][  0]LogTemp: Display: Loaded TP MacClientTargetPlatform
[2018.07.28-14.58.02:311][  0]LogTemp: Display: Loaded TP MacNoEditorTargetPlatform
[2018.07.28-14.58.02:373][  0]LogTemp: Display: Loaded TP MacServerTargetPlatform
[2018.07.28-14.58.02:471][  0]LogTemp: Display: Loaded TP MacTargetPlatform
[2018.07.28-14.58.02:527][  0]LogTemp: Display: Loaded TP WindowsClientTargetPlatform
[2018.07.28-14.58.02:578][  0]LogTemp: Display: Loaded TP WindowsNoEditorTargetPlatform
[2018.07.28-14.58.02:620][  0]LogTemp: Display: Loaded TP WindowsServerTargetPlatform
[2018.07.28-14.58.02:641][  0]LogTemp: Display: Loaded TP WindowsTargetPlatform
[2018.07.28-14.58.02:667][  0]LogTemp: Display: Loaded TP Android_ASTCTargetPlatform
[2018.07.28-14.58.02:687][  0]LogTemp: Display: Loaded TP Android_ATCTargetPlatform
[2018.07.28-14.58.02:730][  0]LogTemp: Display: Loaded TP Android_DXTTargetPlatform
[2018.07.28-14.58.02:783][  0]LogTemp: Display: Loaded TP Android_ETC1aTargetPlatform
[2018.07.28-14.58.02:826][  0]LogTemp: Display: Loaded TP Android_ETC1TargetPlatform
[2018.07.28-14.58.02:913][  0]LogTemp: Display: Loaded TP Android_ETC2TargetPlatform
[2018.07.28-14.58.03:050][  0]LogTemp: Display: Loaded TP Android_MultiTargetPlatform
[2018.07.28-14.58.03:050][  0]LogTemp: Display: Loaded TP Android_PVRTCTargetPlatform
[2018.07.28-14.58.03:143][  0]LogTemp: Display: Loaded TP AndroidTargetPlatform
[2018.07.28-14.58.03:198][  0]LogTemp: Display: Loaded TP HTML5TargetPlatform
[2018.07.28-14.58.03:360][  0]LogTemp: Display: Loaded TP IOSTargetPlatform
[2018.07.28-14.58.03:448][  0]LogTemp: Display: Loaded TP TVOSTargetPlatform
[2018.07.28-14.58.03:530][  0]LogTemp: Display: Loaded TP LinuxClientTargetPlatform
[2018.07.28-14.58.03:610][  0]LogTemp: Display: Loaded TP LinuxNoEditorTargetPlatform
[2018.07.28-14.58.03:690][  0]LogTemp: Display: Loaded TP LinuxServerTargetPlatform
[2018.07.28-14.58.03:825][  0]LogTemp: Display: Loaded TP LinuxTargetPlatform
[2018.07.28-14.58.03:825][  0]LogTargetPlatformManager: Display: Building Assets For Windows
[2018.07.28-14.58.04:053][  0]LogXGEController: Cleaning working directory: C:/Users/Shweta/AppData/Local/Temp/UnrealXGEWorkingDir/
[2018.07.28-14.58.04:053][  0]LogXGEController: Cannot use XGE Controller as Incredibuild is not installed on this machine.
[2018.07.28-14.58.04:053][  0]LogShaderCompilers: Cannot use XGE Shader Compiler as Incredibuild is not installed on this machine.
[2018.07.28-14.58.04:053][  0]LogShaderCompilers: Display: Using Local Shader Compiler.
[2018.07.28-14.58.04:916][  0]LogDerivedDataCache: Display: Max Cache Size: 512 MB
[2018.07.28-14.58.05:038][  0]LogDerivedDataCache: Loaded boot cache 0.12s 74MB C:/Users/Shweta/AppData/Local/UnrealEngine/4.19/DerivedDataCache/Boot.ddc.
[2018.07.28-14.58.05:038][  0]LogDerivedDataCache: Display: Loaded Boot cache: C:/Users/Shweta/AppData/Local/UnrealEngine/4.19/DerivedDataCache/Boot.ddc
[2018.07.28-14.58.05:039][  0]LogDerivedDataCache: FDerivedDataBackendGraph:  Pak pak cache file ../../../../../../Users/Shweta/Documents/GitHub/theshwetapatil/Pinball-UE4/Pinball/DerivedDataCache/DDC.ddp not found, will not use a pak cache.
[2018.07.28-14.58.05:039][  0]LogDerivedDataCache: Unable to find inner node Pak for hierarchical cache Hierarchy.
[2018.07.28-14.58.05:039][  0]LogDerivedDataCache: FDerivedDataBackendGraph:  CompressedPak pak cache file ../../../../../../Users/Shweta/Documents/GitHub/theshwetapatil/Pinball-UE4/Pinball/DerivedDataCache/Compressed.ddp not found, will not use a pak cache.
[2018.07.28-14.58.05:039][  0]LogDerivedDataCache: Unable to find inner node CompressedPak for hierarchical cache Hierarchy.
[2018.07.28-14.58.05:060][  0]LogDerivedDataCache: Display: Pak cache opened for reading ../../../Engine/DerivedDataCache/Compressed.ddp.
[2018.07.28-14.58.05:073][  0]LogDerivedDataCache: Using Local data cache path C:/Users/Shweta/AppData/Local/UnrealEngine/Common/DerivedDataCache: Writable
[2018.07.28-14.58.05:073][  0]LogDerivedDataCache: Shared data cache path not found in *engine.ini, will not use an Shared cache.
[2018.07.28-14.58.05:073][  0]LogDerivedDataCache: Unable to find inner node Shared for hierarchical cache Hierarchy.
[2018.07.28-14.58.05:101][  0]LogMaterial: Verifying Global Shaders for PCD3D_SM5
[2018.07.28-14.58.05:102][  0]LogSlate: Using Freetype 2.6.0
[2018.07.28-14.58.05:103][  0]LogSlate: SlateFontCache - WITH_FREETYPE: 1, WITH_HARFBUZZ: 1
[2018.07.28-14.58.05:103][  0]LogSlate: SlateFontCache - WITH_FREETYPE: 1, WITH_HARFBUZZ: 1
[2018.07.28-14.58.05:784][  0]LogAssetRegistry: FAssetRegistry took 0.0278 seconds to start up
[2018.07.28-14.58.06:361][  0]LogInit: Selected Device Profile: [Windows]
[2018.07.28-14.58.06:881][  0]LogSimplygon: Simplygon DLL not present - disabling.
[2018.07.28-14.58.06:894][  0]LogMeshReduction: Using SimplygonSwarm for distributed automatic mesh merging
[2018.07.28-14.58.06:894][  0]LogMeshReduction: Using QuadricMeshReduction for automatic static mesh reduction
[2018.07.28-14.58.06:894][  0]LogMeshReduction: No automatic skeletal mesh reduction module available
[2018.07.28-14.58.06:894][  0]LogMeshReduction: No automatic mesh merging module available
[2018.07.28-14.58.06:894][  0]LogMeshMerging: No automatic mesh merging module available
[2018.07.28-14.58.07:158][  0]LogNetVersion: Pinball , NetCL: 3944462, EngineNetVer: 2, GameNetVer: 0 (Checksum: 3476590221)
[2018.07.28-14.58.09:848][  0]LogPackageLocalizationCache: Processed 9 localized package path(s) for 2 prioritized culture(s) in 0.121892 seconds
[2018.07.28-14.58.09:857][  0]LogUObjectArray: 36728 objects as part of root set at end of initial load.
[2018.07.28-14.58.09:857][  0]LogUObjectAllocator: 7314304 out of 0 bytes used by permanent object pool.
[2018.07.28-14.58.09:857][  0]LogUObjectArray: CloseDisregardForGC: 0/0 objects in disregard for GC pool
[2018.07.28-14.59.03:900][  0]LogTcpMessaging: Initializing TcpMessaging bridge
[2018.07.28-14.59.03:991][  0]LogUdpMessaging: Initializing bridge on interface 0.0.0.0:0 to multicast group 230.0.0.1:6666.
[2018.07.28-14.59.06:084][  0]SourceControl: Source control is disabled
[2018.07.28-14.59.06:084][  0]SourceControl: Source control is disabled
[2018.07.28-14.59.06:174][  0]SourceControl: Source control is disabled
[2018.07.28-14.59.06:237][  0]SourceControl: Source control is disabled
[2018.07.28-14.59.08:441][  0]LogAndroidPermission: UAndroidPermissionCallbackProxy::GetInstance
[2018.07.28-14.59.08:759][  0]LogOcInput: OculusInput pre-init called
[2018.07.28-14.59.09:158][  0]LogEngine: Initializing Engine...
[2018.07.28-14.59.09:159][  0]LogHMD: Failed to initialize OpenVR with code 110
[2018.07.28-14.59.09:209][  0]LogStats: UGameplayTagsManager::ConstructGameplayTagTree: Construct from data asset -  0.000 s
[2018.07.28-14.59.09:209][  0]LogStats: UGameplayTagsManager::ConstructGameplayTagTree: GameplayTagTreeChangedEvent.Broadcast -  0.000 s
[2018.07.28-14.59.11:177][  0]LogAIModule: Creating AISystem for world Untitled
[2018.07.28-14.59.11:340][  0]LogInit: XAudio2 using 'Speaker/HP (Realtek High Definition Audio)' : 2 channels at 48 kHz using 32 bits per sample (channel mask 0x3)
[2018.07.28-14.59.11:351][  0]LogInit: FAudioDevice initialized.
[2018.07.28-14.59.12:195][  0]LogDerivedDataCache: Saved boot cache 0.84s 74MB C:/Users/Shweta/AppData/Local/UnrealEngine/4.19/DerivedDataCache/Boot.ddc.
[2018.07.28-14.59.12:255][  0]LogInit: Texture streaming: Enabled
[2018.07.28-14.59.14:931][  0]LogEngineSessionManager: EngineSessionManager initialized
[2018.07.28-14.59.16:595][  0]LogInit: Transaction tracking system initialized
[2018.07.28-14.59.17:596][  0]BlueprintLog: New page: Editor Load
[2018.07.28-14.59.19:579][  0]LocalizationService: Localization service is disabled
[2018.07.28-14.59.21:142][  0]LogConsoleResponse: Display: 
[2018.07.28-14.59.28:218][  0]LogFileCache: Scanning file cache for directory 'C:/Users/Shweta/Documents/GitHub/theshwetapatil/Pinball-UE4/Pinball/Content/' took 0.04s
[2018.07.28-14.59.28:219][  0]LogCook: Display: Max memory allowance for cook 16384mb min free memory 0mb
[2018.07.28-14.59.28:219][  0]LogCook: Display: Mobile HDR setting 1
[2018.07.28-14.59.28:219][  0]LogGameplayTags: Display: UGameplayTagsManager::DoneAddingNativeTags. DelegateIsBound: 0
[2018.07.28-14.59.28:219][  0]LogStats: UGameplayTagsManager::ConstructGameplayTagTree: Construct from data asset -  0.000 s
[2018.07.28-14.59.28:219][  0]LogStats: UGameplayTagsManager::ConstructGameplayTagTree: GameplayTagTreeChangedEvent.Broadcast -  0.000 s
[2018.07.28-14.59.36:940][  0]SourceControl: Source control is disabled
[2018.07.28-14.59.36:975][  0]Cmd: MAP LOAD FILE="../../../Engine/Content/Maps/Templates/Template_Default.umap" TEMPLATE=1 SHOWPROGRESS=1 FEATURELEVEL=3
[2018.07.28-14.59.37:051][  0]LightingResults: New page: Lighting Build
[2018.07.28-14.59.37:180][  0]MapCheck: New page: Map Check
[2018.07.28-14.59.37:180][  0]LightingResults: New page: Lighting Build
[2018.07.28-14.59.38:989][  0]LogAIModule: Creating AISystem for world Untitled_1
[2018.07.28-14.59.39:228][  0]LogEditorServer: Finished looking for orphan Actors (0.000 secs)
[2018.07.28-14.59.39:374][  0]Cmd: MAP CHECKDEP NOCLEARLOG
[2018.07.28-14.59.39:565][  0]MapCheck: Map check complete: 0 Error(s), 0 Warning(s), took 190.373ms to complete.
[2018.07.28-14.59.39:565][  0]LogFileHelpers: Loading map 'Template_Default' took 2.602
[2018.07.28-14.59.41:064][  0]LogCollectionManager: Loaded 0 collections in 0.007133 seconds
[2018.07.28-14.59.41:161][  0]LogFileCache: Scanning file cache for directory 'C:/Users/Shweta/Documents/GitHub/theshwetapatil/Pinball-UE4/Pinball/Saved/Collections/' took 0.01s
[2018.07.28-14.59.41:161][  0]LogFileCache: Scanning file cache for directory 'C:/Users/Shweta/Documents/GitHub/theshwetapatil/Pinball-UE4/Pinball/Content/Developers/Shweta/Collections/' took 0.01s
[2018.07.28-14.59.41:161][  0]LogFileCache: Scanning file cache for directory 'C:/Users/Shweta/Documents/GitHub/theshwetapatil/Pinball-UE4/Pinball/Content/Collections/' took 0.01s
[2018.07.28-14.59.41:161][  0]LogCollectionManager: Rebuilt the GUID cache for 0 collections in 0.000001 seconds
[2018.07.28-14.59.41:201][  0]LogContentBrowser: Native class hierarchy populated in 0.0394 seconds. Added 2452 classes and 558 folders.
[2018.07.28-14.59.41:257][  0]LogContentBrowser: Native class hierarchy updated for 'WidgetCarousel' in 0.0008 seconds. Added 0 classes and 0 folders.
[2018.07.28-14.59.43:204][  0]LogContentBrowser: Native class hierarchy updated for 'AddContentDialog' in 0.0008 seconds. Added 0 classes and 0 folders.
[2018.07.28-14.59.43:291][  0]LogContentBrowser: Native class hierarchy updated for 'SceneOutliner' in 0.0008 seconds. Added 1 classes and 2 folders.
[2018.07.28-15.00.12:116][  0]LogSlate: Only BGRA pngs, bmps or icos are supported in by External Image Picker
[2018.07.28-15.00.16:231][  0]LogTemp: Executing iPhonePackager certificates Engine -bundlename com.YourCompany.Pinball
[2018.07.28-15.00.16:231][  0]LogTemp: CWD: C:\Program Files\Epic Games\UE_4.19\Engine\Binaries\DotNET\IOS
[2018.07.28-15.00.16:231][  0]LogTemp: Initial Dir: C:\Program Files\Epic Games\UE_4.19
[2018.07.28-15.00.16:231][  0]LogTemp: Env CWD: C:\Program Files\Epic Games\UE_4.19\Engine\Binaries\DotNET\IOS
[2018.07.28-15.00.16:231][  0]LogTemp: BranchPath = LAPTOP-SNI5BBA7/C/Program Files/Epic Games/UE_4.19/Engine/Binaries --- GameBranchPath = LAPTOP-SNI5BBA7/C/Program Files/Epic Games/UE_4.19/Engine/Binaries
[2018.07.28-15.00.16:231][  0]LogTemp: IPP ERROR: Could not find provision directory 'C:\Users\Shweta\AppData\Local/Apple Computer/MobileDevice/Provisioning Profiles/'.
[2018.07.28-15.00.16:231][  0]LogSlate: Took 0.105278 seconds to synchronously load lazily loaded font '../../../Engine/Content/Slate/Fonts/Roboto-Regular.ttf' (155K)
[2018.07.28-15.00.16:552][  0]LogSlate: Took 0.113140 seconds to synchronously load lazily loaded font '../../../Engine/Content/Slate/Fonts/Roboto-Bold.ttf' (160K)
[2018.07.28-15.00.17:559][  0]LogSlate: Took 0.196619 seconds to synchronously load lazily loaded font '../../../Engine/Content/Editor/Slate/Fonts/FontAwesome.ttf' (139K)
[2018.07.28-15.00.27:825][  0]LogRenderer: Reallocating scene render targets to support 884x372 Format 10 NumSamples 1 (Frame:1).
[2018.07.28-15.00.47:150][  0]LogContentBrowser: Native class hierarchy updated for 'HierarchicalLODOutliner' in 0.0011 seconds. Added 0 classes and 0 folders.
[2018.07.28-15.00.47:151][  0]LogLoad: (Engine Initialization) Total time: 177.88 seconds
[2018.07.28-15.00.47:151][  0]LogLoad: (Engine Initialization) Total Blueprint compile time: 0.00 seconds
[2018.07.28-15.00.51:022][  0]LogContentStreaming: Texture pool size now 1000 MB
[2018.07.28-15.00.56:132][  2]LogSlate: Took 0.132504 seconds to synchronously load lazily loaded font '../../../Engine/Content/Slate/Fonts/Roboto-Light.ttf' (167K)
[2018.07.28-15.00.56:675][  4]LogAssetRegistry: Asset discovery search completed in 170.9135 seconds
[2018.07.28-15.00.56:829][  4]LogCollectionManager: Rebuilt the object cache for 0 collections in 0.000001 seconds (found 0 objects)
[2018.07.28-15.00.56:829][  4]LogCollectionManager: Fixed up redirectors for 0 collections in 0.052567 seconds (updated 0 objects)
[2018.07.28-15.00.57:771][  6]LogSlate: Took 0.000784 seconds to synchronously load lazily loaded font '../../../Engine/Content/Slate/Fonts/Roboto-Light.ttf' (167K)
[2018.07.28-15.01.12:826][ 93]LogSlate: FSceneViewport::OnFocusLost() reason 2
[2018.07.28-15.01.16:285][222]LogUObjectGlobals: Created PersistentFrame Addr=0x000001c81ae31600, Size=368, Default__Ball_Blueprint_C Function /Game/Blueprints/Ball_Blueprint.Ball_Blueprint_C:ExecuteUbergraph_Ball_Blueprint
[2018.07.28-15.01.16:795][222]LogUObjectGlobals: Destroyed PersistentFrame Addr=0x000001c81ae31600, Size=368
[2018.07.28-15.01.16:796][222]LogUObjectGlobals: Created PersistentFrame Addr=0x000001c81da01000, Size=368, Default__Ball_Blueprint_C Function /Engine/Transient.REINST_Ball_Blueprint_C_5:ExecuteUbergraph_Ball_Blueprint
[2018.07.28-15.01.17:605][222]LogUObjectGlobals: Created PersistentFrame Addr=0x000001c8013f7b80, Size=368, Default__Ball_Blueprint_C Function /Game/Blueprints/Ball_Blueprint.Ball_Blueprint_C:ExecuteUbergraph_Ball_Blueprint
[2018.07.28-15.01.27:184][222]LogContentBrowser: Native class hierarchy updated for 'BlueprintGraph' in 0.0028 seconds. Added 116 classes and 0 folders.
[2018.07.28-15.01.29:470][222]LogUObjectGlobals: Created PersistentFrame Addr=0x000001c823633e68, Size=4, Default__SKEL_PROTO_BP_AnimBlueprint_0_C Function /Engine/Transient.SKEL_PROTO_BP_AnimBlueprint_0_C:ExecuteUbergraph_PROTO_BP_AnimBlueprint_0
[2018.07.28-15.01.29:524][222]LogUObjectGlobals: Created PersistentFrame Addr=0x000001c823633e60, Size=4, Default__PROTO_BP_AnimBlueprint_0_C Function /Engine/Transient.PROTO_BP_AnimBlueprint_0_C:ExecuteUbergraph_PROTO_BP_AnimBlueprint_0
[2018.07.28-15.01.34:811][222]LogUObjectGlobals: Created PersistentFrame Addr=0x000001c824981060, Size=8, Default__Flipper_Blueprint_C Function /Game/Blueprints/Flipper_Blueprint.Flipper_Blueprint_C:ExecuteUbergraph_Flipper_Blueprint
[2018.07.28-15.01.34:832][222]LogUObjectGlobals: Destroyed PersistentFrame Addr=0x000001c824981060, Size=8
[2018.07.28-15.01.34:832][222]LogUObjectGlobals: Created PersistentFrame Addr=0x000001c824981060, Size=8, Default__Flipper_Blueprint_C Function /Engine/Transient.REINST_Flipper_Blueprint_C_19:ExecuteUbergraph_Flipper_Blueprint
[2018.07.28-15.01.34:845][222]LogUObjectGlobals: Created PersistentFrame Addr=0x000001c824980e60, Size=8, Default__Flipper_Blueprint_C Function /Game/Blueprints/Flipper_Blueprint.Flipper_Blueprint_C:ExecuteUbergraph_Flipper_Blueprint
[2018.07.28-15.01.35:018][222]LogUObjectGlobals: Created PersistentFrame Addr=0x000001c8243b9240, Size=164, Default__Plunger_Blueprint_C Function /Game/Blueprints/Plunger_Blueprint.Plunger_Blueprint_C:ExecuteUbergraph_Plunger_Blueprint
[2018.07.28-15.01.35:069][222]LogUObjectGlobals: Destroyed PersistentFrame Addr=0x000001c8243b9240, Size=164
[2018.07.28-15.01.35:069][222]LogUObjectGlobals: Created PersistentFrame Addr=0x000001c8243b9240, Size=164, Default__Plunger_Blueprint_C Function /Engine/Transient.REINST_Plunger_Blueprint_C_21:ExecuteUbergraph_Plunger_Blueprint
[2018.07.28-15.01.35:126][222]LogUObjectGlobals: Created PersistentFrame Addr=0x000001c82583b940, Size=164, Default__Plunger_Blueprint_C Function /Game/Blueprints/Plunger_Blueprint.Plunger_Blueprint_C:ExecuteUbergraph_Plunger_Blueprint
[2018.07.28-15.01.35:229][222]LogUObjectGlobals: Created PersistentFrame Addr=0x000001c825840fe0, Size=144, Default__Pinball_Game_Mode_Blueprint_C Function /Game/Blueprints/Pinball_Game_Mode_Blueprint.Pinball_Game_Mode_Blueprint_C:ExecuteUbergraph_Pinball_Game_Mode_Blueprint
[2018.07.28-15.01.35:240][222]LogUObjectGlobals: Created PersistentFrame Addr=0x000001c824da1600, Size=504, Default__Pinball_Player_Controller_Blueprint_C Function /Game/Blueprints/Pinball_Player_Controller_Blueprint.Pinball_Player_Controller_Blueprint_C:ExecuteUbergraph_Pinball_Player_Controller_Blueprint
[2018.07.28-15.01.35:505][222]LogUObjectGlobals: Destroyed PersistentFrame Addr=0x000001c825840fe0, Size=144
[2018.07.28-15.01.35:506][222]LogUObjectGlobals: Created PersistentFrame Addr=0x000001c82674d940, Size=144, Default__Pinball_Game_Mode_Blueprint_C Function /Engine/Transient.REINST_Pinball_Game_Mode_Blueprint_C_23:ExecuteUbergraph_Pinball_Game_Mode_Blueprint
[2018.07.28-15.01.35:509][222]LogUObjectGlobals: Destroyed PersistentFrame Addr=0x000001c824da1600, Size=504
[2018.07.28-15.01.35:509][222]LogUObjectGlobals: Created PersistentFrame Addr=0x000001c825813000, Size=504, Default__Pinball_Player_Controller_Blueprint_C Function /Engine/Transient.REINST_Pinball_Player_Controller_Blueprint_C_24:ExecuteUbergraph_Pinball_Player_Controller_Blueprint
[2018.07.28-15.01.35:701][222]LogUObjectGlobals: Created PersistentFrame Addr=0x000001c8266d56c0, Size=144, Default__Pinball_Game_Mode_Blueprint_C Function /Game/Blueprints/Pinball_Game_Mode_Blueprint.Pinball_Game_Mode_Blueprint_C:ExecuteUbergraph_Pinball_Game_Mode_Blueprint
[2018.07.28-15.01.35:742][222]LogUObjectGlobals: Created PersistentFrame Addr=0x000001c82669bc00, Size=504, Default__Pinball_Player_Controller_Blueprint_C Function /Game/Blueprints/Pinball_Player_Controller_Blueprint.Pinball_Player_Controller_Blueprint_C:ExecuteUbergraph_Pinball_Player_Controller_Blueprint
[2018.07.28-15.01.36:533][222]LogUObjectGlobals: Created PersistentFrame Addr=0x000001c82668f380, Size=288, Default__Bumper_Blueprint_C Function /Game/Blueprints/Bumper_Blueprint.Bumper_Blueprint_C:ExecuteUbergraph_Bumper_Blueprint
[2018.07.28-15.01.36:556][222]LogUObjectGlobals: Destroyed PersistentFrame Addr=0x000001c82668f380, Size=288
[2018.07.28-15.01.36:557][222]LogUObjectGlobals: Created PersistentFrame Addr=0x000001c82668f380, Size=288, Default__Bumper_Blueprint_C Function /Engine/Transient.REINST_Bumper_Blueprint_C_28:ExecuteUbergraph_Bumper_Blueprint
[2018.07.28-15.01.36:573][222]LogUObjectGlobals: Created PersistentFrame Addr=0x000001c82668eac0, Size=288, Default__Bumper_Blueprint_C Function /Game/Blueprints/Bumper_Blueprint.Bumper_Blueprint_C:ExecuteUbergraph_Bumper_Blueprint
[2018.07.28-15.02.03:796][222]LogSlate: Took 0.069248 seconds to synchronously load lazily loaded font '../../../Engine/Content/Slate/Fonts/Roboto-BoldCondensed.ttf' (158K)
[2018.07.28-15.02.22:867][409]LogUObjectGlobals: Destroyed PersistentFrame Addr=0x000001c81da01000, Size=368
[2018.07.28-15.02.23:013][409]LogUObjectGlobals: Destroyed PersistentFrame Addr=0x000001c824981060, Size=8
[2018.07.28-15.02.23:013][409]LogUObjectGlobals: Destroyed PersistentFrame Addr=0x000001c8243b9240, Size=164
[2018.07.28-15.02.23:013][409]LogUObjectGlobals: Destroyed PersistentFrame Addr=0x000001c82674d940, Size=144
[2018.07.28-15.02.23:013][409]LogUObjectGlobals: Destroyed PersistentFrame Addr=0x000001c825813000, Size=504
[2018.07.28-15.02.23:014][409]LogUObjectGlobals: Destroyed PersistentFrame Addr=0x000001c82668f380, Size=288
[2018.07.28-15.02.24:316][409]Cmd: MAP LOAD FILE="../../../../../../Users/Shweta/Documents/GitHub/theshwetapatil/Pinball-UE4/Pinball/Content/Ball_Setup_Map.umap" TEMPLATE=0 SHOWPROGRESS=1 FEATURELEVEL=3
[2018.07.28-15.02.24:396][409]LightingResults: New page: Lighting Build
[2018.07.28-15.02.24:400][409]LoadErrors: New page: Loading map: Ball_Setup_Map.umap
[2018.07.28-15.02.24:803][409]MapCheck: New page: Map Check
[2018.07.28-15.02.24:803][409]LightingResults: New page: Lighting Build
[2018.07.28-15.02.25:213][409]LogUObjectGlobals: Created PersistentFrame Addr=0x000001c8a83c7240, Size=32, Default__Ball_Reset_Zone_Blueprint_C Function /Game/Blueprints/Ball_Reset_Zone_Blueprint.Ball_Reset_Zone_Blueprint_C:ExecuteUbergraph_Ball_Reset_Zone_Blueprint
[2018.07.28-15.02.25:219][409]LogUObjectGlobals: Destroyed PersistentFrame Addr=0x000001c8a83c7240, Size=32
[2018.07.28-15.02.25:220][409]LogUObjectGlobals: Created PersistentFrame Addr=0x000001c8a83c7240, Size=32, Default__Ball_Reset_Zone_Blueprint_C Function /Engine/Transient.REINST_Ball_Reset_Zone_Blueprint_C_30:ExecuteUbergraph_Ball_Reset_Zone_Blueprint
[2018.07.28-15.02.25:224][409]LogUObjectGlobals: Created PersistentFrame Addr=0x000001c8a83c6a60, Size=32, Default__Ball_Reset_Zone_Blueprint_C Function /Game/Blueprints/Ball_Reset_Zone_Blueprint.Ball_Reset_Zone_Blueprint_C:ExecuteUbergraph_Ball_Reset_Zone_Blueprint
[2018.07.28-15.02.26:260][409]LogAIModule: Creating AISystem for world Ball_Setup_Map
[2018.07.28-15.02.27:182][409]LogEditorServer: Finished looking for orphan Actors (0.001 secs)
[2018.07.28-15.02.27:256][409]LogUObjectGlobals: Destroyed PersistentFrame Addr=0x000001c8a83c7240, Size=32
[2018.07.28-15.02.27:524][409]Cmd: MAP CHECKDEP NOCLEARLOG
[2018.07.28-15.02.27:727][409]MapCheck: Map check complete: 0 Error(s), 0 Warning(s), took 202.828ms to complete.
[2018.07.28-15.02.27:727][409]LogFileHelpers: Loading map 'Ball_Setup_Map' took 4.132
[2018.07.28-15.02.27:853][409]LogSlate: Window 'Open Level' being destroyed
[2018.07.28-15.02.34:329][416]LogSlate: Took 0.034785 seconds to synchronously load lazily loaded font '../../../Engine/Content/Slate/Fonts/Roboto-Italic.ttf' (157K)
[2018.07.28-15.02.49:940][147]LogSlate: Window 'Pinball_HUD_Blueprint' being destroyed
[2018.07.28-15.05.11:539][760]LogUObjectGlobals: Created PersistentFrame Addr=0x000001c8172b7910, Size=4, Default__SKEL_Pinball_Game_Mode_Blueprint_C Function /Game/Blueprints/Pinball_Game_Mode_Blueprint.SKEL_Pinball_Game_Mode_Blueprint_C:ExecuteUbergraph_Pinball_Game_Mode_Blueprint
[2018.07.28-15.05.21:291][294]LogUObjectGlobals: Destroyed PersistentFrame Addr=0x000001c8172b7910, Size=4
[2018.07.28-15.05.21:292][294]LogUObjectGlobals: Created PersistentFrame Addr=0x000001c8172b7910, Size=4, Default__SKEL_Pinball_Game_Mode_Blueprint_C Function /Engine/Transient.REINST_SKEL_Pinball_Game_Mode_Blueprint_C_34:ExecuteUbergraph_Pinball_Game_Mode_Blueprint
[2018.07.28-15.05.21:297][294]LogUObjectGlobals: Created PersistentFrame Addr=0x000001c8172b60d0, Size=4, Default__SKEL_Pinball_Game_Mode_Blueprint_C Function /Game/Blueprints/Pinball_Game_Mode_Blueprint.SKEL_Pinball_Game_Mode_Blueprint_C:ExecuteUbergraph_Pinball_Game_Mode_Blueprint
[2018.07.28-15.05.23:409][398]LogSlate: Took 0.036531 seconds to synchronously load lazily loaded font '../../../Engine/Content/Slate/Fonts/Roboto-BoldCondensedItalic.ttf' (160K)
[2018.07.28-15.05.25:018][490]LogUObjectGlobals: Destroyed PersistentFrame Addr=0x000001c8172b60d0, Size=4
[2018.07.28-15.05.25:019][490]LogUObjectGlobals: Created PersistentFrame Addr=0x000001c8172b60d0, Size=4, Default__SKEL_Pinball_Game_Mode_Blueprint_C Function /Engine/Transient.REINST_SKEL_Pinball_Game_Mode_Blueprint_C_36:ExecuteUbergraph_Pinball_Game_Mode_Blueprint
[2018.07.28-15.05.25:021][490]LogUObjectGlobals: Created PersistentFrame Addr=0x000001c8172b7c40, Size=4, Default__SKEL_Pinball_Game_Mode_Blueprint_C Function /Game/Blueprints/Pinball_Game_Mode_Blueprint.SKEL_Pinball_Game_Mode_Blueprint_C:ExecuteUbergraph_Pinball_Game_Mode_Blueprint
[2018.07.28-15.05.26:407][567]BlueprintLog: New page: Compile Pinball_Game_Mode_Blueprint
[2018.07.28-15.05.26:437][567]LogUObjectGlobals: Destroyed PersistentFrame Addr=0x000001c8172b7c40, Size=4
[2018.07.28-15.05.26:437][567]LogUObjectGlobals: Created PersistentFrame Addr=0x000001c8172b7c40, Size=4, Default__SKEL_Pinball_Game_Mode_Blueprint_C Function /Engine/Transient.REINST_SKEL_Pinball_Game_Mode_Blueprint_C_39:ExecuteUbergraph_Pinball_Game_Mode_Blueprint
[2018.07.28-15.05.26:604][567]LogUObjectGlobals: Destroyed PersistentFrame Addr=0x000001c8266d56c0, Size=144
[2018.07.28-15.05.26:604][567]LogUObjectGlobals: Created PersistentFrame Addr=0x000001c8a8922200, Size=144, Default__Pinball_Game_Mode_Blueprint_C Function /Engine/Transient.REINST_Pinball_Game_Mode_Blueprint_C_43:ExecuteUbergraph_Pinball_Game_Mode_Blueprint
[2018.07.28-15.05.26:615][567]LogUObjectGlobals: Created PersistentFrame Addr=0x000001c8b5a31080, Size=144, Default__Pinball_Game_Mode_Blueprint_C Function /Game/Blueprints/Pinball_Game_Mode_Blueprint.Pinball_Game_Mode_Blueprint_C:ExecuteUbergraph_Pinball_Game_Mode_Blueprint
[2018.07.28-15.05.27:728][567]LogUObjectGlobals: Destroyed PersistentFrame Addr=0x000001c8172b7c40, Size=4
[2018.07.28-15.05.27:728][567]LogUObjectGlobals: Destroyed PersistentFrame Addr=0x000001c8172b60d0, Size=4
[2018.07.28-15.05.27:728][567]LogUObjectGlobals: Destroyed PersistentFrame Addr=0x000001c8172b7910, Size=4
[2018.07.28-15.05.29:694][606]LogSavePackage: Save=255.01ms
[2018.07.28-15.05.29:696][606]LogSavePackage: Moving '../../../../../../Users/Shweta/Documents/GitHub/theshwetapatil/Pinball-UE4/Pinball/Saved/Pinball_Game_Mode_Blueprint0D9CE3914BF8E7C19A0120880232C088.tmp' to '../../../../../../Users/Shweta/Documents/GitHub/theshwetapatil/Pinball-UE4/Pinball/Content/Blueprints/Pinball_Game_Mode_Blueprint.uasset'
[2018.07.28-15.05.29:725][606]LogSavePackage: Display: Finished SavePackage ../../../../../../Users/Shweta/Documents/GitHub/theshwetapatil/Pinball-UE4/Pinball/Content/Blueprints/Pinball_Game_Mode_Blueprint.uasset
[2018.07.28-15.09.09:998][829]LogUObjectGlobals: Created PersistentFrame Addr=0x000001c89b1e3fd0, Size=4, Default__SKEL_Pinball_Game_Mode_Blueprint_C Function /Game/Blueprints/Pinball_Game_Mode_Blueprint.SKEL_Pinball_Game_Mode_Blueprint_C:ExecuteUbergraph_Pinball_Game_Mode_Blueprint
[2018.07.28-15.09.14:222][ 69]LogUObjectGlobals: Destroyed PersistentFrame Addr=0x000001c89b1e3fd0, Size=4
[2018.07.28-15.09.14:222][ 69]LogUObjectGlobals: Created PersistentFrame Addr=0x000001c8a903a910, Size=4, Default__SKEL_Pinball_Game_Mode_Blueprint_C Function /Engine/Transient.REINST_SKEL_Pinball_Game_Mode_Blueprint_C_47:ExecuteUbergraph_Pinball_Game_Mode_Blueprint
[2018.07.28-15.09.14:223][ 69]LogUObjectGlobals: Created PersistentFrame Addr=0x000001c8a903aa88, Size=4, Default__SKEL_Pinball_Game_Mode_Blueprint_C Function /Game/Blueprints/Pinball_Game_Mode_Blueprint.SKEL_Pinball_Game_Mode_Blueprint_C:ExecuteUbergraph_Pinball_Game_Mode_Blueprint
[2018.07.28-15.10.16:202][655]BlueprintLog: New page: Compile Pinball_Game_Mode_Blueprint
[2018.07.28-15.10.16:210][655]LogUObjectGlobals: Destroyed PersistentFrame Addr=0x000001c8a903aa88, Size=4
[2018.07.28-15.10.16:210][655]LogUObjectGlobals: Created PersistentFrame Addr=0x000001c818147800, Size=4, Default__SKEL_Pinball_Game_Mode_Blueprint_C Function /Engine/Transient.REINST_SKEL_Pinball_Game_Mode_Blueprint_C_50:ExecuteUbergraph_Pinball_Game_Mode_Blueprint
[2018.07.28-15.10.16:223][655]LogUObjectGlobals: Destroyed PersistentFrame Addr=0x000001c8b5a31080, Size=144
[2018.07.28-15.10.16:223][655]LogUObjectGlobals: Created PersistentFrame Addr=0x000001c816930220, Size=144, Pinball_Game_Mode_Blueprint_C_19 Function /Engine/Transient.REINST_Pinball_Game_Mode_Blueprint_C_54:ExecuteUbergraph_Pinball_Game_Mode_Blueprint
[2018.07.28-15.10.16:227][655]LogUObjectGlobals: Created PersistentFrame Addr=0x000001c8025d7920, Size=160, Default__Pinball_Game_Mode_Blueprint_C Function /Game/Blueprints/Pinball_Game_Mode_Blueprint.Pinball_Game_Mode_Blueprint_C:ExecuteUbergraph_Pinball_Game_Mode_Blueprint
[2018.07.28-15.10.16:462][655]LogUObjectGlobals: Destroyed PersistentFrame Addr=0x000001c818147800, Size=4
[2018.07.28-15.10.16:462][655]LogUObjectGlobals: Destroyed PersistentFrame Addr=0x000001c8a903a910, Size=4
[2018.07.28-15.10.16:463][655]LogUObjectGlobals: Destroyed PersistentFrame Addr=0x000001c8a8922200, Size=144
[2018.07.28-15.10.17:483][700]LogSavePackage: Save=104.44ms
[2018.07.28-15.10.17:483][700]LogSavePackage: Moving '../../../../../../Users/Shweta/Documents/GitHub/theshwetapatil/Pinball-UE4/Pinball/Saved/Pinball_Game_Mode_Blueprint3CBFE17E481E839E1AAD17A9E512194C.tmp' to '../../../../../../Users/Shweta/Documents/GitHub/theshwetapatil/Pinball-UE4/Pinball/Content/Blueprints/Pinball_Game_Mode_Blueprint.uasset'
[2018.07.28-15.10.17:496][700]LogSavePackage: Display: Finished SavePackage ../../../../../../Users/Shweta/Documents/GitHub/theshwetapatil/Pinball-UE4/Pinball/Content/Blueprints/Pinball_Game_Mode_Blueprint.uasset
[2018.07.28-15.10.51:114][ 26]LogSavePackage: Save=99.20ms
[2018.07.28-15.10.51:114][ 26]LogSavePackage: Moving '../../../../../../Users/Shweta/Documents/GitHub/theshwetapatil/Pinball-UE4/Pinball/Saved/Ball_Setup_Map2D5A4B2A4797AA9694852A81901979EE.tmp' to '../../../../../../Users/Shweta/Documents/GitHub/theshwetapatil/Pinball-UE4/Pinball/Content/Ball_Setup_Map.umap'
[2018.07.28-15.10.51:119][ 26]LogSavePackage: Display: Finished SavePackage ../../../../../../Users/Shweta/Documents/GitHub/theshwetapatil/Pinball-UE4/Pinball/Content/Ball_Setup_Map.umap
[2018.07.28-15.10.51:184][ 26]Cmd: OBJ SAVEPACKAGE PACKAGE="/Game/Ball_Setup_Map_BuiltData" FILE="../../../../../../Users/Shweta/Documents/GitHub/theshwetapatil/Pinball-UE4/Pinball/Content/Ball_Setup_Map_BuiltData.uasset" SILENT=true
[2018.07.28-15.10.51:297][ 26]LogSavePackage: Save=84.35ms
[2018.07.28-15.10.51:297][ 26]LogSavePackage: Moving '../../../../../../Users/Shweta/Documents/GitHub/theshwetapatil/Pinball-UE4/Pinball/Saved/Ball_Setup_Map_BuiltDataE1A33C2E42A552BE65005897C2DF77B2.tmp' to '../../../../../../Users/Shweta/Documents/GitHub/theshwetapatil/Pinball-UE4/Pinball/Content/Ball_Setup_Map_BuiltData.uasset'
[2018.07.28-15.10.51:299][ 26]LogSavePackage: Display: Finished SavePackage ../../../../../../Users/Shweta/Documents/GitHub/theshwetapatil/Pinball-UE4/Pinball/Content/Ball_Setup_Map_BuiltData.uasset
[2018.07.28-15.10.56:290][218]BlueprintLog: New page: Compile Pinball_Game_Mode_Blueprint
[2018.07.28-15.10.56:306][218]LogUObjectGlobals: Destroyed PersistentFrame Addr=0x000001c8025d7920, Size=160
[2018.07.28-15.10.56:307][218]LogUObjectGlobals: Created PersistentFrame Addr=0x000001c8a8922f20, Size=160, Default__Pinball_Game_Mode_Blueprint_C Function /Engine/Transient.REINST_Pinball_Game_Mode_Blueprint_C_61:ExecuteUbergraph_Pinball_Game_Mode_Blueprint
[2018.07.28-15.10.56:310][218]LogUObjectGlobals: Created PersistentFrame Addr=0x000001c8188bde40, Size=160, Default__Pinball_Game_Mode_Blueprint_C Function /Game/Blueprints/Pinball_Game_Mode_Blueprint.Pinball_Game_Mode_Blueprint_C:ExecuteUbergraph_Pinball_Game_Mode_Blueprint
[2018.07.28-15.10.56:474][218]LogUObjectGlobals: Destroyed PersistentFrame Addr=0x000001c816930220, Size=144
[2018.07.28-15.10.57:260][256]LogSavePackage: Save=24.90ms
[2018.07.28-15.10.57:260][256]LogSavePackage: Moving '../../../../../../Users/Shweta/Documents/GitHub/theshwetapatil/Pinball-UE4/Pinball/Saved/Pinball_Game_Mode_BlueprintBBFB755B4A97C6BFCDE5BF830039E97B.tmp' to '../../../../../../Users/Shweta/Documents/GitHub/theshwetapatil/Pinball-UE4/Pinball/Content/Blueprints/Pinball_Game_Mode_Blueprint.uasset'
[2018.07.28-15.10.57:261][256]LogSavePackage: Display: Finished SavePackage ../../../../../../Users/Shweta/Documents/GitHub/theshwetapatil/Pinball-UE4/Pinball/Content/Blueprints/Pinball_Game_Mode_Blueprint.uasset
[2018.07.28-15.10.59:667][373]LogUObjectGlobals: Destroyed PersistentFrame Addr=0x000001c8a8922f20, Size=160
[2018.07.28-15.10.59:727][373]LogSavePackage: Save=47.97ms
[2018.07.28-15.10.59:727][373]LogSavePackage: Moving '../../../../../../Users/Shweta/Documents/GitHub/theshwetapatil/Pinball-UE4/Pinball/Saved/Ball_Setup_MapAB6F47704C9E22000C7CD687C57FB89C.tmp' to '../../../../../../Users/Shweta/Documents/GitHub/theshwetapatil/Pinball-UE4/Pinball/Content/Ball_Setup_Map.umap'
[2018.07.28-15.10.59:729][373]LogSavePackage: Display: Finished SavePackage ../../../../../../Users/Shweta/Documents/GitHub/theshwetapatil/Pinball-UE4/Pinball/Content/Ball_Setup_Map.umap
[2018.07.28-15.10.59:759][373]Cmd: OBJ SAVEPACKAGE PACKAGE="/Game/Ball_Setup_Map_BuiltData" FILE="../../../../../../Users/Shweta/Documents/GitHub/theshwetapatil/Pinball-UE4/Pinball/Content/Ball_Setup_Map_BuiltData.uasset" SILENT=true
[2018.07.28-15.10.59:783][373]LogSavePackage: Save=15.95ms
[2018.07.28-15.10.59:783][373]LogSavePackage: Moving '../../../../../../Users/Shweta/Documents/GitHub/theshwetapatil/Pinball-UE4/Pinball/Saved/Ball_Setup_Map_BuiltData1F9838BB49937FAAE44CD0A8C19C7BE7.tmp' to '../../../../../../Users/Shweta/Documents/GitHub/theshwetapatil/Pinball-UE4/Pinball/Content/Ball_Setup_Map_BuiltData.uasset'
[2018.07.28-15.10.59:785][373]LogSavePackage: Display: Finished SavePackage ../../../../../../Users/Shweta/Documents/GitHub/theshwetapatil/Pinball-UE4/Pinball/Content/Ball_Setup_Map_BuiltData.uasset
[2018.07.28-15.11.17:146][532]LogSlate: Window 'Pick Parent Class' being destroyed
[2018.07.28-15.14.38:118][618]LogSavePackage: Save=7.29ms
[2018.07.28-15.14.38:118][618]LogSavePackage: Moving '../../../../../../Users/Shweta/Documents/GitHub/theshwetapatil/Pinball-UE4/Pinball/Saved/High_Score_Struct21CB14AD412109ABFCD51ABF8D8BC0CC.tmp' to '../../../../../../Users/Shweta/Documents/GitHub/theshwetapatil/Pinball-UE4/Pinball/Content/Blueprints/High_Score_Struct.uasset'
[2018.07.28-15.14.38:120][618]LogSavePackage: Display: Finished SavePackage ../../../../../../Users/Shweta/Documents/GitHub/theshwetapatil/Pinball-UE4/Pinball/Content/Blueprints/High_Score_Struct.uasset
[2018.07.28-15.14.40:458][756]LogSavePackage: Save=5.30ms
[2018.07.28-15.14.40:458][756]LogSavePackage: Moving '../../../../../../Users/Shweta/Documents/GitHub/theshwetapatil/Pinball-UE4/Pinball/Saved/High_Score_StructB86D550E46C5B0B7758A039C3B1D83E9.tmp' to '../../../../../../Users/Shweta/Documents/GitHub/theshwetapatil/Pinball-UE4/Pinball/Content/Blueprints/High_Score_Struct.uasset'
[2018.07.28-15.14.40:459][756]LogSavePackage: Display: Finished SavePackage ../../../../../../Users/Shweta/Documents/GitHub/theshwetapatil/Pinball-UE4/Pinball/Content/Blueprints/High_Score_Struct.uasset
[2018.07.28-15.15.54:915][360]LogClass: Warning: Type mismatch in Save_Struct of SKEL_High_Score_Save_Blueprint_C - Previous (StructProperty) Current(ArrayProperty) for package:  FObjectReader
[2018.07.28-15.16.03:288][551]BlueprintLog: New page: Compile High_Score_Save_Blueprint
[2018.07.28-15.16.04:035][582]LogSavePackage: Save=7.06ms
[2018.07.28-15.16.04:035][582]LogSavePackage: Moving '../../../../../../Users/Shweta/Documents/GitHub/theshwetapatil/Pinball-UE4/Pinball/Saved/High_Score_Save_Blueprint63B57D7246D201E8E88F758DDF309B17.tmp' to '../../../../../../Users/Shweta/Documents/GitHub/theshwetapatil/Pinball-UE4/Pinball/Content/Blueprints/High_Score_Save_Blueprint.uasset'
[2018.07.28-15.16.04:038][582]LogSavePackage: Display: Finished SavePackage ../../../../../../Users/Shweta/Documents/GitHub/theshwetapatil/Pinball-UE4/Pinball/Content/Blueprints/High_Score_Save_Blueprint.uasset
[2018.07.28-15.21.57:952][471]LogFileHelpers: Editor autosave (incl. sublevels) for '/Game/Ball_Setup_Map' took 0.089
[2018.07.28-15.21.58:006][471]OBJ SavePackage: Generating thumbnails for [0] asset(s) in package [/Game/Blueprints/High_Score_Save_Blueprint] ([1] browsable assets)...
[2018.07.28-15.21.58:006][471]OBJ SavePackage: Finished generating thumbnails for package [/Game/Blueprints/High_Score_Save_Blueprint]
[2018.07.28-15.21.58:066][471]LogSavePackage: Save=21.71ms
[2018.07.28-15.21.58:066][471]LogSavePackage: Moving '../../../../../../Users/Shweta/Documents/GitHub/theshwetapatil/Pinball-UE4/Pinball/Saved/High_Score_Save_Blueprint_Auto1D73B62A843F06B80EF3A93BAEDC0D4A7.tmp' to '../../../../../../Users/Shweta/Documents/GitHub/theshwetapatil/Pinball-UE4/Pinball/Saved/Autosaves/Game/Blueprints/High_Score_Save_Blueprint_Auto1.uasset'
[2018.07.28-15.21.58:069][471]LogSavePackage: Display: Finished SavePackage ../../../../../../Users/Shweta/Documents/GitHub/theshwetapatil/Pinball-UE4/Pinball/Saved/Autosaves/Game/Blueprints/High_Score_Save_Blueprint_Auto1.uasset
[2018.07.28-15.21.58:070][471]LogFileHelpers: Auto-saving content packages took 0.116
[2018.07.28-15.32.55:771][190]BlueprintLog: New page: Compile High_Score_Save_Blueprint
[2018.07.28-15.32.56:999][255]LogSavePackage: Save=16.94ms
[2018.07.28-15.32.56:999][255]LogSavePackage: Moving '../../../../../../Users/Shweta/Documents/GitHub/theshwetapatil/Pinball-UE4/Pinball/Saved/High_Score_Save_Blueprint8CFF70A2427655963ABD0F9ADA8843B9.tmp' to '../../../../../../Users/Shweta/Documents/GitHub/theshwetapatil/Pinball-UE4/Pinball/Content/Blueprints/High_Score_Save_Blueprint.uasset'
[2018.07.28-15.32.57:002][255]LogSavePackage: Display: Finished SavePackage ../../../../../../Users/Shweta/Documents/GitHub/theshwetapatil/Pinball-UE4/Pinball/Content/Blueprints/High_Score_Save_Blueprint.uasset
[2018.07.28-15.33.57:812][302]BlueprintLog: New page: Compile High_Score_Save_Blueprint
[2018.07.28-15.33.58:718][349]LogSavePackage: Save=26.26ms
[2018.07.28-15.33.58:718][349]LogSavePackage: Moving '../../../../../../Users/Shweta/Documents/GitHub/theshwetapatil/Pinball-UE4/Pinball/Saved/High_Score_Save_Blueprint325D5A4744F1F675DBF9AAB4984CF8BB.tmp' to '../../../../../../Users/Shweta/Documents/GitHub/theshwetapatil/Pinball-UE4/Pinball/Content/Blueprints/High_Score_Save_Blueprint.uasset'
[2018.07.28-15.33.58:721][349]LogSavePackage: Display: Finished SavePackage ../../../../../../Users/Shweta/Documents/GitHub/theshwetapatil/Pinball-UE4/Pinball/Content/Blueprints/High_Score_Save_Blueprint.uasset
[2018.07.28-15.35.26:924][456]BlueprintLog: New page: Compile High_Score_Save_Blueprint
[2018.07.28-15.35.28:316][522]LogSavePackage: Save=15.63ms
[2018.07.28-15.35.28:316][522]LogSavePackage: Moving '../../../../../../Users/Shweta/Documents/GitHub/theshwetapatil/Pinball-UE4/Pinball/Saved/High_Score_Save_Blueprint837850FF41CE933C99D507B7D9C7C596.tmp' to '../../../../../../Users/Shweta/Documents/GitHub/theshwetapatil/Pinball-UE4/Pinball/Content/Blueprints/High_Score_Save_Blueprint.uasset'
[2018.07.28-15.35.28:319][522]LogSavePackage: Display: Finished SavePackage ../../../../../../Users/Shweta/Documents/GitHub/theshwetapatil/Pinball-UE4/Pinball/Content/Blueprints/High_Score_Save_Blueprint.uasset
[2018.07.28-15.40.07:762][542]BlueprintLog: New page: Compile High_Score_Save_Blueprint
[2018.07.28-15.40.08:596][583]LogSavePackage: Save=25.33ms
[2018.07.28-15.40.08:596][583]LogSavePackage: Moving '../../../../../../Users/Shweta/Documents/GitHub/theshwetapatil/Pinball-UE4/Pinball/Saved/High_Score_Save_Blueprint1178D0304EC71043C9DAC0907087A0A1.tmp' to '../../../../../../Users/Shweta/Documents/GitHub/theshwetapatil/Pinball-UE4/Pinball/Content/Blueprints/High_Score_Save_Blueprint.uasset'
[2018.07.28-15.40.08:598][583]LogSavePackage: Display: Finished SavePackage ../../../../../../Users/Shweta/Documents/GitHub/theshwetapatil/Pinball-UE4/Pinball/Content/Blueprints/High_Score_Save_Blueprint.uasset
[2018.07.28-15.43.10:034][848]BlueprintLog: New page: Compile High_Score_Save_Blueprint
[2018.07.28-15.43.10:785][881]LogSavePackage: Save=29.29ms
[2018.07.28-15.43.10:786][881]LogSavePackage: Moving '../../../../../../Users/Shweta/Documents/GitHub/theshwetapatil/Pinball-UE4/Pinball/Saved/High_Score_Save_BlueprintE4B124174F9623F0801D9698B2231109.tmp' to '../../../../../../Users/Shweta/Documents/GitHub/theshwetapatil/Pinball-UE4/Pinball/Content/Blueprints/High_Score_Save_Blueprint.uasset'
[2018.07.28-15.43.10:788][881]LogSavePackage: Display: Finished SavePackage ../../../../../../Users/Shweta/Documents/GitHub/theshwetapatil/Pinball-UE4/Pinball/Content/Blueprints/High_Score_Save_Blueprint.uasset
