Log file open, 07/27/18 21:55:18
LogWindows: Failed to load 'aqProf.dll' (GetLastError=126)
LogWindows: File 'aqProf.dll' does not exist
LogWindows: Failed to load 'VtuneApi.dll' (GetLastError=126)
LogWindows: File 'VtuneApi.dll' does not exist
LogWindows: Failed to load 'VtuneApi32e.dll' (GetLastError=126)
LogWindows: File 'VtuneApi32e.dll' does not exist
LogInit: Display: Running engine for game: Pinball
LogPlatformFile: Not using cached read wrapper
LogInit: Display: RandInit(2007263481) SRandInit(2007263481).
LogInit: Read version file with build ID '3944462'
LogInit: Overriding engine version to CL 4033788, compatible CL 3944462
LogInit: Registered custom module enumerator with build ID '3944462'
LogTaskGraph: Started task graph with 5 named threads and 11 total threads with 3 sets of task threads.
LogStats: Stats thread started at 6.224659
LogD3D11RHI: Aftermath initialized
LogICUInternationalization: Display: ICU TimeZone Detection - Raw Offset: +5:30, Platform Override: ''
LogModuleManager: Display: Found up-to-date module file ../../../Engine/Plugins/2D/Paper2D/Binaries/Win64/UE4Editor-Paper2D.dll (API version 3944462).
LogModuleManager: Display: Found up-to-date module file ../../../Engine/Plugins/2D/Paper2D/Binaries/Win64/UE4Editor-Paper2DEditor.dll (API version 3944462).
LogModuleManager: Display: Found up-to-date module file ../../../Engine/Plugins/2D/Paper2D/Binaries/Win64/UE4Editor-PaperSpriteSheetImporter.dll (API version 3944462).
LogModuleManager: Display: Found up-to-date module file ../../../Engine/Plugins/2D/Paper2D/Binaries/Win64/UE4Editor-PaperTiledImporter.dll (API version 3944462).
LogModuleManager: Display: Found up-to-date module file ../../../Engine/Plugins/2D/Paper2D/Binaries/Win64/UE4Editor-SmartSnapping.dll (API version 3944462).
LogModuleManager: Display: Found up-to-date module file ../../../Engine/Plugins/Blendables/LightPropagationVolume/Binaries/Win64/UE4Editor-LightPropagationVolumeRuntime.dll (API version 3944462).
LogModuleManager: Display: Found up-to-date module file ../../../Engine/Plugins/Blendables/LightPropagationVolume/Binaries/Win64/UE4Editor-LightPropagationVolumeEditor.dll (API version 3944462).
LogModuleManager: Display: Found up-to-date module file ../../../Engine/Plugins/Developer/CLionSourceCodeAccess/Binaries/Win64/UE4Editor-CLionSourceCodeAccess.dll (API version 3944462).
LogModuleManager: Display: Found up-to-date module file ../../../Engine/Plugins/Developer/GitSourceControl/Binaries/Win64/UE4Editor-GitSourceControl.dll (API version 3944462).
LogModuleManager: Display: Found up-to-date module file ../../../Engine/Plugins/Developer/PerforceSourceControl/Binaries/Win64/UE4Editor-PerforceSourceControl.dll (API version 3944462).
LogModuleManager: Display: Found up-to-date module file ../../../Engine/Plugins/Developer/SubversionSourceControl/Binaries/Win64/UE4Editor-SubversionSourceControl.dll (API version 3944462).
LogModuleManager: Display: Found up-to-date module file ../../../Engine/Plugins/Developer/UObjectPlugin/Binaries/Win64/UE4Editor-UObjectPlugin.dll (API version 3944462).
LogModuleManager: Display: Found up-to-date module file ../../../Engine/Plugins/Developer/VisualStudioCodeSourceCodeAccess/Binaries/Win64/UE4Editor-VisualStudioCodeSourceCodeAccess.dll (API version 3944462).
LogModuleManager: Display: Found up-to-date module file ../../../Engine/Plugins/Developer/VisualStudioSourceCodeAccess/Binaries/Win64/UE4Editor-VisualStudioSourceCodeAccess.dll (API version 3944462).
LogModuleManager: Display: Found up-to-date module file ../../../Engine/Plugins/Editor/AssetManagerEditor/Binaries/Win64/UE4Editor-AssetManagerEditor.dll (API version 3944462).
LogModuleManager: Display: Found up-to-date module file ../../../Engine/Plugins/Editor/CryptoKeys/Binaries/Win64/UE4Editor-CryptoKeys.dll (API version 3944462).
LogModuleManager: Display: Found up-to-date module file ../../../Engine/Plugins/Editor/CryptoKeys/Binaries/Win64/UE4Editor-CryptoKeysOpenSSL.dll (API version 3944462).
LogModuleManager: Display: Found up-to-date module file ../../../Engine/Plugins/Editor/DataValidation/Binaries/Win64/UE4Editor-DataValidation.dll (API version 3944462).
LogModuleManager: Display: Found up-to-date module file ../../../Engine/Plugins/Editor/FacialAnimation/Binaries/Win64/UE4Editor-FacialAnimation.dll (API version 3944462).
LogModuleManager: Display: Found up-to-date module file ../../../Engine/Plugins/Editor/FacialAnimation/Binaries/Win64/UE4Editor-FacialAnimationEditor.dll (API version 3944462).
LogModuleManager: Display: Found up-to-date module file ../../../Engine/Plugins/Editor/GameplayTagsEditor/Binaries/Win64/UE4Editor-GameplayTagsEditor.dll (API version 3944462).
LogModuleManager: Display: Found up-to-date module file ../../../Engine/Plugins/Editor/MobileLauncherProfileWizard/Binaries/Win64/UE4Editor-MobileLauncherProfileWizard.dll (API version 3944462).
LogModuleManager: Display: Found up-to-date module file ../../../Engine/Plugins/Editor/PluginBrowser/Binaries/Win64/UE4Editor-PluginBrowser.dll (API version 3944462).
LogModuleManager: Display: Found up-to-date module file ../../../Engine/Plugins/Editor/SpeedTreeImporter/Binaries/Win64/UE4Editor-SpeedTreeImporter.dll (API version 3944462).
LogModuleManager: Display: Found up-to-date module file ../../../Engine/Plugins/Enterprise/DatasmithContent/Binaries/Win64/UE4Editor-DatasmithContent.dll (API version 3944462).
LogModuleManager: Display: Found up-to-date module file ../../../Engine/Plugins/Experimental/AlembicImporter/Binaries/Win64/UE4Editor-AlembicImporter.dll (API version 3944462).
LogModuleManager: Display: Found up-to-date module file ../../../Engine/Plugins/Experimental/AlembicImporter/Binaries/Win64/UE4Editor-AlembicLibrary.dll (API version 3944462).
LogModuleManager: Display: Found up-to-date module file ../../../Engine/Plugins/Experimental/CharacterAI/Binaries/Win64/UE4Editor-CharacterAI.dll (API version 3944462).
LogModuleManager: Display: Found up-to-date module file ../../../Engine/Plugins/Experimental/HTML5Networking/Binaries/Win64/UE4Editor-HTML5Networking.dll (API version 3944462).
LogModuleManager: Display: Found up-to-date module file ../../../Engine/Plugins/Media/AndroidMedia/Binaries/Win64/UE4Editor-AndroidMediaEditor.dll (API version 3944462).
LogModuleManager: Display: Found up-to-date module file ../../../Engine/Plugins/Media/AndroidMedia/Binaries/Win64/UE4Editor-AndroidMediaFactory.dll (API version 3944462).
LogModuleManager: Display: Found up-to-date module file ../../../Engine/Plugins/Media/AvfMedia/Binaries/Win64/UE4Editor-AvfMediaEditor.dll (API version 3944462).
LogModuleManager: Display: Found up-to-date module file ../../../Engine/Plugins/Media/AvfMedia/Binaries/Win64/UE4Editor-AvfMediaFactory.dll (API version 3944462).
LogModuleManager: Display: Found up-to-date module file ../../../Engine/Plugins/Media/AvfMedia/Binaries/Win64/UE4Editor-AvfMediaFactory.dll (API version 3944462).
LogModuleManager: Display: Found up-to-date module file ../../../Engine/Plugins/Media/ImgMedia/Binaries/Win64/UE4Editor-ImgMedia.dll (API version 3944462).
LogModuleManager: Display: Found up-to-date module file ../../../Engine/Plugins/Media/ImgMedia/Binaries/Win64/UE4Editor-ImgMediaEditor.dll (API version 3944462).
LogModuleManager: Display: Found up-to-date module file ../../../Engine/Plugins/Media/ImgMedia/Binaries/Win64/UE4Editor-ImgMediaFactory.dll (API version 3944462).
LogModuleManager: Display: Found up-to-date module file ../../../Engine/Plugins/Media/ImgMedia/Binaries/Win64/UE4Editor-ImgMediaFactory.dll (API version 3944462).
LogModuleManager: Display: Found up-to-date module file ../../../Engine/Plugins/Media/ImgMedia/Binaries/Win64/UE4Editor-OpenExrWrapper.dll (API version 3944462).
LogModuleManager: Display: Found up-to-date module file ../../../Engine/Plugins/Media/LinearTimecode/Binaries/Win64/UE4Editor-LinearTimecode.dll (API version 3944462).
LogModuleManager: Display: Found up-to-date module file ../../../Engine/Plugins/Media/MediaCompositing/Binaries/Win64/UE4Editor-MediaCompositing.dll (API version 3944462).
LogModuleManager: Display: Found up-to-date module file ../../../Engine/Plugins/Media/MediaCompositing/Binaries/Win64/UE4Editor-MediaCompositingEditor.dll (API version 3944462).
LogModuleManager: Display: Found up-to-date module file ../../../Engine/Plugins/Media/MediaPlayerEditor/Binaries/Win64/UE4Editor-MediaPlayerEditor.dll (API version 3944462).
LogModuleManager: Display: Found up-to-date module file ../../../Engine/Plugins/Media/WmfMedia/Binaries/Win64/UE4Editor-WmfMedia.dll (API version 3944462).
LogModuleManager: Display: Found up-to-date module file ../../../Engine/Plugins/Media/WmfMedia/Binaries/Win64/UE4Editor-WmfMediaEditor.dll (API version 3944462).
LogModuleManager: Display: Found up-to-date module file ../../../Engine/Plugins/Media/WmfMedia/Binaries/Win64/UE4Editor-WmfMediaFactory.dll (API version 3944462).
LogModuleManager: Display: Found up-to-date module file ../../../Engine/Plugins/Media/WmfMedia/Binaries/Win64/UE4Editor-WmfMediaFactory.dll (API version 3944462).
LogModuleManager: Display: Found up-to-date module file ../../../Engine/Plugins/Messaging/TcpMessaging/Binaries/Win64/UE4Editor-TcpMessaging.dll (API version 3944462).
LogModuleManager: Display: Found up-to-date module file ../../../Engine/Plugins/Messaging/UdpMessaging/Binaries/Win64/UE4Editor-UdpMessaging.dll (API version 3944462).
LogModuleManager: Display: Found up-to-date module file ../../../Engine/Plugins/MovieScene/ActorSequence/Binaries/Win64/UE4Editor-ActorSequence.dll (API version 3944462).
LogModuleManager: Display: Found up-to-date module file ../../../Engine/Plugins/MovieScene/LevelSequenceEditor/Binaries/Win64/UE4Editor-LevelSequenceEditor.dll (API version 3944462).
LogModuleManager: Display: Found up-to-date module file ../../../Engine/Plugins/MovieScene/MatineeToLevelSequence/Binaries/Win64/UE4Editor-MatineeToLevelSequence.dll (API version 3944462).
LogModuleManager: Display: Found up-to-date module file ../../../Engine/Plugins/NetcodeUnitTest/NetcodeUnitTest/Binaries/Win64/UE4Editor-NetcodeUnitTest.dll (API version 3944462).
LogModuleManager: Display: Found up-to-date module file ../../../Engine/Plugins/NetcodeUnitTest/NUTUnrealEngine4/Binaries/Win64/UE4Editor-NUTUnrealEngine4.dll (API version 3944462).
LogModuleManager: Display: Found up-to-date module file ../../../Engine/Plugins/Online/OnlineSubsystem/Binaries/Win64/UE4Editor-OnlineSubsystem.dll (API version 3944462).
LogModuleManager: Display: Found up-to-date module file ../../../Engine/Plugins/Runtime/AndroidPermission/Binaries/Win64/UE4Editor-AndroidPermission.dll (API version 3944462).
LogModuleManager: Display: Found up-to-date module file ../../../Engine/Plugins/Online/OnlineSubsystemNull/Binaries/Win64/UE4Editor-OnlineSubsystemNull.dll (API version 3944462).
LogModuleManager: Display: Found up-to-date module file ../../../Engine/Plugins/Online/OnlineSubsystemUtils/Binaries/Win64/UE4Editor-OnlineSubsystemUtils.dll (API version 3944462).
LogModuleManager: Display: Found up-to-date module file ../../../Engine/Plugins/Online/OnlineSubsystemUtils/Binaries/Win64/UE4Editor-OnlineBlueprintSupport.dll (API version 3944462).
LogModuleManager: Display: Found up-to-date module file ../../../Engine/Plugins/Runtime/AndroidDeviceProfileSelector/Binaries/Win64/UE4Editor-AndroidDeviceProfileSelector.dll (API version 3944462).
LogModuleManager: Display: Found up-to-date module file ../../../Engine/Plugins/Runtime/AppleARKit/Binaries/Win64/UE4Editor-AppleARKit.dll (API version 3944462).
LogModuleManager: Display: Found up-to-date module file ../../../Engine/Plugins/Runtime/ProceduralMeshComponent/Binaries/Win64/UE4Editor-ProceduralMeshComponent.dll (API version 3944462).
LogModuleManager: Display: Found up-to-date module file ../../../Engine/Plugins/Runtime/ProceduralMeshComponent/Binaries/Win64/UE4Editor-ProceduralMeshComponentEditor.dll (API version 3944462).
LogModuleManager: Display: Found up-to-date module file ../../../Engine/Plugins/Animation/LiveLink/Binaries/Win64/UE4Editor-LiveLink.dll (API version 3944462).
LogModuleManager: Display: Found up-to-date module file ../../../Engine/Plugins/Animation/LiveLink/Binaries/Win64/UE4Editor-LiveLinkEditor.dll (API version 3944462).
LogModuleManager: Display: Found up-to-date module file ../../../Engine/Plugins/Runtime/ArchVisCharacter/Binaries/Win64/UE4Editor-ArchVisCharacter.dll (API version 3944462).
LogModuleManager: Display: Found up-to-date module file ../../../Engine/Plugins/Runtime/AudioCapture/Binaries/Win64/UE4Editor-AudioCapture.dll (API version 3944462).
LogModuleManager: Display: Found up-to-date module file ../../../Engine/Plugins/Runtime/AudioCapture/Binaries/Win64/UE4Editor-AudioCaptureEditor.dll (API version 3944462).
LogModuleManager: Display: Found up-to-date module file ../../../Engine/Plugins/Runtime/CableComponent/Binaries/Win64/UE4Editor-CableComponent.dll (API version 3944462).
LogModuleManager: Display: Found up-to-date module file ../../../Engine/Plugins/Runtime/CustomMeshComponent/Binaries/Win64/UE4Editor-CustomMeshComponent.dll (API version 3944462).
LogModuleManager: Display: Found up-to-date module file ../../../Engine/Plugins/Runtime/ExampleDeviceProfileSelector/Binaries/Win64/UE4Editor-ExampleDeviceProfileSelector.dll (API version 3944462).
LogModuleManager: Display: Found up-to-date module file ../../../Engine/Plugins/Runtime/ImmediatePhysics/Binaries/Win64/UE4Editor-ImmediatePhysics.dll (API version 3944462).
LogModuleManager: Display: Found up-to-date module file ../../../Engine/Plugins/Runtime/ImmediatePhysics/Binaries/Win64/UE4Editor-ImmediatePhysicsEditor.dll (API version 3944462).
LogModuleManager: Display: Found up-to-date module file ../../../Engine/Plugins/Runtime/LocationServicesBPLibrary/Binaries/Win64/UE4Editor-LocationServicesBPLibrary.dll (API version 3944462).
LogModuleManager: Display: Found up-to-date module file ../../../Engine/Plugins/Runtime/MobilePatchingUtils/Binaries/Win64/UE4Editor-MobilePatchingUtils.dll (API version 3944462).
LogModuleManager: Display: Found up-to-date module file ../../../Engine/Plugins/Runtime/Oculus/OculusVR/Binaries/Win64/UE4Editor-OculusHMD.dll (API version 3944462).
LogModuleManager: Display: Found up-to-date module file ../../../Engine/Plugins/Runtime/Oculus/OculusVR/Binaries/Win64/UE4Editor-OculusInput.dll (API version 3944462).
LogModuleManager: Display: Found up-to-date module file ../../../Engine/Plugins/Runtime/Oculus/OculusVR/Binaries/Win64/UE4Editor-OculusEditor.dll (API version 3944462).
LogModuleManager: Display: Found up-to-date module file ../../../Engine/Plugins/Runtime/PhysXVehicles/Binaries/Win64/UE4Editor-PhysXVehicles.dll (API version 3944462).
LogModuleManager: Display: Found up-to-date module file ../../../Engine/Plugins/Runtime/PhysXVehicles/Binaries/Win64/UE4Editor-PhysXVehiclesEditor.dll (API version 3944462).
LogModuleManager: Display: Found up-to-date module file ../../../Engine/Plugins/Runtime/RuntimePhysXCooking/Binaries/Win64/UE4Editor-RuntimePhysXCooking.dll (API version 3944462).
LogModuleManager: Display: Found up-to-date module file ../../../Engine/Plugins/Runtime/Steam/SteamVR/Binaries/Win64/UE4Editor-SteamVR.dll (API version 3944462).
LogModuleManager: Display: Found up-to-date module file ../../../Engine/Plugins/Runtime/Steam/SteamVR/Binaries/Win64/UE4Editor-SteamVRController.dll (API version 3944462).
LogModuleManager: Display: Found up-to-date module file ../../../Engine/Plugins/Runtime/WindowsMoviePlayer/Binaries/Win64/UE4Editor-WindowsMoviePlayer.dll (API version 3944462).
LogPluginManager: Mounting plugin Paper2D
LogPluginManager: Mounting plugin LiveLink
LogPluginManager: Mounting plugin LightPropagationVolume
LogPluginManager: Mounting plugin CLionSourceCodeAccess
LogPluginManager: Mounting plugin CodeLiteSourceCodeAccess
LogPluginManager: Mounting plugin GitSourceControl
LogPluginManager: Mounting plugin KDevelopSourceCodeAccess
LogPluginManager: Mounting plugin NullSourceCodeAccess
LogPluginManager: Mounting plugin PerforceSourceControl
LogPluginManager: Mounting plugin SubversionSourceControl
LogPluginManager: Mounting plugin UObjectPlugin
LogPluginManager: Mounting plugin VisualStudioCodeSourceCodeAccess
LogPluginManager: Mounting plugin VisualStudioSourceCodeAccess
LogPluginManager: Mounting plugin XCodeSourceCodeAccess
LogPluginManager: Mounting plugin AssetManagerEditor
LogPluginManager: Mounting plugin CryptoKeys
LogPluginManager: Mounting plugin DataValidation
LogPluginManager: Mounting plugin FacialAnimation
LogPluginManager: Mounting plugin GameplayTagsEditor
LogPluginManager: Mounting plugin MobileLauncherProfileWizard
LogPluginManager: Mounting plugin PluginBrowser
LogPluginManager: Mounting plugin SpeedTreeImporter
LogPluginManager: Mounting plugin DatasmithContent
LogPluginManager: Mounting plugin AlembicImporter
LogPluginManager: Mounting plugin CharacterAI
LogPluginManager: Mounting plugin HTML5Networking
LogPluginManager: Mounting plugin AndroidMedia
LogPluginManager: Mounting plugin AvfMedia
LogPluginManager: Mounting plugin ImgMedia
LogPluginManager: Mounting plugin LinearTimecode
LogPluginManager: Mounting plugin MediaCompositing
LogPluginManager: Mounting plugin MediaPlayerEditor
LogPluginManager: Mounting plugin WmfMedia
LogPluginManager: Mounting plugin TcpMessaging
LogPluginManager: Mounting plugin UdpMessaging
LogPluginManager: Mounting plugin ActorSequence
LogPluginManager: Mounting plugin LevelSequenceEditor
LogPluginManager: Mounting plugin MatineeToLevelSequence
LogPluginManager: Mounting plugin NetcodeUnitTest
LogPluginManager: Mounting plugin NUTUnrealEngine4
LogPluginManager: Mounting plugin OnlineSubsystemGooglePlay
LogPluginManager: Mounting plugin OnlineSubsystemIOS
LogPluginManager: Mounting plugin OnlineSubsystem
LogPluginManager: Mounting plugin OnlineSubsystemNull
LogPluginManager: Mounting plugin OnlineSubsystemUtils
LogPluginManager: Mounting plugin AndroidDeviceProfileSelector
LogPluginManager: Mounting plugin AndroidMoviePlayer
LogPluginManager: Mounting plugin AndroidPermission
LogPluginManager: Mounting plugin AppleARKit
LogPluginManager: Mounting plugin AppleMoviePlayer
LogPluginManager: Mounting plugin ArchVisCharacter
LogPluginManager: Mounting plugin AudioCapture
LogPluginManager: Mounting plugin CableComponent
LogPluginManager: Mounting plugin CustomMeshComponent
LogPluginManager: Mounting plugin ExampleDeviceProfileSelector
LogPluginManager: Mounting plugin GoogleCloudMessaging
LogPluginManager: Mounting plugin ImmediatePhysics
LogPluginManager: Mounting plugin IOSDeviceProfileSelector
LogPluginManager: Mounting plugin LinuxDeviceProfileSelector
LogPluginManager: Mounting plugin LocationServicesBPLibrary
LogPluginManager: Mounting plugin MobilePatchingUtils
LogPluginManager: Mounting plugin OculusVR
LogPluginManager: Plugin shader directory ../../../Engine/Plugins/Runtime/Oculus/OculusVR/Shaders found
LogPluginManager: Mapping shader source directory ../../../Engine/Plugins/Runtime/Oculus/OculusVR/Shaders to virtual directory /Plugin/OculusVR
LogPluginManager: Mounting plugin PhysXVehicles
LogPluginManager: Mounting plugin ProceduralMeshComponent
LogPluginManager: Mounting plugin RuntimePhysXCooking
LogPluginManager: Mounting plugin SteamVR
LogPluginManager: Mounting plugin WindowsMoviePlayer
LogStreaming: Display: Took  5.005s to configure plugins.
LogInit: Using libcurl 7.47.1
LogInit:  - built for x86_64-pc-win32
LogInit:  - supports SSL with OpenSSL/1.0.2g
LogInit:  - supports HTTP deflate (compression) using libz 1.2.8
LogInit:  - other features:
LogInit:      CURL_VERSION_SSL
LogInit:      CURL_VERSION_LIBZ
LogInit:      CURL_VERSION_IPV6
LogInit:      CURL_VERSION_ASYNCHDNS
LogInit:      CURL_VERSION_LARGEFILE
LogInit:      CURL_VERSION_IDN
LogInit:  CurlRequestOptions (configurable via config and command line):
LogInit:  - bVerifyPeer = false  - Libcurl will NOT verify peer certificate
LogInit:  - bUseHttpProxy = false  - Libcurl will NOT use HTTP proxy
LogInit:  - bDontReuseConnections = false  - Libcurl will reuse connections
LogInit:  - CertBundlePath = nullptr  - Libcurl will use whatever was configured at build time.
LogInit:  - MaxHostConnections = 16  - Libcurl will limit the number of connections to a host
LogInit:  - LocalHostAddr = Default
LogInit: WinSock: version 1.1 (2.2), MaxSocks=32767, MaxUdp=65467
LogInit: WinSock: I am LAPTOP-SNI5BBA7 (192.168.0.21:0)
LogInit: Build: ++UE4+Release-4.19-CL-4033788
LogInit: Engine Version: 4.19.2-4033788+++UE4+Release-4.19
LogInit: Compatible Engine Version: 4.19.0-3944462+++UE4+Release-4.19
LogInit: Net CL: 3944462
LogDevObjectVersion: Number of dev versions registered: 18
LogDevObjectVersion:   Dev-Blueprints (B0D832E4-1F89-4F0D-ACCF-7EB736FD4AA2): 10
LogDevObjectVersion:   Dev-Build (E1C64328-A22C-4D53-A36C-8E866417BD8C): 0
LogDevObjectVersion:   Dev-Core (375EC13C-06E4-48FB-B500-84F0262A717E): 2
LogDevObjectVersion:   Dev-Editor (E4B068ED-F494-42E9-A231-DA0B2E46BB41): 23
LogDevObjectVersion:   Dev-Framework (CFFC743F-43B0-4480-9391-14DF171D2073): 33
LogDevObjectVersion:   Dev-Mobile (B02B49B5-BB20-44E9-A304-32B752E40360): 2
LogDevObjectVersion:   Dev-Networking (A4E4105C-59A1-49B5-A7C5-40C4547EDFEE): 0
LogDevObjectVersion:   Dev-Online (39C831C9-5AE6-47DC-9A44-9C173E1C8E7C): 0
LogDevObjectVersion:   Dev-Physics (78F01B33-EBEA-4F98-B9B4-84EACCB95AA2): 0
LogDevObjectVersion:   Dev-Platform (6631380F-2D4D-43E0-8009-CF276956A95A): 0
LogDevObjectVersion:   Dev-Rendering (12F88B9F-8875-4AFC-A67C-D90C383ABD29): 25
LogDevObjectVersion:   Dev-Sequencer (7B5AE74C-D270-4C10-A958-57980B212A5A): 6
LogDevObjectVersion:   Dev-VR (D7296918-1DD6-4BDD-9DE2-64A83CC13884): 1
LogDevObjectVersion:   Dev-LoadTimes (C2A15278-BFE7-4AFE-6C17-90FF531DF755): 1
LogDevObjectVersion:   Private-Geometry (6EACA3D4-40EC-4CC1-B786-8BED09428FC5): 2
LogDevObjectVersion:   Dev-AnimPhys (29E575DD-E0A3-4627-9D10-D276232CDCEA): 16
LogDevObjectVersion:   Dev-ReflectionCapture (6B266CEC-1EC7-4B8F-A30B-E4D90942FC07): 1
LogDevObjectVersion:   Dev-Automation (0DF73D61-A23F-47EA-B727-89E90C41499A): 1
LogInit: Compiled (64-bit): Apr 27 2018 02:06:57
LogInit: Compiled with Visual C++: 19.00.24215.01
LogInit: Build Configuration: Development
LogInit: Branch Name: ++UE4+Release-4.19
LogInit: Command Line:  
LogInit: Base Directory: C:/Program Files/Epic Games/UE_4.19/Engine/Binaries/Win64/
LogInit: Installed Engine Build: 1
LogStreaming: Display: Took  0.190s to delete old logs.
LogInit: Presizing for max 8388607 objects, including 0 objects not considered by GC, pre-allocating 0 bytes for permanent pool.
LogInit: Object subsystem initialized
[2018.07.27-16.25.25:175][  0]LogInit: Selected Device Profile: [Windows]
[2018.07.27-16.25.25:175][  0]LogInit: Applying CVar settings loaded from the selected device profile: [Windows]
[2018.07.27-16.25.25:303][  0]LogInit: Computer: LAPTOP-SNI5BBA7
[2018.07.27-16.25.25:303][  0]LogInit: User: Shweta
[2018.07.27-16.25.25:303][  0]LogInit: CPU Page size=4096, Cores=2
[2018.07.27-16.25.25:303][  0]LogInit: High frequency timer resolution =2.835940 MHz
[2018.07.27-16.25.25:303][  0]LogMemory: Memory total: Physical=7.9GB (8GB approx)
[2018.07.27-16.25.25:303][  0]LogMemory: Platform Memory Stats for Windows
[2018.07.27-16.25.25:303][  0]LogMemory: Process Physical Memory: 273.05 MB used, 273.05 MB peak
[2018.07.27-16.25.25:303][  0]LogMemory: Process Virtual Memory: 270.30 MB used, 270.30 MB peak
[2018.07.27-16.25.25:303][  0]LogMemory: Physical Memory: 6682.45 MB used,  1391.96 MB free, 8074.41 MB total
[2018.07.27-16.25.25:303][  0]LogMemory: Virtual Memory: 4785.95 MB used,  1391.96 MB free, 134217728.00 MB total
[2018.07.27-16.25.26:990][  0]LogInit: Using OS detected language (en-US).
[2018.07.27-16.25.26:990][  0]LogInit: Using OS detected locale (en-US).
[2018.07.27-16.25.27:582][  0]LogTextLocalizationManager: No specific localization for 'en-US' exists, so the 'en' localization will be used.
[2018.07.27-16.25.29:618][  0]LogStreaming: Display: Took  1.990s to EndInitTextLocalization.
[2018.07.27-16.25.29:668][  0]LogInit: Setting process to per monitor DPI aware
[2018.07.27-16.25.31:595][  0]LogSlate: New Slate User Created.  User Index 0, Is Virtual User: 0
[2018.07.27-16.25.31:612][  0]LogSlate: Slate User Registered.  User Index 0, Is Virtual User: 0
[2018.07.27-16.26.09:869][  0]LogD3D11RHI: D3D11 adapters:
[2018.07.27-16.26.10:540][  0]LogD3D11RHI:    0. 'Intel(R) HD Graphics 620' (Feature Level 11_0)
[2018.07.27-16.26.10:540][  0]LogD3D11RHI:       128/0/4037 MB DedicatedVideo/DedicatedSystem/SharedSystem, Outputs:1, VendorId:0x8086
[2018.07.27-16.26.11:835][  0]LogD3D11RHI:    1. 'Microsoft Basic Render Driver' (Feature Level 11_0)
[2018.07.27-16.26.11:835][  0]LogD3D11RHI:       0/0/4037 MB DedicatedVideo/DedicatedSystem/SharedSystem, Outputs:0, VendorId:0x1414
[2018.07.27-16.26.11:835][  0]LogD3D11RHI: Chosen D3D11 Adapter: 0
[2018.07.27-16.26.12:023][  0]LogD3D11RHI: Creating new Direct3DDevice
[2018.07.27-16.26.12:023][  0]LogD3D11RHI:     GPU DeviceId: 0x5916 (for the marketing name, search the web for "GPU Device Id")
[2018.07.27-16.26.12:023][  0]LogWindows: EnumDisplayDevices:
[2018.07.27-16.26.12:023][  0]LogWindows:    0. 'Intel(R) HD Graphics 620' (P:1 D:1)
[2018.07.27-16.26.12:024][  0]LogWindows:    1. 'Intel(R) HD Graphics 620' (P:0 D:0)
[2018.07.27-16.26.12:024][  0]LogWindows:    2. 'Intel(R) HD Graphics 620' (P:0 D:0)
[2018.07.27-16.26.12:024][  0]LogWindows: DebugString: GetVideoDriverDetailsInvalid PrimaryIsNotTheChoosenAdapter GetVideoDriverDetailsInvalid PrimaryIsNotTheChoosenAdapter GetVideoDriverDetailsInvalid PrimaryIsNotTheChoosenAdapter FoundDriverCount:0 
[2018.07.27-16.26.12:024][  0]LogD3D11RHI:     Adapter Name: Intel(R) HD Graphics 620
[2018.07.27-16.26.12:024][  0]LogD3D11RHI:   Driver Version: Unknown (internal:Unknown, unified:Unknown)
[2018.07.27-16.26.12:024][  0]LogD3D11RHI:      Driver Date: Unknown
[2018.07.27-16.26.12:264][  0]LogRHI: Texture pool is 1502 MB (70% of 2146 MB)
[2018.07.27-16.26.12:493][  0]LogD3D11RHI: Async texture creation enabled
[2018.07.27-16.26.14:836][  0]LogD3D11RHI: GPU Timing Frequency: 12.000000 (Debug: 2 0)
[2018.07.27-16.26.15:580][  0]LogShaderCompilers: Guid format shader working directory is -36 characters bigger than the processId version (../../../../../../Users/Shweta/Documents/GitHub/theshwetapatil/Pinball-UE4/Pinball/Intermediate/Shaders/WorkingDirectory/19804/).
[2018.07.27-16.26.15:667][  0]LogShaderCompilers: Cleaned the shader compiler working directory 'C:/Users/Shweta/AppData/Local/Temp/UnrealShaderWorkingDir/E00A4E06462C15A1A27D9E99DB67A5AA/'.
[2018.07.27-16.26.25:237][  0]LogTemp: Display: Loaded TP AllDesktopTargetPlatform
[2018.07.27-16.26.25:253][  0]LogTemp: Display: Loaded TP MacClientTargetPlatform
[2018.07.27-16.26.25:270][  0]LogTemp: Display: Loaded TP MacNoEditorTargetPlatform
[2018.07.27-16.26.25:285][  0]LogTemp: Display: Loaded TP MacServerTargetPlatform
[2018.07.27-16.26.25:340][  0]LogTemp: Display: Loaded TP MacTargetPlatform
[2018.07.27-16.26.25:353][  0]LogTemp: Display: Loaded TP WindowsClientTargetPlatform
[2018.07.27-16.26.25:368][  0]LogTemp: Display: Loaded TP WindowsNoEditorTargetPlatform
[2018.07.27-16.26.25:381][  0]LogTemp: Display: Loaded TP WindowsServerTargetPlatform
[2018.07.27-16.26.25:388][  0]LogTemp: Display: Loaded TP WindowsTargetPlatform
[2018.07.27-16.26.25:400][  0]LogTemp: Display: Loaded TP Android_ASTCTargetPlatform
[2018.07.27-16.26.25:412][  0]LogTemp: Display: Loaded TP Android_ATCTargetPlatform
[2018.07.27-16.26.25:426][  0]LogTemp: Display: Loaded TP Android_DXTTargetPlatform
[2018.07.27-16.26.25:442][  0]LogTemp: Display: Loaded TP Android_ETC1aTargetPlatform
[2018.07.27-16.26.25:458][  0]LogTemp: Display: Loaded TP Android_ETC1TargetPlatform
[2018.07.27-16.26.25:472][  0]LogTemp: Display: Loaded TP Android_ETC2TargetPlatform
[2018.07.27-16.26.25:498][  0]LogTemp: Display: Loaded TP Android_MultiTargetPlatform
[2018.07.27-16.26.25:498][  0]LogTemp: Display: Loaded TP Android_PVRTCTargetPlatform
[2018.07.27-16.26.25:607][  0]LogTemp: Display: Loaded TP AndroidTargetPlatform
[2018.07.27-16.26.25:609][  0]LogTemp: Display: Loaded TP HTML5TargetPlatform
[2018.07.27-16.26.25:876][  0]LogTemp: Display: Loaded TP IOSTargetPlatform
[2018.07.27-16.26.25:972][  0]LogTemp: Display: Loaded TP TVOSTargetPlatform
[2018.07.27-16.26.26:000][  0]LogTemp: Display: Loaded TP LinuxClientTargetPlatform
[2018.07.27-16.26.26:027][  0]LogTemp: Display: Loaded TP LinuxNoEditorTargetPlatform
[2018.07.27-16.26.26:044][  0]LogTemp: Display: Loaded TP LinuxServerTargetPlatform
[2018.07.27-16.26.26:086][  0]LogTemp: Display: Loaded TP LinuxTargetPlatform
[2018.07.27-16.26.26:102][  0]LogTargetPlatformManager: Display: Building Assets For Windows
[2018.07.27-16.26.28:548][  0]LogXGEController: Cleaning working directory: C:/Users/Shweta/AppData/Local/Temp/UnrealXGEWorkingDir/
[2018.07.27-16.26.28:549][  0]LogXGEController: Cannot use XGE Controller as Incredibuild is not installed on this machine.
[2018.07.27-16.26.28:549][  0]LogShaderCompilers: Cannot use XGE Shader Compiler as Incredibuild is not installed on this machine.
[2018.07.27-16.26.28:550][  0]LogShaderCompilers: Display: Using Local Shader Compiler.
[2018.07.27-16.26.39:056][  0]LogDerivedDataCache: Display: Max Cache Size: 512 MB
[2018.07.27-16.26.41:006][  0]LogDerivedDataCache: Loaded boot cache 1.91s 74MB C:/Users/Shweta/AppData/Local/UnrealEngine/4.19/DerivedDataCache/Boot.ddc.
[2018.07.27-16.26.41:006][  0]LogDerivedDataCache: Display: Loaded Boot cache: C:/Users/Shweta/AppData/Local/UnrealEngine/4.19/DerivedDataCache/Boot.ddc
[2018.07.27-16.26.41:006][  0]LogDerivedDataCache: FDerivedDataBackendGraph:  Pak pak cache file ../../../../../../Users/Shweta/Documents/GitHub/theshwetapatil/Pinball-UE4/Pinball/DerivedDataCache/DDC.ddp not found, will not use a pak cache.
[2018.07.27-16.26.41:006][  0]LogDerivedDataCache: Unable to find inner node Pak for hierarchical cache Hierarchy.
[2018.07.27-16.26.41:006][  0]LogDerivedDataCache: FDerivedDataBackendGraph:  CompressedPak pak cache file ../../../../../../Users/Shweta/Documents/GitHub/theshwetapatil/Pinball-UE4/Pinball/DerivedDataCache/Compressed.ddp not found, will not use a pak cache.
[2018.07.27-16.26.41:006][  0]LogDerivedDataCache: Unable to find inner node CompressedPak for hierarchical cache Hierarchy.
[2018.07.27-16.26.41:494][  0]LogDerivedDataCache: Display: Pak cache opened for reading ../../../Engine/DerivedDataCache/Compressed.ddp.
[2018.07.27-16.26.41:538][  0]LogDerivedDataCache: Using Local data cache path C:/Users/Shweta/AppData/Local/UnrealEngine/Common/DerivedDataCache: Writable
[2018.07.27-16.26.41:538][  0]LogDerivedDataCache: Shared data cache path not found in *engine.ini, will not use an Shared cache.
[2018.07.27-16.26.41:538][  0]LogDerivedDataCache: Unable to find inner node Shared for hierarchical cache Hierarchy.
[2018.07.27-16.26.41:818][  0]LogMaterial: Verifying Global Shaders for PCD3D_SM5
[2018.07.27-16.26.41:925][  0]LogSlate: Using Freetype 2.6.0
[2018.07.27-16.26.42:360][  0]LogSlate: SlateFontCache - WITH_FREETYPE: 1, WITH_HARFBUZZ: 1
[2018.07.27-16.26.42:360][  0]LogSlate: SlateFontCache - WITH_FREETYPE: 1, WITH_HARFBUZZ: 1
[2018.07.27-16.27.12:569][  0]LogAssetRegistry: FAssetRegistry took 0.2354 seconds to start up
[2018.07.27-16.27.26:150][  0]LogInit: Selected Device Profile: [Windows]
[2018.07.27-16.27.34:025][  0]LogSimplygon: Simplygon DLL not present - disabling.
[2018.07.27-16.27.34:356][  0]LogMeshReduction: Using SimplygonSwarm for distributed automatic mesh merging
[2018.07.27-16.27.34:394][  0]LogMeshReduction: Using QuadricMeshReduction for automatic static mesh reduction
[2018.07.27-16.27.34:394][  0]LogMeshReduction: No automatic skeletal mesh reduction module available
[2018.07.27-16.27.34:394][  0]LogMeshReduction: No automatic mesh merging module available
[2018.07.27-16.27.34:394][  0]LogMeshMerging: No automatic mesh merging module available
[2018.07.27-16.27.37:007][  0]LogNetVersion: Pinball , NetCL: 3944462, EngineNetVer: 2, GameNetVer: 0 (Checksum: 3476590221)
[2018.07.27-16.27.56:089][  0]LogPackageLocalizationCache: Processed 9 localized package path(s) for 2 prioritized culture(s) in 1.046441 seconds
[2018.07.27-16.27.56:290][  0]LogUObjectArray: 36728 objects as part of root set at end of initial load.
[2018.07.27-16.27.56:290][  0]LogUObjectAllocator: 7314312 out of 0 bytes used by permanent object pool.
[2018.07.27-16.27.56:290][  0]LogUObjectArray: CloseDisregardForGC: 0/0 objects in disregard for GC pool
[2018.07.27-16.29.58:508][  0]LogTcpMessaging: Initializing TcpMessaging bridge
[2018.07.27-16.29.58:732][  0]LogUdpMessaging: Initializing bridge on interface 0.0.0.0:0 to multicast group 230.0.0.1:6666.
[2018.07.27-16.30.01:848][  0]SourceControl: Source control is disabled
[2018.07.27-16.30.01:849][  0]SourceControl: Source control is disabled
[2018.07.27-16.30.02:011][  0]SourceControl: Source control is disabled
[2018.07.27-16.30.02:080][  0]SourceControl: Source control is disabled
[2018.07.27-16.30.05:686][  0]LogAndroidPermission: UAndroidPermissionCallbackProxy::GetInstance
[2018.07.27-16.30.06:589][  0]LogOcInput: OculusInput pre-init called
[2018.07.27-16.30.08:233][  0]LogEngine: Initializing Engine...
[2018.07.27-16.30.08:362][  0]LogHMD: Failed to initialize OpenVR with code 110
[2018.07.27-16.30.08:432][  0]LogStats: UGameplayTagsManager::ConstructGameplayTagTree: Construct from data asset -  0.000 s
[2018.07.27-16.30.08:433][  0]LogStats: UGameplayTagsManager::ConstructGameplayTagTree: GameplayTagTreeChangedEvent.Broadcast -  0.000 s
[2018.07.27-16.30.11:931][  0]LogAIModule: Creating AISystem for world Untitled
[2018.07.27-16.30.12:698][  0]LogInit: XAudio2 using 'Speaker/HP (Realtek High Definition Audio)' : 2 channels at 48 kHz using 32 bits per sample (channel mask 0x3)
[2018.07.27-16.30.12:871][  0]LogInit: FAudioDevice initialized.
[2018.07.27-16.30.13:675][  0]LogDerivedDataCache: Saved boot cache 0.75s 74MB C:/Users/Shweta/AppData/Local/UnrealEngine/4.19/DerivedDataCache/Boot.ddc.
[2018.07.27-16.30.13:837][  0]LogInit: Texture streaming: Enabled
[2018.07.27-16.30.16:138][  0]LogEngineSessionManager: EngineSessionManager initialized
[2018.07.27-16.30.18:329][  0]LogInit: Transaction tracking system initialized
[2018.07.27-16.30.19:906][  0]BlueprintLog: New page: Editor Load
[2018.07.27-16.30.23:151][  0]LocalizationService: Localization service is disabled
[2018.07.27-16.30.25:186][  0]LogConsoleResponse: Display: 
[2018.07.27-16.30.34:038][  0]LogFileCache: Scanning file cache for directory 'C:/Users/Shweta/Documents/GitHub/theshwetapatil/Pinball-UE4/Pinball/Content/' took 0.07s
[2018.07.27-16.30.34:038][  0]LogCook: Display: Max memory allowance for cook 16384mb min free memory 0mb
[2018.07.27-16.30.34:038][  0]LogCook: Display: Mobile HDR setting 1
[2018.07.27-16.30.34:085][  0]LogGameplayTags: Display: UGameplayTagsManager::DoneAddingNativeTags. DelegateIsBound: 0
[2018.07.27-16.30.34:107][  0]LogStats: UGameplayTagsManager::ConstructGameplayTagTree: Construct from data asset -  0.000 s
[2018.07.27-16.30.34:107][  0]LogStats: UGameplayTagsManager::ConstructGameplayTagTree: GameplayTagTreeChangedEvent.Broadcast -  0.000 s
[2018.07.27-16.30.47:563][  0]SourceControl: Source control is disabled
[2018.07.27-16.30.47:698][  0]Cmd: MAP LOAD FILE="../../../Engine/Content/Maps/Templates/Template_Default.umap" TEMPLATE=1 SHOWPROGRESS=1 FEATURELEVEL=3
[2018.07.27-16.30.47:984][  0]LightingResults: New page: Lighting Build
[2018.07.27-16.30.49:123][  0]MapCheck: New page: Map Check
[2018.07.27-16.30.49:123][  0]LightingResults: New page: Lighting Build
[2018.07.27-16.30.55:467][  0]LogAIModule: Creating AISystem for world Untitled_1
[2018.07.27-16.30.57:146][  0]LogEditorServer: Finished looking for orphan Actors (0.000 secs)
[2018.07.27-16.30.57:414][  0]Cmd: MAP CHECKDEP NOCLEARLOG
[2018.07.27-16.30.57:610][  0]MapCheck: Map check complete: 0 Error(s), 0 Warning(s), took 196.128ms to complete.
[2018.07.27-16.30.57:611][  0]LogFileHelpers: Loading map 'Template_Default' took 9.958
[2018.07.27-16.31.04:101][  0]LogCollectionManager: Loaded 0 collections in 0.003710 seconds
[2018.07.27-16.31.06:308][  0]LogFileCache: Scanning file cache for directory 'C:/Users/Shweta/Documents/GitHub/theshwetapatil/Pinball-UE4/Pinball/Saved/Collections/' took 0.01s
[2018.07.27-16.31.06:308][  0]LogFileCache: Scanning file cache for directory 'C:/Users/Shweta/Documents/GitHub/theshwetapatil/Pinball-UE4/Pinball/Content/Developers/Shweta/Collections/' took 0.01s
[2018.07.27-16.31.06:308][  0]LogFileCache: Scanning file cache for directory 'C:/Users/Shweta/Documents/GitHub/theshwetapatil/Pinball-UE4/Pinball/Content/Collections/' took 0.01s
[2018.07.27-16.31.06:308][  0]LogCollectionManager: Rebuilt the GUID cache for 0 collections in 0.000002 seconds
[2018.07.27-16.31.06:486][  0]LogContentBrowser: Native class hierarchy populated in 0.0173 seconds. Added 2452 classes and 558 folders.
[2018.07.27-16.31.06:967][  0]LogContentBrowser: Native class hierarchy updated for 'WidgetCarousel' in 0.0004 seconds. Added 0 classes and 0 folders.
[2018.07.27-16.31.12:599][  0]LogContentBrowser: Native class hierarchy updated for 'AddContentDialog' in 0.0003 seconds. Added 0 classes and 0 folders.
[2018.07.27-16.31.13:460][  0]LogContentBrowser: Native class hierarchy updated for 'SceneOutliner' in 0.0003 seconds. Added 1 classes and 2 folders.
[2018.07.27-16.32.08:568][  0]LogSlate: Only BGRA pngs, bmps or icos are supported in by External Image Picker
[2018.07.27-16.32.10:492][  0]LogTemp: Executing iPhonePackager certificates Engine -bundlename com.YourCompany.Pinball
[2018.07.27-16.32.10:492][  0]LogTemp: CWD: C:\Program Files\Epic Games\UE_4.19\Engine\Binaries\DotNET\IOS
[2018.07.27-16.32.10:492][  0]LogTemp: Initial Dir: C:\Program Files\Epic Games\UE_4.19
[2018.07.27-16.32.10:492][  0]LogTemp: Env CWD: C:\Program Files\Epic Games\UE_4.19\Engine\Binaries\DotNET\IOS
[2018.07.27-16.32.10:492][  0]LogTemp: BranchPath = LAPTOP-SNI5BBA7/C/Program Files/Epic Games/UE_4.19/Engine/Binaries --- GameBranchPath = LAPTOP-SNI5BBA7/C/Program Files/Epic Games/UE_4.19/Engine/Binaries
[2018.07.27-16.32.10:492][  0]LogTemp: IPP ERROR: Could not find provision directory 'C:\Users\Shweta\AppData\Local/Apple Computer/MobileDevice/Provisioning Profiles/'.
[2018.07.27-16.32.10:652][  0]LogContentBrowser: Native class hierarchy updated for 'HierarchicalLODOutliner' in 0.0004 seconds. Added 0 classes and 0 folders.
[2018.07.27-16.32.10:652][  0]LogLoad: (Engine Initialization) Total time: 439.19 seconds
[2018.07.27-16.32.10:653][  0]LogLoad: (Engine Initialization) Total Blueprint compile time: 0.00 seconds
[2018.07.27-16.32.16:110][  0]LogRenderer: Reallocating scene render targets to support 64x64 Format 10 NumSamples 1 (Frame:1).
[2018.07.27-16.32.16:111][  0]LogContentStreaming: Texture pool size now 1000 MB
[2018.07.27-16.32.17:408][  0]LogSlate: Took 0.108617 seconds to synchronously load lazily loaded font '../../../Engine/Content/Slate/Fonts/Roboto-Regular.ttf' (155K)
[2018.07.27-16.32.17:635][  0]LogSlate: Took 0.115342 seconds to synchronously load lazily loaded font '../../../Engine/Content/Slate/Fonts/Roboto-Bold.ttf' (160K)
[2018.07.27-16.32.18:020][  0]LogSlate: Took 0.171827 seconds to synchronously load lazily loaded font '../../../Engine/Content/Editor/Slate/Fonts/FontAwesome.ttf' (139K)
[2018.07.27-16.32.23:435][  1]LogRenderer: Reallocating scene render targets to support 828x360 Format 10 NumSamples 1 (Frame:1).
[2018.07.27-16.32.26:126][  2]LogSlate: Took 0.188738 seconds to synchronously load lazily loaded font '../../../Engine/Content/Slate/Fonts/Roboto-Light.ttf' (167K)
[2018.07.27-16.32.26:972][  4]LogSlate: Took 0.000384 seconds to synchronously load lazily loaded font '../../../Engine/Content/Slate/Fonts/Roboto-Light.ttf' (167K)
[2018.07.27-16.32.27:618][  5]LogAssetRegistry: Asset discovery search completed in 315.1088 seconds
[2018.07.27-16.32.27:709][  5]LogCollectionManager: Rebuilt the object cache for 0 collections in 0.000000 seconds (found 0 objects)
[2018.07.27-16.32.27:709][  5]LogCollectionManager: Fixed up redirectors for 0 collections in 0.057250 seconds (updated 0 objects)
[2018.07.27-16.34.01:515][709]LogSlate: FSceneViewport::OnFocusLost() reason 0
[2018.07.27-16.34.06:710][867]LogUObjectGlobals: Created PersistentFrame Addr=0x000001f746a6a080, Size=368, Default__Ball_Blueprint_C Function /Game/Blueprints/Ball_Blueprint.Ball_Blueprint_C:ExecuteUbergraph_Ball_Blueprint
[2018.07.27-16.34.06:768][867]LogUObjectGlobals: Destroyed PersistentFrame Addr=0x000001f746a6a080, Size=368
[2018.07.27-16.34.06:768][867]LogUObjectGlobals: Created PersistentFrame Addr=0x000001f76fc0b400, Size=368, Default__Ball_Blueprint_C Function /Engine/Transient.REINST_Ball_Blueprint_C_5:ExecuteUbergraph_Ball_Blueprint
[2018.07.27-16.34.06:886][867]LogUObjectGlobals: Created PersistentFrame Addr=0x000001f77683a200, Size=368, Default__Ball_Blueprint_C Function /Game/Blueprints/Ball_Blueprint.Ball_Blueprint_C:ExecuteUbergraph_Ball_Blueprint
[2018.07.27-16.34.13:037][867]LogContentBrowser: Native class hierarchy updated for 'BlueprintGraph' in 0.0046 seconds. Added 116 classes and 0 folders.
[2018.07.27-16.34.14:329][867]LogUObjectGlobals: Created PersistentFrame Addr=0x000001f744078ed0, Size=4, Default__SKEL_PROTO_BP_AnimBlueprint_0_C Function /Engine/Transient.SKEL_PROTO_BP_AnimBlueprint_0_C:ExecuteUbergraph_PROTO_BP_AnimBlueprint_0
[2018.07.27-16.34.14:383][867]LogUObjectGlobals: Created PersistentFrame Addr=0x000001f744078ec8, Size=4, Default__PROTO_BP_AnimBlueprint_0_C Function /Engine/Transient.PROTO_BP_AnimBlueprint_0_C:ExecuteUbergraph_PROTO_BP_AnimBlueprint_0
[2018.07.27-16.34.17:902][867]LogUObjectGlobals: Created PersistentFrame Addr=0x000001f713ec07c0, Size=264, Default__Bumper_Blueprint_C Function /Game/Blueprints/Bumper_Blueprint.Bumper_Blueprint_C:ExecuteUbergraph_Bumper_Blueprint
[2018.07.27-16.34.17:979][867]LogUObjectGlobals: Destroyed PersistentFrame Addr=0x000001f713ec07c0, Size=264
[2018.07.27-16.34.17:979][867]LogUObjectGlobals: Created PersistentFrame Addr=0x000001f713fb0400, Size=264, Default__Bumper_Blueprint_C Function /Engine/Transient.REINST_Bumper_Blueprint_C_19:ExecuteUbergraph_Bumper_Blueprint
[2018.07.27-16.34.18:024][867]LogUObjectGlobals: Created PersistentFrame Addr=0x000001f713fb0cc0, Size=264, Default__Bumper_Blueprint_C Function /Game/Blueprints/Bumper_Blueprint.Bumper_Blueprint_C:ExecuteUbergraph_Bumper_Blueprint
[2018.07.27-16.34.19:672][867]LogUObjectGlobals: Created PersistentFrame Addr=0x000001f718b60c98, Size=8, Default__Flipper_Blueprint_C Function /Game/Blueprints/Flipper_Blueprint.Flipper_Blueprint_C:ExecuteUbergraph_Flipper_Blueprint
[2018.07.27-16.34.19:680][867]LogUObjectGlobals: Destroyed PersistentFrame Addr=0x000001f718b60c98, Size=8
[2018.07.27-16.34.19:680][867]LogUObjectGlobals: Created PersistentFrame Addr=0x000001f718b60c98, Size=8, Default__Flipper_Blueprint_C Function /Engine/Transient.REINST_Flipper_Blueprint_C_21:ExecuteUbergraph_Flipper_Blueprint
[2018.07.27-16.34.19:686][867]LogUObjectGlobals: Created PersistentFrame Addr=0x000001f718b60a98, Size=8, Default__Flipper_Blueprint_C Function /Game/Blueprints/Flipper_Blueprint.Flipper_Blueprint_C:ExecuteUbergraph_Flipper_Blueprint
[2018.07.27-16.34.20:871][867]LogUObjectGlobals: Created PersistentFrame Addr=0x000001f71f078a00, Size=164, Default__Plunger_Blueprint_C Function /Game/Blueprints/Plunger_Blueprint.Plunger_Blueprint_C:ExecuteUbergraph_Plunger_Blueprint
[2018.07.27-16.34.20:874][867]LogUObjectGlobals: Destroyed PersistentFrame Addr=0x000001f71f078a00, Size=164
[2018.07.27-16.34.20:874][867]LogUObjectGlobals: Created PersistentFrame Addr=0x000001f71f377e80, Size=164, Default__Plunger_Blueprint_C Function /Engine/Transient.REINST_Plunger_Blueprint_C_23:ExecuteUbergraph_Plunger_Blueprint
[2018.07.27-16.34.20:876][867]LogUObjectGlobals: Created PersistentFrame Addr=0x000001f71f3777c0, Size=164, Default__Plunger_Blueprint_C Function /Game/Blueprints/Plunger_Blueprint.Plunger_Blueprint_C:ExecuteUbergraph_Plunger_Blueprint
[2018.07.27-16.34.20:881][867]LogUObjectGlobals: Created PersistentFrame Addr=0x000001f71f396400, Size=496, Default__Pinball_Player_Controller_Blueprint_C Function /Game/Blueprints/Pinball_Player_Controller_Blueprint.Pinball_Player_Controller_Blueprint_C:ExecuteUbergraph_Pinball_Player_Controller_Blueprint
[2018.07.27-16.34.20:887][867]LogUObjectGlobals: Destroyed PersistentFrame Addr=0x000001f71f396400, Size=496
[2018.07.27-16.34.20:887][867]LogUObjectGlobals: Created PersistentFrame Addr=0x000001f71f396400, Size=496, Default__Pinball_Player_Controller_Blueprint_C Function /Engine/Transient.REINST_Pinball_Player_Controller_Blueprint_C_25:ExecuteUbergraph_Pinball_Player_Controller_Blueprint
[2018.07.27-16.34.20:922][867]LogUObjectGlobals: Created PersistentFrame Addr=0x000001f71f682e00, Size=496, Default__Pinball_Player_Controller_Blueprint_C Function /Game/Blueprints/Pinball_Player_Controller_Blueprint.Pinball_Player_Controller_Blueprint_C:ExecuteUbergraph_Pinball_Player_Controller_Blueprint
[2018.07.27-16.34.22:696][867]LogSlate: Took 0.051542 seconds to synchronously load lazily loaded font '../../../Engine/Content/Slate/Fonts/Roboto-BoldCondensed.ttf' (158K)
[2018.07.27-16.34.24:031][868]LogSlate: Took 0.016340 seconds to synchronously load lazily loaded font '../../../Engine/Content/Slate/Fonts/Roboto-Italic.ttf' (157K)
[2018.07.27-16.34.45:197][254]LogSlate: Window 'Plunger_Blueprint' being destroyed
[2018.07.27-16.34.50:824][603]LogUObjectGlobals: Destroyed PersistentFrame Addr=0x000001f76fc0b400, Size=368
[2018.07.27-16.34.50:844][603]LogUObjectGlobals: Destroyed PersistentFrame Addr=0x000001f713fb0400, Size=264
[2018.07.27-16.34.50:844][603]LogUObjectGlobals: Destroyed PersistentFrame Addr=0x000001f718b60c98, Size=8
[2018.07.27-16.34.50:844][603]LogUObjectGlobals: Destroyed PersistentFrame Addr=0x000001f71f377e80, Size=164
[2018.07.27-16.34.50:844][603]LogUObjectGlobals: Destroyed PersistentFrame Addr=0x000001f71f396400, Size=496
[2018.07.27-16.34.50:954][603]Cmd: MAP LOAD FILE="../../../../../../Users/Shweta/Documents/GitHub/theshwetapatil/Pinball-UE4/Pinball/Content/Ball_Setup_Map.umap" TEMPLATE=0 SHOWPROGRESS=1 FEATURELEVEL=3
[2018.07.27-16.34.50:996][603]LightingResults: New page: Lighting Build
[2018.07.27-16.34.50:998][603]LoadErrors: New page: Loading map: Ball_Setup_Map.umap
[2018.07.27-16.34.51:120][603]MapCheck: New page: Map Check
[2018.07.27-16.34.51:120][603]LightingResults: New page: Lighting Build
[2018.07.27-16.34.52:481][603]LogAIModule: Creating AISystem for world Ball_Setup_Map
[2018.07.27-16.34.52:721][603]LogEditorServer: Finished looking for orphan Actors (0.000 secs)
[2018.07.27-16.34.52:847][603]Cmd: MAP CHECKDEP NOCLEARLOG
[2018.07.27-16.34.52:935][603]MapCheck: Map check complete: 0 Error(s), 0 Warning(s), took 87.896ms to complete.
[2018.07.27-16.34.52:935][603]LogFileHelpers: Loading map 'Ball_Setup_Map' took 2.042
[2018.07.27-16.34.52:949][603]LogSlate: Window 'Open Level' being destroyed
[2018.07.27-16.35.04:689][732]LogRenderer: Reallocating scene render targets to support 952x592 Format 10 NumSamples 1 (Frame:1).
[2018.07.27-16.35.23:036][694]LogSlate: Window 'Save Asset As' being destroyed
[2018.07.27-16.35.26:478][722]LogSlate: Window 'Save Asset As' being destroyed
[2018.07.27-16.35.39:604][574]Cmd: OBJ SAVEPACKAGE PACKAGE="/Game/Assets/SM_Plunger" FILE="../../../../../../Users/Shweta/Documents/GitHub/theshwetapatil/Pinball-UE4/Pinball/Content/Assets/SM_Plunger.uasset" SILENT=true
[2018.07.27-16.35.40:988][574]LogSavePackage: Save=181.37ms
[2018.07.27-16.35.40:988][574]LogSavePackage: Moving '../../../../../../Users/Shweta/Documents/GitHub/theshwetapatil/Pinball-UE4/Pinball/Saved/SM_Plunger3D2E332C4C68F902C19F4F83B818CCBA.tmp' to '../../../../../../Users/Shweta/Documents/GitHub/theshwetapatil/Pinball-UE4/Pinball/Content/Assets/SM_Plunger.uasset'
[2018.07.27-16.35.41:092][574]LogSavePackage: Display: Finished SavePackage ../../../../../../Users/Shweta/Documents/GitHub/theshwetapatil/Pinball-UE4/Pinball/Content/Assets/SM_Plunger.uasset
[2018.07.27-16.37.42:153][345]LogSlate: FSceneViewport::OnFocusLost() reason 0
[2018.07.27-16.37.42:502][347]LogSavePackage: Save=58.40ms
[2018.07.27-16.37.42:502][347]LogSavePackage: Moving '../../../../../../Users/Shweta/Documents/GitHub/theshwetapatil/Pinball-UE4/Pinball/Saved/Ball_Setup_Map329B056549FA4E5ED6EBE6AFE9C24884.tmp' to '../../../../../../Users/Shweta/Documents/GitHub/theshwetapatil/Pinball-UE4/Pinball/Content/Ball_Setup_Map.umap'
[2018.07.27-16.37.42:503][347]LogSavePackage: Display: Finished SavePackage ../../../../../../Users/Shweta/Documents/GitHub/theshwetapatil/Pinball-UE4/Pinball/Content/Ball_Setup_Map.umap
[2018.07.27-16.37.42:546][347]Cmd: OBJ SAVEPACKAGE PACKAGE="/Game/Ball_Setup_Map_BuiltData" FILE="../../../../../../Users/Shweta/Documents/GitHub/theshwetapatil/Pinball-UE4/Pinball/Content/Ball_Setup_Map_BuiltData.uasset" SILENT=true
[2018.07.27-16.37.42:609][347]LogSavePackage: Save=47.54ms
[2018.07.27-16.37.42:609][347]LogSavePackage: Moving '../../../../../../Users/Shweta/Documents/GitHub/theshwetapatil/Pinball-UE4/Pinball/Saved/Ball_Setup_Map_BuiltData670C142F46F5187A176B82B8C7C79E80.tmp' to '../../../../../../Users/Shweta/Documents/GitHub/theshwetapatil/Pinball-UE4/Pinball/Content/Ball_Setup_Map_BuiltData.uasset'
[2018.07.27-16.37.42:611][347]LogSavePackage: Display: Finished SavePackage ../../../../../../Users/Shweta/Documents/GitHub/theshwetapatil/Pinball-UE4/Pinball/Content/Ball_Setup_Map_BuiltData.uasset
[2018.07.27-16.39.27:883][375]LogUObjectGlobals: Created PersistentFrame Addr=0x000001f797d6b670, Size=4, Default__SKEL_Plunger_Blueprint_C Function /Game/Blueprints/Plunger_Blueprint.SKEL_Plunger_Blueprint_C:ExecuteUbergraph_Plunger_Blueprint
[2018.07.27-16.39.35:370][221]LogUObjectGlobals: Destroyed PersistentFrame Addr=0x000001f797d6b670, Size=4
[2018.07.27-16.39.35:371][221]LogUObjectGlobals: Created PersistentFrame Addr=0x000001f770153398, Size=4, Default__SKEL_Plunger_Blueprint_C Function /Engine/Transient.REINST_SKEL_Plunger_Blueprint_C_31:ExecuteUbergraph_Plunger_Blueprint
[2018.07.27-16.39.35:376][221]LogUObjectGlobals: Created PersistentFrame Addr=0x000001f770153630, Size=4, Default__SKEL_Plunger_Blueprint_C Function /Game/Blueprints/Plunger_Blueprint.SKEL_Plunger_Blueprint_C:ExecuteUbergraph_Plunger_Blueprint
[2018.07.27-16.39.37:335][439]BlueprintLog: New page: Compile Plunger_Blueprint
[2018.07.27-16.39.37:340][439]LogUObjectGlobals: Destroyed PersistentFrame Addr=0x000001f770153630, Size=4
[2018.07.27-16.39.37:340][439]LogUObjectGlobals: Created PersistentFrame Addr=0x000001f797d6a0d0, Size=4, Default__SKEL_Plunger_Blueprint_C Function /Engine/Transient.REINST_SKEL_Plunger_Blueprint_C_33:ExecuteUbergraph_Plunger_Blueprint
[2018.07.27-16.39.37:356][439]LogUObjectGlobals: Destroyed PersistentFrame Addr=0x000001f71f3777c0, Size=164
[2018.07.27-16.39.37:356][439]LogUObjectGlobals: Created PersistentFrame Addr=0x000001f74ed5c880, Size=164, Default__Plunger_Blueprint_C Function /Engine/Transient.REINST_Plunger_Blueprint_C_37:ExecuteUbergraph_Plunger_Blueprint
[2018.07.27-16.39.37:358][439]LogUObjectGlobals: Created PersistentFrame Addr=0x000001f795c9aec0, Size=164, Default__Plunger_Blueprint_C Function /Game/Blueprints/Plunger_Blueprint.Plunger_Blueprint_C:ExecuteUbergraph_Plunger_Blueprint
[2018.07.27-16.39.38:207][439]LogUObjectGlobals: Destroyed PersistentFrame Addr=0x000001f797d6a0d0, Size=4
[2018.07.27-16.39.38:207][439]LogUObjectGlobals: Destroyed PersistentFrame Addr=0x000001f770153398, Size=4
[2018.07.27-16.39.39:461][542]LogSavePackage: Save=197.77ms
[2018.07.27-16.39.39:461][542]LogSavePackage: Moving '../../../../../../Users/Shweta/Documents/GitHub/theshwetapatil/Pinball-UE4/Pinball/Saved/Plunger_Blueprint3848A1144A068E5A0AB8089AAE4D2868.tmp' to '../../../../../../Users/Shweta/Documents/GitHub/theshwetapatil/Pinball-UE4/Pinball/Content/Blueprints/Plunger_Blueprint.uasset'
[2018.07.27-16.39.39:484][542]LogSavePackage: Display: Finished SavePackage ../../../../../../Users/Shweta/Documents/GitHub/theshwetapatil/Pinball-UE4/Pinball/Content/Blueprints/Plunger_Blueprint.uasset
[2018.07.27-16.39.49:277][ 42]LogSlate: Took 0.031712 seconds to synchronously load lazily loaded font '../../../Engine/Content/Slate/Fonts/Roboto-BoldCondensedItalic.ttf' (160K)
[2018.07.27-16.39.51:356][260]LogUObjectGlobals: Created PersistentFrame Addr=0x000001f7701535c0, Size=4, Default__SKEL_Plunger_Blueprint_C Function /Game/Blueprints/Plunger_Blueprint.SKEL_Plunger_Blueprint_C:ExecuteUbergraph_Plunger_Blueprint
[2018.07.27-16.39.53:406][480]BlueprintLog: New page: Compile Plunger_Blueprint
[2018.07.27-16.39.53:413][480]LogUObjectGlobals: Destroyed PersistentFrame Addr=0x000001f7701535c0, Size=4
[2018.07.27-16.39.53:413][480]LogUObjectGlobals: Created PersistentFrame Addr=0x000001f797d6aa50, Size=4, Default__SKEL_Plunger_Blueprint_C Function /Engine/Transient.REINST_SKEL_Plunger_Blueprint_C_41:ExecuteUbergraph_Plunger_Blueprint
[2018.07.27-16.39.53:420][480]LogUObjectGlobals: Destroyed PersistentFrame Addr=0x000001f795c9aec0, Size=164
[2018.07.27-16.39.53:420][480]LogUObjectGlobals: Created PersistentFrame Addr=0x000001f74ed58880, Size=164, Plunger_Blueprint_C_26 Function /Engine/Transient.REINST_Plunger_Blueprint_C_45:ExecuteUbergraph_Plunger_Blueprint
[2018.07.27-16.39.53:422][480]LogUObjectGlobals: Created PersistentFrame Addr=0x000001f74ed5ab00, Size=164, Default__Plunger_Blueprint_C Function /Game/Blueprints/Plunger_Blueprint.Plunger_Blueprint_C:ExecuteUbergraph_Plunger_Blueprint
[2018.07.27-16.39.53:423][480]LogClass: Warning: Type mismatch in Ball_Location of Plunger_Blueprint_C - Previous (BoolProperty) Current(StructProperty) for package:  FObjectReader
[2018.07.27-16.39.53:741][480]LogUObjectGlobals: Destroyed PersistentFrame Addr=0x000001f797d6aa50, Size=4
[2018.07.27-16.39.53:741][480]LogUObjectGlobals: Destroyed PersistentFrame Addr=0x000001f74ed5c880, Size=164
[2018.07.27-16.39.54:370][525]LogSavePackage: Save=27.87ms
[2018.07.27-16.39.54:370][525]LogSavePackage: Moving '../../../../../../Users/Shweta/Documents/GitHub/theshwetapatil/Pinball-UE4/Pinball/Saved/Plunger_BlueprintFC708F4B4694CFAF11DB14B617A68DBB.tmp' to '../../../../../../Users/Shweta/Documents/GitHub/theshwetapatil/Pinball-UE4/Pinball/Content/Blueprints/Plunger_Blueprint.uasset'
[2018.07.27-16.39.54:372][525]LogSavePackage: Display: Finished SavePackage ../../../../../../Users/Shweta/Documents/GitHub/theshwetapatil/Pinball-UE4/Pinball/Content/Blueprints/Plunger_Blueprint.uasset
[2018.07.27-16.40.15:793][958]LogUObjectGlobals: Created PersistentFrame Addr=0x000001f770152e20, Size=4, Default__SKEL_Plunger_Blueprint_C Function /Game/Blueprints/Plunger_Blueprint.SKEL_Plunger_Blueprint_C:ExecuteUbergraph_Plunger_Blueprint
[2018.07.27-16.40.37:993][660]LogUObjectGlobals: Destroyed PersistentFrame Addr=0x000001f770152e20, Size=4
[2018.07.27-16.40.37:993][660]LogUObjectGlobals: Created PersistentFrame Addr=0x000001f797d68080, Size=4, Default__SKEL_Plunger_Blueprint_C Function /Engine/Transient.REINST_SKEL_Plunger_Blueprint_C_49:ExecuteUbergraph_Plunger_Blueprint
[2018.07.27-16.40.37:995][660]LogUObjectGlobals: Created PersistentFrame Addr=0x000001f797d6aac0, Size=4, Default__SKEL_Plunger_Blueprint_C Function /Game/Blueprints/Plunger_Blueprint.SKEL_Plunger_Blueprint_C:ExecuteUbergraph_Plunger_Blueprint
[2018.07.27-16.40.53:175][ 16]BlueprintLog: New page: Compile Plunger_Blueprint
[2018.07.27-16.40.53:179][ 16]LogUObjectGlobals: Destroyed PersistentFrame Addr=0x000001f797d6aac0, Size=4
[2018.07.27-16.40.53:180][ 16]LogUObjectGlobals: Created PersistentFrame Addr=0x000001f797d6aac0, Size=4, Default__SKEL_Plunger_Blueprint_C Function /Engine/Transient.REINST_SKEL_Plunger_Blueprint_C_51:ExecuteUbergraph_Plunger_Blueprint
[2018.07.27-16.40.53:189][ 16]LogUObjectGlobals: Destroyed PersistentFrame Addr=0x000001f74ed5ab00, Size=164
[2018.07.27-16.40.53:190][ 16]LogUObjectGlobals: Created PersistentFrame Addr=0x000001f74dc63580, Size=164, Default__Plunger_Blueprint_C Function /Engine/Transient.REINST_Plunger_Blueprint_C_55:ExecuteUbergraph_Plunger_Blueprint
[2018.07.27-16.40.53:191][ 16]LogUObjectGlobals: Created PersistentFrame Addr=0x000001f74ed59a80, Size=164, Default__Plunger_Blueprint_C Function /Game/Blueprints/Plunger_Blueprint.Plunger_Blueprint_C:ExecuteUbergraph_Plunger_Blueprint
[2018.07.27-16.40.53:489][ 16]LogUObjectGlobals: Destroyed PersistentFrame Addr=0x000001f74ed58880, Size=164
[2018.07.27-16.40.53:489][ 16]LogUObjectGlobals: Destroyed PersistentFrame Addr=0x000001f797d6aac0, Size=4
[2018.07.27-16.40.53:489][ 16]LogUObjectGlobals: Destroyed PersistentFrame Addr=0x000001f797d68080, Size=4
[2018.07.27-16.40.54:305][ 75]LogSavePackage: Save=185.19ms
[2018.07.27-16.40.54:307][ 75]LogSavePackage: Moving '../../../../../../Users/Shweta/Documents/GitHub/theshwetapatil/Pinball-UE4/Pinball/Saved/Plunger_Blueprint1E8A9A5C4C502090F00BD99B2B119B7A.tmp' to '../../../../../../Users/Shweta/Documents/GitHub/theshwetapatil/Pinball-UE4/Pinball/Content/Blueprints/Plunger_Blueprint.uasset'
[2018.07.27-16.40.54:322][ 75]LogSavePackage: Display: Finished SavePackage ../../../../../../Users/Shweta/Documents/GitHub/theshwetapatil/Pinball-UE4/Pinball/Content/Blueprints/Plunger_Blueprint.uasset
[2018.07.27-16.42.26:344][852]LogSlate: FSceneViewport::OnFocusLost() reason 0
[2018.07.27-16.43.16:522][ 73]BlueprintLog: New page: Compile Plunger_Blueprint
[2018.07.27-16.43.16:536][ 73]LogUObjectGlobals: Destroyed PersistentFrame Addr=0x000001f74ed59a80, Size=164
[2018.07.27-16.43.16:536][ 73]LogUObjectGlobals: Created PersistentFrame Addr=0x000001f736480340, Size=164, Plunger_Blueprint_C_93 Function /Engine/Transient.REINST_Plunger_Blueprint_C_61:ExecuteUbergraph_Plunger_Blueprint
[2018.07.27-16.43.16:539][ 73]LogUObjectGlobals: Created PersistentFrame Addr=0x000001f736481600, Size=164, Default__Plunger_Blueprint_C Function /Game/Blueprints/Plunger_Blueprint.Plunger_Blueprint_C:ExecuteUbergraph_Plunger_Blueprint
[2018.07.27-16.43.16:839][ 73]LogUObjectGlobals: Destroyed PersistentFrame Addr=0x000001f74dc63580, Size=164
[2018.07.27-16.43.17:845][166]LogSavePackage: Save=29.34ms
[2018.07.27-16.43.17:845][166]LogSavePackage: Moving '../../../../../../Users/Shweta/Documents/GitHub/theshwetapatil/Pinball-UE4/Pinball/Saved/Plunger_Blueprint77FE82F2469703DC3D1A46ADCC60CE6C.tmp' to '../../../../../../Users/Shweta/Documents/GitHub/theshwetapatil/Pinball-UE4/Pinball/Content/Blueprints/Plunger_Blueprint.uasset'
[2018.07.27-16.43.17:848][166]LogSavePackage: Display: Finished SavePackage ../../../../../../Users/Shweta/Documents/GitHub/theshwetapatil/Pinball-UE4/Pinball/Content/Blueprints/Plunger_Blueprint.uasset
[2018.07.27-16.43.59:360][606]LogSlate: FSceneViewport::OnFocusLost() reason 0
[2018.07.27-16.44.19:606][496]LogSavePackage: Save=64.11ms
[2018.07.27-16.44.19:606][496]LogSavePackage: Moving '../../../../../../Users/Shweta/Documents/GitHub/theshwetapatil/Pinball-UE4/Pinball/Saved/Ball_Setup_MapE7DD8E314D4C16F8277D26BB1144FCBF.tmp' to '../../../../../../Users/Shweta/Documents/GitHub/theshwetapatil/Pinball-UE4/Pinball/Content/Ball_Setup_Map.umap'
[2018.07.27-16.44.19:609][496]LogSavePackage: Display: Finished SavePackage ../../../../../../Users/Shweta/Documents/GitHub/theshwetapatil/Pinball-UE4/Pinball/Content/Ball_Setup_Map.umap
[2018.07.27-16.44.19:646][496]Cmd: OBJ SAVEPACKAGE PACKAGE="/Game/Ball_Setup_Map_BuiltData" FILE="../../../../../../Users/Shweta/Documents/GitHub/theshwetapatil/Pinball-UE4/Pinball/Content/Ball_Setup_Map_BuiltData.uasset" SILENT=true
[2018.07.27-16.44.19:681][496]LogSavePackage: Save=14.73ms
[2018.07.27-16.44.19:681][496]LogSavePackage: Moving '../../../../../../Users/Shweta/Documents/GitHub/theshwetapatil/Pinball-UE4/Pinball/Saved/Ball_Setup_Map_BuiltDataBD7A9BE8407F535459426EBE428B7C19.tmp' to '../../../../../../Users/Shweta/Documents/GitHub/theshwetapatil/Pinball-UE4/Pinball/Content/Ball_Setup_Map_BuiltData.uasset'
[2018.07.27-16.44.19:682][496]LogSavePackage: Display: Finished SavePackage ../../../../../../Users/Shweta/Documents/GitHub/theshwetapatil/Pinball-UE4/Pinball/Content/Ball_Setup_Map_BuiltData.uasset
[2018.07.27-16.44.54:648][109]Cmd: TRANSACTION UNDO
[2018.07.27-16.44.54:648][109]LogEditorTransaction: Undo Move Actors
[2018.07.27-16.44.58:918][292]LogSlate: FSceneViewport::OnFocusLost() reason 0
[2018.07.27-16.45.20:823][911]LogSlate: FSceneViewport::OnFocusLost() reason 0
[2018.07.27-16.45.21:005][919]LogUObjectGlobals: Destroyed PersistentFrame Addr=0x000001f736480340, Size=164
[2018.07.27-16.45.21:138][919]LogSavePackage: Save=111.41ms
[2018.07.27-16.45.21:138][919]LogSavePackage: Moving '../../../../../../Users/Shweta/Documents/GitHub/theshwetapatil/Pinball-UE4/Pinball/Saved/Ball_Setup_MapBBFA476A4390067CD7F385A15A295EBF.tmp' to '../../../../../../Users/Shweta/Documents/GitHub/theshwetapatil/Pinball-UE4/Pinball/Content/Ball_Setup_Map.umap'
[2018.07.27-16.45.21:142][919]LogSavePackage: Display: Finished SavePackage ../../../../../../Users/Shweta/Documents/GitHub/theshwetapatil/Pinball-UE4/Pinball/Content/Ball_Setup_Map.umap
[2018.07.27-16.45.21:246][919]Cmd: OBJ SAVEPACKAGE PACKAGE="/Game/Ball_Setup_Map_BuiltData" FILE="../../../../../../Users/Shweta/Documents/GitHub/theshwetapatil/Pinball-UE4/Pinball/Content/Ball_Setup_Map_BuiltData.uasset" SILENT=true
[2018.07.27-16.45.21:277][919]LogSavePackage: Save=19.70ms
[2018.07.27-16.45.21:277][919]LogSavePackage: Moving '../../../../../../Users/Shweta/Documents/GitHub/theshwetapatil/Pinball-UE4/Pinball/Saved/Ball_Setup_Map_BuiltData3C1CFCBF41F74A7A12DA40B8E498F7C9.tmp' to '../../../../../../Users/Shweta/Documents/GitHub/theshwetapatil/Pinball-UE4/Pinball/Content/Ball_Setup_Map_BuiltData.uasset'
[2018.07.27-16.45.21:279][919]LogSavePackage: Display: Finished SavePackage ../../../../../../Users/Shweta/Documents/GitHub/theshwetapatil/Pinball-UE4/Pinball/Content/Ball_Setup_Map_BuiltData.uasset
[2018.07.27-16.46.09:098][301]LogSlate: FSceneViewport::OnFocusLost() reason 0
[2018.07.27-16.46.25:459][ 13]LogEditorViewport: Clicking Background
[2018.07.27-16.46.36:053][665]LogSlate: FSceneViewport::OnFocusLost() reason 0
[2018.07.27-17.01.40:382][442]LogEditorViewport: Clicking on Actor (LMB): Bumper_Blueprint_C (Bumper_Blueprint2)
[2018.07.27-17.01.42:672][505]LogSlate: FSceneViewport::OnFocusLost() reason 0
[2018.07.27-17.02.46:588][329]LogSlate: FSceneViewport::OnFocusLost() reason 2
[2018.07.27-17.05.08:174][549]LogSlate: FSceneViewport::OnFocusLost() reason 0
[2018.07.27-17.05.39:854][656]LogSlate: FSceneViewport::OnFocusLost() reason 0
[2018.07.27-17.05.52:109][ 42]LogSlate: FSceneViewport::OnFocusLost() reason 0
[2018.07.27-17.06.12:147][676]LogSlate: FSceneViewport::OnFocusLost() reason 0
[2018.07.27-17.06.29:211][196]LogSavePackage: Save=219.52ms
[2018.07.27-17.06.29:214][196]LogSavePackage: Moving '../../../../../../Users/Shweta/Documents/GitHub/theshwetapatil/Pinball-UE4/Pinball/Saved/Ball_Setup_Map789ED88A45097F11E8AF63979C6EE9B0.tmp' to '../../../../../../Users/Shweta/Documents/GitHub/theshwetapatil/Pinball-UE4/Pinball/Content/Ball_Setup_Map.umap'
[2018.07.27-17.06.29:229][196]LogSavePackage: Display: Finished SavePackage ../../../../../../Users/Shweta/Documents/GitHub/theshwetapatil/Pinball-UE4/Pinball/Content/Ball_Setup_Map.umap
[2018.07.27-17.06.29:308][196]Cmd: OBJ SAVEPACKAGE PACKAGE="/Game/Ball_Setup_Map_BuiltData" FILE="../../../../../../Users/Shweta/Documents/GitHub/theshwetapatil/Pinball-UE4/Pinball/Content/Ball_Setup_Map_BuiltData.uasset" SILENT=true
[2018.07.27-17.06.29:370][196]LogSavePackage: Save=30.98ms
[2018.07.27-17.06.29:370][196]LogSavePackage: Moving '../../../../../../Users/Shweta/Documents/GitHub/theshwetapatil/Pinball-UE4/Pinball/Saved/Ball_Setup_Map_BuiltData1F437C6F4F33A687FFF06D8FC6F21A30.tmp' to '../../../../../../Users/Shweta/Documents/GitHub/theshwetapatil/Pinball-UE4/Pinball/Content/Ball_Setup_Map_BuiltData.uasset'
[2018.07.27-17.06.29:372][196]LogSavePackage: Display: Finished SavePackage ../../../../../../Users/Shweta/Documents/GitHub/theshwetapatil/Pinball-UE4/Pinball/Content/Ball_Setup_Map_BuiltData.uasset
[2018.07.27-17.07.18:472][174]LogSlate: FSceneViewport::OnFocusLost() reason 0
[2018.07.27-17.07.37:871][352]LogSavePackage: Save=48.57ms
[2018.07.27-17.07.37:871][352]LogSavePackage: Moving '../../../../../../Users/Shweta/Documents/GitHub/theshwetapatil/Pinball-UE4/Pinball/Saved/Ball_Setup_Map98A4F7F3400357E8ADCBAD9BB657CCCF.tmp' to '../../../../../../Users/Shweta/Documents/GitHub/theshwetapatil/Pinball-UE4/Pinball/Content/Ball_Setup_Map.umap'
[2018.07.27-17.07.37:874][352]LogSavePackage: Display: Finished SavePackage ../../../../../../Users/Shweta/Documents/GitHub/theshwetapatil/Pinball-UE4/Pinball/Content/Ball_Setup_Map.umap
[2018.07.27-17.07.37:903][352]Cmd: OBJ SAVEPACKAGE PACKAGE="/Game/Ball_Setup_Map_BuiltData" FILE="../../../../../../Users/Shweta/Documents/GitHub/theshwetapatil/Pinball-UE4/Pinball/Content/Ball_Setup_Map_BuiltData.uasset" SILENT=true
[2018.07.27-17.07.37:928][352]LogSavePackage: Save=15.48ms
[2018.07.27-17.07.37:928][352]LogSavePackage: Moving '../../../../../../Users/Shweta/Documents/GitHub/theshwetapatil/Pinball-UE4/Pinball/Saved/Ball_Setup_Map_BuiltData1B297DAE4CFCBF08D4E071A077288D8B.tmp' to '../../../../../../Users/Shweta/Documents/GitHub/theshwetapatil/Pinball-UE4/Pinball/Content/Ball_Setup_Map_BuiltData.uasset'
[2018.07.27-17.07.37:929][352]LogSavePackage: Display: Finished SavePackage ../../../../../../Users/Shweta/Documents/GitHub/theshwetapatil/Pinball-UE4/Pinball/Content/Ball_Setup_Map_BuiltData.uasset
[2018.07.27-17.08.58:085][410]LogInit: XAudio2 using 'Speaker/HP (Realtek High Definition Audio)' : 2 channels at 48 kHz using 32 bits per sample (channel mask 0x3)
[2018.07.28-03.35.49:742][674]LogInit: XAudio2 using 'Speaker/HP (Realtek High Definition Audio)' : 2 channels at 48 kHz using 32 bits per sample (channel mask 0x3)
[2018.07.28-04.22.47:771][678]LogUObjectGlobals: Created PersistentFrame Addr=0x000001f797d68290, Size=4, Default__SKEL_Plunger_Blueprint_C Function /Game/Blueprints/Plunger_Blueprint.SKEL_Plunger_Blueprint_C:ExecuteUbergraph_Plunger_Blueprint
[2018.07.28-04.23.00:945][346]LogUObjectGlobals: Destroyed PersistentFrame Addr=0x000001f797d68290, Size=4
[2018.07.28-04.23.00:946][346]LogUObjectGlobals: Created PersistentFrame Addr=0x000001f770153c50, Size=4, Default__SKEL_Plunger_Blueprint_C Function /Engine/Transient.REINST_SKEL_Plunger_Blueprint_C_65:ExecuteUbergraph_Plunger_Blueprint
[2018.07.28-04.23.00:962][346]LogUObjectGlobals: Created PersistentFrame Addr=0x000001f770152f68, Size=4, Default__SKEL_Plunger_Blueprint_C Function /Game/Blueprints/Plunger_Blueprint.SKEL_Plunger_Blueprint_C:ExecuteUbergraph_Plunger_Blueprint
[2018.07.28-04.23.28:479][595]LogUObjectGlobals: Destroyed PersistentFrame Addr=0x000001f770153c50, Size=4
[2018.07.28-04.23.29:827][595]LogSavePackage: Save=164.67ms
[2018.07.28-04.23.29:827][595]LogSavePackage: Moving '../../../../../../Users/Shweta/Documents/GitHub/theshwetapatil/Pinball-UE4/Pinball/Saved/Ball_Setup_Map_Auto1EA0D2F11484924316AE3D3B13ECFD368.tmp' to '../../../../../../Users/Shweta/Documents/GitHub/theshwetapatil/Pinball-UE4/Pinball/Saved/Autosaves/Game/Ball_Setup_Map_Auto1.umap'
[2018.07.28-04.23.29:831][595]LogSavePackage: Display: Finished SavePackage ../../../../../../Users/Shweta/Documents/GitHub/theshwetapatil/Pinball-UE4/Pinball/Saved/Autosaves/Game/Ball_Setup_Map_Auto1.umap
[2018.07.28-04.23.29:845][595]LogFileHelpers: Editor autosave (incl. sublevels) for '/Game/Ball_Setup_Map' took 2.047
[2018.07.28-04.23.29:845][595]LogFileHelpers: Editor autosave (incl. sublevels) for all levels took 2.047
[2018.07.28-04.23.29:970][595]OBJ SavePackage: Generating thumbnails for [1] asset(s) in package [/Game/Blueprints/Plunger_Blueprint] ([1] browsable assets)...
[2018.07.28-04.23.30:610][595]OBJ SavePackage:     Rendered thumbnail for [Blueprint /Game/Blueprints/Plunger_Blueprint.Plunger_Blueprint]
[2018.07.28-04.23.30:610][595]OBJ SavePackage: Finished generating thumbnails for package [/Game/Blueprints/Plunger_Blueprint]
[2018.07.28-04.23.31:876][595]LogSavePackage: Save=944.78ms
[2018.07.28-04.23.31:877][595]LogSavePackage: Moving '../../../../../../Users/Shweta/Documents/GitHub/theshwetapatil/Pinball-UE4/Pinball/Saved/Plunger_Blueprint_Auto155C1CE6F455215C308CF0489F7A37A92.tmp' to '../../../../../../Users/Shweta/Documents/GitHub/theshwetapatil/Pinball-UE4/Pinball/Saved/Autosaves/Game/Blueprints/Plunger_Blueprint_Auto1.uasset'
[2018.07.28-04.23.31:881][595]LogSavePackage: Display: Finished SavePackage ../../../../../../Users/Shweta/Documents/GitHub/theshwetapatil/Pinball-UE4/Pinball/Saved/Autosaves/Game/Blueprints/Plunger_Blueprint_Auto1.uasset
[2018.07.28-04.23.31:881][595]LogFileHelpers: Auto-saving content packages took 2.032
[2018.07.28-04.23.50:406][881]LogUObjectGlobals: Destroyed PersistentFrame Addr=0x000001f770152f68, Size=4
[2018.07.28-04.23.50:406][881]LogUObjectGlobals: Created PersistentFrame Addr=0x000001f797d69670, Size=4, Default__SKEL_Plunger_Blueprint_C Function /Engine/Transient.REINST_SKEL_Plunger_Blueprint_C_67:ExecuteUbergraph_Plunger_Blueprint
[2018.07.28-04.23.50:441][881]LogUObjectGlobals: Created PersistentFrame Addr=0x000001f797d69db8, Size=4, Default__SKEL_Plunger_Blueprint_C Function /Game/Blueprints/Plunger_Blueprint.SKEL_Plunger_Blueprint_C:ExecuteUbergraph_Plunger_Blueprint
[2018.07.28-04.24.02:616][584]LogUObjectGlobals: Destroyed PersistentFrame Addr=0x000001f797d69db8, Size=4
[2018.07.28-04.24.02:616][584]LogUObjectGlobals: Created PersistentFrame Addr=0x000001f797d69db8, Size=4, Default__SKEL_Plunger_Blueprint_C Function /Engine/Transient.REINST_SKEL_Plunger_Blueprint_C_69:ExecuteUbergraph_Plunger_Blueprint
[2018.07.28-04.24.02:659][584]LogUObjectGlobals: Created PersistentFrame Addr=0x000001f797d6bd18, Size=4, Default__SKEL_Plunger_Blueprint_C Function /Game/Blueprints/Plunger_Blueprint.SKEL_Plunger_Blueprint_C:ExecuteUbergraph_Plunger_Blueprint
[2018.07.28-04.24.19:810][495]LogUObjectGlobals: Destroyed PersistentFrame Addr=0x000001f797d6bd18, Size=4
[2018.07.28-04.24.19:810][495]LogUObjectGlobals: Created PersistentFrame Addr=0x000001f797d6bd18, Size=4, Default__SKEL_Plunger_Blueprint_C Function /Engine/Transient.REINST_SKEL_Plunger_Blueprint_C_71:ExecuteUbergraph_Plunger_Blueprint
[2018.07.28-04.24.19:853][495]LogUObjectGlobals: Created PersistentFrame Addr=0x000001f797d69218, Size=4, Default__SKEL_Plunger_Blueprint_C Function /Game/Blueprints/Plunger_Blueprint.SKEL_Plunger_Blueprint_C:ExecuteUbergraph_Plunger_Blueprint
[2018.07.28-04.25.16:820][941]LogUObjectGlobals: Destroyed PersistentFrame Addr=0x000001f797d69218, Size=4
[2018.07.28-04.25.16:820][941]LogUObjectGlobals: Created PersistentFrame Addr=0x000001f797d69218, Size=4, Default__SKEL_Plunger_Blueprint_C Function /Engine/Transient.REINST_SKEL_Plunger_Blueprint_C_73:ExecuteUbergraph_Plunger_Blueprint
[2018.07.28-04.25.16:825][941]LogUObjectGlobals: Created PersistentFrame Addr=0x000001f797d6bb70, Size=4, Default__SKEL_Plunger_Blueprint_C Function /Game/Blueprints/Plunger_Blueprint.SKEL_Plunger_Blueprint_C:ExecuteUbergraph_Plunger_Blueprint
[2018.07.28-04.25.21:385][117]LogUObjectGlobals: Destroyed PersistentFrame Addr=0x000001f797d6bb70, Size=4
[2018.07.28-04.25.21:385][117]LogUObjectGlobals: Created PersistentFrame Addr=0x000001f797d6bb70, Size=4, Default__SKEL_Plunger_Blueprint_C Function /Engine/Transient.REINST_SKEL_Plunger_Blueprint_C_75:ExecuteUbergraph_Plunger_Blueprint
[2018.07.28-04.25.21:387][117]LogUObjectGlobals: Created PersistentFrame Addr=0x000001f797d68b60, Size=4, Default__SKEL_Plunger_Blueprint_C Function /Game/Blueprints/Plunger_Blueprint.SKEL_Plunger_Blueprint_C:ExecuteUbergraph_Plunger_Blueprint
[2018.07.28-04.32.17:778][547]BlueprintLog: New page: Compile Plunger_Blueprint
[2018.07.28-04.32.17:958][547]LogUObjectGlobals: Destroyed PersistentFrame Addr=0x000001f797d68b60, Size=4
[2018.07.28-04.32.17:958][547]LogUObjectGlobals: Created PersistentFrame Addr=0x000001f7a56fd600, Size=4, Default__SKEL_Plunger_Blueprint_C Function /Engine/Transient.REINST_SKEL_Plunger_Blueprint_C_77:ExecuteUbergraph_Plunger_Blueprint
[2018.07.28-04.32.18:105][547]LogUObjectGlobals: Destroyed PersistentFrame Addr=0x000001f736481600, Size=164
[2018.07.28-04.32.18:105][547]LogUObjectGlobals: Created PersistentFrame Addr=0x000001f736909b40, Size=164, Default__Plunger_Blueprint_C Function /Engine/Transient.REINST_Plunger_Blueprint_C_81:ExecuteUbergraph_Plunger_Blueprint
[2018.07.28-04.32.18:173][547]LogUObjectGlobals: Created PersistentFrame Addr=0x000001f738a7bb80, Size=164, Default__Plunger_Blueprint_C Function /Game/Blueprints/Plunger_Blueprint.Plunger_Blueprint_C:ExecuteUbergraph_Plunger_Blueprint
[2018.07.28-04.32.20:532][547]LogUObjectGlobals: Destroyed PersistentFrame Addr=0x000001f797d6bd18, Size=4
[2018.07.28-04.32.20:532][547]LogUObjectGlobals: Destroyed PersistentFrame Addr=0x000001f7a56fd600, Size=4
[2018.07.28-04.32.20:532][547]LogUObjectGlobals: Destroyed PersistentFrame Addr=0x000001f797d6bb70, Size=4
[2018.07.28-04.32.20:532][547]LogUObjectGlobals: Destroyed PersistentFrame Addr=0x000001f797d69218, Size=4
[2018.07.28-04.32.20:549][547]LogUObjectGlobals: Destroyed PersistentFrame Addr=0x000001f797d69670, Size=4
[2018.07.28-04.32.20:550][547]LogUObjectGlobals: Destroyed PersistentFrame Addr=0x000001f797d69db8, Size=4
[2018.07.28-04.32.21:861][587]LogSavePackage: Save=213.96ms
[2018.07.28-04.32.21:861][587]LogSavePackage: Moving '../../../../../../Users/Shweta/Documents/GitHub/theshwetapatil/Pinball-UE4/Pinball/Saved/Plunger_Blueprint0BD8A51B45998ADF461E1BA833044AEB.tmp' to '../../../../../../Users/Shweta/Documents/GitHub/theshwetapatil/Pinball-UE4/Pinball/Content/Blueprints/Plunger_Blueprint.uasset'
[2018.07.28-04.32.21:872][587]LogSavePackage: Display: Finished SavePackage ../../../../../../Users/Shweta/Documents/GitHub/theshwetapatil/Pinball-UE4/Pinball/Content/Blueprints/Plunger_Blueprint.uasset
[2018.07.28-04.33.32:218][161]LogEditorActor: Deleted Actor: Ball_Blueprint_C
[2018.07.28-04.33.32:420][161]LogUObjectGlobals: Destroyed PersistentFrame Addr=0x000001f736909b40, Size=164
[2018.07.28-04.33.32:482][161]LogEditorActor: Deleted 1 Actors (0.517 secs)
[2018.07.28-04.33.35:979][261]LogSavePackage: Save=222.76ms
[2018.07.28-04.33.35:979][261]LogSavePackage: Moving '../../../../../../Users/Shweta/Documents/GitHub/theshwetapatil/Pinball-UE4/Pinball/Saved/Ball_Setup_Map749C70F14E81D8FB872FF39DE7C24566.tmp' to '../../../../../../Users/Shweta/Documents/GitHub/theshwetapatil/Pinball-UE4/Pinball/Content/Ball_Setup_Map.umap'
[2018.07.28-04.33.35:999][261]LogSavePackage: Display: Finished SavePackage ../../../../../../Users/Shweta/Documents/GitHub/theshwetapatil/Pinball-UE4/Pinball/Content/Ball_Setup_Map.umap
[2018.07.28-04.33.36:230][261]Cmd: OBJ SAVEPACKAGE PACKAGE="/Game/Ball_Setup_Map_BuiltData" FILE="../../../../../../Users/Shweta/Documents/GitHub/theshwetapatil/Pinball-UE4/Pinball/Content/Ball_Setup_Map_BuiltData.uasset" SILENT=true
[2018.07.28-04.33.36:342][261]LogSavePackage: Save=50.97ms
[2018.07.28-04.33.36:342][261]LogSavePackage: Moving '../../../../../../Users/Shweta/Documents/GitHub/theshwetapatil/Pinball-UE4/Pinball/Saved/Ball_Setup_Map_BuiltDataC972F93D492A82A88B6C27B4121AF4B7.tmp' to '../../../../../../Users/Shweta/Documents/GitHub/theshwetapatil/Pinball-UE4/Pinball/Content/Ball_Setup_Map_BuiltData.uasset'
[2018.07.28-04.33.36:345][261]LogSavePackage: Display: Finished SavePackage ../../../../../../Users/Shweta/Documents/GitHub/theshwetapatil/Pinball-UE4/Pinball/Content/Ball_Setup_Map_BuiltData.uasset
[2018.07.28-04.36.10:667][284]LogUObjectGlobals: Created PersistentFrame Addr=0x000001f796005d60, Size=4, Default__SKEL_Pinball_Game_Mode_Blueprint_C Function /Game/Blueprints/Pinball_Game_Mode_Blueprint.SKEL_Pinball_Game_Mode_Blueprint_C:ExecuteUbergraph_Pinball_Game_Mode_Blueprint
[2018.07.28-04.36.16:154][580]LogUObjectGlobals: Destroyed PersistentFrame Addr=0x000001f796005d60, Size=4
[2018.07.28-04.36.16:154][580]LogUObjectGlobals: Created PersistentFrame Addr=0x000001f7843893d0, Size=4, Default__SKEL_Pinball_Game_Mode_Blueprint_C Function /Engine/Transient.REINST_SKEL_Pinball_Game_Mode_Blueprint_C_85:ExecuteUbergraph_Pinball_Game_Mode_Blueprint
[2018.07.28-04.36.16:158][580]LogUObjectGlobals: Created PersistentFrame Addr=0x000001f784389380, Size=4, Default__SKEL_Pinball_Game_Mode_Blueprint_C Function /Game/Blueprints/Pinball_Game_Mode_Blueprint.SKEL_Pinball_Game_Mode_Blueprint_C:ExecuteUbergraph_Pinball_Game_Mode_Blueprint
[2018.07.28-04.39.32:322][265]LogUObjectGlobals: Created PersistentFrame Addr=0x000001f79810dfc8, Size=4, Default__SKEL_Plunger_Blueprint_C Function /Game/Blueprints/Plunger_Blueprint.SKEL_Plunger_Blueprint_C:ExecuteUbergraph_Plunger_Blueprint
[2018.07.28-04.39.33:878][331]BlueprintLog: New page: Compile Plunger_Blueprint
[2018.07.28-04.39.34:033][331]LogUObjectGlobals: Destroyed PersistentFrame Addr=0x000001f79810dfc8, Size=4
[2018.07.28-04.39.34:034][331]LogUObjectGlobals: Created PersistentFrame Addr=0x000001f79810dfc8, Size=4, Default__SKEL_Plunger_Blueprint_C Function /Engine/Transient.REINST_SKEL_Plunger_Blueprint_C_89:ExecuteUbergraph_Plunger_Blueprint
[2018.07.28-04.39.34:034][331]LogUObjectGlobals: Destroyed PersistentFrame Addr=0x000001f784389380, Size=4
[2018.07.28-04.39.34:034][331]LogUObjectGlobals: Created PersistentFrame Addr=0x000001f79810e0a8, Size=4, Default__SKEL_Pinball_Game_Mode_Blueprint_C Function /Engine/Transient.REINST_SKEL_Pinball_Game_Mode_Blueprint_C_90:ExecuteUbergraph_Pinball_Game_Mode_Blueprint
[2018.07.28-04.39.34:106][331]LogUObjectGlobals: Destroyed PersistentFrame Addr=0x000001f738a7bb80, Size=164
[2018.07.28-04.39.34:106][331]LogUObjectGlobals: Created PersistentFrame Addr=0x000001f7925a9a80, Size=164, Default__Plunger_Blueprint_C Function /Engine/Transient.REINST_Plunger_Blueprint_C_95:ExecuteUbergraph_Plunger_Blueprint
[2018.07.28-04.39.34:116][331]LogUObjectGlobals: Created PersistentFrame Addr=0x000001f7a7c45540, Size=164, Default__Plunger_Blueprint_C Function /Game/Blueprints/Plunger_Blueprint.Plunger_Blueprint_C:ExecuteUbergraph_Plunger_Blueprint
[2018.07.28-04.39.34:771][331]LogUObjectGlobals: Destroyed PersistentFrame Addr=0x000001f79810e0a8, Size=4
[2018.07.28-04.39.34:771][331]LogUObjectGlobals: Destroyed PersistentFrame Addr=0x000001f7843893d0, Size=4
[2018.07.28-04.39.34:771][331]LogUObjectGlobals: Destroyed PersistentFrame Addr=0x000001f79810dfc8, Size=4
[2018.07.28-04.39.36:528][377]LogSavePackage: Save=66.24ms
[2018.07.28-04.39.36:529][377]LogSavePackage: Moving '../../../../../../Users/Shweta/Documents/GitHub/theshwetapatil/Pinball-UE4/Pinball/Saved/Plunger_Blueprint549DB939405917C274B696A185934E3C.tmp' to '../../../../../../Users/Shweta/Documents/GitHub/theshwetapatil/Pinball-UE4/Pinball/Content/Blueprints/Plunger_Blueprint.uasset'
[2018.07.28-04.39.36:538][377]LogSavePackage: Display: Finished SavePackage ../../../../../../Users/Shweta/Documents/GitHub/theshwetapatil/Pinball-UE4/Pinball/Content/Blueprints/Plunger_Blueprint.uasset
[2018.07.28-04.41.11:731][144]LogSlate: Prevented a slow task dialog from being summoned while a context menu was open
[2018.07.28-04.42.17:614][  7]BlueprintLog: New page: Compile Pinball_Game_Mode_Blueprint
[2018.07.28-04.42.17:753][  7]LogUObjectGlobals: Created PersistentFrame Addr=0x000001f792e4af60, Size=112, Default__Pinball_Game_Mode_Blueprint_C Function /Game/Blueprints/Pinball_Game_Mode_Blueprint.Pinball_Game_Mode_Blueprint_C:ExecuteUbergraph_Pinball_Game_Mode_Blueprint
[2018.07.28-04.42.18:269][  7]LogUObjectGlobals: Destroyed PersistentFrame Addr=0x000001f7925a9a80, Size=164
[2018.07.28-04.42.19:196][ 40]LogSavePackage: Save=207.69ms
[2018.07.28-04.42.19:196][ 40]LogSavePackage: Moving '../../../../../../Users/Shweta/Documents/GitHub/theshwetapatil/Pinball-UE4/Pinball/Saved/Pinball_Game_Mode_Blueprint4687D2F74EEE479F5190D1A662CD21B5.tmp' to '../../../../../../Users/Shweta/Documents/GitHub/theshwetapatil/Pinball-UE4/Pinball/Content/Blueprints/Pinball_Game_Mode_Blueprint.uasset'
[2018.07.28-04.42.19:206][ 40]LogSavePackage: Display: Finished SavePackage ../../../../../../Users/Shweta/Documents/GitHub/theshwetapatil/Pinball-UE4/Pinball/Content/Blueprints/Pinball_Game_Mode_Blueprint.uasset
[2018.07.28-04.42.21:981][167]LogSavePackage: Save=47.50ms
[2018.07.28-04.42.21:981][167]LogSavePackage: Moving '../../../../../../Users/Shweta/Documents/GitHub/theshwetapatil/Pinball-UE4/Pinball/Saved/Ball_Setup_Map97DD522248CCDA645F1671A4A8CFB839.tmp' to '../../../../../../Users/Shweta/Documents/GitHub/theshwetapatil/Pinball-UE4/Pinball/Content/Ball_Setup_Map.umap'
[2018.07.28-04.42.21:983][167]LogSavePackage: Display: Finished SavePackage ../../../../../../Users/Shweta/Documents/GitHub/theshwetapatil/Pinball-UE4/Pinball/Content/Ball_Setup_Map.umap
[2018.07.28-04.42.22:017][167]Cmd: OBJ SAVEPACKAGE PACKAGE="/Game/Ball_Setup_Map_BuiltData" FILE="../../../../../../Users/Shweta/Documents/GitHub/theshwetapatil/Pinball-UE4/Pinball/Content/Ball_Setup_Map_BuiltData.uasset" SILENT=true
[2018.07.28-04.42.22:046][167]LogSavePackage: Save=15.13ms
[2018.07.28-04.42.22:047][167]LogSavePackage: Moving '../../../../../../Users/Shweta/Documents/GitHub/theshwetapatil/Pinball-UE4/Pinball/Saved/Ball_Setup_Map_BuiltDataDC25520C4A39AFF4BE102C9B07B12428.tmp' to '../../../../../../Users/Shweta/Documents/GitHub/theshwetapatil/Pinball-UE4/Pinball/Content/Ball_Setup_Map_BuiltData.uasset'
[2018.07.28-04.42.22:048][167]LogSavePackage: Display: Finished SavePackage ../../../../../../Users/Shweta/Documents/GitHub/theshwetapatil/Pinball-UE4/Pinball/Content/Ball_Setup_Map_BuiltData.uasset
[2018.07.28-04.42.32:564][479]LogSlate: FSceneViewport::OnFocusLost() reason 0
[2018.07.28-04.42.32:697][485]LogTemp: Repeating last play command: Standalone Game
[2018.07.28-04.43.47:588][215]LogTemp: Repeating last play command: Standalone Game
[2018.07.28-04.48.32:217][310]LogUObjectGlobals: Created PersistentFrame Addr=0x000001f796007770, Size=4, Default__SKEL_Pinball_Game_Mode_Blueprint_C Function /Game/Blueprints/Pinball_Game_Mode_Blueprint.SKEL_Pinball_Game_Mode_Blueprint_C:ExecuteUbergraph_Pinball_Game_Mode_Blueprint
[2018.07.28-04.48.41:413][393]LogUObjectGlobals: Destroyed PersistentFrame Addr=0x000001f796007770, Size=4
[2018.07.28-04.48.41:413][393]LogUObjectGlobals: Created PersistentFrame Addr=0x000001f79810c348, Size=4, Default__SKEL_Pinball_Game_Mode_Blueprint_C Function /Engine/Transient.REINST_SKEL_Pinball_Game_Mode_Blueprint_C_103:ExecuteUbergraph_Pinball_Game_Mode_Blueprint
[2018.07.28-04.48.41:416][393]LogUObjectGlobals: Created PersistentFrame Addr=0x000001f79810cf30, Size=4, Default__SKEL_Pinball_Game_Mode_Blueprint_C Function /Game/Blueprints/Pinball_Game_Mode_Blueprint.SKEL_Pinball_Game_Mode_Blueprint_C:ExecuteUbergraph_Pinball_Game_Mode_Blueprint
[2018.07.28-04.49.25:368][843]BlueprintLog: New page: Compile Pinball_Game_Mode_Blueprint
[2018.07.28-04.49.25:664][843]LogUObjectGlobals: Destroyed PersistentFrame Addr=0x000001f79810cf30, Size=4
[2018.07.28-04.49.25:665][843]LogUObjectGlobals: Created PersistentFrame Addr=0x000001f792854b78, Size=4, Default__SKEL_Pinball_Game_Mode_Blueprint_C Function /Engine/Transient.REINST_SKEL_Pinball_Game_Mode_Blueprint_C_105:ExecuteUbergraph_Pinball_Game_Mode_Blueprint
[2018.07.28-04.49.25:724][843]LogUObjectGlobals: Destroyed PersistentFrame Addr=0x000001f792e4af60, Size=112
[2018.07.28-04.49.25:724][843]LogUObjectGlobals: Created PersistentFrame Addr=0x000001f7b59d8480, Size=112, Default__Pinball_Game_Mode_Blueprint_C Function /Engine/Transient.REINST_Pinball_Game_Mode_Blueprint_C_107:ExecuteUbergraph_Pinball_Game_Mode_Blueprint
[2018.07.28-04.49.25:755][843]LogUObjectGlobals: Created PersistentFrame Addr=0x000001f7a4aeed40, Size=144, Default__Pinball_Game_Mode_Blueprint_C Function /Game/Blueprints/Pinball_Game_Mode_Blueprint.Pinball_Game_Mode_Blueprint_C:ExecuteUbergraph_Pinball_Game_Mode_Blueprint
[2018.07.28-04.49.26:386][843]LogUObjectGlobals: Destroyed PersistentFrame Addr=0x000001f792854b78, Size=4
[2018.07.28-04.49.26:386][843]LogUObjectGlobals: Destroyed PersistentFrame Addr=0x000001f79810c348, Size=4
[2018.07.28-04.49.27:520][900]LogSavePackage: Save=152.97ms
[2018.07.28-04.49.27:521][900]LogSavePackage: Moving '../../../../../../Users/Shweta/Documents/GitHub/theshwetapatil/Pinball-UE4/Pinball/Saved/Pinball_Game_Mode_Blueprint371AC38A491BFFCD2264DF94EDE3C1EA.tmp' to '../../../../../../Users/Shweta/Documents/GitHub/theshwetapatil/Pinball-UE4/Pinball/Content/Blueprints/Pinball_Game_Mode_Blueprint.uasset'
[2018.07.28-04.49.27:526][900]LogSavePackage: Display: Finished SavePackage ../../../../../../Users/Shweta/Documents/GitHub/theshwetapatil/Pinball-UE4/Pinball/Content/Blueprints/Pinball_Game_Mode_Blueprint.uasset
[2018.07.28-04.49.57:987][325]LogSlate: Window 'Pick Parent Class' being destroyed
[2018.07.28-04.53.43:564][896]BlueprintLog: New page: Compile Ball_Reset_Zone_Blueprint
[2018.07.28-04.53.43:646][896]LogUObjectGlobals: Created PersistentFrame Addr=0x000001f7ce386ac0, Size=32, Default__Ball_Reset_Zone_Blueprint_C Function /Game/Blueprints/Ball_Reset_Zone_Blueprint.Ball_Reset_Zone_Blueprint_C:ExecuteUbergraph_Ball_Reset_Zone_Blueprint
[2018.07.28-04.53.44:142][896]LogUObjectGlobals: Destroyed PersistentFrame Addr=0x000001f7b59d8480, Size=112
[2018.07.28-04.53.44:835][949]LogSavePackage: Save=118.62ms
[2018.07.28-04.53.44:836][949]LogSavePackage: Moving '../../../../../../Users/Shweta/Documents/GitHub/theshwetapatil/Pinball-UE4/Pinball/Saved/Ball_Reset_Zone_Blueprint5F2705DC478066A8DE9217898E7FA52B.tmp' to '../../../../../../Users/Shweta/Documents/GitHub/theshwetapatil/Pinball-UE4/Pinball/Content/Blueprints/Ball_Reset_Zone_Blueprint.uasset'
[2018.07.28-04.53.44:845][949]LogSavePackage: Display: Finished SavePackage ../../../../../../Users/Shweta/Documents/GitHub/theshwetapatil/Pinball-UE4/Pinball/Content/Blueprints/Ball_Reset_Zone_Blueprint.uasset
[2018.07.28-04.54.23:465][662]LogSlate: FSceneViewport::OnFocusLost() reason 0
[2018.07.28-04.54.29:366][806]LogSlate: FSceneViewport::OnFocusLost() reason 2
[2018.07.28-04.54.43:501][685]LogEditorViewport: Clicking on Actor (LMB): Brush (Box Brush2)
[2018.07.28-04.54.49:080][915]LogEditorViewport: Clicking on Actor (LMB): Brush (Box Brush2)
[2018.07.28-04.54.51:246][ 30]LogSlate: FSceneViewport::OnFocusLost() reason 2
[2018.07.28-04.54.57:958][550]LogEditorViewport: Clicking on Actor (LMB): Brush (Box Brush2)
[2018.07.28-04.55.17:276][574]LogEditorViewport: Clicking on Actor (LMB): Brush (Box Brush2)
[2018.07.28-04.55.19:777][729]LogEditorViewport: Clicking on Actor (LMB): Brush (Box Brush2)
[2018.07.28-04.56.09:359][541]LogSlate: FSceneViewport::OnFocusLost() reason 2
[2018.07.28-04.56.10:478][614]LogEditorViewport: Clicking Background
[2018.07.28-04.56.14:521][895]LogEditorViewport: Clicking on Actor (LMB): Brush (Box Brush2)
[2018.07.28-04.56.26:180][598]Cmd: TRANSACTION UNDO
[2018.07.28-04.56.26:180][598]LogEditorTransaction: Undo Move Actors
[2018.07.28-04.56.26:396][598]LogGeometryMode: Warning: Unable to find 2 Edge(s) in new BSP
[2018.07.28-04.56.26:396][598]LogGeometryMode: Warning: Unable to resolve BoxBrush2 Brush in new BSP, see above
[2018.07.28-04.56.26:396][598]LogGeometryMode: Warning: Unable to find all previously selected geometry data, resetting selection
[2018.07.28-04.56.29:973][804]LogEditorViewport: Clicking Background
[2018.07.28-04.56.32:307][968]LogEditorViewport: Clicking on Actor (LMB): Brush (Box Brush2)
[2018.07.28-04.56.40:090][421]LogSlate: FSceneViewport::OnFocusLost() reason 0
[2018.07.28-04.56.54:622][ 12]Cmd: SELECT NONE
[2018.07.28-04.56.55:221][ 21]Cmd: SELECT NONE
[2018.07.28-04.57.01:019][192]LogSlate: FSceneViewport::OnFocusLost() reason 2
[2018.07.28-04.57.24:191][705]Cmd: TRANSACTION UNDO
[2018.07.28-04.57.24:191][705]LogEditorTransaction: Undo Move Actors
[2018.07.28-04.57.24:560][705]LogGeometryMode: Warning: Unable to find 2 Edge(s) in new BSP
[2018.07.28-04.57.24:560][705]LogGeometryMode: Warning: Unable to resolve BoxBrush2 Brush in new BSP, see above
[2018.07.28-04.57.24:560][705]LogGeometryMode: Warning: Unable to find all previously selected geometry data, resetting selection
[2018.07.28-04.57.24:882][712]Cmd: TRANSACTION UNDO
[2018.07.28-04.57.24:882][712]LogEditorTransaction: Undo Modifier [Edit]
[2018.07.28-04.58.00:848][787]LogSlate: FSceneViewport::OnFocusLost() reason 2
[2018.07.28-04.58.05:325][ 13]Cmd: SELECT NONE
[2018.07.28-04.58.23:761][584]LogSlate: FSceneViewport::OnFocusLost() reason 2
[2018.07.28-04.58.27:555][900]LogEditorViewport: Clicking on Actor (LMB): Brush (Box Brush2)
[2018.07.28-04.58.37:025][475]Cmd: SELECT NONE
[2018.07.28-04.58.43:611][953]LogEditorViewport: Clicking on Actor (LMB): Brush (Box Brush2)
[2018.07.28-04.58.45:832][ 90]LogSlate: FSceneViewport::OnFocusLost() reason 0
[2018.07.28-04.58.48:507][211]LogEditorViewport: Clicking Background
[2018.07.28-04.58.49:824][302]LogEditorViewport: Clicking on Actor (LMB): Brush (Box Brush2)
[2018.07.28-04.58.55:562][665]LogEditorViewport: Clicking on Actor (LMB): Brush (Box_Inner)
[2018.07.28-04.58.57:579][787]LogEditorViewport: Clicking Background
[2018.07.28-04.58.58:567][857]LogEditorViewport: Clicking on Actor (LMB): Brush (Box Brush)
[2018.07.28-04.59.07:657][421]LogSlate: FSceneViewport::OnFocusLost() reason 0
[2018.07.28-04.59.32:128][944]LogEditorViewport: Clicking Background
[2018.07.28-04.59.36:341][229]LogEditorViewport: Clicking on Actor (LMB): Brush (Box Brush2)
[2018.07.28-04.59.40:815][498]Cmd: TRANSACTION UNDO
[2018.07.28-04.59.40:815][498]LogEditorTransaction: Undo Move Actors
[2018.07.28-04.59.44:911][722]LogEditorViewport: Clicking on Actor (LMB): Brush (Box Brush)
[2018.07.28-04.59.54:780][360]LogEditorViewport: Clicking on Actor (LMB): Brush (Box Brush2)
[2018.07.28-05.00.05:414][ 46]LogEditorViewport: Clicking on Actor (LMB): Brush (Box Brush)
[2018.07.28-05.00.05:414][ 46]LogGeometryMode: Warning: Unable to find BoxBrush Brush(s) in new BSP
[2018.07.28-05.00.05:414][ 46]LogGeometryMode: Warning: Unable to find all previously selected geometry data, resetting selection
[2018.07.28-05.00.07:940][205]LogEditorViewport: Clicking on Actor (LMB): Brush (Box Brush)
[2018.07.28-05.00.28:910][488]LogEditorViewport: Clicking on Actor (LMB): Ball_Reset_Zone_Blueprint_C (Ball_Reset_Zone_Blueprint)
[2018.07.28-05.00.37:262][  1]LogEditorViewport: Clicking on Actor (LMB): Ball_Reset_Zone_Blueprint_C (Ball_Reset_Zone_Blueprint)
[2018.07.28-05.00.38:446][ 73]LogEditorViewport: Clicking on Actor (LMB): Ball_Reset_Zone_Blueprint_C (Ball_Reset_Zone_Blueprint)
[2018.07.28-05.00.44:716][450]LogSlate: FSceneViewport::OnFocusLost() reason 0
[2018.07.28-05.01.20:453][510]LogSlate: FSceneViewport::OnFocusLost() reason 0
[2018.07.28-05.01.30:242][ 83]LogSlate: FSceneViewport::OnFocusLost() reason 2
[2018.07.28-05.01.30:881][ 83]LogSavePackage: Save=402.94ms
[2018.07.28-05.01.30:881][ 83]LogSavePackage: Moving '../../../../../../Users/Shweta/Documents/GitHub/theshwetapatil/Pinball-UE4/Pinball/Saved/Ball_Setup_Map_Auto288341DA148E63732D78A2384CA4FA58D.tmp' to '../../../../../../Users/Shweta/Documents/GitHub/theshwetapatil/Pinball-UE4/Pinball/Saved/Autosaves/Game/Ball_Setup_Map_Auto2.umap'
[2018.07.28-05.01.30:885][ 83]LogSavePackage: Display: Finished SavePackage ../../../../../../Users/Shweta/Documents/GitHub/theshwetapatil/Pinball-UE4/Pinball/Saved/Autosaves/Game/Ball_Setup_Map_Auto2.umap
[2018.07.28-05.01.30:893][ 83]LogFileHelpers: Editor autosave (incl. sublevels) for '/Game/Ball_Setup_Map' took 0.621
[2018.07.28-05.01.30:893][ 83]LogFileHelpers: Editor autosave (incl. sublevels) for all levels took 0.621
[2018.07.28-05.01.32:855][172]LogSlate: FSceneViewport::OnFocusLost() reason 0
[2018.07.28-05.01.33:133][186]LogSavePackage: Save=85.18ms
[2018.07.28-05.01.33:133][186]LogSavePackage: Moving '../../../../../../Users/Shweta/Documents/GitHub/theshwetapatil/Pinball-UE4/Pinball/Saved/Ball_Setup_Map4D9851F84168EDEB2063059EE6EED79F.tmp' to '../../../../../../Users/Shweta/Documents/GitHub/theshwetapatil/Pinball-UE4/Pinball/Content/Ball_Setup_Map.umap'
[2018.07.28-05.01.33:136][186]LogSavePackage: Display: Finished SavePackage ../../../../../../Users/Shweta/Documents/GitHub/theshwetapatil/Pinball-UE4/Pinball/Content/Ball_Setup_Map.umap
[2018.07.28-05.01.33:251][186]Cmd: OBJ SAVEPACKAGE PACKAGE="/Game/Ball_Setup_Map_BuiltData" FILE="../../../../../../Users/Shweta/Documents/GitHub/theshwetapatil/Pinball-UE4/Pinball/Content/Ball_Setup_Map_BuiltData.uasset" SILENT=true
[2018.07.28-05.01.33:410][186]LogSavePackage: Save=100.97ms
[2018.07.28-05.01.33:411][186]LogSavePackage: Moving '../../../../../../Users/Shweta/Documents/GitHub/theshwetapatil/Pinball-UE4/Pinball/Saved/Ball_Setup_Map_BuiltData729B8CEA4C68A516645076A00C6F236B.tmp' to '../../../../../../Users/Shweta/Documents/GitHub/theshwetapatil/Pinball-UE4/Pinball/Content/Ball_Setup_Map_BuiltData.uasset'
[2018.07.28-05.01.33:415][186]LogSavePackage: Display: Finished SavePackage ../../../../../../Users/Shweta/Documents/GitHub/theshwetapatil/Pinball-UE4/Pinball/Content/Ball_Setup_Map_BuiltData.uasset
[2018.07.28-05.01.38:827][262]LogD3D11RHI: Timed out while waiting for GPU to catch up. (0.5 s)
[2018.07.28-05.01.39:393][263]LogD3D11RHI: Error: Result failed 
 at D:\Build\++UE4+Release-4.19+Compile\Sync\Engine\Source\Runtime\Windows\D3D11RHI\Private\D3D11Viewport.cpp:303 
 with error DXGI_ERROR_DEVICE_REMOVED DXGI_ERROR_DEVICE_HUNG
[2018.07.28-05.01.39:660][263]LogWindows: Windows GetLastError: The operation completed successfully. (0)
[2018.07.28-05.02.19:030][263]LogWindows: Windows GetLastError: The operation completed successfully. (0)
[2018.07.28-05.02.19:031][263]LogWindows: Error: === Critical error: ===
[2018.07.28-05.02.19:031][263]LogWindows: Error: 
[2018.07.28-05.02.19:031][263]LogWindows: Error: Fatal error: [File:D:\Build\++UE4+Release-4.19+Compile\Sync\Engine\Source\Runtime\RenderCore\Private\RenderingThread.cpp] [Line: 819] 
[2018.07.28-05.02.19:031][263]LogWindows: Error: Rendering thread exception:
[2018.07.28-05.02.19:031][263]LogWindows: Error: Fatal error: [File:D:\Build\++UE4+Release-4.19+Compile\Sync\Engine\Source\Runtime\Windows\D3D11RHI\Private\D3D11Util.cpp] [Line: 182] 
[2018.07.28-05.02.19:031][263]LogWindows: Error: Unreal Engine is exiting due to D3D device being lost. (Error: 0x887A0006 - 'HUNG')
[2018.07.28-05.02.19:031][263]LogWindows: Error: 
[2018.07.28-05.02.19:031][263]LogWindows: Error: 
[2018.07.28-05.02.19:031][263]LogWindows: Error: [Callstack] 0x00000000CE55A388 KERNELBASE.dll!UnknownFunction []
[2018.07.28-05.02.19:031][263]LogWindows: Error: [Callstack] 0x00000000A2D27884 UE4Editor-ApplicationCore.dll!UnknownFunction []
[2018.07.28-05.02.19:032][263]LogWindows: Error: [Callstack] 0x000000006D5C6D9B UE4Editor-Core.dll!UnknownFunction []
[2018.07.28-05.02.19:032][263]LogWindows: Error: [Callstack] 0x000000006D501949 UE4Editor-Core.dll!UnknownFunction []
[2018.07.28-05.02.19:032][263]LogWindows: Error: [Callstack] 0x0000000091A9A0CF UE4Editor-D3D11RHI.dll!UnknownFunction []
[2018.07.28-05.02.19:032][263]LogWindows: Error: [Callstack] 0x0000000091A9E5E0 UE4Editor-D3D11RHI.dll!UnknownFunction []
[2018.07.28-05.02.19:032][263]LogWindows: Error: [Callstack] 0x0000000091A7D62A UE4Editor-D3D11RHI.dll!UnknownFunction []
[2018.07.28-05.02.19:032][263]LogWindows: Error: [Callstack] 0x0000000091A7D58C UE4Editor-D3D11RHI.dll!UnknownFunction []
[2018.07.28-05.02.19:032][263]LogWindows: Error: [Callstack] 0x0000000091A8AADF UE4Editor-D3D11RHI.dll!UnknownFunction []
[2018.07.28-05.02.19:032][263]LogWindows: Error: [Callstack] 0x00000000A261F0B6 UE4Editor-RHI.dll!UnknownFunction []
[2018.07.28-05.02.19:032][263]LogWindows: Error: [Callstack] 0x0000000091861FF8 UE4Editor-SlateRHIRenderer.dll!UnknownFunction []
[2018.07.28-05.02.19:032][263]LogWindows: Error: [Callstack] 0x0000000091867C4C UE4Editor-SlateRHIRenderer.dll!UnknownFunction []
[2018.07.28-05.02.19:032][263]LogWindows: Error: [Callstack] 0x000000006D3DB713 UE4Editor-Core.dll!UnknownFunction []
[2018.07.28-05.02.19:032][263]LogWindows: Error: [Callstack] 0x000000006D3DBD3A UE4Editor-Core.dll!UnknownFunction []
[2018.07.28-05.02.19:032][263]LogWindows: Error: [Callstack] 0x00000000A2E73CC9 UE4Editor-RenderCore.dll!UnknownFunction []
[2018.07.28-05.02.19:032][263]LogWindows: Error: [Callstack] 0x00000000A2E74CF6 UE4Editor-RenderCore.dll!UnknownFunction []
[2018.07.28-05.02.19:032][263]LogWindows: Error: [Callstack] 0x000000006D7A9FFC UE4Editor-Core.dll!UnknownFunction []
[2018.07.28-05.02.19:033][263]LogWindows: Error: [Callstack] 0x000000006D79ED63 UE4Editor-Core.dll!UnknownFunction []
[2018.07.28-05.02.19:033][263]LogWindows: Error: [Callstack] 0x00000000D1163034 KERNEL32.DLL!UnknownFunction []
[2018.07.28-05.02.19:033][263]LogWindows: Error: [Callstack] 0x00000000D2111431 ntdll.dll!UnknownFunction []
[2018.07.28-05.02.19:033][263]LogWindows: Error: [Callstack] 0x00000000D2111431 ntdll.dll!UnknownFunction []
[2018.07.28-05.02.19:033][263]LogWindows: Error: 
[2018.07.28-05.02.19:033][263]LogWindows: Error: 
[2018.07.28-05.02.19:033][263]LogWindows: Error: 
[2018.07.28-05.02.19:033][263]LogWindows: Error: 
[2018.07.28-05.02.19:156][263]LogExit: Executing StaticShutdownAfterError
[2018.07.28-05.02.31:337][263]LogWindows: FPlatformMisc::RequestExit(1)
[2018.07.28-05.02.31:337][263]Log file closed, 07/28/18 10:32:31
